ø™ º≈˙¡ø÷¥––:”≈Õ–∞Ó-…˙≤˙ª∑æ≥ ÷¥––’ﬂ: root
÷¥––”√¿˝À≥–Ú: [746, 747, 748, 749, 750, 751, 752, 753, 754, 755, 756, 757, 758, 759, 760, 761, 762, 763, 764, 765, 766, 767, 768, 769, 770, 771, 772, 773, 774, 775, 776, 777, 778, 779, 780, 781, 782, 783, 784, 785, 786, 787, 788, 789, 790, 791, 792, 793, 794, 795, 796, 797, 798, 799, 800, 801, 802, 803, 804, 805, 806, 807, 808, 809, 810, 811, 812, 813, 814, 815, 816, 817, 818, 819, 820, 821, 822, 823, 824, 825, 826, 827, 828, 829, 830, 831, 832, 833, 834, 835, 836, 837, 838, 839, 840, 841, 842, 843, 844, 845, 846, 847, 848, 849, 850, 851, 852, 853, 854, 855, 856, 857, 858, 859, 860, 861, 862, 863, 864, 865, 866, 867, 868, 869, 870]
–Ú∫≈£∫ 1 ”√¿˝±‡∫≈£∫ 746
https://api.myutopa.com/app.do?method=account.session.gen
–Ú∫≈£∫ 2 ”√¿˝±‡∫≈£∫ 747
https://api.myutopa.com/app.do?appInfo=UTOPA_60900&markId=4eddcac1d2c24430afd4f2ae4245d1b7&deviceType=iPhone 6&method=account.login.doLogin&osInfo=iOS_12.3.1&params={"accessToken":"","account":"13537542785","clientType":1,"deviceId":"4eddcac1d2c24430afd4f2ae4245d1b7","keepAccess":1,"lat":23.126087,"lng":113.333565,"loginType":"2","password":"wjq@2021","sysId":1,"uid":""}&ver=1.0&sessionKey=69a9d0456d464b28ad8b352ea9afcdab&sign=08ff5e7d2eef5e4beef06200d019c67b
–Ú∫≈£∫ 3 ”√¿˝±‡∫≈£∫ 748
https://boss-api.myutopa.com/eshop/core/account/session/genSession?appKey=972ec21453264dd6b0f9ca9c732ab6b0
–Ú∫≈£∫ 4 ”√¿˝±‡∫≈£∫ 749
https://boss-api.myutopa.com/eshop/service/app/user/appPop/queryAppPopPageConfDetail?appKey=972ec21453264dd6b0f9ca9c732ab6b0&source=app&osInfo=iOS_12.3.1&ver=1.0&deviceType=iPhone_6&appInfo=UTOPA_60900&deviceId=4eddcac1d2c24430afd4f2ae4245d1b7&sessionKey=cbad8c4d7dd64426a4e42c7c0f33b64b&timestamp=1638324182&sign=DC9A30A9062EE4A68658FE36AA942F04
–Ú∫≈£∫ 5 ”√¿˝±‡∫≈£∫ 750
https://boss-api.myutopa.com/eshop/service/app/user/page/config/findByCode?uid=9e45d56c291b48f6ab5d702e7957ecf5&longitude=113.3335169848145&latitude=23.12659969572639&source=app&bdCityCode=257&code=cfd901af-2939-4254-acd5-5dbbafe514ab&appInfo=UTOPA_60900&ver=1.0&deviceType=iPhone_6&deviceId=4eddcac1d2c24430afd4f2ae4245d1b7&osInfo=iOS_12.3.1&appKey=972ec21453264dd6b0f9ca9c732ab6b0&accessToken=rbuzSUphKUXOrircCGJymvUBBRaszxAqsPgAPDGxeutwqHqoUuoXdnECNqXPRyjc&sessionKey=cbad8c4d7dd64426a4e42c7c0f33b64b&timestamp=1638324182&sign=6BEF718F9645113116398C1D1EB8EF87
–Ú∫≈£∫ 6 ”√¿˝±‡∫≈£∫ 751
https://boss-api.myutopa.com/eshop/service/app/user/page/config/getPageConfigPic?uid=9e45d56c291b48f6ab5d702e7957ecf5&deviceId=4eddcac1d2c24430afd4f2ae4245d1b7&source=app&deviceType=iPhone_6&appInfo=UTOPA_60900&ver=1.0&osInfo=iOS_12.3.1&appKey=972ec21453264dd6b0f9ca9c732ab6b0&accessToken=rbuzSUphKUXOrircCGJymvUBBRaszxAqsPgAPDGxeutwqHqoUuoXdnECNqXPRyjc&sessionKey=cbad8c4d7dd64426a4e42c7c0f33b64b&timestamp=1638324182&sign=2523B44A6751F801A5FDDD789360A2ED
–Ú∫≈£∫ 7 ”√¿˝±‡∫≈£∫ 752
https://boss-api.myutopa.com/eshop/service/app/user/page/config/getPageConfigPic?uid=9e45d56c291b48f6ab5d702e7957ecf5&deviceId=4eddcac1d2c24430afd4f2ae4245d1b7&source=app&deviceType=iPhone_6&appInfo=UTOPA_60900&ver=1.0&osInfo=iOS_12.3.1&appKey=972ec21453264dd6b0f9ca9c732ab6b0&accessToken=rbuzSUphKUXOrircCGJymvUBBRaszxAqsPgAPDGxeutwqHqoUuoXdnECNqXPRyjc&sessionKey=cbad8c4d7dd64426a4e42c7c0f33b64b&timestamp=1638324182&sign=2523B44A6751F801A5FDDD789360A2ED
–Ú∫≈£∫ 8 ”√¿˝±‡∫≈£∫ 753
https://boss-api.myutopa.com/eshop/service/app/user/page/config/getPageConfigPic?uid=9e45d56c291b48f6ab5d702e7957ecf5&deviceId=4eddcac1d2c24430afd4f2ae4245d1b7&source=app&deviceType=iPhone_6&appInfo=UTOPA_60900&ver=1.0&osInfo=iOS_12.3.1&appKey=972ec21453264dd6b0f9ca9c732ab6b0&accessToken=rbuzSUphKUXOrircCGJymvUBBRaszxAqsPgAPDGxeutwqHqoUuoXdnECNqXPRyjc&sessionKey=cbad8c4d7dd64426a4e42c7c0f33b64b&timestamp=1638324182&sign=2523B44A6751F801A5FDDD789360A2ED
–Ú∫≈£∫ 9 ”√¿˝±‡∫≈£∫ 754
https://boss-api.myutopa.com/eshop/service/app/user/page/config/getPageConfigProduct?appKey=972ec21453264dd6b0f9ca9c732ab6b0&source=app&osInfo=iOS_12.3.1&ver=1.0&deviceType=iPhone_6&appInfo=UTOPA_60900&deviceId=4eddcac1d2c24430afd4f2ae4245d1b7&sessionKey=cbad8c4d7dd64426a4e42c7c0f33b64b&timestamp=1638324182&sign=DC9A30A9062EE4A68658FE36AA942F04
–Ú∫≈£∫ 10 ”√¿˝±‡∫≈£∫ 755
https://boss-api.myutopa.com/eshop/service/app/user/page/config/getPageConfigPic?uid=9e45d56c291b48f6ab5d702e7957ecf5&deviceId=4eddcac1d2c24430afd4f2ae4245d1b7&source=app&deviceType=iPhone_6&appInfo=UTOPA_60900&ver=1.0&osInfo=iOS_12.3.1&appKey=972ec21453264dd6b0f9ca9c732ab6b0&accessToken=rbuzSUphKUXOrircCGJymvUBBRaszxAqsPgAPDGxeutwqHqoUuoXdnECNqXPRyjc&sessionKey=cbad8c4d7dd64426a4e42c7c0f33b64b&timestamp=1638324182&sign=2523B44A6751F801A5FDDD789360A2ED
–Ú∫≈£∫ 11 ”√¿˝±‡∫≈£∫ 756
https://boss-api.myutopa.com/eshop/service/app/user/page/config/getPageConfigPic?uid=9e45d56c291b48f6ab5d702e7957ecf5&deviceId=4eddcac1d2c24430afd4f2ae4245d1b7&source=app&deviceType=iPhone_6&appInfo=UTOPA_60900&ver=1.0&osInfo=iOS_12.3.1&appKey=972ec21453264dd6b0f9ca9c732ab6b0&accessToken=rbuzSUphKUXOrircCGJymvUBBRaszxAqsPgAPDGxeutwqHqoUuoXdnECNqXPRyjc&sessionKey=cbad8c4d7dd64426a4e42c7c0f33b64b&timestamp=1638324182&sign=2523B44A6751F801A5FDDD789360A2ED
–Ú∫≈£∫ 12 ”√¿˝±‡∫≈£∫ 757
https://boss-api.myutopa.com/eshop/service/app/user/page/config/getPageConfigPic?uid=9e45d56c291b48f6ab5d702e7957ecf5&deviceId=4eddcac1d2c24430afd4f2ae4245d1b7&source=app&deviceType=iPhone_6&appInfo=UTOPA_60900&ver=1.0&osInfo=iOS_12.3.1&appKey=972ec21453264dd6b0f9ca9c732ab6b0&accessToken=rbuzSUphKUXOrircCGJymvUBBRaszxAqsPgAPDGxeutwqHqoUuoXdnECNqXPRyjc&sessionKey=cbad8c4d7dd64426a4e42c7c0f33b64b&timestamp=1638324182&sign=2523B44A6751F801A5FDDD789360A2ED
–Ú∫≈£∫ 13 ”√¿˝±‡∫≈£∫ 758
https://boss-api.myutopa.com/eshop/service/app/user/page/config/getPageConfigPic?uid=9e45d56c291b48f6ab5d702e7957ecf5&deviceId=4eddcac1d2c24430afd4f2ae4245d1b7&source=app&deviceType=iPhone_6&appInfo=UTOPA_60900&ver=1.0&osInfo=iOS_12.3.1&appKey=972ec21453264dd6b0f9ca9c732ab6b0&accessToken=rbuzSUphKUXOrircCGJymvUBBRaszxAqsPgAPDGxeutwqHqoUuoXdnECNqXPRyjc&sessionKey=cbad8c4d7dd64426a4e42c7c0f33b64b&timestamp=1638324182&sign=2523B44A6751F801A5FDDD789360A2ED
–Ú∫≈£∫ 14 ”√¿˝±‡∫≈£∫ 759
https://boss-api.myutopa.com/eshop/service/app/user/page/config/getPageConfigPic?uid=9e45d56c291b48f6ab5d702e7957ecf5&deviceId=4eddcac1d2c24430afd4f2ae4245d1b7&source=app&deviceType=iPhone_6&appInfo=UTOPA_60900&ver=1.0&osInfo=iOS_12.3.1&appKey=972ec21453264dd6b0f9ca9c732ab6b0&accessToken=&sessionKey=cbad8c4d7dd64426a4e42c7c0f33b64b&timestamp=1638324182&sign=5636749D802DB8A6553E6D7148D8E0F8
–Ú∫≈£∫ 15 ”√¿˝±‡∫≈£∫ 760
https://boss-api.myutopa.com/eshop/service/app/user/page/config/getPageConfigProduct?appKey=972ec21453264dd6b0f9ca9c732ab6b0&source=app&osInfo=iOS_12.3.1&ver=1.0&deviceType=iPhone_6&appInfo=UTOPA_60900&deviceId=4eddcac1d2c24430afd4f2ae4245d1b7&sessionKey=cbad8c4d7dd64426a4e42c7c0f33b64b&timestamp=1638324182&sign=DC9A30A9062EE4A68658FE36AA942F04
–Ú∫≈£∫ 16 ”√¿˝±‡∫≈£∫ 761
https://boss-api.myutopa.com/eshop/service/app/user/page/config/findByCode?uid=9e45d56c291b48f6ab5d702e7957ecf5&longitude=113.3335414459175&latitude=23.12661813768047&source=app&bdCityCode=257&code=3e3c7620-1c74-482e-81a8-95b6fe4baf5c&appInfo=UTOPA_60900&ver=1.0&deviceType=iPhone_6&deviceId=4eddcac1d2c24430afd4f2ae4245d1b7&osInfo=iOS_12.3.1&appKey=972ec21453264dd6b0f9ca9c732ab6b0&accessToken=rbuzSUphKUXOrircCGJymvUBBRaszxAqsPgAPDGxeutwqHqoUuoXdnECNqXPRyjc&sessionKey=cbad8c4d7dd64426a4e42c7c0f33b64b&timestamp=1638324182&sign=FB813B8EE1F732ED76F6675A75D5EC6B
–Ú∫≈£∫ 17 ”√¿˝±‡∫≈£∫ 762
https://boss-api.myutopa.com/eshop/service/app/user/page/config/getPageConfigPic?uid=9e45d56c291b48f6ab5d702e7957ecf5&deviceId=4eddcac1d2c24430afd4f2ae4245d1b7&source=app&deviceType=iPhone_6&appInfo=UTOPA_60900&ver=1.0&osInfo=iOS_12.3.1&appKey=972ec21453264dd6b0f9ca9c732ab6b0&accessToken=rbuzSUphKUXOrircCGJymvUBBRaszxAqsPgAPDGxeutwqHqoUuoXdnECNqXPRyjc&sessionKey=cbad8c4d7dd64426a4e42c7c0f33b64b&timestamp=1638324182&sign=2523B44A6751F801A5FDDD789360A2ED
–Ú∫≈£∫ 18 ”√¿˝±‡∫≈£∫ 763
https://boss-api.myutopa.com/eshop/service/app/user/page/config/getPageConfigPic?uid=9e45d56c291b48f6ab5d702e7957ecf5&deviceId=4eddcac1d2c24430afd4f2ae4245d1b7&source=app&deviceType=iPhone_6&appInfo=UTOPA_60900&ver=1.0&osInfo=iOS_12.3.1&appKey=972ec21453264dd6b0f9ca9c732ab6b0&accessToken=rbuzSUphKUXOrircCGJymvUBBRaszxAqsPgAPDGxeutwqHqoUuoXdnECNqXPRyjc&sessionKey=cbad8c4d7dd64426a4e42c7c0f33b64b&timestamp=1638324182&sign=2523B44A6751F801A5FDDD789360A2ED
–Ú∫≈£∫ 19 ”√¿˝±‡∫≈£∫ 764
https://boss-api.myutopa.com/eshop/service/app/user/page/config/getPageConfigPic?uid=9e45d56c291b48f6ab5d702e7957ecf5&deviceId=4eddcac1d2c24430afd4f2ae4245d1b7&source=app&deviceType=iPhone_6&appInfo=UTOPA_60900&ver=1.0&osInfo=iOS_12.3.1&appKey=972ec21453264dd6b0f9ca9c732ab6b0&accessToken=rbuzSUphKUXOrircCGJymvUBBRaszxAqsPgAPDGxeutwqHqoUuoXdnECNqXPRyjc&sessionKey=cbad8c4d7dd64426a4e42c7c0f33b64b&timestamp=1638324182&sign=2523B44A6751F801A5FDDD789360A2ED
–Ú∫≈£∫ 20 ”√¿˝±‡∫≈£∫ 765
https://boss-api.myutopa.com/eshop/service/app/user/page/config/getPageConfigPic?uid=9e45d56c291b48f6ab5d702e7957ecf5&deviceId=4eddcac1d2c24430afd4f2ae4245d1b7&source=app&deviceType=iPhone_6&appInfo=UTOPA_60900&ver=1.0&osInfo=iOS_12.3.1&appKey=972ec21453264dd6b0f9ca9c732ab6b0&accessToken=rbuzSUphKUXOrircCGJymvUBBRaszxAqsPgAPDGxeutwqHqoUuoXdnECNqXPRyjc&sessionKey=cbad8c4d7dd64426a4e42c7c0f33b64b&timestamp=1638324182&sign=2523B44A6751F801A5FDDD789360A2ED
–Ú∫≈£∫ 21 ”√¿˝±‡∫≈£∫ 766
https://boss-api.myutopa.com/eshop/service/app/user/page/config/getPageConfigPic?uid=9e45d56c291b48f6ab5d702e7957ecf5&deviceId=4eddcac1d2c24430afd4f2ae4245d1b7&source=app&deviceType=iPhone_6&appInfo=UTOPA_60900&ver=1.0&osInfo=iOS_12.3.1&appKey=972ec21453264dd6b0f9ca9c732ab6b0&accessToken=rbuzSUphKUXOrircCGJymvUBBRaszxAqsPgAPDGxeutwqHqoUuoXdnECNqXPRyjc&sessionKey=cbad8c4d7dd64426a4e42c7c0f33b64b&timestamp=1638324182&sign=2523B44A6751F801A5FDDD789360A2ED
–Ú∫≈£∫ 22 ”√¿˝±‡∫≈£∫ 767
https://boss-api.myutopa.com/eshop/service/app/user/page/config/getPageConfigPic?uid=9e45d56c291b48f6ab5d702e7957ecf5&deviceId=4eddcac1d2c24430afd4f2ae4245d1b7&source=app&deviceType=iPhone_6&appInfo=UTOPA_60900&ver=1.0&osInfo=iOS_12.3.1&appKey=972ec21453264dd6b0f9ca9c732ab6b0&accessToken=rbuzSUphKUXOrircCGJymvUBBRaszxAqsPgAPDGxeutwqHqoUuoXdnECNqXPRyjc&sessionKey=cbad8c4d7dd64426a4e42c7c0f33b64b&timestamp=1638324182&sign=2523B44A6751F801A5FDDD789360A2ED
–Ú∫≈£∫ 23 ”√¿˝±‡∫≈£∫ 768
https://boss-api.myutopa.com/eshop/service/app/user/page/config/getPageConfigPic?uid=9e45d56c291b48f6ab5d702e7957ecf5&deviceId=4eddcac1d2c24430afd4f2ae4245d1b7&source=app&deviceType=iPhone_6&appInfo=UTOPA_60900&ver=1.0&osInfo=iOS_12.3.1&appKey=972ec21453264dd6b0f9ca9c732ab6b0&accessToken=rbuzSUphKUXOrircCGJymvUBBRaszxAqsPgAPDGxeutwqHqoUuoXdnECNqXPRyjc&sessionKey=cbad8c4d7dd64426a4e42c7c0f33b64b&timestamp=1638324182&sign=2523B44A6751F801A5FDDD789360A2ED
–Ú∫≈£∫ 24 ”√¿˝±‡∫≈£∫ 769
https://boss-api.myutopa.com/eshop/service/app/user/page/config/getPageConfigProduct?uid=9e45d56c291b48f6ab5d702e7957ecf5&deviceId=4eddcac1d2c24430afd4f2ae4245d1b7&source=app&deviceType=iPhone_6&appInfo=UTOPA_60900&ver=1.0&osInfo=iOS_12.3.1&appKey=972ec21453264dd6b0f9ca9c732ab6b0&accessToken=rbuzSUphKUXOrircCGJymvUBBRaszxAqsPgAPDGxeutwqHqoUuoXdnECNqXPRyjc&sessionKey=cbad8c4d7dd64426a4e42c7c0f33b64b&timestamp=1638324182&sign=2523B44A6751F801A5FDDD789360A2ED
–Ú∫≈£∫ 25 ”√¿˝±‡∫≈£∫ 770
https://boss-api.myutopa.com/eshop/service/app/user/page/config/findByCode?uid=9e45d56c291b48f6ab5d702e7957ecf5&longitude=113.3335183385237&latitude=23.12661188636436&source=app&appInfo=UTOPA_60900&code=f7bb61ad-769f-4a33-b307-2ec3fbaeb924&deviceType=iPhone_6&ver=1.0&deviceId=4eddcac1d2c24430afd4f2ae4245d1b7&osInfo=iOS_12.3.1&appKey=972ec21453264dd6b0f9ca9c732ab6b0&accessToken=rbuzSUphKUXOrircCGJymvUBBRaszxAqsPgAPDGxeutwqHqoUuoXdnECNqXPRyjc&sessionKey=cbad8c4d7dd64426a4e42c7c0f33b64b&timestamp=1638324182&sign=D9716AD92714DAB36FA9BB3C0148EC98
–Ú∫≈£∫ 26 ”√¿˝±‡∫≈£∫ 771
https://boss-api.myutopa.com/eshop/service/app/user/page/config/getPageConfigPic?uid=9e45d56c291b48f6ab5d702e7957ecf5&deviceId=4eddcac1d2c24430afd4f2ae4245d1b7&source=app&deviceType=iPhone_6&appInfo=UTOPA_60900&ver=1.0&osInfo=iOS_12.3.1&appKey=972ec21453264dd6b0f9ca9c732ab6b0&accessToken=rbuzSUphKUXOrircCGJymvUBBRaszxAqsPgAPDGxeutwqHqoUuoXdnECNqXPRyjc&sessionKey=cbad8c4d7dd64426a4e42c7c0f33b64b&timestamp=1638324182&sign=2523B44A6751F801A5FDDD789360A2ED
–Ú∫≈£∫ 27 ”√¿˝±‡∫≈£∫ 772
https://boss-api.myutopa.com/eshop/service/app/user/page/config/getPageConfigPic?uid=9e45d56c291b48f6ab5d702e7957ecf5&deviceId=4eddcac1d2c24430afd4f2ae4245d1b7&source=app&deviceType=iPhone_6&appInfo=UTOPA_60900&ver=1.0&osInfo=iOS_12.3.1&appKey=972ec21453264dd6b0f9ca9c732ab6b0&accessToken=rbuzSUphKUXOrircCGJymvUBBRaszxAqsPgAPDGxeutwqHqoUuoXdnECNqXPRyjc&sessionKey=cbad8c4d7dd64426a4e42c7c0f33b64b&timestamp=1638324182&sign=2523B44A6751F801A5FDDD789360A2ED
–Ú∫≈£∫ 28 ”√¿˝±‡∫≈£∫ 773
https://boss-api.myutopa.com/eshop/service/app/user/page/config/getPageConfigPic?uid=9e45d56c291b48f6ab5d702e7957ecf5&deviceId=4eddcac1d2c24430afd4f2ae4245d1b7&source=app&deviceType=iPhone_6&appInfo=UTOPA_60900&ver=1.0&osInfo=iOS_12.3.1&appKey=972ec21453264dd6b0f9ca9c732ab6b0&accessToken=rbuzSUphKUXOrircCGJymvUBBRaszxAqsPgAPDGxeutwqHqoUuoXdnECNqXPRyjc&sessionKey=cbad8c4d7dd64426a4e42c7c0f33b64b&timestamp=1638324182&sign=2523B44A6751F801A5FDDD789360A2ED
–Ú∫≈£∫ 29 ”√¿˝±‡∫≈£∫ 774
https://boss-api.myutopa.com/eshop/service/app/user/page/config/getPageConfigPic?uid=9e45d56c291b48f6ab5d702e7957ecf5&deviceId=4eddcac1d2c24430afd4f2ae4245d1b7&source=app&deviceType=iPhone_6&appInfo=UTOPA_60900&ver=1.0&osInfo=iOS_12.3.1&appKey=972ec21453264dd6b0f9ca9c732ab6b0&accessToken=rbuzSUphKUXOrircCGJymvUBBRaszxAqsPgAPDGxeutwqHqoUuoXdnECNqXPRyjc&sessionKey=cbad8c4d7dd64426a4e42c7c0f33b64b&timestamp=1638324182&sign=2523B44A6751F801A5FDDD789360A2ED
–Ú∫≈£∫ 30 ”√¿˝±‡∫≈£∫ 775
https://boss-api.myutopa.com/eshop/service/app/user/page/config/findByCode?uid=9e45d56c291b48f6ab5d702e7957ecf5&longitude=113.3335275894632&latitude=23.12659740714503&source=app&bdCityCode=257&code=ef3897d6-0c15-409f-a78e-6b2d6d581533&appInfo=UTOPA_60900&ver=1.0&deviceType=iPhone_6&deviceId=4eddcac1d2c24430afd4f2ae4245d1b7&osInfo=iOS_12.3.1&appKey=972ec21453264dd6b0f9ca9c732ab6b0&accessToken=rbuzSUphKUXOrircCGJymvUBBRaszxAqsPgAPDGxeutwqHqoUuoXdnECNqXPRyjc&sessionKey=cbad8c4d7dd64426a4e42c7c0f33b64b&timestamp=1638324182&sign=54E8D98E269146CD77462BC03E6FAC46
–Ú∫≈£∫ 31 ”√¿˝±‡∫≈£∫ 776
https://boss-api.myutopa.com/eshop/service/app/user/page/config/getPageConfigPic?uid=9e45d56c291b48f6ab5d702e7957ecf5&deviceId=4eddcac1d2c24430afd4f2ae4245d1b7&source=app&deviceType=iPhone_6&appInfo=UTOPA_60900&ver=1.0&osInfo=iOS_12.3.1&appKey=972ec21453264dd6b0f9ca9c732ab6b0&accessToken=rbuzSUphKUXOrircCGJymvUBBRaszxAqsPgAPDGxeutwqHqoUuoXdnECNqXPRyjc&sessionKey=cbad8c4d7dd64426a4e42c7c0f33b64b&timestamp=1638324182&sign=2523B44A6751F801A5FDDD789360A2ED
–Ú∫≈£∫ 32 ”√¿˝±‡∫≈£∫ 777
https://boss-api.myutopa.com/eshop/service/app/user/page/config/getPageConfigPic?uid=9e45d56c291b48f6ab5d702e7957ecf5&deviceId=4eddcac1d2c24430afd4f2ae4245d1b7&source=app&deviceType=iPhone_6&appInfo=UTOPA_60900&ver=1.0&osInfo=iOS_12.3.1&appKey=972ec21453264dd6b0f9ca9c732ab6b0&accessToken=rbuzSUphKUXOrircCGJymvUBBRaszxAqsPgAPDGxeutwqHqoUuoXdnECNqXPRyjc&sessionKey=cbad8c4d7dd64426a4e42c7c0f33b64b&timestamp=1638324182&sign=2523B44A6751F801A5FDDD789360A2ED
–Ú∫≈£∫ 33 ”√¿˝±‡∫≈£∫ 778
https://boss-api.myutopa.com/eshop/service/app/user/page/config/getPageConfigPic?uid=9e45d56c291b48f6ab5d702e7957ecf5&deviceId=4eddcac1d2c24430afd4f2ae4245d1b7&source=app&deviceType=iPhone_6&appInfo=UTOPA_60900&ver=1.0&osInfo=iOS_12.3.1&appKey=972ec21453264dd6b0f9ca9c732ab6b0&accessToken=rbuzSUphKUXOrircCGJymvUBBRaszxAqsPgAPDGxeutwqHqoUuoXdnECNqXPRyjc&sessionKey=cbad8c4d7dd64426a4e42c7c0f33b64b&timestamp=1638324182&sign=2523B44A6751F801A5FDDD789360A2ED
–Ú∫≈£∫ 34 ”√¿˝±‡∫≈£∫ 779
https://boss-api.myutopa.com/eshop/service/app/user/page/config/getPageConfigPic?uid=9e45d56c291b48f6ab5d702e7957ecf5&deviceId=4eddcac1d2c24430afd4f2ae4245d1b7&source=app&deviceType=iPhone_6&appInfo=UTOPA_60900&ver=1.0&osInfo=iOS_12.3.1&appKey=972ec21453264dd6b0f9ca9c732ab6b0&accessToken=rbuzSUphKUXOrircCGJymvUBBRaszxAqsPgAPDGxeutwqHqoUuoXdnECNqXPRyjc&sessionKey=cbad8c4d7dd64426a4e42c7c0f33b64b&timestamp=1638324182&sign=2523B44A6751F801A5FDDD789360A2ED
–Ú∫≈£∫ 35 ”√¿˝±‡∫≈£∫ 780
https://boss-api.myutopa.com/eshop/service/app/user/page/config/getPageConfigPic?uid=9e45d56c291b48f6ab5d702e7957ecf5&deviceId=4eddcac1d2c24430afd4f2ae4245d1b7&source=app&deviceType=iPhone_6&appInfo=UTOPA_60900&ver=1.0&osInfo=iOS_12.3.1&appKey=972ec21453264dd6b0f9ca9c732ab6b0&accessToken=rbuzSUphKUXOrircCGJymvUBBRaszxAqsPgAPDGxeutwqHqoUuoXdnECNqXPRyjc&sessionKey=cbad8c4d7dd64426a4e42c7c0f33b64b&timestamp=1638324182&sign=2523B44A6751F801A5FDDD789360A2ED
–Ú∫≈£∫ 36 ”√¿˝±‡∫≈£∫ 781
https://boss-api.myutopa.com/eshop/service/app/user/page/config/getPageConfigPic?uid=9e45d56c291b48f6ab5d702e7957ecf5&deviceId=4eddcac1d2c24430afd4f2ae4245d1b7&source=app&deviceType=iPhone_6&appInfo=UTOPA_60900&ver=1.0&osInfo=iOS_12.3.1&appKey=972ec21453264dd6b0f9ca9c732ab6b0&accessToken=rbuzSUphKUXOrircCGJymvUBBRaszxAqsPgAPDGxeutwqHqoUuoXdnECNqXPRyjc&sessionKey=cbad8c4d7dd64426a4e42c7c0f33b64b&timestamp=1638324182&sign=2523B44A6751F801A5FDDD789360A2ED
–Ú∫≈£∫ 37 ”√¿˝±‡∫≈£∫ 782
https://boss-api.myutopa.com/eshop/service/app/user/page/config/getPageConfigPic?uid=9e45d56c291b48f6ab5d702e7957ecf5&deviceId=4eddcac1d2c24430afd4f2ae4245d1b7&source=app&deviceType=iPhone_6&appInfo=UTOPA_60900&ver=1.0&osInfo=iOS_12.3.1&appKey=972ec21453264dd6b0f9ca9c732ab6b0&accessToken=rbuzSUphKUXOrircCGJymvUBBRaszxAqsPgAPDGxeutwqHqoUuoXdnECNqXPRyjc&sessionKey=cbad8c4d7dd64426a4e42c7c0f33b64b&timestamp=1638324182&sign=2523B44A6751F801A5FDDD789360A2ED
–Ú∫≈£∫ 38 ”√¿˝±‡∫≈£∫ 783
https://boss-api.myutopa.com/eshop/service/app/user/page/config/getPageConfigPic?uid=9e45d56c291b48f6ab5d702e7957ecf5&deviceId=4eddcac1d2c24430afd4f2ae4245d1b7&source=app&deviceType=iPhone_6&appInfo=UTOPA_60900&ver=1.0&osInfo=iOS_12.3.1&appKey=972ec21453264dd6b0f9ca9c732ab6b0&accessToken=rbuzSUphKUXOrircCGJymvUBBRaszxAqsPgAPDGxeutwqHqoUuoXdnECNqXPRyjc&sessionKey=cbad8c4d7dd64426a4e42c7c0f33b64b&timestamp=1638324182&sign=2523B44A6751F801A5FDDD789360A2ED
–Ú∫≈£∫ 39 ”√¿˝±‡∫≈£∫ 784
https://boss-api.myutopa.com/eshop/service/app/user/page/config/getPageConfigPic?uid=9e45d56c291b48f6ab5d702e7957ecf5&deviceId=4eddcac1d2c24430afd4f2ae4245d1b7&source=app&deviceType=iPhone_6&appInfo=UTOPA_60900&ver=1.0&osInfo=iOS_12.3.1&appKey=972ec21453264dd6b0f9ca9c732ab6b0&accessToken=rbuzSUphKUXOrircCGJymvUBBRaszxAqsPgAPDGxeutwqHqoUuoXdnECNqXPRyjc&sessionKey=cbad8c4d7dd64426a4e42c7c0f33b64b&timestamp=1638324182&sign=2523B44A6751F801A5FDDD789360A2ED
–Ú∫≈£∫ 40 ”√¿˝±‡∫≈£∫ 785
https://boss-api.myutopa.com/eshop/service/app/user/page/config/getPageConfigProduct?appKey=972ec21453264dd6b0f9ca9c732ab6b0&source=app&osInfo=iOS_12.3.1&ver=1.0&deviceType=iPhone_6&appInfo=UTOPA_60900&deviceId=4eddcac1d2c24430afd4f2ae4245d1b7&sessionKey=cbad8c4d7dd64426a4e42c7c0f33b64b&timestamp=1638324182&sign=DC9A30A9062EE4A68658FE36AA942F04
–Ú∫≈£∫ 41 ”√¿˝±‡∫≈£∫ 786
https://boss-api.myutopa.com/eshop/service/app/user/page/config/getPageConfigPic?uid=9e45d56c291b48f6ab5d702e7957ecf5&deviceId=4eddcac1d2c24430afd4f2ae4245d1b7&source=app&deviceType=iPhone_6&appInfo=UTOPA_60900&ver=1.0&osInfo=iOS_12.3.1&appKey=972ec21453264dd6b0f9ca9c732ab6b0&accessToken=rbuzSUphKUXOrircCGJymvUBBRaszxAqsPgAPDGxeutwqHqoUuoXdnECNqXPRyjc&sessionKey=cbad8c4d7dd64426a4e42c7c0f33b64b&timestamp=1638324182&sign=2523B44A6751F801A5FDDD789360A2ED
–Ú∫≈£∫ 42 ”√¿˝±‡∫≈£∫ 787
https://boss-api.myutopa.com/eshop/service/app/user/page/config/findByCode?uid=9e45d56c291b48f6ab5d702e7957ecf5&longitude=113.3334993339069&latitude=23.12655351142641&source=app&appInfo=UTOPA_60900&code=eb3df2eb-11ed-4390-8713-ec81e2eaa253&deviceType=iPhone_6&ver=1.0&deviceId=4eddcac1d2c24430afd4f2ae4245d1b7&osInfo=iOS_12.3.1&appKey=972ec21453264dd6b0f9ca9c732ab6b0&accessToken=rbuzSUphKUXOrircCGJymvUBBRaszxAqsPgAPDGxeutwqHqoUuoXdnECNqXPRyjc&sessionKey=cbad8c4d7dd64426a4e42c7c0f33b64b&timestamp=1638324182&sign=9371FE50689194FC08FB5E030863BB61
–Ú∫≈£∫ 43 ”√¿˝±‡∫≈£∫ 788
https://boss-api.myutopa.com/eshop/service/app/user/page/config/getPageConfigPic?uid=9e45d56c291b48f6ab5d702e7957ecf5&deviceId=4eddcac1d2c24430afd4f2ae4245d1b7&source=app&deviceType=iPhone_6&appInfo=UTOPA_60900&ver=1.0&osInfo=iOS_12.3.1&appKey=972ec21453264dd6b0f9ca9c732ab6b0&accessToken=rbuzSUphKUXOrircCGJymvUBBRaszxAqsPgAPDGxeutwqHqoUuoXdnECNqXPRyjc&sessionKey=cbad8c4d7dd64426a4e42c7c0f33b64b&timestamp=1638324182&sign=2523B44A6751F801A5FDDD789360A2ED
–Ú∫≈£∫ 44 ”√¿˝±‡∫≈£∫ 789
https://boss-api.myutopa.com/eshop/service/app/user/page/config/getPageConfigPic?uid=9e45d56c291b48f6ab5d702e7957ecf5&deviceId=4eddcac1d2c24430afd4f2ae4245d1b7&source=app&deviceType=iPhone_6&appInfo=UTOPA_60900&ver=1.0&osInfo=iOS_12.3.1&appKey=972ec21453264dd6b0f9ca9c732ab6b0&accessToken=rbuzSUphKUXOrircCGJymvUBBRaszxAqsPgAPDGxeutwqHqoUuoXdnECNqXPRyjc&sessionKey=cbad8c4d7dd64426a4e42c7c0f33b64b&timestamp=1638324182&sign=2523B44A6751F801A5FDDD789360A2ED
–Ú∫≈£∫ 45 ”√¿˝±‡∫≈£∫ 790
https://boss-api.myutopa.com/eshop/service/app/user/page/config/getPageConfigPic?uid=9e45d56c291b48f6ab5d702e7957ecf5&deviceId=4eddcac1d2c24430afd4f2ae4245d1b7&source=app&deviceType=iPhone_6&appInfo=UTOPA_60900&ver=1.0&osInfo=iOS_12.3.1&appKey=972ec21453264dd6b0f9ca9c732ab6b0&accessToken=rbuzSUphKUXOrircCGJymvUBBRaszxAqsPgAPDGxeutwqHqoUuoXdnECNqXPRyjc&sessionKey=cbad8c4d7dd64426a4e42c7c0f33b64b&timestamp=1638324182&sign=2523B44A6751F801A5FDDD789360A2ED
–Ú∫≈£∫ 46 ”√¿˝±‡∫≈£∫ 791
https://boss-api.myutopa.com/eshop/service/app/user/page/config/getPageConfigPic?uid=9e45d56c291b48f6ab5d702e7957ecf5&deviceId=4eddcac1d2c24430afd4f2ae4245d1b7&source=app&deviceType=iPhone_6&appInfo=UTOPA_60900&ver=1.0&osInfo=iOS_12.3.1&appKey=972ec21453264dd6b0f9ca9c732ab6b0&accessToken=rbuzSUphKUXOrircCGJymvUBBRaszxAqsPgAPDGxeutwqHqoUuoXdnECNqXPRyjc&sessionKey=cbad8c4d7dd64426a4e42c7c0f33b64b&timestamp=1638324182&sign=2523B44A6751F801A5FDDD789360A2ED
–Ú∫≈£∫ 47 ”√¿˝±‡∫≈£∫ 792
https://boss-api.myutopa.com/eshop/service/app/user/page/config/getPageConfigPic?uid=9e45d56c291b48f6ab5d702e7957ecf5&deviceId=4eddcac1d2c24430afd4f2ae4245d1b7&source=app&deviceType=iPhone_6&appInfo=UTOPA_60900&ver=1.0&osInfo=iOS_12.3.1&appKey=972ec21453264dd6b0f9ca9c732ab6b0&accessToken=rbuzSUphKUXOrircCGJymvUBBRaszxAqsPgAPDGxeutwqHqoUuoXdnECNqXPRyjc&sessionKey=cbad8c4d7dd64426a4e42c7c0f33b64b&timestamp=1638324182&sign=2523B44A6751F801A5FDDD789360A2ED
–Ú∫≈£∫ 48 ”√¿˝±‡∫≈£∫ 793
https://boss-api.myutopa.com/eshop/service/app/user/page/config/getPageConfigPic?uid=9e45d56c291b48f6ab5d702e7957ecf5&deviceId=4eddcac1d2c24430afd4f2ae4245d1b7&source=app&deviceType=iPhone_6&appInfo=UTOPA_60900&ver=1.0&osInfo=iOS_12.3.1&appKey=972ec21453264dd6b0f9ca9c732ab6b0&accessToken=rbuzSUphKUXOrircCGJymvUBBRaszxAqsPgAPDGxeutwqHqoUuoXdnECNqXPRyjc&sessionKey=cbad8c4d7dd64426a4e42c7c0f33b64b&timestamp=1638324182&sign=2523B44A6751F801A5FDDD789360A2ED
–Ú∫≈£∫ 49 ”√¿˝±‡∫≈£∫ 794
https://boss-api.myutopa.com/eshop/service/app/user/page/config/getPageConfigPic?uid=9e45d56c291b48f6ab5d702e7957ecf5&deviceId=4eddcac1d2c24430afd4f2ae4245d1b7&source=app&deviceType=iPhone_6&appInfo=UTOPA_60900&ver=1.0&osInfo=iOS_12.3.1&appKey=972ec21453264dd6b0f9ca9c732ab6b0&accessToken=rbuzSUphKUXOrircCGJymvUBBRaszxAqsPgAPDGxeutwqHqoUuoXdnECNqXPRyjc&sessionKey=cbad8c4d7dd64426a4e42c7c0f33b64b&timestamp=1638324182&sign=2523B44A6751F801A5FDDD789360A2ED
–Ú∫≈£∫ 50 ”√¿˝±‡∫≈£∫ 795
https://boss-api.myutopa.com/eshop/service/app/user/page/config/getPageConfigPic?uid=9e45d56c291b48f6ab5d702e7957ecf5&deviceId=4eddcac1d2c24430afd4f2ae4245d1b7&source=app&deviceType=iPhone_6&appInfo=UTOPA_60900&ver=1.0&osInfo=iOS_12.3.1&appKey=972ec21453264dd6b0f9ca9c732ab6b0&accessToken=rbuzSUphKUXOrircCGJymvUBBRaszxAqsPgAPDGxeutwqHqoUuoXdnECNqXPRyjc&sessionKey=cbad8c4d7dd64426a4e42c7c0f33b64b&timestamp=1638324182&sign=2523B44A6751F801A5FDDD789360A2ED
–Ú∫≈£∫ 51 ”√¿˝±‡∫≈£∫ 796
https://boss-api.myutopa.com/eshop/service/app/user/page/config/getPageConfigPic?uid=9e45d56c291b48f6ab5d702e7957ecf5&deviceId=4eddcac1d2c24430afd4f2ae4245d1b7&source=app&deviceType=iPhone_6&appInfo=UTOPA_60900&ver=1.0&osInfo=iOS_12.3.1&appKey=972ec21453264dd6b0f9ca9c732ab6b0&accessToken=rbuzSUphKUXOrircCGJymvUBBRaszxAqsPgAPDGxeutwqHqoUuoXdnECNqXPRyjc&sessionKey=cbad8c4d7dd64426a4e42c7c0f33b64b&timestamp=1638324182&sign=2523B44A6751F801A5FDDD789360A2ED
–Ú∫≈£∫ 52 ”√¿˝±‡∫≈£∫ 797
https://boss-api.myutopa.com/eshop/service/app/user/page/config/getPageConfigProduct?appKey=972ec21453264dd6b0f9ca9c732ab6b0&source=app&osInfo=iOS_12.3.1&ver=1.0&deviceType=iPhone_6&appInfo=UTOPA_60900&deviceId=4eddcac1d2c24430afd4f2ae4245d1b7&sessionKey=cbad8c4d7dd64426a4e42c7c0f33b64b&timestamp=1638324182&sign=DC9A30A9062EE4A68658FE36AA942F04
–Ú∫≈£∫ 53 ”√¿˝±‡∫≈£∫ 798
https://boss-api.myutopa.com/eshop/service/app/user/page/config/findByCode?longitude=113.3335463646274&latitude=23.12656546220733&source=app&bdCityCode=257&code=b7dc5acf-3232-4975-825c-5a87ecedbc41&appInfo=UTOPA_60900&ver=1.0&deviceType=iPhone_6&deviceId=4eddcac1d2c24430afd4f2ae4245d1b7&osInfo=iOS_12.3.1&appKey=972ec21453264dd6b0f9ca9c732ab6b0&sessionKey=cbad8c4d7dd64426a4e42c7c0f33b64b&timestamp=1638324182&sign=F6B9F60DAA82FDB39BA94A915033FB50
”√¿˝÷¥–– ß∞‹,”√¿˝±‡∫≈£∫ 798
–Ú∫≈£∫ 54 ”√¿˝±‡∫≈£∫ 799
https://boss-api.myutopa.com/eshop/service/app/user/page/config/getPageConfigPic?uid=9e45d56c291b48f6ab5d702e7957ecf5&deviceId=4eddcac1d2c24430afd4f2ae4245d1b7&source=app&deviceType=iPhone_6&appInfo=UTOPA_60900&ver=1.0&osInfo=iOS_12.3.1&appKey=972ec21453264dd6b0f9ca9c732ab6b0&accessToken=rbuzSUphKUXOrircCGJymvUBBRaszxAqsPgAPDGxeutwqHqoUuoXdnECNqXPRyjc&sessionKey=cbad8c4d7dd64426a4e42c7c0f33b64b&timestamp=1638324182&sign=2523B44A6751F801A5FDDD789360A2ED
–Ú∫≈£∫ 55 ”√¿˝±‡∫≈£∫ 800
https://boss-api.myutopa.com/eshop/service/app/user/page/config/getPageConfigPic?uid=9e45d56c291b48f6ab5d702e7957ecf5&deviceId=4eddcac1d2c24430afd4f2ae4245d1b7&source=app&deviceType=iPhone_6&appInfo=UTOPA_60900&ver=1.0&osInfo=iOS_12.3.1&appKey=972ec21453264dd6b0f9ca9c732ab6b0&accessToken=rbuzSUphKUXOrircCGJymvUBBRaszxAqsPgAPDGxeutwqHqoUuoXdnECNqXPRyjc&sessionKey=cbad8c4d7dd64426a4e42c7c0f33b64b&timestamp=1638324182&sign=2523B44A6751F801A5FDDD789360A2ED
–Ú∫≈£∫ 56 ”√¿˝±‡∫≈£∫ 801
https://boss-api.myutopa.com/eshop/service/app/user/page/config/getPageConfigPic?uid=9e45d56c291b48f6ab5d702e7957ecf5&deviceId=4eddcac1d2c24430afd4f2ae4245d1b7&source=app&deviceType=iPhone_6&appInfo=UTOPA_60900&ver=1.0&osInfo=iOS_12.3.1&appKey=972ec21453264dd6b0f9ca9c732ab6b0&accessToken=rbuzSUphKUXOrircCGJymvUBBRaszxAqsPgAPDGxeutwqHqoUuoXdnECNqXPRyjc&sessionKey=cbad8c4d7dd64426a4e42c7c0f33b64b&timestamp=1638324182&sign=2523B44A6751F801A5FDDD789360A2ED
–Ú∫≈£∫ 57 ”√¿˝±‡∫≈£∫ 802
https://boss-api.myutopa.com/eshop/service/app/user/page/config/getPageConfigPic?uid=9e45d56c291b48f6ab5d702e7957ecf5&deviceId=4eddcac1d2c24430afd4f2ae4245d1b7&source=app&deviceType=iPhone_6&appInfo=UTOPA_60900&ver=1.0&osInfo=iOS_12.3.1&appKey=972ec21453264dd6b0f9ca9c732ab6b0&accessToken=rbuzSUphKUXOrircCGJymvUBBRaszxAqsPgAPDGxeutwqHqoUuoXdnECNqXPRyjc&sessionKey=cbad8c4d7dd64426a4e42c7c0f33b64b&timestamp=1638324182&sign=2523B44A6751F801A5FDDD789360A2ED
–Ú∫≈£∫ 58 ”√¿˝±‡∫≈£∫ 803
https://boss-api.myutopa.com/eshop/service/app/user/page/config/getPageConfigPic?uid=9e45d56c291b48f6ab5d702e7957ecf5&deviceId=4eddcac1d2c24430afd4f2ae4245d1b7&source=app&deviceType=iPhone_6&appInfo=UTOPA_60900&ver=1.0&osInfo=iOS_12.3.1&appKey=972ec21453264dd6b0f9ca9c732ab6b0&accessToken=rbuzSUphKUXOrircCGJymvUBBRaszxAqsPgAPDGxeutwqHqoUuoXdnECNqXPRyjc&sessionKey=cbad8c4d7dd64426a4e42c7c0f33b64b&timestamp=1638324182&sign=2523B44A6751F801A5FDDD789360A2ED
–Ú∫≈£∫ 59 ”√¿˝±‡∫≈£∫ 804
https://boss-api.myutopa.com/eshop/service/app/user/page/config/getPageConfigPic?uid=9e45d56c291b48f6ab5d702e7957ecf5&deviceId=4eddcac1d2c24430afd4f2ae4245d1b7&source=app&deviceType=iPhone_6&appInfo=UTOPA_60900&ver=1.0&osInfo=iOS_12.3.1&appKey=972ec21453264dd6b0f9ca9c732ab6b0&accessToken=rbuzSUphKUXOrircCGJymvUBBRaszxAqsPgAPDGxeutwqHqoUuoXdnECNqXPRyjc&sessionKey=cbad8c4d7dd64426a4e42c7c0f33b64b&timestamp=1638324182&sign=2523B44A6751F801A5FDDD789360A2ED
–Ú∫≈£∫ 60 ”√¿˝±‡∫≈£∫ 805
https://boss-api.myutopa.com/eshop/service/app/user/page/config/getPageConfigPic?uid=9e45d56c291b48f6ab5d702e7957ecf5&deviceId=4eddcac1d2c24430afd4f2ae4245d1b7&source=app&deviceType=iPhone_6&appInfo=UTOPA_60900&ver=1.0&osInfo=iOS_12.3.1&appKey=972ec21453264dd6b0f9ca9c732ab6b0&accessToken=rbuzSUphKUXOrircCGJymvUBBRaszxAqsPgAPDGxeutwqHqoUuoXdnECNqXPRyjc&sessionKey=cbad8c4d7dd64426a4e42c7c0f33b64b&timestamp=1638324182&sign=2523B44A6751F801A5FDDD789360A2ED
–Ú∫≈£∫ 61 ”√¿˝±‡∫≈£∫ 806
https://boss-api.myutopa.com/eshop/service/app/user/page/config/getPageConfigPic?uid=9e45d56c291b48f6ab5d702e7957ecf5&deviceId=4eddcac1d2c24430afd4f2ae4245d1b7&source=app&deviceType=iPhone_6&appInfo=UTOPA_60900&ver=1.0&osInfo=iOS_12.3.1&appKey=972ec21453264dd6b0f9ca9c732ab6b0&accessToken=rbuzSUphKUXOrircCGJymvUBBRaszxAqsPgAPDGxeutwqHqoUuoXdnECNqXPRyjc&sessionKey=cbad8c4d7dd64426a4e42c7c0f33b64b&timestamp=1638324182&sign=2523B44A6751F801A5FDDD789360A2ED
–Ú∫≈£∫ 62 ”√¿˝±‡∫≈£∫ 807
https://boss-api.myutopa.com/eshop/service/app/user/page/config/getPageConfigPic?uid=9e45d56c291b48f6ab5d702e7957ecf5&deviceId=4eddcac1d2c24430afd4f2ae4245d1b7&source=app&deviceType=iPhone_6&appInfo=UTOPA_60900&ver=1.0&osInfo=iOS_12.3.1&appKey=972ec21453264dd6b0f9ca9c732ab6b0&accessToken=rbuzSUphKUXOrircCGJymvUBBRaszxAqsPgAPDGxeutwqHqoUuoXdnECNqXPRyjc&sessionKey=cbad8c4d7dd64426a4e42c7c0f33b64b&timestamp=1638324182&sign=2523B44A6751F801A5FDDD789360A2ED
–Ú∫≈£∫ 63 ”√¿˝±‡∫≈£∫ 808
https://boss-api.myutopa.com/eshop/service/app/user/page/config/getPageConfigPic?uid=9e45d56c291b48f6ab5d702e7957ecf5&deviceId=4eddcac1d2c24430afd4f2ae4245d1b7&source=app&deviceType=iPhone_6&appInfo=UTOPA_60900&ver=1.0&osInfo=iOS_12.3.1&appKey=972ec21453264dd6b0f9ca9c732ab6b0&accessToken=rbuzSUphKUXOrircCGJymvUBBRaszxAqsPgAPDGxeutwqHqoUuoXdnECNqXPRyjc&sessionKey=cbad8c4d7dd64426a4e42c7c0f33b64b&timestamp=1638324182&sign=2523B44A6751F801A5FDDD789360A2ED
–Ú∫≈£∫ 64 ”√¿˝±‡∫≈£∫ 809
https://boss-api.myutopa.com/eshop/service/app/user/page/config/getPageConfigPic?uid=9e45d56c291b48f6ab5d702e7957ecf5&deviceId=4eddcac1d2c24430afd4f2ae4245d1b7&source=app&deviceType=iPhone_6&appInfo=UTOPA_60900&ver=1.0&osInfo=iOS_12.3.1&appKey=972ec21453264dd6b0f9ca9c732ab6b0&accessToken=rbuzSUphKUXOrircCGJymvUBBRaszxAqsPgAPDGxeutwqHqoUuoXdnECNqXPRyjc&sessionKey=cbad8c4d7dd64426a4e42c7c0f33b64b&timestamp=1638324182&sign=2523B44A6751F801A5FDDD789360A2ED
–Ú∫≈£∫ 65 ”√¿˝±‡∫≈£∫ 810
https://boss-api.myutopa.com/eshop/service/app/user/page/config/getPageConfigPic?uid=9e45d56c291b48f6ab5d702e7957ecf5&deviceId=4eddcac1d2c24430afd4f2ae4245d1b7&source=app&deviceType=iPhone_6&appInfo=UTOPA_60900&ver=1.0&osInfo=iOS_12.3.1&appKey=972ec21453264dd6b0f9ca9c732ab6b0&accessToken=rbuzSUphKUXOrircCGJymvUBBRaszxAqsPgAPDGxeutwqHqoUuoXdnECNqXPRyjc&sessionKey=cbad8c4d7dd64426a4e42c7c0f33b64b&timestamp=1638324182&sign=2523B44A6751F801A5FDDD789360A2ED
–Ú∫≈£∫ 66 ”√¿˝±‡∫≈£∫ 811
https://boss-api.myutopa.com/eshop/service/app/user/page/config/getPageConfigProduct?appKey=972ec21453264dd6b0f9ca9c732ab6b0&source=app&osInfo=iOS_12.3.1&ver=1.0&deviceType=iPhone_6&appInfo=UTOPA_60900&deviceId=4eddcac1d2c24430afd4f2ae4245d1b7&sessionKey=cbad8c4d7dd64426a4e42c7c0f33b64b&timestamp=1638324182&sign=DC9A30A9062EE4A68658FE36AA942F04
–Ú∫≈£∫ 67 ”√¿˝±‡∫≈£∫ 812
https://boss-api.myutopa.com/eshop/service/app/user/page/config/findByCode?longitude=113.3335833374463&latitude=23.12657291557379&source=app&bdCityCode=257&code=d2cf7282-37b1-4bba-b166-d67f2f1e0e48&appInfo=UTOPA_60900&ver=1.0&deviceType=iPhone_6&deviceId=4eddcac1d2c24430afd4f2ae4245d1b7&osInfo=iOS_12.3.1&appKey=972ec21453264dd6b0f9ca9c732ab6b0&sessionKey=cbad8c4d7dd64426a4e42c7c0f33b64b&timestamp=1638324182&sign=14D17E6E3EC57912C839727CF39993C9
–Ú∫≈£∫ 68 ”√¿˝±‡∫≈£∫ 813
https://boss-api.myutopa.com/eshop/service/app/user/page/config/getPageConfigPic?uid=9e45d56c291b48f6ab5d702e7957ecf5&deviceId=4eddcac1d2c24430afd4f2ae4245d1b7&source=app&deviceType=iPhone_6&appInfo=UTOPA_60900&ver=1.0&osInfo=iOS_12.3.1&appKey=972ec21453264dd6b0f9ca9c732ab6b0&accessToken=rbuzSUphKUXOrircCGJymvUBBRaszxAqsPgAPDGxeutwqHqoUuoXdnECNqXPRyjc&sessionKey=cbad8c4d7dd64426a4e42c7c0f33b64b&timestamp=1638324182&sign=2523B44A6751F801A5FDDD789360A2ED
–Ú∫≈£∫ 69 ”√¿˝±‡∫≈£∫ 814
https://boss-api.myutopa.com/eshop/service/app/user/page/config/getPageConfigPic?uid=9e45d56c291b48f6ab5d702e7957ecf5&deviceId=4eddcac1d2c24430afd4f2ae4245d1b7&source=app&deviceType=iPhone_6&appInfo=UTOPA_60900&ver=1.0&osInfo=iOS_12.3.1&appKey=972ec21453264dd6b0f9ca9c732ab6b0&accessToken=rbuzSUphKUXOrircCGJymvUBBRaszxAqsPgAPDGxeutwqHqoUuoXdnECNqXPRyjc&sessionKey=cbad8c4d7dd64426a4e42c7c0f33b64b&timestamp=1638324182&sign=2523B44A6751F801A5FDDD789360A2ED
–Ú∫≈£∫ 70 ”√¿˝±‡∫≈£∫ 815
https://boss-api.myutopa.com/eshop/service/app/user/page/config/getPageConfigPic?uid=9e45d56c291b48f6ab5d702e7957ecf5&deviceId=4eddcac1d2c24430afd4f2ae4245d1b7&source=app&deviceType=iPhone_6&appInfo=UTOPA_60900&ver=1.0&osInfo=iOS_12.3.1&appKey=972ec21453264dd6b0f9ca9c732ab6b0&accessToken=rbuzSUphKUXOrircCGJymvUBBRaszxAqsPgAPDGxeutwqHqoUuoXdnECNqXPRyjc&sessionKey=cbad8c4d7dd64426a4e42c7c0f33b64b&timestamp=1638324182&sign=2523B44A6751F801A5FDDD789360A2ED
–Ú∫≈£∫ 71 ”√¿˝±‡∫≈£∫ 816
https://boss-api.myutopa.com/eshop/service/app/user/page/config/getPageConfigPic?uid=9e45d56c291b48f6ab5d702e7957ecf5&deviceId=4eddcac1d2c24430afd4f2ae4245d1b7&source=app&deviceType=iPhone_6&appInfo=UTOPA_60900&ver=1.0&osInfo=iOS_12.3.1&appKey=972ec21453264dd6b0f9ca9c732ab6b0&accessToken=rbuzSUphKUXOrircCGJymvUBBRaszxAqsPgAPDGxeutwqHqoUuoXdnECNqXPRyjc&sessionKey=cbad8c4d7dd64426a4e42c7c0f33b64b&timestamp=1638324182&sign=2523B44A6751F801A5FDDD789360A2ED
–Ú∫≈£∫ 72 ”√¿˝±‡∫≈£∫ 817
https://boss-api.myutopa.com/eshop/service/app/user/page/config/getPageConfigPic?uid=9e45d56c291b48f6ab5d702e7957ecf5&deviceId=4eddcac1d2c24430afd4f2ae4245d1b7&source=app&deviceType=iPhone_6&appInfo=UTOPA_60900&ver=1.0&osInfo=iOS_12.3.1&appKey=972ec21453264dd6b0f9ca9c732ab6b0&accessToken=rbuzSUphKUXOrircCGJymvUBBRaszxAqsPgAPDGxeutwqHqoUuoXdnECNqXPRyjc&sessionKey=cbad8c4d7dd64426a4e42c7c0f33b64b&timestamp=1638324182&sign=2523B44A6751F801A5FDDD789360A2ED
–Ú∫≈£∫ 73 ”√¿˝±‡∫≈£∫ 818
https://boss-api.myutopa.com/eshop/service/app/user/page/config/getPageConfigPic?uid=9e45d56c291b48f6ab5d702e7957ecf5&deviceId=4eddcac1d2c24430afd4f2ae4245d1b7&source=app&deviceType=iPhone_6&appInfo=UTOPA_60900&ver=1.0&osInfo=iOS_12.3.1&appKey=972ec21453264dd6b0f9ca9c732ab6b0&accessToken=rbuzSUphKUXOrircCGJymvUBBRaszxAqsPgAPDGxeutwqHqoUuoXdnECNqXPRyjc&sessionKey=cbad8c4d7dd64426a4e42c7c0f33b64b&timestamp=1638324182&sign=2523B44A6751F801A5FDDD789360A2ED
–Ú∫≈£∫ 74 ”√¿˝±‡∫≈£∫ 819
https://boss-api.myutopa.com/eshop/service/app/user/page/config/getPageConfigPic?uid=9e45d56c291b48f6ab5d702e7957ecf5&deviceId=4eddcac1d2c24430afd4f2ae4245d1b7&source=app&deviceType=iPhone_6&appInfo=UTOPA_60900&ver=1.0&osInfo=iOS_12.3.1&appKey=972ec21453264dd6b0f9ca9c732ab6b0&accessToken=rbuzSUphKUXOrircCGJymvUBBRaszxAqsPgAPDGxeutwqHqoUuoXdnECNqXPRyjc&sessionKey=cbad8c4d7dd64426a4e42c7c0f33b64b&timestamp=1638324182&sign=2523B44A6751F801A5FDDD789360A2ED
–Ú∫≈£∫ 75 ”√¿˝±‡∫≈£∫ 820
https://boss-api.myutopa.com/eshop/service/app/user/page/config/getPageConfigPic?uid=9e45d56c291b48f6ab5d702e7957ecf5&deviceId=4eddcac1d2c24430afd4f2ae4245d1b7&source=app&deviceType=iPhone_6&appInfo=UTOPA_60900&ver=1.0&osInfo=iOS_12.3.1&appKey=972ec21453264dd6b0f9ca9c732ab6b0&accessToken=rbuzSUphKUXOrircCGJymvUBBRaszxAqsPgAPDGxeutwqHqoUuoXdnECNqXPRyjc&sessionKey=cbad8c4d7dd64426a4e42c7c0f33b64b&timestamp=1638324182&sign=2523B44A6751F801A5FDDD789360A2ED
–Ú∫≈£∫ 76 ”√¿˝±‡∫≈£∫ 821
https://boss-api.myutopa.com/eshop/service/app/user/page/config/getPageConfigProduct?appKey=972ec21453264dd6b0f9ca9c732ab6b0&source=app&osInfo=iOS_12.3.1&ver=1.0&deviceType=iPhone_6&appInfo=UTOPA_60900&deviceId=4eddcac1d2c24430afd4f2ae4245d1b7&sessionKey=cbad8c4d7dd64426a4e42c7c0f33b64b&timestamp=1638324182&sign=DC9A30A9062EE4A68658FE36AA942F04
–Ú∫≈£∫ 77 ”√¿˝±‡∫≈£∫ 822
https://boss-api.myutopa.com/eshop/service/app/user/page/config/getPageConfigProduct?appKey=972ec21453264dd6b0f9ca9c732ab6b0&source=app&osInfo=iOS_12.3.1&ver=1.0&deviceType=iPhone_6&appInfo=UTOPA_60900&deviceId=4eddcac1d2c24430afd4f2ae4245d1b7&sessionKey=cbad8c4d7dd64426a4e42c7c0f33b64b&timestamp=1638324182&sign=DC9A30A9062EE4A68658FE36AA942F04
–Ú∫≈£∫ 78 ”√¿˝±‡∫≈£∫ 823
https://boss-api.myutopa.com/eshop/service/app/user/page/config/findByCode?uid=9e45d56c291b48f6ab5d702e7957ecf5&longitude=113.3334590614482&latitude=23.1266236719211&source=app&bdCityCode=257&code=991562b4-7272-4705-abba-de26001f8f15&appInfo=UTOPA_60900&ver=1.0&deviceType=iPhone_6&deviceId=4eddcac1d2c24430afd4f2ae4245d1b7&osInfo=iOS_12.3.1&appKey=972ec21453264dd6b0f9ca9c732ab6b0&accessToken=rbuzSUphKUXOrircCGJymvUBBRaszxAqsPgAPDGxeutwqHqoUuoXdnECNqXPRyjc&sessionKey=cbad8c4d7dd64426a4e42c7c0f33b64b&timestamp=1638324182&sign=4A3815F1FD114D3149B60B75E3EEC678
–Ú∫≈£∫ 79 ”√¿˝±‡∫≈£∫ 824
https://boss-api.myutopa.com/eshop/service/app/user/page/config/getPageConfigPic?uid=9e45d56c291b48f6ab5d702e7957ecf5&deviceId=4eddcac1d2c24430afd4f2ae4245d1b7&source=app&deviceType=iPhone_6&appInfo=UTOPA_60900&ver=1.0&osInfo=iOS_12.3.1&appKey=972ec21453264dd6b0f9ca9c732ab6b0&accessToken=rbuzSUphKUXOrircCGJymvUBBRaszxAqsPgAPDGxeutwqHqoUuoXdnECNqXPRyjc&sessionKey=cbad8c4d7dd64426a4e42c7c0f33b64b&timestamp=1638324182&sign=2523B44A6751F801A5FDDD789360A2ED
–Ú∫≈£∫ 80 ”√¿˝±‡∫≈£∫ 825
https://boss-api.myutopa.com/eshop/service/app/user/page/config/getPageConfigPic?uid=9e45d56c291b48f6ab5d702e7957ecf5&deviceId=4eddcac1d2c24430afd4f2ae4245d1b7&source=app&deviceType=iPhone_6&appInfo=UTOPA_60900&ver=1.0&osInfo=iOS_12.3.1&appKey=972ec21453264dd6b0f9ca9c732ab6b0&accessToken=rbuzSUphKUXOrircCGJymvUBBRaszxAqsPgAPDGxeutwqHqoUuoXdnECNqXPRyjc&sessionKey=cbad8c4d7dd64426a4e42c7c0f33b64b&timestamp=1638324182&sign=2523B44A6751F801A5FDDD789360A2ED
–Ú∫≈£∫ 81 ”√¿˝±‡∫≈£∫ 826
https://boss-api.myutopa.com/eshop/service/app/user/page/config/getPageConfigProduct?appKey=972ec21453264dd6b0f9ca9c732ab6b0&source=app&osInfo=iOS_12.3.1&ver=1.0&deviceType=iPhone_6&appInfo=UTOPA_60900&deviceId=4eddcac1d2c24430afd4f2ae4245d1b7&sessionKey=cbad8c4d7dd64426a4e42c7c0f33b64b&timestamp=1638324182&sign=DC9A30A9062EE4A68658FE36AA942F04
–Ú∫≈£∫ 82 ”√¿˝±‡∫≈£∫ 827
https://boss-api.myutopa.com/eshop/service/app/user/page/config/getPageConfigPic?uid=9e45d56c291b48f6ab5d702e7957ecf5&deviceId=4eddcac1d2c24430afd4f2ae4245d1b7&source=app&deviceType=iPhone_6&appInfo=UTOPA_60900&ver=1.0&osInfo=iOS_12.3.1&appKey=972ec21453264dd6b0f9ca9c732ab6b0&accessToken=rbuzSUphKUXOrircCGJymvUBBRaszxAqsPgAPDGxeutwqHqoUuoXdnECNqXPRyjc&sessionKey=cbad8c4d7dd64426a4e42c7c0f33b64b&timestamp=1638324182&sign=2523B44A6751F801A5FDDD789360A2ED
–Ú∫≈£∫ 83 ”√¿˝±‡∫≈£∫ 828
https://boss-api.myutopa.com/eshop/service/app/user/page/config/getPageConfigProduct?appKey=972ec21453264dd6b0f9ca9c732ab6b0&source=app&osInfo=iOS_12.3.1&ver=1.0&deviceType=iPhone_6&appInfo=UTOPA_60900&deviceId=4eddcac1d2c24430afd4f2ae4245d1b7&sessionKey=cbad8c4d7dd64426a4e42c7c0f33b64b&timestamp=1638324182&sign=DC9A30A9062EE4A68658FE36AA942F04
–Ú∫≈£∫ 84 ”√¿˝±‡∫≈£∫ 829
https://boss-api.myutopa.com/eshop/service/app/user/page/config/findByCode?longitude=113.3335137304474&latitude=23.12658210157511&source=app&appInfo=UTOPA_60900&code=d8c10170-797e-4bdf-ac83-f6f0a43c9d0c&deviceType=iPhone_6&ver=1.0&deviceId=4eddcac1d2c24430afd4f2ae4245d1b7&osInfo=iOS_12.3.1&appKey=972ec21453264dd6b0f9ca9c732ab6b0&accessToken=rbuzSUphKUXOrircCGJymvUBBRaszxAqsPgAPDGxeutwqHqoUuoXdnECNqXPRyjc&sessionKey=cbad8c4d7dd64426a4e42c7c0f33b64b&timestamp=1638324182&sign=16371B070A57E0827E2FDC43C0F6C5A7
–Ú∫≈£∫ 85 ”√¿˝±‡∫≈£∫ 830
https://boss-api.myutopa.com/eshop/service/app/user/page/config/getPageConfigPic?uid=9e45d56c291b48f6ab5d702e7957ecf5&deviceId=4eddcac1d2c24430afd4f2ae4245d1b7&source=app&deviceType=iPhone_6&appInfo=UTOPA_60900&ver=1.0&osInfo=iOS_12.3.1&appKey=972ec21453264dd6b0f9ca9c732ab6b0&accessToken=rbuzSUphKUXOrircCGJymvUBBRaszxAqsPgAPDGxeutwqHqoUuoXdnECNqXPRyjc&sessionKey=cbad8c4d7dd64426a4e42c7c0f33b64b&timestamp=1638324182&sign=2523B44A6751F801A5FDDD789360A2ED
–Ú∫≈£∫ 86 ”√¿˝±‡∫≈£∫ 831
https://boss-api.myutopa.com/eshop/service/app/user/page/config/getPageConfigPic?uid=9e45d56c291b48f6ab5d702e7957ecf5&deviceId=4eddcac1d2c24430afd4f2ae4245d1b7&source=app&deviceType=iPhone_6&appInfo=UTOPA_60900&ver=1.0&osInfo=iOS_12.3.1&appKey=972ec21453264dd6b0f9ca9c732ab6b0&accessToken=rbuzSUphKUXOrircCGJymvUBBRaszxAqsPgAPDGxeutwqHqoUuoXdnECNqXPRyjc&sessionKey=cbad8c4d7dd64426a4e42c7c0f33b64b&timestamp=1638324182&sign=2523B44A6751F801A5FDDD789360A2ED
–Ú∫≈£∫ 87 ”√¿˝±‡∫≈£∫ 832
https://boss-api.myutopa.com/eshop/service/app/user/page/config/getPageConfigPic?uid=9e45d56c291b48f6ab5d702e7957ecf5&deviceId=4eddcac1d2c24430afd4f2ae4245d1b7&source=app&deviceType=iPhone_6&appInfo=UTOPA_60900&ver=1.0&osInfo=iOS_12.3.1&appKey=972ec21453264dd6b0f9ca9c732ab6b0&accessToken=rbuzSUphKUXOrircCGJymvUBBRaszxAqsPgAPDGxeutwqHqoUuoXdnECNqXPRyjc&sessionKey=cbad8c4d7dd64426a4e42c7c0f33b64b&timestamp=1638324182&sign=2523B44A6751F801A5FDDD789360A2ED
–Ú∫≈£∫ 88 ”√¿˝±‡∫≈£∫ 833
https://boss-api.myutopa.com/eshop/service/app/user/page/config/getPageConfigPic?uid=9e45d56c291b48f6ab5d702e7957ecf5&deviceId=4eddcac1d2c24430afd4f2ae4245d1b7&source=app&deviceType=iPhone_6&appInfo=UTOPA_60900&ver=1.0&osInfo=iOS_12.3.1&appKey=972ec21453264dd6b0f9ca9c732ab6b0&accessToken=rbuzSUphKUXOrircCGJymvUBBRaszxAqsPgAPDGxeutwqHqoUuoXdnECNqXPRyjc&sessionKey=cbad8c4d7dd64426a4e42c7c0f33b64b&timestamp=1638324182&sign=2523B44A6751F801A5FDDD789360A2ED
–Ú∫≈£∫ 89 ”√¿˝±‡∫≈£∫ 834
https://boss-api.myutopa.com/eshop/service/app/user/page/config/getPageConfigPic?uid=9e45d56c291b48f6ab5d702e7957ecf5&deviceId=4eddcac1d2c24430afd4f2ae4245d1b7&source=app&deviceType=iPhone_6&appInfo=UTOPA_60900&ver=1.0&osInfo=iOS_12.3.1&appKey=972ec21453264dd6b0f9ca9c732ab6b0&accessToken=rbuzSUphKUXOrircCGJymvUBBRaszxAqsPgAPDGxeutwqHqoUuoXdnECNqXPRyjc&sessionKey=cbad8c4d7dd64426a4e42c7c0f33b64b&timestamp=1638324182&sign=2523B44A6751F801A5FDDD789360A2ED
–Ú∫≈£∫ 90 ”√¿˝±‡∫≈£∫ 835
https://boss-api.myutopa.com/eshop/service/app/user/page/config/getPageConfigProduct?appKey=972ec21453264dd6b0f9ca9c732ab6b0&source=app&osInfo=iOS_12.3.1&ver=1.0&deviceType=iPhone_6&appInfo=UTOPA_60900&deviceId=4eddcac1d2c24430afd4f2ae4245d1b7&sessionKey=cbad8c4d7dd64426a4e42c7c0f33b64b&timestamp=1638324182&sign=DC9A30A9062EE4A68658FE36AA942F04
–Ú∫≈£∫ 91 ”√¿˝±‡∫≈£∫ 836
https://boss-api.myutopa.com/eshop/service/app/user/page/config/getPageConfigPic?uid=9e45d56c291b48f6ab5d702e7957ecf5&deviceId=4eddcac1d2c24430afd4f2ae4245d1b7&source=app&deviceType=iPhone_6&appInfo=UTOPA_60900&ver=1.0&osInfo=iOS_12.3.1&appKey=972ec21453264dd6b0f9ca9c732ab6b0&accessToken=rbuzSUphKUXOrircCGJymvUBBRaszxAqsPgAPDGxeutwqHqoUuoXdnECNqXPRyjc&sessionKey=cbad8c4d7dd64426a4e42c7c0f33b64b&timestamp=1638324182&sign=2523B44A6751F801A5FDDD789360A2ED
–Ú∫≈£∫ 92 ”√¿˝±‡∫≈£∫ 837
https://boss-api.myutopa.com/eshop/service/app/user/page/config/getPageConfigPic?uid=9e45d56c291b48f6ab5d702e7957ecf5&deviceId=4eddcac1d2c24430afd4f2ae4245d1b7&source=app&deviceType=iPhone_6&appInfo=UTOPA_60900&ver=1.0&osInfo=iOS_12.3.1&appKey=972ec21453264dd6b0f9ca9c732ab6b0&accessToken=rbuzSUphKUXOrircCGJymvUBBRaszxAqsPgAPDGxeutwqHqoUuoXdnECNqXPRyjc&sessionKey=cbad8c4d7dd64426a4e42c7c0f33b64b&timestamp=1638324182&sign=2523B44A6751F801A5FDDD789360A2ED
–Ú∫≈£∫ 93 ”√¿˝±‡∫≈£∫ 838
https://boss-api.myutopa.com/eshop/service/app/user/page/config/getPageConfigProduct?appKey=972ec21453264dd6b0f9ca9c732ab6b0&source=app&osInfo=iOS_12.3.1&ver=1.0&deviceType=iPhone_6&appInfo=UTOPA_60900&deviceId=4eddcac1d2c24430afd4f2ae4245d1b7&sessionKey=cbad8c4d7dd64426a4e42c7c0f33b64b&timestamp=1638324182&sign=DC9A30A9062EE4A68658FE36AA942F04
–Ú∫≈£∫ 94 ”√¿˝±‡∫≈£∫ 839
https://boss-api.myutopa.com/eshop/service/app/user/page/config/getPageConfigPic?uid=9e45d56c291b48f6ab5d702e7957ecf5&deviceId=4eddcac1d2c24430afd4f2ae4245d1b7&source=app&deviceType=iPhone_6&appInfo=UTOPA_60900&ver=1.0&osInfo=iOS_12.3.1&appKey=972ec21453264dd6b0f9ca9c732ab6b0&accessToken=rbuzSUphKUXOrircCGJymvUBBRaszxAqsPgAPDGxeutwqHqoUuoXdnECNqXPRyjc&sessionKey=cbad8c4d7dd64426a4e42c7c0f33b64b&timestamp=1638324182&sign=2523B44A6751F801A5FDDD789360A2ED
–Ú∫≈£∫ 95 ”√¿˝±‡∫≈£∫ 840
https://boss-api.myutopa.com/eshop/service/app/user/page/config/getPageConfigProduct?appKey=972ec21453264dd6b0f9ca9c732ab6b0&source=app&osInfo=iOS_12.3.1&ver=1.0&deviceType=iPhone_6&appInfo=UTOPA_60900&deviceId=4eddcac1d2c24430afd4f2ae4245d1b7&sessionKey=cbad8c4d7dd64426a4e42c7c0f33b64b&timestamp=1638324182&sign=DC9A30A9062EE4A68658FE36AA942F04
–Ú∫≈£∫ 96 ”√¿˝±‡∫≈£∫ 841
https://boss-api.myutopa.com/eshop/service/app/user/page/config/getPageConfigPic?uid=9e45d56c291b48f6ab5d702e7957ecf5&deviceId=4eddcac1d2c24430afd4f2ae4245d1b7&source=app&deviceType=iPhone_6&appInfo=UTOPA_60900&ver=1.0&osInfo=iOS_12.3.1&appKey=972ec21453264dd6b0f9ca9c732ab6b0&accessToken=rbuzSUphKUXOrircCGJymvUBBRaszxAqsPgAPDGxeutwqHqoUuoXdnECNqXPRyjc&sessionKey=cbad8c4d7dd64426a4e42c7c0f33b64b&timestamp=1638324182&sign=2523B44A6751F801A5FDDD789360A2ED
–Ú∫≈£∫ 97 ”√¿˝±‡∫≈£∫ 842
https://boss-api.myutopa.com/eshop/service/app/user/page/config/getPageConfigProduct?appKey=972ec21453264dd6b0f9ca9c732ab6b0&source=app&osInfo=iOS_12.3.1&ver=1.0&deviceType=iPhone_6&appInfo=UTOPA_60900&deviceId=4eddcac1d2c24430afd4f2ae4245d1b7&sessionKey=cbad8c4d7dd64426a4e42c7c0f33b64b&timestamp=1638324182&sign=DC9A30A9062EE4A68658FE36AA942F04
–Ú∫≈£∫ 98 ”√¿˝±‡∫≈£∫ 843
https://boss-api.myutopa.com/eshop/service/app/user/page/config/getPageConfigPic?uid=9e45d56c291b48f6ab5d702e7957ecf5&deviceId=4eddcac1d2c24430afd4f2ae4245d1b7&source=app&deviceType=iPhone_6&appInfo=UTOPA_60900&ver=1.0&osInfo=iOS_12.3.1&appKey=972ec21453264dd6b0f9ca9c732ab6b0&accessToken=rbuzSUphKUXOrircCGJymvUBBRaszxAqsPgAPDGxeutwqHqoUuoXdnECNqXPRyjc&sessionKey=cbad8c4d7dd64426a4e42c7c0f33b64b&timestamp=1638324182&sign=2523B44A6751F801A5FDDD789360A2ED
–Ú∫≈£∫ 99 ”√¿˝±‡∫≈£∫ 844
https://boss-api.myutopa.com/eshop/service/app/user/page/config/getPageConfigProduct?appKey=972ec21453264dd6b0f9ca9c732ab6b0&source=app&osInfo=iOS_12.3.1&ver=1.0&deviceType=iPhone_6&appInfo=UTOPA_60900&deviceId=4eddcac1d2c24430afd4f2ae4245d1b7&sessionKey=cbad8c4d7dd64426a4e42c7c0f33b64b&timestamp=1638324182&sign=DC9A30A9062EE4A68658FE36AA942F04
–Ú∫≈£∫ 100 ”√¿˝±‡∫≈£∫ 845
https://boss-api.myutopa.com/eshop/service/app/user/page/config/getPageConfigPic?uid=9e45d56c291b48f6ab5d702e7957ecf5&deviceId=4eddcac1d2c24430afd4f2ae4245d1b7&source=app&deviceType=iPhone_6&appInfo=UTOPA_60900&ver=1.0&osInfo=iOS_12.3.1&appKey=972ec21453264dd6b0f9ca9c732ab6b0&accessToken=rbuzSUphKUXOrircCGJymvUBBRaszxAqsPgAPDGxeutwqHqoUuoXdnECNqXPRyjc&sessionKey=cbad8c4d7dd64426a4e42c7c0f33b64b&timestamp=1638324182&sign=2523B44A6751F801A5FDDD789360A2ED
–Ú∫≈£∫ 101 ”√¿˝±‡∫≈£∫ 846
https://boss-api.myutopa.com/eshop/service/app/user/page/config/getPageConfigProduct?appKey=972ec21453264dd6b0f9ca9c732ab6b0&source=app&osInfo=iOS_12.3.1&ver=1.0&deviceType=iPhone_6&appInfo=UTOPA_60900&deviceId=4eddcac1d2c24430afd4f2ae4245d1b7&sessionKey=cbad8c4d7dd64426a4e42c7c0f33b64b&timestamp=1638324182&sign=DC9A30A9062EE4A68658FE36AA942F04
–Ú∫≈£∫ 102 ”√¿˝±‡∫≈£∫ 847
https://boss-api.myutopa.com/eshop/service/app/user/page/config/getPageConfigProduct?appKey=972ec21453264dd6b0f9ca9c732ab6b0&source=app&osInfo=iOS_12.3.1&ver=1.0&deviceType=iPhone_6&appInfo=UTOPA_60900&deviceId=4eddcac1d2c24430afd4f2ae4245d1b7&sessionKey=cbad8c4d7dd64426a4e42c7c0f33b64b&timestamp=1638324182&sign=DC9A30A9062EE4A68658FE36AA942F04
–Ú∫≈£∫ 103 ”√¿˝±‡∫≈£∫ 848
https://boss-api.myutopa.com/eshop/service/app/user/page/config/findByCode?longitude=113.3335044742544&latitude=23.12660770177364&source=app&bdCityCode=257&code=aa27a06e-d9a7-4b64-be80-5673ca6a3359&appInfo=UTOPA_60900&ver=1.0&deviceType=iPhone_6&deviceId=4eddcac1d2c24430afd4f2ae4245d1b7&osInfo=iOS_12.3.1&appKey=972ec21453264dd6b0f9ca9c732ab6b0&accessToken=rbuzSUphKUXOrircCGJymvUBBRaszxAqsPgAPDGxeutwqHqoUuoXdnECNqXPRyjc&sessionKey=cbad8c4d7dd64426a4e42c7c0f33b64b&timestamp=1638324182&sign=2492F35B863E1C51C1CF08148F26699B
–Ú∫≈£∫ 104 ”√¿˝±‡∫≈£∫ 849
https://boss-api.myutopa.com/eshop/service/app/user/page/config/getPageConfigPic?uid=9e45d56c291b48f6ab5d702e7957ecf5&deviceId=4eddcac1d2c24430afd4f2ae4245d1b7&source=app&deviceType=iPhone_6&appInfo=UTOPA_60900&ver=1.0&osInfo=iOS_12.3.1&appKey=972ec21453264dd6b0f9ca9c732ab6b0&accessToken=rbuzSUphKUXOrircCGJymvUBBRaszxAqsPgAPDGxeutwqHqoUuoXdnECNqXPRyjc&sessionKey=cbad8c4d7dd64426a4e42c7c0f33b64b&timestamp=1638324182&sign=2523B44A6751F801A5FDDD789360A2ED
–Ú∫≈£∫ 105 ”√¿˝±‡∫≈£∫ 850
https://boss-api.myutopa.com/eshop/service/app/user/page/config/getPageConfigPic?uid=9e45d56c291b48f6ab5d702e7957ecf5&deviceId=4eddcac1d2c24430afd4f2ae4245d1b7&source=app&deviceType=iPhone_6&appInfo=UTOPA_60900&ver=1.0&osInfo=iOS_12.3.1&appKey=972ec21453264dd6b0f9ca9c732ab6b0&accessToken=rbuzSUphKUXOrircCGJymvUBBRaszxAqsPgAPDGxeutwqHqoUuoXdnECNqXPRyjc&sessionKey=cbad8c4d7dd64426a4e42c7c0f33b64b&timestamp=1638324182&sign=2523B44A6751F801A5FDDD789360A2ED
–Ú∫≈£∫ 106 ”√¿˝±‡∫≈£∫ 851
https://boss-api.myutopa.com/eshop/service/app/user/page/config/getPageConfigPic?uid=9e45d56c291b48f6ab5d702e7957ecf5&deviceId=4eddcac1d2c24430afd4f2ae4245d1b7&source=app&deviceType=iPhone_6&appInfo=UTOPA_60900&ver=1.0&osInfo=iOS_12.3.1&appKey=972ec21453264dd6b0f9ca9c732ab6b0&accessToken=rbuzSUphKUXOrircCGJymvUBBRaszxAqsPgAPDGxeutwqHqoUuoXdnECNqXPRyjc&sessionKey=cbad8c4d7dd64426a4e42c7c0f33b64b&timestamp=1638324182&sign=2523B44A6751F801A5FDDD789360A2ED
–Ú∫≈£∫ 107 ”√¿˝±‡∫≈£∫ 852
https://boss-api.myutopa.com/eshop/service/app/user/page/config/getPageConfigPic?uid=9e45d56c291b48f6ab5d702e7957ecf5&deviceId=4eddcac1d2c24430afd4f2ae4245d1b7&source=app&deviceType=iPhone_6&appInfo=UTOPA_60900&ver=1.0&osInfo=iOS_12.3.1&appKey=972ec21453264dd6b0f9ca9c732ab6b0&accessToken=rbuzSUphKUXOrircCGJymvUBBRaszxAqsPgAPDGxeutwqHqoUuoXdnECNqXPRyjc&sessionKey=cbad8c4d7dd64426a4e42c7c0f33b64b&timestamp=1638324182&sign=2523B44A6751F801A5FDDD789360A2ED
–Ú∫≈£∫ 108 ”√¿˝±‡∫≈£∫ 853
https://boss-api.myutopa.com/eshop/service/app/user/page/config/getPageConfigPic?uid=9e45d56c291b48f6ab5d702e7957ecf5&deviceId=4eddcac1d2c24430afd4f2ae4245d1b7&source=app&deviceType=iPhone_6&appInfo=UTOPA_60900&ver=1.0&osInfo=iOS_12.3.1&appKey=972ec21453264dd6b0f9ca9c732ab6b0&accessToken=rbuzSUphKUXOrircCGJymvUBBRaszxAqsPgAPDGxeutwqHqoUuoXdnECNqXPRyjc&sessionKey=cbad8c4d7dd64426a4e42c7c0f33b64b&timestamp=1638324182&sign=2523B44A6751F801A5FDDD789360A2ED
–Ú∫≈£∫ 109 ”√¿˝±‡∫≈£∫ 854
https://boss-api.myutopa.com/eshop/service/app/user/page/config/getPageConfigPic?uid=9e45d56c291b48f6ab5d702e7957ecf5&deviceId=4eddcac1d2c24430afd4f2ae4245d1b7&source=app&deviceType=iPhone_6&appInfo=UTOPA_60900&ver=1.0&osInfo=iOS_12.3.1&appKey=972ec21453264dd6b0f9ca9c732ab6b0&accessToken=rbuzSUphKUXOrircCGJymvUBBRaszxAqsPgAPDGxeutwqHqoUuoXdnECNqXPRyjc&sessionKey=cbad8c4d7dd64426a4e42c7c0f33b64b&timestamp=1638324182&sign=2523B44A6751F801A5FDDD789360A2ED
–Ú∫≈£∫ 110 ”√¿˝±‡∫≈£∫ 855
https://boss-api.myutopa.com/eshop/service/app/user/page/config/getPageConfigPic?uid=9e45d56c291b48f6ab5d702e7957ecf5&deviceId=4eddcac1d2c24430afd4f2ae4245d1b7&source=app&deviceType=iPhone_6&appInfo=UTOPA_60900&ver=1.0&osInfo=iOS_12.3.1&appKey=972ec21453264dd6b0f9ca9c732ab6b0&accessToken=rbuzSUphKUXOrircCGJymvUBBRaszxAqsPgAPDGxeutwqHqoUuoXdnECNqXPRyjc&sessionKey=cbad8c4d7dd64426a4e42c7c0f33b64b&timestamp=1638324182&sign=2523B44A6751F801A5FDDD789360A2ED
–Ú∫≈£∫ 111 ”√¿˝±‡∫≈£∫ 856
https://boss-api.myutopa.com/eshop/service/app/user/page/config/getPageConfigPic?uid=9e45d56c291b48f6ab5d702e7957ecf5&deviceId=4eddcac1d2c24430afd4f2ae4245d1b7&source=app&deviceType=iPhone_6&appInfo=UTOPA_60900&ver=1.0&osInfo=iOS_12.3.1&appKey=972ec21453264dd6b0f9ca9c732ab6b0&accessToken=rbuzSUphKUXOrircCGJymvUBBRaszxAqsPgAPDGxeutwqHqoUuoXdnECNqXPRyjc&sessionKey=cbad8c4d7dd64426a4e42c7c0f33b64b&timestamp=1638324182&sign=2523B44A6751F801A5FDDD789360A2ED
–Ú∫≈£∫ 112 ”√¿˝±‡∫≈£∫ 857
https://boss-api.myutopa.com/eshop/service/app/user/page/config/getPageConfigPic?uid=9e45d56c291b48f6ab5d702e7957ecf5&deviceId=4eddcac1d2c24430afd4f2ae4245d1b7&source=app&deviceType=iPhone_6&appInfo=UTOPA_60900&ver=1.0&osInfo=iOS_12.3.1&appKey=972ec21453264dd6b0f9ca9c732ab6b0&accessToken=rbuzSUphKUXOrircCGJymvUBBRaszxAqsPgAPDGxeutwqHqoUuoXdnECNqXPRyjc&sessionKey=cbad8c4d7dd64426a4e42c7c0f33b64b&timestamp=1638324182&sign=2523B44A6751F801A5FDDD789360A2ED
–Ú∫≈£∫ 113 ”√¿˝±‡∫≈£∫ 858
https://boss-api.myutopa.com/eshop/service/app/user/page/config/getPageConfigPic?uid=9e45d56c291b48f6ab5d702e7957ecf5&deviceId=4eddcac1d2c24430afd4f2ae4245d1b7&source=app&deviceType=iPhone_6&appInfo=UTOPA_60900&ver=1.0&osInfo=iOS_12.3.1&appKey=972ec21453264dd6b0f9ca9c732ab6b0&accessToken=rbuzSUphKUXOrircCGJymvUBBRaszxAqsPgAPDGxeutwqHqoUuoXdnECNqXPRyjc&sessionKey=cbad8c4d7dd64426a4e42c7c0f33b64b&timestamp=1638324182&sign=2523B44A6751F801A5FDDD789360A2ED
–Ú∫≈£∫ 114 ”√¿˝±‡∫≈£∫ 859
https://boss-api.myutopa.com/eshop/service/app/user/page/config/getPageConfigPic?uid=9e45d56c291b48f6ab5d702e7957ecf5&deviceId=4eddcac1d2c24430afd4f2ae4245d1b7&source=app&deviceType=iPhone_6&appInfo=UTOPA_60900&ver=1.0&osInfo=iOS_12.3.1&appKey=972ec21453264dd6b0f9ca9c732ab6b0&accessToken=rbuzSUphKUXOrircCGJymvUBBRaszxAqsPgAPDGxeutwqHqoUuoXdnECNqXPRyjc&sessionKey=cbad8c4d7dd64426a4e42c7c0f33b64b&timestamp=1638324182&sign=2523B44A6751F801A5FDDD789360A2ED
–Ú∫≈£∫ 115 ”√¿˝±‡∫≈£∫ 860
https://boss-api.myutopa.com/eshop/service/app/user/page/config/getPageConfigPic?uid=9e45d56c291b48f6ab5d702e7957ecf5&deviceId=4eddcac1d2c24430afd4f2ae4245d1b7&source=app&deviceType=iPhone_6&appInfo=UTOPA_60900&ver=1.0&osInfo=iOS_12.3.1&appKey=972ec21453264dd6b0f9ca9c732ab6b0&accessToken=rbuzSUphKUXOrircCGJymvUBBRaszxAqsPgAPDGxeutwqHqoUuoXdnECNqXPRyjc&sessionKey=cbad8c4d7dd64426a4e42c7c0f33b64b&timestamp=1638324182&sign=2523B44A6751F801A5FDDD789360A2ED
–Ú∫≈£∫ 116 ”√¿˝±‡∫≈£∫ 861
https://boss-api.myutopa.com/eshop/service/app/user/page/config/getPageConfigPic?uid=9e45d56c291b48f6ab5d702e7957ecf5&deviceId=4eddcac1d2c24430afd4f2ae4245d1b7&source=app&deviceType=iPhone_6&appInfo=UTOPA_60900&ver=1.0&osInfo=iOS_12.3.1&appKey=972ec21453264dd6b0f9ca9c732ab6b0&accessToken=rbuzSUphKUXOrircCGJymvUBBRaszxAqsPgAPDGxeutwqHqoUuoXdnECNqXPRyjc&sessionKey=cbad8c4d7dd64426a4e42c7c0f33b64b&timestamp=1638324182&sign=2523B44A6751F801A5FDDD789360A2ED
–Ú∫≈£∫ 117 ”√¿˝±‡∫≈£∫ 862
https://boss-api.myutopa.com/eshop/service/app/user/page/config/getPageConfigPic?uid=9e45d56c291b48f6ab5d702e7957ecf5&deviceId=4eddcac1d2c24430afd4f2ae4245d1b7&source=app&deviceType=iPhone_6&appInfo=UTOPA_60900&ver=1.0&osInfo=iOS_12.3.1&appKey=972ec21453264dd6b0f9ca9c732ab6b0&accessToken=rbuzSUphKUXOrircCGJymvUBBRaszxAqsPgAPDGxeutwqHqoUuoXdnECNqXPRyjc&sessionKey=cbad8c4d7dd64426a4e42c7c0f33b64b&timestamp=1638324182&sign=2523B44A6751F801A5FDDD789360A2ED
–Ú∫≈£∫ 118 ”√¿˝±‡∫≈£∫ 863
https://boss-api.myutopa.com/eshop/service/app/user/page/config/getPageConfigPic?uid=9e45d56c291b48f6ab5d702e7957ecf5&deviceId=4eddcac1d2c24430afd4f2ae4245d1b7&source=app&deviceType=iPhone_6&appInfo=UTOPA_60900&ver=1.0&osInfo=iOS_12.3.1&appKey=972ec21453264dd6b0f9ca9c732ab6b0&accessToken=rbuzSUphKUXOrircCGJymvUBBRaszxAqsPgAPDGxeutwqHqoUuoXdnECNqXPRyjc&sessionKey=cbad8c4d7dd64426a4e42c7c0f33b64b&timestamp=1638324182&sign=2523B44A6751F801A5FDDD789360A2ED
–Ú∫≈£∫ 119 ”√¿˝±‡∫≈£∫ 864
https://boss-api.myutopa.com/eshop/service/app/user/page/config/getPageConfigPic?uid=9e45d56c291b48f6ab5d702e7957ecf5&deviceId=4eddcac1d2c24430afd4f2ae4245d1b7&source=app&deviceType=iPhone_6&appInfo=UTOPA_60900&ver=1.0&osInfo=iOS_12.3.1&appKey=972ec21453264dd6b0f9ca9c732ab6b0&accessToken=rbuzSUphKUXOrircCGJymvUBBRaszxAqsPgAPDGxeutwqHqoUuoXdnECNqXPRyjc&sessionKey=cbad8c4d7dd64426a4e42c7c0f33b64b&timestamp=1638324182&sign=2523B44A6751F801A5FDDD789360A2ED
–Ú∫≈£∫ 120 ”√¿˝±‡∫≈£∫ 865
https://boss-api.myutopa.com/eshop/service/app/user/page/config/getPageConfigPic?uid=9e45d56c291b48f6ab5d702e7957ecf5&deviceId=4eddcac1d2c24430afd4f2ae4245d1b7&source=app&deviceType=iPhone_6&appInfo=UTOPA_60900&ver=1.0&osInfo=iOS_12.3.1&appKey=972ec21453264dd6b0f9ca9c732ab6b0&accessToken=rbuzSUphKUXOrircCGJymvUBBRaszxAqsPgAPDGxeutwqHqoUuoXdnECNqXPRyjc&sessionKey=cbad8c4d7dd64426a4e42c7c0f33b64b&timestamp=1638324182&sign=2523B44A6751F801A5FDDD789360A2ED
–Ú∫≈£∫ 121 ”√¿˝±‡∫≈£∫ 866
https://boss-api.myutopa.com/eshop/service/app/user/page/config/getPageConfigPic?uid=9e45d56c291b48f6ab5d702e7957ecf5&deviceId=4eddcac1d2c24430afd4f2ae4245d1b7&source=app&deviceType=iPhone_6&appInfo=UTOPA_60900&ver=1.0&osInfo=iOS_12.3.1&appKey=972ec21453264dd6b0f9ca9c732ab6b0&accessToken=rbuzSUphKUXOrircCGJymvUBBRaszxAqsPgAPDGxeutwqHqoUuoXdnECNqXPRyjc&sessionKey=cbad8c4d7dd64426a4e42c7c0f33b64b&timestamp=1638324182&sign=2523B44A6751F801A5FDDD789360A2ED
–Ú∫≈£∫ 122 ”√¿˝±‡∫≈£∫ 867
https://boss-api.myutopa.com/eshop/service/app/user/page/config/getPageConfigPic?uid=9e45d56c291b48f6ab5d702e7957ecf5&deviceId=4eddcac1d2c24430afd4f2ae4245d1b7&source=app&deviceType=iPhone_6&appInfo=UTOPA_60900&ver=1.0&osInfo=iOS_12.3.1&appKey=972ec21453264dd6b0f9ca9c732ab6b0&accessToken=rbuzSUphKUXOrircCGJymvUBBRaszxAqsPgAPDGxeutwqHqoUuoXdnECNqXPRyjc&sessionKey=cbad8c4d7dd64426a4e42c7c0f33b64b&timestamp=1638324182&sign=2523B44A6751F801A5FDDD789360A2ED
–Ú∫≈£∫ 123 ”√¿˝±‡∫≈£∫ 868
https://boss-api.myutopa.com/eshop/service/app/user/page/config/getPageConfigPic?uid=9e45d56c291b48f6ab5d702e7957ecf5&deviceId=4eddcac1d2c24430afd4f2ae4245d1b7&source=app&deviceType=iPhone_6&appInfo=UTOPA_60900&ver=1.0&osInfo=iOS_12.3.1&appKey=972ec21453264dd6b0f9ca9c732ab6b0&accessToken=rbuzSUphKUXOrircCGJymvUBBRaszxAqsPgAPDGxeutwqHqoUuoXdnECNqXPRyjc&sessionKey=cbad8c4d7dd64426a4e42c7c0f33b64b&timestamp=1638324182&sign=2523B44A6751F801A5FDDD789360A2ED
–Ú∫≈£∫ 124 ”√¿˝±‡∫≈£∫ 869
https://boss-api.myutopa.com/eshop/service/app/user/page/config/getPageConfigPic?uid=9e45d56c291b48f6ab5d702e7957ecf5&deviceId=4eddcac1d2c24430afd4f2ae4245d1b7&source=app&deviceType=iPhone_6&appInfo=UTOPA_60900&ver=1.0&osInfo=iOS_12.3.1&appKey=972ec21453264dd6b0f9ca9c732ab6b0&accessToken=rbuzSUphKUXOrircCGJymvUBBRaszxAqsPgAPDGxeutwqHqoUuoXdnECNqXPRyjc&sessionKey=cbad8c4d7dd64426a4e42c7c0f33b64b&timestamp=1638324182&sign=2523B44A6751F801A5FDDD789360A2ED
–Ú∫≈£∫ 125 ”√¿˝±‡∫≈£∫ 870
https://boss-api.myutopa.com/eshop/service/app/user/page/config/getPageConfigProduct?appKey=972ec21453264dd6b0f9ca9c732ab6b0&source=app&osInfo=iOS_12.3.1&ver=1.0&deviceType=iPhone_6&appInfo=UTOPA_60900&deviceId=4eddcac1d2c24430afd4f2ae4245d1b7&sessionKey=cbad8c4d7dd64426a4e42c7c0f33b64b&timestamp=1638324182&sign=DC9A30A9062EE4A68658FE36AA942F04
Ω· ¯≈˙¡ø÷¥––:”≈Õ–∞Ó-…˙≤˙ª∑æ≥ ÷¥––’ﬂ: root
µ•∏ˆ”√¿˝÷¥––ø™ º: 746 ÷¥––’ﬂ: root
https://api.myutopa.com/app.do?method=account.session.gen
µ•∏ˆ”√¿˝÷¥––Ω· ¯: 746 ÷¥––’ﬂ: root
µ•∏ˆ”√¿˝÷¥––ø™ º: 747 ÷¥––’ﬂ: root
https://api.myutopa.com/app.do?appInfo=UTOPA_60900&markId=4eddcac1d2c24430afd4f2ae4245d1b7&deviceType=iPhone 6&method=account.login.doLogin&osInfo=iOS_12.3.1&params={"accessToken":"","account":"13537542785","clientType":1,"deviceId":"4eddcac1d2c24430afd4f2ae4245d1b7","keepAccess":1,"lat":23.126087,"lng":113.333565,"loginType":"2","password":"wjq@2021","sysId":1,"uid":""}&ver=1.0&sessionKey=1404e500456d49969211afa6b70e1062&sign=1295554b1c7f23a85e36abba229df0cc
µ•∏ˆ”√¿˝÷¥––Ω· ¯: 747 ÷¥––’ﬂ: root
µ•∏ˆ”√¿˝÷¥––ø™ º: 748 ÷¥––’ﬂ: root
https://boss-api.myutopa.com/eshop/core/account/session/genSession?appKey=972ec21453264dd6b0f9ca9c732ab6b0
µ•∏ˆ”√¿˝÷¥––Ω· ¯: 748 ÷¥––’ﬂ: root
µ•∏ˆ”√¿˝÷¥––ø™ º: 871 ÷¥––’ﬂ: root
https://boss-api.myutopa.com/eshop/service/app/user/storeProduct/globalProductSearch?uid=9e45d56c291b48f6ab5d702e7957ecf5&deviceId=4eddcac1d2c24430afd4f2ae4245d1b7&source=app&deviceType=iPhone_6&appInfo=UTOPA_60900&ver=1.0&osInfo=iOS_12.3.1&appKey=972ec21453264dd6b0f9ca9c732ab6b0&accessToken=RVrIDKCowhtBZufLoyTpyOgvqZWSRfVYLOvKYUJVucFTnDOXJDHaBSYhlSJLRdOh&sessionKey=e65ab26c56a0420b81d3c6c485506257&timestamp=1638329870&sign=0646855DD719356395F0B9CACEAB2424
µ•∏ˆ”√¿˝÷¥––Ω· ¯: 871 ÷¥––’ﬂ: root
ø™ º≈˙¡ø÷¥––:”≈Õ–∞Ó-…˙≤˙ª∑æ≥ ÷¥––’ﬂ: root
÷¥––”√¿˝À≥–Ú: [746, 747, 748, 749, 750, 751, 752, 753, 754, 755, 756, 757, 758, 759, 760, 871, 872, 873, 874, 875, 876, 877, 878]
–Ú∫≈£∫ 1 ”√¿˝±‡∫≈£∫ 746
https://api.myutopa.com/app.do?method=account.session.gen
–Ú∫≈£∫ 2 ”√¿˝±‡∫≈£∫ 747
https://api.myutopa.com/app.do?appInfo=UTOPA_60900&markId=4eddcac1d2c24430afd4f2ae4245d1b7&deviceType=iPhone 6&method=account.login.doLogin&osInfo=iOS_12.3.1&params={"accessToken":"","account":"13537542785","clientType":1,"deviceId":"4eddcac1d2c24430afd4f2ae4245d1b7","keepAccess":1,"lat":23.126087,"lng":113.333565,"loginType":"2","password":"wjq@2021","sysId":1,"uid":""}&ver=1.0&sessionKey=5656f52b2fb74c76a9220e578d8cd565&sign=b9de0ab8a0fc98c3801b4435150d8154
–Ú∫≈£∫ 3 ”√¿˝±‡∫≈£∫ 748
https://boss-api.myutopa.com/eshop/core/account/session/genSession?appKey=972ec21453264dd6b0f9ca9c732ab6b0
–Ú∫≈£∫ 4 ”√¿˝±‡∫≈£∫ 749
https://boss-api.myutopa.com/eshop/service/app/user/appPop/queryAppPopPageConfDetail?appKey=972ec21453264dd6b0f9ca9c732ab6b0&source=app&osInfo=iOS_12.3.1&ver=1.0&deviceType=iPhone_6&appInfo=UTOPA_60900&deviceId=4eddcac1d2c24430afd4f2ae4245d1b7&sessionKey=fa7df701c76f4d369d1bc835fde324d7&timestamp=1638340330&sign=34A7401BAB06A36693FFA02EB3A3C82C
–Ú∫≈£∫ 5 ”√¿˝±‡∫≈£∫ 750
https://boss-api.myutopa.com/eshop/service/app/user/page/config/findByCode?uid=9e45d56c291b48f6ab5d702e7957ecf5&longitude=113.3335169848145&latitude=23.12659969572639&source=app&bdCityCode=257&code=cfd901af-2939-4254-acd5-5dbbafe514ab&appInfo=UTOPA_60900&ver=1.0&deviceType=iPhone_6&deviceId=4eddcac1d2c24430afd4f2ae4245d1b7&osInfo=iOS_12.3.1&appKey=972ec21453264dd6b0f9ca9c732ab6b0&accessToken=hHbbdJONhaVKRGhylThIImlcWttWkmEEcQauIWjCoxRsgqtCTHurQBwhITwnFzgt&sessionKey=fa7df701c76f4d369d1bc835fde324d7&timestamp=1638340330&sign=BEC623FCB805DE5592F37727ACF77DB9
–Ú∫≈£∫ 6 ”√¿˝±‡∫≈£∫ 751
https://boss-api.myutopa.com/eshop/service/app/user/page/config/getPageConfigPic?uid=9e45d56c291b48f6ab5d702e7957ecf5&deviceId=4eddcac1d2c24430afd4f2ae4245d1b7&source=app&deviceType=iPhone_6&appInfo=UTOPA_60900&ver=1.0&osInfo=iOS_12.3.1&appKey=972ec21453264dd6b0f9ca9c732ab6b0&accessToken=hHbbdJONhaVKRGhylThIImlcWttWkmEEcQauIWjCoxRsgqtCTHurQBwhITwnFzgt&sessionKey=fa7df701c76f4d369d1bc835fde324d7&timestamp=1638340330&sign=8BD8AFB935981062B3A2BD59B3724BCD
–Ú∫≈£∫ 7 ”√¿˝±‡∫≈£∫ 752
https://boss-api.myutopa.com/eshop/service/app/user/page/config/getPageConfigPic?uid=9e45d56c291b48f6ab5d702e7957ecf5&deviceId=4eddcac1d2c24430afd4f2ae4245d1b7&source=app&deviceType=iPhone_6&appInfo=UTOPA_60900&ver=1.0&osInfo=iOS_12.3.1&appKey=972ec21453264dd6b0f9ca9c732ab6b0&accessToken=hHbbdJONhaVKRGhylThIImlcWttWkmEEcQauIWjCoxRsgqtCTHurQBwhITwnFzgt&sessionKey=fa7df701c76f4d369d1bc835fde324d7&timestamp=1638340330&sign=8BD8AFB935981062B3A2BD59B3724BCD
–Ú∫≈£∫ 8 ”√¿˝±‡∫≈£∫ 753
https://boss-api.myutopa.com/eshop/service/app/user/page/config/getPageConfigPic?uid=9e45d56c291b48f6ab5d702e7957ecf5&deviceId=4eddcac1d2c24430afd4f2ae4245d1b7&source=app&deviceType=iPhone_6&appInfo=UTOPA_60900&ver=1.0&osInfo=iOS_12.3.1&appKey=972ec21453264dd6b0f9ca9c732ab6b0&accessToken=hHbbdJONhaVKRGhylThIImlcWttWkmEEcQauIWjCoxRsgqtCTHurQBwhITwnFzgt&sessionKey=fa7df701c76f4d369d1bc835fde324d7&timestamp=1638340330&sign=8BD8AFB935981062B3A2BD59B3724BCD
–Ú∫≈£∫ 9 ”√¿˝±‡∫≈£∫ 754
https://boss-api.myutopa.com/eshop/service/app/user/page/config/getPageConfigProduct?appKey=972ec21453264dd6b0f9ca9c732ab6b0&source=app&osInfo=iOS_12.3.1&ver=1.0&deviceType=iPhone_6&appInfo=UTOPA_60900&deviceId=4eddcac1d2c24430afd4f2ae4245d1b7&sessionKey=fa7df701c76f4d369d1bc835fde324d7&timestamp=1638340330&sign=34A7401BAB06A36693FFA02EB3A3C82C
–Ú∫≈£∫ 10 ”√¿˝±‡∫≈£∫ 755
https://boss-api.myutopa.com/eshop/service/app/user/page/config/getPageConfigPic?uid=9e45d56c291b48f6ab5d702e7957ecf5&deviceId=4eddcac1d2c24430afd4f2ae4245d1b7&source=app&deviceType=iPhone_6&appInfo=UTOPA_60900&ver=1.0&osInfo=iOS_12.3.1&appKey=972ec21453264dd6b0f9ca9c732ab6b0&accessToken=hHbbdJONhaVKRGhylThIImlcWttWkmEEcQauIWjCoxRsgqtCTHurQBwhITwnFzgt&sessionKey=fa7df701c76f4d369d1bc835fde324d7&timestamp=1638340330&sign=8BD8AFB935981062B3A2BD59B3724BCD
–Ú∫≈£∫ 11 ”√¿˝±‡∫≈£∫ 756
https://boss-api.myutopa.com/eshop/service/app/user/page/config/getPageConfigPic?uid=9e45d56c291b48f6ab5d702e7957ecf5&deviceId=4eddcac1d2c24430afd4f2ae4245d1b7&source=app&deviceType=iPhone_6&appInfo=UTOPA_60900&ver=1.0&osInfo=iOS_12.3.1&appKey=972ec21453264dd6b0f9ca9c732ab6b0&accessToken=hHbbdJONhaVKRGhylThIImlcWttWkmEEcQauIWjCoxRsgqtCTHurQBwhITwnFzgt&sessionKey=fa7df701c76f4d369d1bc835fde324d7&timestamp=1638340330&sign=8BD8AFB935981062B3A2BD59B3724BCD
–Ú∫≈£∫ 12 ”√¿˝±‡∫≈£∫ 757
https://boss-api.myutopa.com/eshop/service/app/user/page/config/getPageConfigPic?uid=9e45d56c291b48f6ab5d702e7957ecf5&deviceId=4eddcac1d2c24430afd4f2ae4245d1b7&source=app&deviceType=iPhone_6&appInfo=UTOPA_60900&ver=1.0&osInfo=iOS_12.3.1&appKey=972ec21453264dd6b0f9ca9c732ab6b0&accessToken=hHbbdJONhaVKRGhylThIImlcWttWkmEEcQauIWjCoxRsgqtCTHurQBwhITwnFzgt&sessionKey=fa7df701c76f4d369d1bc835fde324d7&timestamp=1638340330&sign=8BD8AFB935981062B3A2BD59B3724BCD
–Ú∫≈£∫ 13 ”√¿˝±‡∫≈£∫ 758
https://boss-api.myutopa.com/eshop/service/app/user/page/config/getPageConfigPic?uid=9e45d56c291b48f6ab5d702e7957ecf5&deviceId=4eddcac1d2c24430afd4f2ae4245d1b7&source=app&deviceType=iPhone_6&appInfo=UTOPA_60900&ver=1.0&osInfo=iOS_12.3.1&appKey=972ec21453264dd6b0f9ca9c732ab6b0&accessToken=hHbbdJONhaVKRGhylThIImlcWttWkmEEcQauIWjCoxRsgqtCTHurQBwhITwnFzgt&sessionKey=fa7df701c76f4d369d1bc835fde324d7&timestamp=1638340330&sign=8BD8AFB935981062B3A2BD59B3724BCD
–Ú∫≈£∫ 14 ”√¿˝±‡∫≈£∫ 759
https://boss-api.myutopa.com/eshop/service/app/user/page/config/getPageConfigPic?uid=9e45d56c291b48f6ab5d702e7957ecf5&deviceId=4eddcac1d2c24430afd4f2ae4245d1b7&source=app&deviceType=iPhone_6&appInfo=UTOPA_60900&ver=1.0&osInfo=iOS_12.3.1&appKey=972ec21453264dd6b0f9ca9c732ab6b0&accessToken=&sessionKey=fa7df701c76f4d369d1bc835fde324d7&timestamp=1638340330&sign=5AC89F0C83DBEF096D500BA5C4A10A81
–Ú∫≈£∫ 15 ”√¿˝±‡∫≈£∫ 760
https://boss-api.myutopa.com/eshop/service/app/user/page/config/getPageConfigProduct?appKey=972ec21453264dd6b0f9ca9c732ab6b0&source=app&osInfo=iOS_12.3.1&ver=1.0&deviceType=iPhone_6&appInfo=UTOPA_60900&deviceId=4eddcac1d2c24430afd4f2ae4245d1b7&sessionKey=fa7df701c76f4d369d1bc835fde324d7&timestamp=1638340330&sign=34A7401BAB06A36693FFA02EB3A3C82C
–Ú∫≈£∫ 16 ”√¿˝±‡∫≈£∫ 871
https://boss-api.myutopa.com/eshop/service/app/user/storeProduct/globalProductSearch?uid=9e45d56c291b48f6ab5d702e7957ecf5&deviceId=4eddcac1d2c24430afd4f2ae4245d1b7&source=app&deviceType=iPhone_6&appInfo=UTOPA_60900&ver=1.0&osInfo=iOS_12.3.1&appKey=972ec21453264dd6b0f9ca9c732ab6b0&accessToken=hHbbdJONhaVKRGhylThIImlcWttWkmEEcQauIWjCoxRsgqtCTHurQBwhITwnFzgt&sessionKey=fa7df701c76f4d369d1bc835fde324d7&timestamp=1638340330&sign=8BD8AFB935981062B3A2BD59B3724BCD
–Ú∫≈£∫ 17 ”√¿˝±‡∫≈£∫ 872
https://boss-api.myutopa.com/eshop/service/app/user/storeProduct/globalProductSearch?uid=9e45d56c291b48f6ab5d702e7957ecf5&deviceId=4eddcac1d2c24430afd4f2ae4245d1b7&source=app&deviceType=iPhone_6&appInfo=UTOPA_60900&ver=1.0&osInfo=iOS_12.3.1&appKey=972ec21453264dd6b0f9ca9c732ab6b0&accessToken=hHbbdJONhaVKRGhylThIImlcWttWkmEEcQauIWjCoxRsgqtCTHurQBwhITwnFzgt&sessionKey=fa7df701c76f4d369d1bc835fde324d7&timestamp=1638340330&sign=8BD8AFB935981062B3A2BD59B3724BCD
–Ú∫≈£∫ 18 ”√¿˝±‡∫≈£∫ 873
https://boss-api.myutopa.com/eshop/service/app/user/storeProduct/globalProductSearch?uid=9e45d56c291b48f6ab5d702e7957ecf5&deviceId=4eddcac1d2c24430afd4f2ae4245d1b7&source=app&deviceType=iPhone_6&appInfo=UTOPA_60900&ver=1.0&osInfo=iOS_12.3.1&appKey=972ec21453264dd6b0f9ca9c732ab6b0&accessToken=hHbbdJONhaVKRGhylThIImlcWttWkmEEcQauIWjCoxRsgqtCTHurQBwhITwnFzgt&sessionKey=fa7df701c76f4d369d1bc835fde324d7&timestamp=1638340330&sign=8BD8AFB935981062B3A2BD59B3724BCD
–Ú∫≈£∫ 19 ”√¿˝±‡∫≈£∫ 874
https://boss-api.myutopa.com/eshop/service/app/user/storeProduct/globalProductSearch?uid=9e45d56c291b48f6ab5d702e7957ecf5&deviceId=4eddcac1d2c24430afd4f2ae4245d1b7&source=app&deviceType=iPhone_6&appInfo=UTOPA_60900&ver=1.0&osInfo=iOS_12.3.1&appKey=972ec21453264dd6b0f9ca9c732ab6b0&accessToken=hHbbdJONhaVKRGhylThIImlcWttWkmEEcQauIWjCoxRsgqtCTHurQBwhITwnFzgt&sessionKey=fa7df701c76f4d369d1bc835fde324d7&timestamp=1638340330&sign=8BD8AFB935981062B3A2BD59B3724BCD
–Ú∫≈£∫ 20 ”√¿˝±‡∫≈£∫ 875
https://boss-api.myutopa.com/eshop/service/app/user/storeProduct/globalProductSearch?uid=9e45d56c291b48f6ab5d702e7957ecf5&deviceId=4eddcac1d2c24430afd4f2ae4245d1b7&source=app&deviceType=iPhone_6&appInfo=UTOPA_60900&ver=1.0&osInfo=iOS_12.3.1&appKey=972ec21453264dd6b0f9ca9c732ab6b0&accessToken=hHbbdJONhaVKRGhylThIImlcWttWkmEEcQauIWjCoxRsgqtCTHurQBwhITwnFzgt&sessionKey=fa7df701c76f4d369d1bc835fde324d7&timestamp=1638340330&sign=8BD8AFB935981062B3A2BD59B3724BCD
–Ú∫≈£∫ 21 ”√¿˝±‡∫≈£∫ 876
https://boss-api.myutopa.com/eshop/service/app/user/storeProduct/globalProductSearch?uid=9e45d56c291b48f6ab5d702e7957ecf5&deviceId=4eddcac1d2c24430afd4f2ae4245d1b7&source=app&deviceType=iPhone_6&appInfo=UTOPA_60900&ver=1.0&osInfo=iOS_12.3.1&appKey=972ec21453264dd6b0f9ca9c732ab6b0&accessToken=hHbbdJONhaVKRGhylThIImlcWttWkmEEcQauIWjCoxRsgqtCTHurQBwhITwnFzgt&sessionKey=fa7df701c76f4d369d1bc835fde324d7&timestamp=1638340330&sign=8BD8AFB935981062B3A2BD59B3724BCD
–Ú∫≈£∫ 22 ”√¿˝±‡∫≈£∫ 877
https://boss-api.myutopa.com/eshop/service/app/user/storeProduct/globalProductSearch?uid=9e45d56c291b48f6ab5d702e7957ecf5&deviceId=4eddcac1d2c24430afd4f2ae4245d1b7&source=app&deviceType=iPhone_6&appInfo=UTOPA_60900&ver=1.0&osInfo=iOS_12.3.1&appKey=972ec21453264dd6b0f9ca9c732ab6b0&accessToken=hHbbdJONhaVKRGhylThIImlcWttWkmEEcQauIWjCoxRsgqtCTHurQBwhITwnFzgt&sessionKey=fa7df701c76f4d369d1bc835fde324d7&timestamp=1638340330&sign=8BD8AFB935981062B3A2BD59B3724BCD
–Ú∫≈£∫ 23 ”√¿˝±‡∫≈£∫ 878
https://boss-api.myutopa.com/eshop/service/app/user/storeProduct/globalSearchStore?uid=9e45d56c291b48f6ab5d702e7957ecf5&deviceId=4eddcac1d2c24430afd4f2ae4245d1b7&source=app&deviceType=iPhone_6&appInfo=UTOPA_60900&ver=1.0&osInfo=iOS_12.3.1&appKey=972ec21453264dd6b0f9ca9c732ab6b0&accessToken=hHbbdJONhaVKRGhylThIImlcWttWkmEEcQauIWjCoxRsgqtCTHurQBwhITwnFzgt&sessionKey=fa7df701c76f4d369d1bc835fde324d7&timestamp=1638340330&sign=8BD8AFB935981062B3A2BD59B3724BCD
Ω· ¯≈˙¡ø÷¥––:”≈Õ–∞Ó-…˙≤˙ª∑æ≥ ÷¥––’ﬂ: root
