开始批量执行:优托邦-测试环境 执行者: root
执行用例顺序: [10, 11, 12, 556, 557]
序号： 1 用例编号： 10
 https://api-test.myutopa.com/app.do?method=account.session.gen
序号： 2 用例编号： 11
 https://api-test.myutopa.com/app.do?appInfo=UTOPA_60607&markId=4eddcac1d2c24430afd4f2ae4245d1b7&deviceType=iPhone 6&method=account.login.doLogin&osInfo=iOS_12.3.1&params={"accessToken":"","account":"19800000003","clientType":1,"deviceId":"4eddcac1d2c24430afd4f2ae4245d1b7","keepAccess":1,"lat":23.126474,"lng":113.333429,"loginType":"2","password":"123456","sysId":1,"uid":""}&ver=1.0&sessionKey=5db08078a2bf4a16aee1c990324ed0aa&sign=18b284a7f623882bbf3478bdbf5565f2
序号： 3 用例编号： 12
 https://boss-api-test.myutopa.com/eshop/core/account/session/genSession?appKey=r53dc6d2b365d41c4jdssf853295da3ff5
序号： 4 用例编号： 556
 https://boss-api-test.myutopa.com/eshop/service/app/user/productOrder/confirmOrder?uid=c302366269bc44f3a6003ae7e2d6c662&deviceId=4eddcac1d2c24430afd4f2ae4245d1b7&source=app&deviceType=iPhone_6&appInfo=UTOPA_60707&ver=1.0&osInfo=iOS_12.3.1&appKey=e42ee29bdbba499aa08930e9bcc2343d&accessToken=lttqIIvDZOZtLnJtzgyBYtkeDXGBZoymEGFCWxQPJUrZhHjMJsqfPyfnGPBsvthc&sessionKey=42d598805f8d4a36a8f6f2267dc46b90&timestamp=1635227505&sign=094F5DFF119594CAA3C0DC83F05B6CD8
序号： 5 用例编号： 557
 https://boss-api-test.myutopa.com/eshop/service/app/user/productOrder/commitOrder?uid=c302366269bc44f3a6003ae7e2d6c662&deviceId=4eddcac1d2c24430afd4f2ae4245d1b7&source=app&deviceType=iPhone_6&appInfo=UTOPA_60707&ver=1.0&osInfo=iOS_12.3.1&appKey=e42ee29bdbba499aa08930e9bcc2343d&accessToken=lttqIIvDZOZtLnJtzgyBYtkeDXGBZoymEGFCWxQPJUrZhHjMJsqfPyfnGPBsvthc&sessionKey=42d598805f8d4a36a8f6f2267dc46b90&timestamp=1635227505&sign=094F5DFF119594CAA3C0DC83F05B6CD8
结束批量执行:优托邦-测试环境 执行者: root
开始批量执行:优托邦-测试环境 执行者: root
执行用例顺序: [10, 11, 12, 556, 557]
序号： 1 用例编号： 10
 https://api-test.myutopa.com/app.do?method=account.session.gen
序号： 2 用例编号： 11
 https://api-test.myutopa.com/app.do?appInfo=UTOPA_60607&markId=4eddcac1d2c24430afd4f2ae4245d1b7&deviceType=iPhone 6&method=account.login.doLogin&osInfo=iOS_12.3.1&params={"accessToken":"","account":"19800000003","clientType":1,"deviceId":"4eddcac1d2c24430afd4f2ae4245d1b7","keepAccess":1,"lat":23.126474,"lng":113.333429,"loginType":"2","password":"123456","sysId":1,"uid":""}&ver=1.0&sessionKey=c43581b2138c42d5adb74b07c57347f7&sign=d6090f96e0b9c1bb0ca393bc877758fb
序号： 3 用例编号： 12
 https://boss-api-test.myutopa.com/eshop/core/account/session/genSession?appKey=r53dc6d2b365d41c4jdssf853295da3ff5
序号： 4 用例编号： 556
 https://boss-api-test.myutopa.com/eshop/service/app/user/productOrder/confirmOrder?uid=c302366269bc44f3a6003ae7e2d6c662&deviceId=4eddcac1d2c24430afd4f2ae4245d1b7&source=app&deviceType=iPhone_6&appInfo=UTOPA_60707&ver=1.0&osInfo=iOS_12.3.1&appKey=e42ee29bdbba499aa08930e9bcc2343d&accessToken=hpllPEmSFqmuKGBZDCqbzNUUGBmKnTwkWjGAsZSkAEtfiiLyrfWIxiRFoXjpQnoh&sessionKey=0e4c4bdefff54b50a1c1042921f53a2c&timestamp=1635227550&sign=EABB315E8C22E49F6CF2F41FC1F5BB19
序号： 5 用例编号： 557
 https://boss-api-test.myutopa.com/eshop/service/app/user/productOrder/commitOrder?uid=c302366269bc44f3a6003ae7e2d6c662&deviceId=4eddcac1d2c24430afd4f2ae4245d1b7&source=app&deviceType=iPhone_6&appInfo=UTOPA_60707&ver=1.0&osInfo=iOS_12.3.1&appKey=e42ee29bdbba499aa08930e9bcc2343d&accessToken=hpllPEmSFqmuKGBZDCqbzNUUGBmKnTwkWjGAsZSkAEtfiiLyrfWIxiRFoXjpQnoh&sessionKey=0e4c4bdefff54b50a1c1042921f53a2c&timestamp=1635227550&sign=EABB315E8C22E49F6CF2F41FC1F5BB19
结束批量执行:优托邦-测试环境 执行者: root
开始批量执行:优托邦-测试环境 执行者: root
执行用例顺序: [10, 11, 12, 556, 557]
序号： 1 用例编号： 10
 https://api-test.myutopa.com/app.do?method=account.session.gen
序号： 2 用例编号： 11
 https://api-test.myutopa.com/app.do?appInfo=UTOPA_60607&markId=4eddcac1d2c24430afd4f2ae4245d1b7&deviceType=iPhone 6&method=account.login.doLogin&osInfo=iOS_12.3.1&params={"accessToken":"","account":"19800000003","clientType":1,"deviceId":"4eddcac1d2c24430afd4f2ae4245d1b7","keepAccess":1,"lat":23.126474,"lng":113.333429,"loginType":"2","password":"123456","sysId":1,"uid":""}&ver=1.0&sessionKey=a3b08c8ecf30441c8d038dd0890dcf52&sign=063543886d04200a26fed7204f12ddad
序号： 3 用例编号： 12
 https://boss-api-test.myutopa.com/eshop/core/account/session/genSession?appKey=r53dc6d2b365d41c4jdssf853295da3ff5
序号： 4 用例编号： 556
 https://boss-api-test.myutopa.com/eshop/service/app/user/productOrder/confirmOrder?uid=c302366269bc44f3a6003ae7e2d6c662&deviceId=4eddcac1d2c24430afd4f2ae4245d1b7&source=app&deviceType=iPhone_6&appInfo=UTOPA_60707&ver=1.0&osInfo=iOS_12.3.1&appKey=e42ee29bdbba499aa08930e9bcc2343d&accessToken=OgJiwUZfKwpRnlpbGtKLnEqoXJQTNPBtNrWxhdUWkBqRGZkPWvxSuOTkPqLaBOry&sessionKey=1e2fa69f7f7f4ad3819d41f8dc6da51f&timestamp=1635227588&sign=4A5922CD4ABA99EE52DE43B80A9147DB
序号： 5 用例编号： 557
 https://boss-api-test.myutopa.com/eshop/service/app/user/productOrder/commitOrder?uid=c302366269bc44f3a6003ae7e2d6c662&deviceId=4eddcac1d2c24430afd4f2ae4245d1b7&source=app&deviceType=iPhone_6&appInfo=UTOPA_60707&ver=1.0&osInfo=iOS_12.3.1&appKey=e42ee29bdbba499aa08930e9bcc2343d&accessToken=OgJiwUZfKwpRnlpbGtKLnEqoXJQTNPBtNrWxhdUWkBqRGZkPWvxSuOTkPqLaBOry&sessionKey=1e2fa69f7f7f4ad3819d41f8dc6da51f&timestamp=1635227588&sign=4A5922CD4ABA99EE52DE43B80A9147DB
结束批量执行:优托邦-测试环境 执行者: root
开始批量执行:优托邦-测试环境 执行者: root
执行用例顺序: [10, 11, 12, 556, 557]
序号： 1 用例编号： 10
 https://api-test.myutopa.com/app.do?method=account.session.gen
序号： 2 用例编号： 11
 https://api-test.myutopa.com/app.do?appInfo=UTOPA_60607&markId=4eddcac1d2c24430afd4f2ae4245d1b7&deviceType=iPhone 6&method=account.login.doLogin&osInfo=iOS_12.3.1&params={"accessToken":"","account":"19800000003","clientType":1,"deviceId":"4eddcac1d2c24430afd4f2ae4245d1b7","keepAccess":1,"lat":23.126474,"lng":113.333429,"loginType":"2","password":"123456","sysId":1,"uid":""}&ver=1.0&sessionKey=d4f5e4e6f42f48bda54ebdf05d076a84&sign=984141a99c4a7e217c4656d03ce40228
序号： 3 用例编号： 12
 https://boss-api-test.myutopa.com/eshop/core/account/session/genSession?appKey=r53dc6d2b365d41c4jdssf853295da3ff5
序号： 4 用例编号： 556
 https://boss-api-test.myutopa.com/eshop/service/app/user/productOrder/confirmOrder?uid=c302366269bc44f3a6003ae7e2d6c662&deviceId=4eddcac1d2c24430afd4f2ae4245d1b7&source=app&deviceType=iPhone_6&appInfo=UTOPA_60707&ver=1.0&osInfo=iOS_12.3.1&appKey=e42ee29bdbba499aa08930e9bcc2343d&accessToken=GwxFvEBjhPZCQaWqqzeRRgBbeyEoeWEwBfnhOaRFCJbblKgVgFvtbnHLrvSMdbvY&sessionKey=8604b2b85f6e43ddad0c3e78bbeb65e5&timestamp=1635227623&sign=B5AF2B98547ECD79C320B3EE7D3F92C5
序号： 5 用例编号： 557
 https://boss-api-test.myutopa.com/eshop/service/app/user/productOrder/commitOrder?uid=c302366269bc44f3a6003ae7e2d6c662&deviceId=4eddcac1d2c24430afd4f2ae4245d1b7&source=app&deviceType=iPhone_6&appInfo=UTOPA_60707&ver=1.0&osInfo=iOS_12.3.1&appKey=e42ee29bdbba499aa08930e9bcc2343d&accessToken=GwxFvEBjhPZCQaWqqzeRRgBbeyEoeWEwBfnhOaRFCJbblKgVgFvtbnHLrvSMdbvY&sessionKey=8604b2b85f6e43ddad0c3e78bbeb65e5&timestamp=1635227623&sign=B5AF2B98547ECD79C320B3EE7D3F92C5
结束批量执行:优托邦-测试环境 执行者: root
单个用例执行开始: 10 执行者: root
 https://api-test.myutopa.com/app.do?method=account.session.gen
单个用例执行结束: 10 执行者: root
单个用例执行开始: 11 执行者: root
 https://api-test.myutopa.com/app.do?appInfo=UTOPA_60607&markId=4eddcac1d2c24430afd4f2ae4245d1b7&deviceType=iPhone 6&method=account.login.doLogin&osInfo=iOS_12.3.1&params={"accessToken":"","account":"19800000003","clientType":1,"deviceId":"4eddcac1d2c24430afd4f2ae4245d1b7","keepAccess":1,"lat":23.126474,"lng":113.333429,"loginType":"2","password":"123456","sysId":1,"uid":""}&ver=1.0&sessionKey=7dfb35479604441b8657ec76685b71d2&sign=51e13390c765b3080be32d9ba02f4c46
单个用例执行结束: 11 执行者: root
单个用例执行开始: 12 执行者: root
 https://boss-api-test.myutopa.com/eshop/core/account/session/genSession?appKey=r53dc6d2b365d41c4jdssf853295da3ff5
单个用例执行结束: 12 执行者: root
单个用例执行开始: 556 执行者: root
 https://boss-api-test.myutopa.com/eshop/service/app/user/productOrder/confirmOrder?uid=c302366269bc44f3a6003ae7e2d6c662&deviceId=4eddcac1d2c24430afd4f2ae4245d1b7&source=app&deviceType=iPhone_6&appInfo=UTOPA_60707&ver=1.0&osInfo=iOS_12.3.1&appKey=e42ee29bdbba499aa08930e9bcc2343d&accessToken=kwGtgPMASnDApmgGWmjGWUSxvByPhSHXxOBCVAaNAKUUwTALcdqGfYdlNcrLTPaY&sessionKey=a46ec0f9f74f4cc9ae4650dc677f3d3d&timestamp=1635227674&sign=90D7B882DB68D2A0B317D362F9868B89
单个用例执行结束: 556 执行者: root
单个用例执行开始: 556 执行者: root
 https://boss-api-test.myutopa.com/eshop/service/app/user/productOrder/confirmOrder?uid=c302366269bc44f3a6003ae7e2d6c662&deviceId=4eddcac1d2c24430afd4f2ae4245d1b7&source=app&deviceType=iPhone_6&appInfo=UTOPA_60707&ver=1.0&osInfo=iOS_12.3.1&appKey=e42ee29bdbba499aa08930e9bcc2343d&accessToken=kwGtgPMASnDApmgGWmjGWUSxvByPhSHXxOBCVAaNAKUUwTALcdqGfYdlNcrLTPaY&sessionKey=a46ec0f9f74f4cc9ae4650dc677f3d3d&timestamp=1635227674&sign=90D7B882DB68D2A0B317D362F9868B89
单个用例执行结束: 556 执行者: root
单个用例执行开始: 556 执行者: root
 https://boss-api-test.myutopa.com/eshop/service/app/user/productOrder/confirmOrder?uid=c302366269bc44f3a6003ae7e2d6c662&deviceId=4eddcac1d2c24430afd4f2ae4245d1b7&source=app&deviceType=iPhone_6&appInfo=UTOPA_60707&ver=1.0&osInfo=iOS_12.3.1&appKey=e42ee29bdbba499aa08930e9bcc2343d&accessToken=kwGtgPMASnDApmgGWmjGWUSxvByPhSHXxOBCVAaNAKUUwTALcdqGfYdlNcrLTPaY&sessionKey=a46ec0f9f74f4cc9ae4650dc677f3d3d&timestamp=1635227674&sign=90D7B882DB68D2A0B317D362F9868B89
单个用例执行结束: 556 执行者: root
单个用例执行开始: 556 执行者: root
 https://boss-api-test.myutopa.com/eshop/service/app/user/productOrder/confirmOrder?uid=c302366269bc44f3a6003ae7e2d6c662&deviceId=4eddcac1d2c24430afd4f2ae4245d1b7&source=app&deviceType=iPhone_6&appInfo=UTOPA_60707&ver=1.0&osInfo=iOS_12.3.1&appKey=e42ee29bdbba499aa08930e9bcc2343d&accessToken=kwGtgPMASnDApmgGWmjGWUSxvByPhSHXxOBCVAaNAKUUwTALcdqGfYdlNcrLTPaY&sessionKey=a46ec0f9f74f4cc9ae4650dc677f3d3d&timestamp=1635227674&sign=90D7B882DB68D2A0B317D362F9868B89
单个用例执行结束: 556 执行者: root
单个用例执行开始: 556 执行者: root
 https://boss-api-test.myutopa.com/eshop/service/app/user/productOrder/confirmOrder?uid=c302366269bc44f3a6003ae7e2d6c662&deviceId=4eddcac1d2c24430afd4f2ae4245d1b7&source=app&deviceType=iPhone_6&appInfo=UTOPA_60707&ver=1.0&osInfo=iOS_12.3.1&appKey=e42ee29bdbba499aa08930e9bcc2343d&accessToken=kwGtgPMASnDApmgGWmjGWUSxvByPhSHXxOBCVAaNAKUUwTALcdqGfYdlNcrLTPaY&sessionKey=a46ec0f9f74f4cc9ae4650dc677f3d3d&timestamp=1635227674&sign=90D7B882DB68D2A0B317D362F9868B89
单个用例执行结束: 556 执行者: root
单个用例执行开始: 10 执行者: root
 https://api-test.myutopa.com/app.do?method=account.session.gen
单个用例执行结束: 10 执行者: root
单个用例执行开始: 11 执行者: root
 https://api-test.myutopa.com/app.do?appInfo=UTOPA_60607&markId=4eddcac1d2c24430afd4f2ae4245d1b7&deviceType=iPhone 6&method=account.login.doLogin&osInfo=iOS_12.3.1&params={"accessToken":"","account":"19800000003","clientType":1,"deviceId":"4eddcac1d2c24430afd4f2ae4245d1b7","keepAccess":1,"lat":23.126474,"lng":113.333429,"loginType":"2","password":"123456","sysId":1,"uid":""}&ver=1.0&sessionKey=69a8a7b6bd4d4472ae8b659579b940aa&sign=5ae957a929087693a4658276bead382c
单个用例执行结束: 11 执行者: root
单个用例执行开始: 12 执行者: root
 https://boss-api-test.myutopa.com/eshop/core/account/session/genSession?appKey=r53dc6d2b365d41c4jdssf853295da3ff5
单个用例执行结束: 12 执行者: root
单个用例执行开始: 556 执行者: root
 https://boss-api-test.myutopa.com/eshop/service/app/user/productOrder/confirmOrder?uid=c302366269bc44f3a6003ae7e2d6c662&deviceId=4eddcac1d2c24430afd4f2ae4245d1b7&source=app&deviceType=iPhone_6&appInfo=UTOPA_60707&ver=1.0&osInfo=iOS_12.3.1&appKey=e42ee29bdbba499aa08930e9bcc2343d&accessToken=ErPAwngrjGemuDLnYlPylzBndkQitRxkUTAkSfdXcrxDDzKYZukIQfygSpOVsyFy&sessionKey=ddda6098c20648ed9b8a5d763386590b&timestamp=1635227920&sign=F12A1F6FBB6B98E6B911A1DD416BB4CE
单个用例执行结束: 556 执行者: root
单个用例执行开始: 556 执行者: root
 https://boss-api-test.myutopa.com/eshop/service/app/user/productOrder/confirmOrder?uid=c302366269bc44f3a6003ae7e2d6c662&deviceId=4eddcac1d2c24430afd4f2ae4245d1b7&source=app&deviceType=iPhone_6&appInfo=UTOPA_60707&ver=1.0&osInfo=iOS_12.3.1&appKey=e42ee29bdbba499aa08930e9bcc2343d&accessToken=ErPAwngrjGemuDLnYlPylzBndkQitRxkUTAkSfdXcrxDDzKYZukIQfygSpOVsyFy&sessionKey=ddda6098c20648ed9b8a5d763386590b&timestamp=1635227920&sign=F12A1F6FBB6B98E6B911A1DD416BB4CE
单个用例执行结束: 556 执行者: root
单个用例执行开始: 556 执行者: root
 https://boss-api-test.myutopa.com/eshop/service/app/user/productOrder/confirmOrder?uid=c302366269bc44f3a6003ae7e2d6c662&deviceId=4eddcac1d2c24430afd4f2ae4245d1b7&source=app&deviceType=iPhone_6&appInfo=UTOPA_60707&ver=1.0&osInfo=iOS_12.3.1&appKey=e42ee29bdbba499aa08930e9bcc2343d&accessToken=ErPAwngrjGemuDLnYlPylzBndkQitRxkUTAkSfdXcrxDDzKYZukIQfygSpOVsyFy&sessionKey=ddda6098c20648ed9b8a5d763386590b&timestamp=1635227920&sign=F12A1F6FBB6B98E6B911A1DD416BB4CE
单个用例执行结束: 556 执行者: root
单个用例执行开始: 556 执行者: root
 https://boss-api-test.myutopa.com/eshop/service/app/user/productOrder/confirmOrder?uid=c302366269bc44f3a6003ae7e2d6c662&deviceId=4eddcac1d2c24430afd4f2ae4245d1b7&source=app&deviceType=iPhone_6&appInfo=UTOPA_60707&ver=1.0&osInfo=iOS_12.3.1&appKey=e42ee29bdbba499aa08930e9bcc2343d&accessToken=ErPAwngrjGemuDLnYlPylzBndkQitRxkUTAkSfdXcrxDDzKYZukIQfygSpOVsyFy&sessionKey=ddda6098c20648ed9b8a5d763386590b&timestamp=1635227920&sign=F12A1F6FBB6B98E6B911A1DD416BB4CE
单个用例执行结束: 556 执行者: root
开始批量执行:优托邦-测试环境 执行者: root
执行用例顺序: [10, 11, 12, 556, 558]
序号： 1 用例编号： 10
 https://api-test.myutopa.com/app.do?method=account.session.gen
用例编号 10 请检查URL与headers是否正确
获取sessionSecret失败
序号： 2 用例编号： 11
 https://api-test.myutopa.com/app.do?appInfo=UTOPA_60607&markId=4eddcac1d2c24430afd4f2ae4245d1b7&deviceType=iPhone 6&method=account.login.doLogin&osInfo=iOS_12.3.1&params={"accessToken":"","account":"19800000003","clientType":1,"deviceId":"4eddcac1d2c24430afd4f2ae4245d1b7","keepAccess":1,"lat":23.126474,"lng":113.333429,"loginType":"2","password":"123456","sysId":1,"uid":""}&ver=1.0&sessionKey=&sign=5bdedf7f02836997ce7fb1cc7bb9b13f
用例编号 11 请检查URL与headers是否正确
序号： 3 用例编号： 12
 https://boss-api-test.myutopa.com/eshop/core/account/session/genSession?appKey=r53dc6d2b365d41c4jdssf853295da3ff5
用例编号 12 请检查URL与headers是否正确
设置sessionSecret失败
序号： 4 用例编号： 556
 https://boss-api-test.myutopa.com/eshop/service/app/user/productOrder/confirmOrder?uid=c302366269bc44f3a6003ae7e2d6c662&deviceId=4eddcac1d2c24430afd4f2ae4245d1b7&source=app&deviceType=iPhone_6&appInfo=UTOPA_60707&ver=1.0&osInfo=iOS_12.3.1&appKey=e42ee29bdbba499aa08930e9bcc2343d&accessToken=&sessionKey=ddda6098c20648ed9b8a5d763386590b&timestamp=1635227920&sign=23A259CB769D677EEB53B6DEA5354176
用例编号 556 请检查URL与headers是否正确
序号： 5 用例编号： 558
 https://boss-api-test.myutopa.com/eshop/service/app/user/productOrder/confirmOrder?uid=c302366269bc44f3a6003ae7e2d6c662&deviceId=4eddcac1d2c24430afd4f2ae4245d1b7&source=app&deviceType=iPhone_6&appInfo=UTOPA_60707&ver=1.0&osInfo=iOS_12.3.1&appKey=e42ee29bdbba499aa08930e9bcc2343d&accessToken=&sessionKey=ddda6098c20648ed9b8a5d763386590b&timestamp=1635227920&sign=23A259CB769D677EEB53B6DEA5354176
用例编号 558 请检查URL与headers是否正确
结束批量执行:优托邦-测试环境 执行者: root
开始批量执行:优托邦-测试环境 执行者: root
执行用例顺序: [10, 11, 12, 556, 558]
序号： 1 用例编号： 10
 https://api-test.myutopa.com/app.do?method=account.session.gen
序号： 2 用例编号： 11
 https://api-test.myutopa.com/app.do?appInfo=UTOPA_60607&markId=4eddcac1d2c24430afd4f2ae4245d1b7&deviceType=iPhone 6&method=account.login.doLogin&osInfo=iOS_12.3.1&params={"accessToken":"","account":"19800000003","clientType":1,"deviceId":"4eddcac1d2c24430afd4f2ae4245d1b7","keepAccess":1,"lat":23.126474,"lng":113.333429,"loginType":"2","password":"123456","sysId":1,"uid":""}&ver=1.0&sessionKey=cd0e47ac47f54a6eb02879d885f4c59a&sign=07d8161b0159c06465fa7b4387f0fd65
序号： 3 用例编号： 12
 https://boss-api-test.myutopa.com/eshop/core/account/session/genSession?appKey=r53dc6d2b365d41c4jdssf853295da3ff5
序号： 4 用例编号： 556
 https://boss-api-test.myutopa.com/eshop/service/app/user/productOrder/confirmOrder?uid=c302366269bc44f3a6003ae7e2d6c662&deviceId=4eddcac1d2c24430afd4f2ae4245d1b7&source=app&deviceType=iPhone_6&appInfo=UTOPA_60707&ver=1.0&osInfo=iOS_12.3.1&appKey=e42ee29bdbba499aa08930e9bcc2343d&accessToken=VLQJksqbqtUDqrMCHzYNjfiSyJVXLMZlREnklFwixAyzmxBKKaPRQyIPeuCQShdD&sessionKey=f8163028869e4d6cb2ab0af05849788d&timestamp=1635233055&sign=AE25F04592130CFE3E729DD9ACD1930F
序号： 5 用例编号： 558
 https://boss-api-test.myutopa.com/eshop/service/app/user/productOrder/confirmOrder?uid=c302366269bc44f3a6003ae7e2d6c662&deviceId=4eddcac1d2c24430afd4f2ae4245d1b7&source=app&deviceType=iPhone_6&appInfo=UTOPA_60707&ver=1.0&osInfo=iOS_12.3.1&appKey=e42ee29bdbba499aa08930e9bcc2343d&accessToken=VLQJksqbqtUDqrMCHzYNjfiSyJVXLMZlREnklFwixAyzmxBKKaPRQyIPeuCQShdD&sessionKey=f8163028869e4d6cb2ab0af05849788d&timestamp=1635233055&sign=AE25F04592130CFE3E729DD9ACD1930F
结束批量执行:优托邦-测试环境 执行者: root
开始批量执行:优托邦-测试环境 执行者: root
执行用例顺序: [10, 11, 12, 556, 558]
序号： 1 用例编号： 10
 https://api-test.myutopa.com/app.do?method=account.session.gen
序号： 2 用例编号： 11
 https://api-test.myutopa.com/app.do?appInfo=UTOPA_60607&markId=4eddcac1d2c24430afd4f2ae4245d1b7&deviceType=iPhone 6&method=account.login.doLogin&osInfo=iOS_12.3.1&params={"accessToken":"","account":"19800000003","clientType":1,"deviceId":"4eddcac1d2c24430afd4f2ae4245d1b7","keepAccess":1,"lat":23.126474,"lng":113.333429,"loginType":"2","password":"123456","sysId":1,"uid":""}&ver=1.0&sessionKey=3904f325eec64e8691361024d9f5f193&sign=00eeb0da74d9edc8970f785da02b9fb5
序号： 3 用例编号： 12
 https://boss-api-test.myutopa.com/eshop/core/account/session/genSession?appKey=r53dc6d2b365d41c4jdssf853295da3ff5
序号： 4 用例编号： 556
 https://boss-api-test.myutopa.com/eshop/service/app/user/productOrder/confirmOrder?uid=c302366269bc44f3a6003ae7e2d6c662&deviceId=4eddcac1d2c24430afd4f2ae4245d1b7&source=app&deviceType=iPhone_6&appInfo=UTOPA_60707&ver=1.0&osInfo=iOS_12.3.1&appKey=e42ee29bdbba499aa08930e9bcc2343d&accessToken=gzzEJWEPcQQOKwqYcmixOrbqpGddUVlNmwpcTcZmqWrIhofsWtRogBIXLKmVUgyw&sessionKey=7eb96c620a3b49e9b9e0fdc5e7983734&timestamp=1635233151&sign=DBA77ED959FE194015797772D9D0E7E0
序号： 5 用例编号： 558
 https://boss-api-test.myutopa.com/eshop/service/app/user/productOrder/confirmOrder?uid=c302366269bc44f3a6003ae7e2d6c662&deviceId=4eddcac1d2c24430afd4f2ae4245d1b7&source=app&deviceType=iPhone_6&appInfo=UTOPA_60707&ver=1.0&osInfo=iOS_12.3.1&appKey=e42ee29bdbba499aa08930e9bcc2343d&accessToken=gzzEJWEPcQQOKwqYcmixOrbqpGddUVlNmwpcTcZmqWrIhofsWtRogBIXLKmVUgyw&sessionKey=7eb96c620a3b49e9b9e0fdc5e7983734&timestamp=1635233151&sign=DBA77ED959FE194015797772D9D0E7E0
结束批量执行:优托邦-测试环境 执行者: root
开始批量执行:优托邦-测试环境 执行者: root
执行用例顺序: [10, 11, 12, 556, 558]
序号： 1 用例编号： 10
 https://api-test.myutopa.com/app.do?method=account.session.gen
序号： 2 用例编号： 11
 https://api-test.myutopa.com/app.do?appInfo=UTOPA_60607&markId=4eddcac1d2c24430afd4f2ae4245d1b7&deviceType=iPhone 6&method=account.login.doLogin&osInfo=iOS_12.3.1&params={"accessToken":"","account":"19800000003","clientType":1,"deviceId":"4eddcac1d2c24430afd4f2ae4245d1b7","keepAccess":1,"lat":23.126474,"lng":113.333429,"loginType":"2","password":"123456","sysId":1,"uid":""}&ver=1.0&sessionKey=fdda348728204ed19baffc19ffb5540c&sign=ad24367899a27c534a0a82eae152ccda
序号： 3 用例编号： 12
 https://boss-api-test.myutopa.com/eshop/core/account/session/genSession?appKey=r53dc6d2b365d41c4jdssf853295da3ff5
序号： 4 用例编号： 556
 https://boss-api-test.myutopa.com/eshop/service/app/user/productOrder/confirmOrder?uid=c302366269bc44f3a6003ae7e2d6c662&deviceId=4eddcac1d2c24430afd4f2ae4245d1b7&source=app&deviceType=iPhone_6&appInfo=UTOPA_60707&ver=1.0&osInfo=iOS_12.3.1&appKey=e42ee29bdbba499aa08930e9bcc2343d&accessToken=zksfhpHglecgShynevszgftDfWdUVVeWKjoHGcQOFbBswACHWydjPUgFDDHKeDDO&sessionKey=c83615c43a6040088dbc1f8a17ce5e40&timestamp=1635233744&sign=A7B4FF533B870DDC53447A6D2DB9A61C
序号： 5 用例编号： 558
 https://boss-api-test.myutopa.com/eshop/service/app/user/productOrder/confirmOrder?uid=c302366269bc44f3a6003ae7e2d6c662&deviceId=4eddcac1d2c24430afd4f2ae4245d1b7&source=app&deviceType=iPhone_6&appInfo=UTOPA_60707&ver=1.0&osInfo=iOS_12.3.1&appKey=e42ee29bdbba499aa08930e9bcc2343d&accessToken=zksfhpHglecgShynevszgftDfWdUVVeWKjoHGcQOFbBswACHWydjPUgFDDHKeDDO&sessionKey=c83615c43a6040088dbc1f8a17ce5e40&timestamp=1635233744&sign=A7B4FF533B870DDC53447A6D2DB9A61C
结束批量执行:优托邦-测试环境 执行者: root
开始批量执行:优托邦-高保真 执行者: root
执行用例顺序: [223, 224, 225, 226, 227, 228, 229, 230, 231, 232, 233, 234, 235, 236, 237, 238, 239, 240, 241, 242, 243, 244, 245, 246, 247, 248, 249, 250, 251, 252, 253, 254, 255, 256, 257, 258, 259, 260, 261, 262, 263, 264, 265, 266, 267, 268, 269, 270, 271, 272, 273, 274, 275, 276, 277, 278, 279, 280, 281, 282, 283, 284, 285, 286, 287, 288, 289, 290, 291, 292, 293, 294, 295, 296, 297, 298, 299, 300, 301, 302, 303, 304, 305, 306, 307, 308, 309, 310, 311, 312, 313, 314, 315, 316, 317, 318, 319, 320, 321, 322, 323, 324, 325, 326, 327, 328, 329, 330, 331, 332, 333, 334, 335, 336, 337, 338, 339, 340, 341, 342, 345, 343, 346, 347, 373, 374, 375, 376, 377, 378]
序号： 1 用例编号： 223
https://api-pre.myutopa.com/app.do?method=account.session.gen
序号： 2 用例编号： 224
https://api-pre.myutopa.com/app.do?appInfo=UTOPA_60607&markId=4eddcac1d2c24430afd4f2ae4245d1b7&deviceType=iPhone 6&method=account.login.doLogin&osInfo=iOS_12.3.1&params={"accessToken":"","account":"19800000006","clientType":1,"deviceId":"4eddcac1d2c24430afd4f2ae4245d1b7","keepAccess":1,"lat":23.126474,"lng":113.333429,"loginType":"2","password":"123456","sysId":1,"uid":""}&ver=1.0&sessionKey=998519cd128c4ef6a5f8fd3c2a4ddc94&sign=48a6b0e96f57b8e142875b9be24699f0
序号： 3 用例编号： 225
https://boss-api-pre.myutopa.com/eshop/core/account/session/genSession?appKey=r53dc6d2b365d41c4jdssf853295da3ff5
序号： 4 用例编号： 226
https://boss-api-pre.myutopa.com/eshop/service/app/user/homePage/getFirstPageData?uid=2fc165befb234bacb76a1822c3291809&deviceId=4eddcac1d2c24430afd4f2ae4245d1b7&source=app&deviceType=iPhone_6&appInfo=UTOPA_60805&ver=1.0&osInfo=iOS_12.3.1&appKey=11c4238672eb46cbbd1b3359a49e63c2&accessToken=XlDvmNnzGEglDOAqCKLTtICNNAgHKNhvpfZzweGXesqxYmGgeBhpATKprhGdBplv&sessionKey=854473a0547b4e1eacb062a123b51560&timestamp=1635238623&sign=A7B84BA7AC2ADDE5A1F9685B8025524A
序号： 5 用例编号： 227
https://boss-api-pre.myutopa.com/eshop/service/app/user/advertisement/listAdvertisementByCode?appKey=11c4238672eb46cbbd1b3359a49e63c2&source=app&osInfo=iOS_12.3.1&ver=1.0&deviceType=iPhone_6&appInfo=UTOPA_60805&deviceId=4eddcac1d2c24430afd4f2ae4245d1b7&sessionKey=854473a0547b4e1eacb062a123b51560&timestamp=1635238623&sign=31822B052D85AE44BDAAE0EA74501A32
序号： 6 用例编号： 228
https://boss-api-pre.myutopa.com/eshop/service/app/user/homePage/getSecondPageData?appKey=11c4238672eb46cbbd1b3359a49e63c2&source=app&osInfo=iOS_12.3.1&ver=1.0&deviceType=iPhone_6&appInfo=UTOPA_60805&deviceId=4eddcac1d2c24430afd4f2ae4245d1b7&accessToken=XlDvmNnzGEglDOAqCKLTtICNNAgHKNhvpfZzweGXesqxYmGgeBhpATKprhGdBplv&sessionKey=854473a0547b4e1eacb062a123b51560&timestamp=1635238623&sign=46DF219B96F2D64D3DB65D98697D9C7C
序号： 7 用例编号： 229
https://boss-api-pre.myutopa.com/eshop/service/app/user/storeProduct/analysisScanCodeShopping?uid=2fc165befb234bacb76a1822c3291809&deviceId=4eddcac1d2c24430afd4f2ae4245d1b7&source=app&deviceType=iPhone_6&appInfo=UTOPA_60805&ver=1.0&osInfo=iOS_12.3.1&appKey=11c4238672eb46cbbd1b3359a49e63c2&accessToken=XlDvmNnzGEglDOAqCKLTtICNNAgHKNhvpfZzweGXesqxYmGgeBhpATKprhGdBplv&sessionKey=854473a0547b4e1eacb062a123b51560&timestamp=1635238623&sign=A7B84BA7AC2ADDE5A1F9685B8025524A
序号： 8 用例编号： 230
https://boss-api-pre.myutopa.com/eshop/service/app/user/shopCart/offlineAdd?uid=2fc165befb234bacb76a1822c3291809&deviceId=4eddcac1d2c24430afd4f2ae4245d1b7&source=app&deviceType=iPhone_6&appInfo=UTOPA_60805&ver=1.0&osInfo=iOS_12.3.1&appKey=11c4238672eb46cbbd1b3359a49e63c2&accessToken=XlDvmNnzGEglDOAqCKLTtICNNAgHKNhvpfZzweGXesqxYmGgeBhpATKprhGdBplv&sessionKey=854473a0547b4e1eacb062a123b51560&timestamp=1635238623&sign=A7B84BA7AC2ADDE5A1F9685B8025524A
序号： 9 用例编号： 231
https://boss-api-pre.myutopa.com/eshop/service/app/user/shopCart/myShopCartDetail?uid=2fc165befb234bacb76a1822c3291809&deviceId=4eddcac1d2c24430afd4f2ae4245d1b7&source=app&deviceType=iPhone_6&appInfo=UTOPA_60805&ver=1.0&osInfo=iOS_12.3.1&appKey=11c4238672eb46cbbd1b3359a49e63c2&shopCartType=2&accessToken=XlDvmNnzGEglDOAqCKLTtICNNAgHKNhvpfZzweGXesqxYmGgeBhpATKprhGdBplv&sessionKey=854473a0547b4e1eacb062a123b51560&timestamp=1635238623&sign=8293E463B657234E6CD264BE0EE109BF
序号： 10 用例编号： 232
https://boss-api-pre.myutopa.com/eshop/service/app/user/productOrder/confirmOrder?uid=2fc165befb234bacb76a1822c3291809&deviceId=4eddcac1d2c24430afd4f2ae4245d1b7&source=app&deviceType=iPhone_6&appInfo=UTOPA_60805&ver=1.0&osInfo=iOS_12.3.1&appKey=11c4238672eb46cbbd1b3359a49e63c2&accessToken=XlDvmNnzGEglDOAqCKLTtICNNAgHKNhvpfZzweGXesqxYmGgeBhpATKprhGdBplv&sessionKey=854473a0547b4e1eacb062a123b51560&timestamp=1635238623&sign=A7B84BA7AC2ADDE5A1F9685B8025524A
序号： 11 用例编号： 233
https://boss-api-pre.myutopa.com/eshop/service/app/user/productOrder/commitOrder?uid=2fc165befb234bacb76a1822c3291809&deviceId=4eddcac1d2c24430afd4f2ae4245d1b7&source=app&deviceType=iPhone_6&appInfo=UTOPA_60805&ver=1.0&osInfo=iOS_12.3.1&appKey=11c4238672eb46cbbd1b3359a49e63c2&accessToken=XlDvmNnzGEglDOAqCKLTtICNNAgHKNhvpfZzweGXesqxYmGgeBhpATKprhGdBplv&sessionKey=854473a0547b4e1eacb062a123b51560&timestamp=1635238623&sign=A7B84BA7AC2ADDE5A1F9685B8025524A
序号： 12 用例编号： 234
https://boss-api-pre.myutopa.com/eshop/service/app/user/storeProduct/getByBarcodeNew?uid=2fc165befb234bacb76a1822c3291809&deviceId=4eddcac1d2c24430afd4f2ae4245d1b7&source=app&deviceType=iPhone_6&appInfo=UTOPA_60805&ver=1.0&osInfo=iOS_12.3.1&appKey=11c4238672eb46cbbd1b3359a49e63c2&accessToken=XlDvmNnzGEglDOAqCKLTtICNNAgHKNhvpfZzweGXesqxYmGgeBhpATKprhGdBplv&sessionKey=854473a0547b4e1eacb062a123b51560&timestamp=1635238623&sign=A7B84BA7AC2ADDE5A1F9685B8025524A
序号： 13 用例编号： 235
https://boss-api-pre.myutopa.com/eshop/service/app/user/shopCart/offlineAdd?uid=2fc165befb234bacb76a1822c3291809&deviceId=4eddcac1d2c24430afd4f2ae4245d1b7&source=app&deviceType=iPhone_6&appInfo=UTOPA_60805&ver=1.0&osInfo=iOS_12.3.1&appKey=11c4238672eb46cbbd1b3359a49e63c2&accessToken=XlDvmNnzGEglDOAqCKLTtICNNAgHKNhvpfZzweGXesqxYmGgeBhpATKprhGdBplv&sessionKey=854473a0547b4e1eacb062a123b51560&timestamp=1635238623&sign=A7B84BA7AC2ADDE5A1F9685B8025524A
序号： 14 用例编号： 236
https://boss-api-pre.myutopa.com/eshop/service/app/user/storeProduct/getStoreShortcutGoods?uid=2fc165befb234bacb76a1822c3291809&deviceId=4eddcac1d2c24430afd4f2ae4245d1b7&source=app&deviceType=iPhone_6&appInfo=UTOPA_60805&ver=1.0&osInfo=iOS_12.3.1&appKey=11c4238672eb46cbbd1b3359a49e63c2&accessToken=XlDvmNnzGEglDOAqCKLTtICNNAgHKNhvpfZzweGXesqxYmGgeBhpATKprhGdBplv&sessionKey=854473a0547b4e1eacb062a123b51560&timestamp=1635238623&sign=A7B84BA7AC2ADDE5A1F9685B8025524A
序号： 15 用例编号： 237
https://boss-api-pre.myutopa.com/eshop/service/app/user/productOrder/confirmOrder?uid=2fc165befb234bacb76a1822c3291809&deviceId=4eddcac1d2c24430afd4f2ae4245d1b7&source=app&deviceType=iPhone_6&appInfo=UTOPA_60805&ver=1.0&osInfo=iOS_12.3.1&appKey=11c4238672eb46cbbd1b3359a49e63c2&accessToken=XlDvmNnzGEglDOAqCKLTtICNNAgHKNhvpfZzweGXesqxYmGgeBhpATKprhGdBplv&sessionKey=854473a0547b4e1eacb062a123b51560&timestamp=1635238623&sign=A7B84BA7AC2ADDE5A1F9685B8025524A
序号： 16 用例编号： 238
https://boss-api-pre.myutopa.com/eshop/service/app/user/productOrder/commitOrder?uid=2fc165befb234bacb76a1822c3291809&deviceId=4eddcac1d2c24430afd4f2ae4245d1b7&source=app&deviceType=iPhone_6&appInfo=UTOPA_60805&ver=1.0&osInfo=iOS_12.3.1&appKey=11c4238672eb46cbbd1b3359a49e63c2&accessToken=XlDvmNnzGEglDOAqCKLTtICNNAgHKNhvpfZzweGXesqxYmGgeBhpATKprhGdBplv&sessionKey=854473a0547b4e1eacb062a123b51560&timestamp=1635238623&sign=A7B84BA7AC2ADDE5A1F9685B8025524A
序号： 17 用例编号： 239
https://boss-api-pre.myutopa.com/eshop/service/app/user/store/getNearStores?uid=2fc165befb234bacb76a1822c3291809&deviceId=4eddcac1d2c24430afd4f2ae4245d1b7&source=app&deviceType=iPhone_6&appInfo=UTOPA_60805&ver=1.0&osInfo=iOS_12.3.1&appKey=11c4238672eb46cbbd1b3359a49e63c2&accessToken=XlDvmNnzGEglDOAqCKLTtICNNAgHKNhvpfZzweGXesqxYmGgeBhpATKprhGdBplv&sessionKey=854473a0547b4e1eacb062a123b51560&timestamp=1635238623&sign=A7B84BA7AC2ADDE5A1F9685B8025524A
序号： 18 用例编号： 240
https://api-pre.myutopa.com/app.do?appInfo=UTOPA_60805&deviceType=iPhone 6&markId=4eddcac1d2c24430afd4f2ae4245d1b7&method=eshop.search.getSearchKeywords&osInfo=iOS_12.3.1&params={"accessToken":"MwlGNmgpuJQGpRcBsiCWVatuwzrJwLSMPDjVtoFeYjfZMawhaSylfpXzBiircQNp","clientType":1,"sysId":1,"uid":"2fc165befb234bacb76a1822c3291809","used":2}&ver=1.0&sessionKey=998519cd128c4ef6a5f8fd3c2a4ddc94&accessToken=XlDvmNnzGEglDOAqCKLTtICNNAgHKNhvpfZzweGXesqxYmGgeBhpATKprhGdBplv&sign=626d6c6f6d82842e734282f304d0acbf
序号： 19 用例编号： 241
https://boss-api-pre.myutopa.com/eshop/service/app/user/storeProduct/getSearchPage?uid=2fc165befb234bacb76a1822c3291809&deviceId=4eddcac1d2c24430afd4f2ae4245d1b7&source=app&deviceType=iPhone_6&appInfo=UTOPA_60805&ver=1.0&osInfo=iOS_12.3.1&appKey=11c4238672eb46cbbd1b3359a49e63c2&accessToken=XlDvmNnzGEglDOAqCKLTtICNNAgHKNhvpfZzweGXesqxYmGgeBhpATKprhGdBplv&sessionKey=854473a0547b4e1eacb062a123b51560&timestamp=1635238623&sign=A7B84BA7AC2ADDE5A1F9685B8025524A
序号： 20 用例编号： 242
https://boss-api-pre.myutopa.com/eshop/service/app/user/storeProduct/globalProductSearch?uid=2fc165befb234bacb76a1822c3291809&deviceId=4eddcac1d2c24430afd4f2ae4245d1b7&source=app&deviceType=iPhone_6&appInfo=UTOPA_60805&ver=1.0&osInfo=iOS_12.3.1&appKey=11c4238672eb46cbbd1b3359a49e63c2&accessToken=XlDvmNnzGEglDOAqCKLTtICNNAgHKNhvpfZzweGXesqxYmGgeBhpATKprhGdBplv&sessionKey=854473a0547b4e1eacb062a123b51560&timestamp=1635238623&sign=A7B84BA7AC2ADDE5A1F9685B8025524A
序号： 21 用例编号： 243
https://boss-api-pre.myutopa.com/eshop/service/app/user/storeProduct/globalProductSearch?uid=2fc165befb234bacb76a1822c3291809&deviceId=4eddcac1d2c24430afd4f2ae4245d1b7&source=app&deviceType=iPhone_6&appInfo=UTOPA_60805&ver=1.0&osInfo=iOS_12.3.1&appKey=11c4238672eb46cbbd1b3359a49e63c2&accessToken=XlDvmNnzGEglDOAqCKLTtICNNAgHKNhvpfZzweGXesqxYmGgeBhpATKprhGdBplv&sessionKey=854473a0547b4e1eacb062a123b51560&timestamp=1635238623&sign=A7B84BA7AC2ADDE5A1F9685B8025524A
序号： 22 用例编号： 244
https://boss-api-pre.myutopa.com/eshop/service/app/user/storeProduct/globalProductSearch?uid=2fc165befb234bacb76a1822c3291809&deviceId=4eddcac1d2c24430afd4f2ae4245d1b7&source=app&deviceType=iPhone_6&appInfo=UTOPA_60805&ver=1.0&osInfo=iOS_12.3.1&appKey=11c4238672eb46cbbd1b3359a49e63c2&accessToken=XlDvmNnzGEglDOAqCKLTtICNNAgHKNhvpfZzweGXesqxYmGgeBhpATKprhGdBplv&sessionKey=854473a0547b4e1eacb062a123b51560&timestamp=1635238623&sign=A7B84BA7AC2ADDE5A1F9685B8025524A
序号： 23 用例编号： 245
https://boss-api-pre.myutopa.com/eshop/service/app/user/storeProduct/globalProductSearch?uid=2fc165befb234bacb76a1822c3291809&deviceId=4eddcac1d2c24430afd4f2ae4245d1b7&source=app&deviceType=iPhone_6&appInfo=UTOPA_60805&ver=1.0&osInfo=iOS_12.3.1&appKey=11c4238672eb46cbbd1b3359a49e63c2&accessToken=XlDvmNnzGEglDOAqCKLTtICNNAgHKNhvpfZzweGXesqxYmGgeBhpATKprhGdBplv&sessionKey=854473a0547b4e1eacb062a123b51560&timestamp=1635238623&sign=A7B84BA7AC2ADDE5A1F9685B8025524A
序号： 24 用例编号： 246
https://boss-api-pre.myutopa.com/eshop/service/app/user/storeProduct/globalProductSearch?uid=2fc165befb234bacb76a1822c3291809&deviceId=4eddcac1d2c24430afd4f2ae4245d1b7&source=app&deviceType=iPhone_6&appInfo=UTOPA_60805&ver=1.0&osInfo=iOS_12.3.1&appKey=11c4238672eb46cbbd1b3359a49e63c2&accessToken=XlDvmNnzGEglDOAqCKLTtICNNAgHKNhvpfZzweGXesqxYmGgeBhpATKprhGdBplv&sessionKey=854473a0547b4e1eacb062a123b51560&timestamp=1635238623&sign=A7B84BA7AC2ADDE5A1F9685B8025524A
序号： 25 用例编号： 247
https://boss-api-pre.myutopa.com/eshop/service/app/user/storeProduct/globalProductSearch?uid=2fc165befb234bacb76a1822c3291809&deviceId=4eddcac1d2c24430afd4f2ae4245d1b7&source=app&deviceType=iPhone_6&appInfo=UTOPA_60805&ver=1.0&osInfo=iOS_12.3.1&appKey=11c4238672eb46cbbd1b3359a49e63c2&accessToken=XlDvmNnzGEglDOAqCKLTtICNNAgHKNhvpfZzweGXesqxYmGgeBhpATKprhGdBplv&sessionKey=854473a0547b4e1eacb062a123b51560&timestamp=1635238623&sign=A7B84BA7AC2ADDE5A1F9685B8025524A
序号： 26 用例编号： 248
https://boss-api-pre.myutopa.com/eshop/service/app/user/storeProduct/globalProductSearch?uid=2fc165befb234bacb76a1822c3291809&deviceId=4eddcac1d2c24430afd4f2ae4245d1b7&source=app&deviceType=iPhone_6&appInfo=UTOPA_60805&ver=1.0&osInfo=iOS_12.3.1&appKey=11c4238672eb46cbbd1b3359a49e63c2&accessToken=XlDvmNnzGEglDOAqCKLTtICNNAgHKNhvpfZzweGXesqxYmGgeBhpATKprhGdBplv&sessionKey=854473a0547b4e1eacb062a123b51560&timestamp=1635238623&sign=A7B84BA7AC2ADDE5A1F9685B8025524A
序号： 27 用例编号： 249
https://boss-api-pre.myutopa.com/eshop/service/app/user/storeProduct/globalProductSearch?uid=2fc165befb234bacb76a1822c3291809&deviceId=4eddcac1d2c24430afd4f2ae4245d1b7&source=app&deviceType=iPhone_6&appInfo=UTOPA_60805&ver=1.0&osInfo=iOS_12.3.1&appKey=11c4238672eb46cbbd1b3359a49e63c2&accessToken=XlDvmNnzGEglDOAqCKLTtICNNAgHKNhvpfZzweGXesqxYmGgeBhpATKprhGdBplv&sessionKey=854473a0547b4e1eacb062a123b51560&timestamp=1635238623&sign=A7B84BA7AC2ADDE5A1F9685B8025524A
序号： 28 用例编号： 250
https://boss-api-pre.myutopa.com/eshop/service/app/user/storeProduct/globalProductSearch?uid=2fc165befb234bacb76a1822c3291809&deviceId=4eddcac1d2c24430afd4f2ae4245d1b7&source=app&deviceType=iPhone_6&appInfo=UTOPA_60805&ver=1.0&osInfo=iOS_12.3.1&appKey=11c4238672eb46cbbd1b3359a49e63c2&accessToken=XlDvmNnzGEglDOAqCKLTtICNNAgHKNhvpfZzweGXesqxYmGgeBhpATKprhGdBplv&sessionKey=854473a0547b4e1eacb062a123b51560&timestamp=1635238623&sign=A7B84BA7AC2ADDE5A1F9685B8025524A
序号： 29 用例编号： 251
https://boss-api-pre.myutopa.com/eshop/service/app/user/product/getProductNew?uid=2fc165befb234bacb76a1822c3291809&deviceId=4eddcac1d2c24430afd4f2ae4245d1b7&source=app&deviceType=iPhone_6&appInfo=UTOPA_60805&ver=1.0&osInfo=iOS_12.3.1&appKey=11c4238672eb46cbbd1b3359a49e63c2&accessToken=XlDvmNnzGEglDOAqCKLTtICNNAgHKNhvpfZzweGXesqxYmGgeBhpATKprhGdBplv&sessionKey=854473a0547b4e1eacb062a123b51560&timestamp=1635238623&sign=A7B84BA7AC2ADDE5A1F9685B8025524A
序号： 30 用例编号： 252
https://boss-api-pre.myutopa.com/eshop/service/app/user/product/getProductSkuApp?uid=2fc165befb234bacb76a1822c3291809&deviceId=4eddcac1d2c24430afd4f2ae4245d1b7&source=app&deviceType=iPhone_6&appInfo=UTOPA_60805&ver=1.0&osInfo=iOS_12.3.1&appKey=11c4238672eb46cbbd1b3359a49e63c2&accessToken=XlDvmNnzGEglDOAqCKLTtICNNAgHKNhvpfZzweGXesqxYmGgeBhpATKprhGdBplv&sessionKey=854473a0547b4e1eacb062a123b51560&timestamp=1635238623&sign=A7B84BA7AC2ADDE5A1F9685B8025524A
序号： 31 用例编号： 253
https://boss-api-pre.myutopa.com/eshop/service/app/user/product/getStoreRecommendProduct?uid=2fc165befb234bacb76a1822c3291809&deviceId=4eddcac1d2c24430afd4f2ae4245d1b7&source=app&deviceType=iPhone_6&appInfo=UTOPA_60805&ver=1.0&osInfo=iOS_12.3.1&appKey=11c4238672eb46cbbd1b3359a49e63c2&accessToken=XlDvmNnzGEglDOAqCKLTtICNNAgHKNhvpfZzweGXesqxYmGgeBhpATKprhGdBplv&sessionKey=854473a0547b4e1eacb062a123b51560&timestamp=1635238623&sign=A7B84BA7AC2ADDE5A1F9685B8025524A
序号： 32 用例编号： 254
https://boss-api-pre.myutopa.com/eshop/service/app/user/storeProduct/inTimeOf?uid=2fc165befb234bacb76a1822c3291809&deviceId=4eddcac1d2c24430afd4f2ae4245d1b7&source=app&deviceType=iPhone_6&appInfo=UTOPA_60805&ver=1.0&osInfo=iOS_12.3.1&appKey=11c4238672eb46cbbd1b3359a49e63c2&accessToken=XlDvmNnzGEglDOAqCKLTtICNNAgHKNhvpfZzweGXesqxYmGgeBhpATKprhGdBplv&sessionKey=854473a0547b4e1eacb062a123b51560&timestamp=1635238623&sign=A7B84BA7AC2ADDE5A1F9685B8025524A
序号： 33 用例编号： 255
https://boss-api-pre.myutopa.com/eshop/service/app/user/storeProduct/discountCardDetailPage?uid=2fc165befb234bacb76a1822c3291809&deviceId=4eddcac1d2c24430afd4f2ae4245d1b7&source=app&deviceType=iPhone_6&appInfo=UTOPA_60805&ver=1.0&osInfo=iOS_12.3.1&appKey=11c4238672eb46cbbd1b3359a49e63c2&accessToken=XlDvmNnzGEglDOAqCKLTtICNNAgHKNhvpfZzweGXesqxYmGgeBhpATKprhGdBplv&sessionKey=854473a0547b4e1eacb062a123b51560&timestamp=1635238623&sign=A7B84BA7AC2ADDE5A1F9685B8025524A
序号： 34 用例编号： 256
https://boss-api-pre.myutopa.com/eshop/service/app/user/shopCart/add?uid=2fc165befb234bacb76a1822c3291809&deviceId=4eddcac1d2c24430afd4f2ae4245d1b7&source=app&deviceType=iPhone_6&appInfo=UTOPA_60805&ver=1.0&osInfo=iOS_12.3.1&appKey=11c4238672eb46cbbd1b3359a49e63c2&accessToken=XlDvmNnzGEglDOAqCKLTtICNNAgHKNhvpfZzweGXesqxYmGgeBhpATKprhGdBplv&sessionKey=854473a0547b4e1eacb062a123b51560&timestamp=1635238623&sign=A7B84BA7AC2ADDE5A1F9685B8025524A
序号： 35 用例编号： 257
https://boss-api-pre.myutopa.com/eshop/service/app/user/shopCart/myShopCartDetail?storeId=774949&deviceId=4eddcac1d2c24430afd4f2ae4245d1b7&source=app&deviceType=iPhone_6&appInfo=UTOPA_60805&ver=1.0&osInfo=iOS_12.3.1&appKey=11c4238672eb46cbbd1b3359a49e63c2&shopCartType=1&accessToken=XlDvmNnzGEglDOAqCKLTtICNNAgHKNhvpfZzweGXesqxYmGgeBhpATKprhGdBplv&sessionKey=854473a0547b4e1eacb062a123b51560&timestamp=1635238623&sign=05D1DBB2E3C95F80CE6767702E0A39D9
序号： 36 用例编号： 258
https://boss-api-pre.myutopa.com/eshop/service/app/user/shopCart/getTotalNumber?uid=2fc165befb234bacb76a1822c3291809&deviceId=4eddcac1d2c24430afd4f2ae4245d1b7&source=app&deviceType=iPhone_6&appInfo=UTOPA_60805&ver=1.0&osInfo=iOS_12.3.1&appKey=11c4238672eb46cbbd1b3359a49e63c2&accessToken=XlDvmNnzGEglDOAqCKLTtICNNAgHKNhvpfZzweGXesqxYmGgeBhpATKprhGdBplv&sessionKey=854473a0547b4e1eacb062a123b51560&timestamp=1635238623&sign=A7B84BA7AC2ADDE5A1F9685B8025524A
序号： 37 用例编号： 259
https://boss-api-pre.myutopa.com/eshop/service/app/user/shopCart/myShopCartDetail?uid=2fc165befb234bacb76a1822c3291809&deviceId=4eddcac1d2c24430afd4f2ae4245d1b7&source=app&deviceType=iPhone_6&appInfo=UTOPA_60805&ver=1.0&osInfo=iOS_12.3.1&appKey=11c4238672eb46cbbd1b3359a49e63c2&shopCartType=1&ccessToken=XlDvmNnzGEglDOAqCKLTtICNNAgHKNhvpfZzweGXesqxYmGgeBhpATKprhGdBplv&sessionKey=854473a0547b4e1eacb062a123b51560&timestamp=1635238623&sign=81994BE162C222CC33B04AE5C50E6682
序号： 38 用例编号： 260
https://boss-api-pre.myutopa.com/eshop/service/app/user/homePage/getCustomCategoryList?uid=2fc165befb234bacb76a1822c3291809&deviceId=4eddcac1d2c24430afd4f2ae4245d1b7&source=app&deviceType=iPhone_6&appInfo=UTOPA_60805&ver=1.0&osInfo=iOS_12.3.1&appKey=11c4238672eb46cbbd1b3359a49e63c2&accessToken=XlDvmNnzGEglDOAqCKLTtICNNAgHKNhvpfZzweGXesqxYmGgeBhpATKprhGdBplv&sessionKey=854473a0547b4e1eacb062a123b51560&timestamp=1635238623&sign=A7B84BA7AC2ADDE5A1F9685B8025524A
序号： 39 用例编号： 261
https://boss-api-pre.myutopa.com/eshop/service/app/user/shopCart/update?uid=2fc165befb234bacb76a1822c3291809&deviceId=4eddcac1d2c24430afd4f2ae4245d1b7&source=app&deviceType=iPhone_6&appInfo=UTOPA_60805&ver=1.0&osInfo=iOS_12.3.1&appKey=11c4238672eb46cbbd1b3359a49e63c2&accessToken=XlDvmNnzGEglDOAqCKLTtICNNAgHKNhvpfZzweGXesqxYmGgeBhpATKprhGdBplv&sessionKey=854473a0547b4e1eacb062a123b51560&timestamp=1635238623&sign=A7B84BA7AC2ADDE5A1F9685B8025524A
序号： 40 用例编号： 262
https://boss-api-pre.myutopa.com/eshop/service/app/user/shopCart/delete?uid=2fc165befb234bacb76a1822c3291809&deviceId=4eddcac1d2c24430afd4f2ae4245d1b7&source=app&deviceType=iPhone_6&appInfo=UTOPA_60805&ver=1.0&osInfo=iOS_12.3.1&appKey=11c4238672eb46cbbd1b3359a49e63c2&accessToken=XlDvmNnzGEglDOAqCKLTtICNNAgHKNhvpfZzweGXesqxYmGgeBhpATKprhGdBplv&sessionKey=854473a0547b4e1eacb062a123b51560&timestamp=1635238623&sign=A7B84BA7AC2ADDE5A1F9685B8025524A
序号： 41 用例编号： 263
https://boss-api-pre.myutopa.com/eshop/service/app/user/userAddress/list?uid=2fc165befb234bacb76a1822c3291809&deviceId=4eddcac1d2c24430afd4f2ae4245d1b7&source=app&deviceType=iPhone_6&appInfo=UTOPA_60805&ver=1.0&osInfo=iOS_12.3.1&appKey=11c4238672eb46cbbd1b3359a49e63c2&accessToken=XlDvmNnzGEglDOAqCKLTtICNNAgHKNhvpfZzweGXesqxYmGgeBhpATKprhGdBplv&sessionKey=854473a0547b4e1eacb062a123b51560&timestamp=1635238623&sign=A7B84BA7AC2ADDE5A1F9685B8025524A
序号： 42 用例编号： 264
https://boss-api-pre.myutopa.com/eshop/service/app/user/productOrder/confirmOrder?uid=2fc165befb234bacb76a1822c3291809&deviceId=4eddcac1d2c24430afd4f2ae4245d1b7&source=app&deviceType=iPhone_6&appInfo=UTOPA_60805&ver=1.0&osInfo=iOS_12.3.1&appKey=11c4238672eb46cbbd1b3359a49e63c2&accessToken=XlDvmNnzGEglDOAqCKLTtICNNAgHKNhvpfZzweGXesqxYmGgeBhpATKprhGdBplv&sessionKey=854473a0547b4e1eacb062a123b51560&timestamp=1635238623&sign=A7B84BA7AC2ADDE5A1F9685B8025524A
序号： 43 用例编号： 265
https://boss-api-pre.myutopa.com/eshop/service/app/user/productOrder/commitOrder?uid=2fc165befb234bacb76a1822c3291809&deviceId=4eddcac1d2c24430afd4f2ae4245d1b7&source=app&deviceType=iPhone_6&appInfo=UTOPA_60805&ver=1.0&osInfo=iOS_12.3.1&appKey=11c4238672eb46cbbd1b3359a49e63c2&accessToken=XlDvmNnzGEglDOAqCKLTtICNNAgHKNhvpfZzweGXesqxYmGgeBhpATKprhGdBplv&sessionKey=854473a0547b4e1eacb062a123b51560&timestamp=1635238623&sign=A7B84BA7AC2ADDE5A1F9685B8025524A
序号： 44 用例编号： 266
https://boss-api-pre.myutopa.com/eshop/service/app/user/productOrder/confirmOrder?uid=2fc165befb234bacb76a1822c3291809&deviceId=4eddcac1d2c24430afd4f2ae4245d1b7&source=app&deviceType=iPhone_6&appInfo=UTOPA_60805&ver=1.0&osInfo=iOS_12.3.1&appKey=11c4238672eb46cbbd1b3359a49e63c2&accessToken=XlDvmNnzGEglDOAqCKLTtICNNAgHKNhvpfZzweGXesqxYmGgeBhpATKprhGdBplv&sessionKey=854473a0547b4e1eacb062a123b51560&timestamp=1635238623&sign=A7B84BA7AC2ADDE5A1F9685B8025524A
序号： 45 用例编号： 267
https://boss-api-pre.myutopa.com/eshop/service/app/user/productOrder/commitOrder?uid=2fc165befb234bacb76a1822c3291809&deviceId=4eddcac1d2c24430afd4f2ae4245d1b7&source=app&deviceType=iPhone_6&appInfo=UTOPA_60805&ver=1.0&osInfo=iOS_12.3.1&appKey=11c4238672eb46cbbd1b3359a49e63c2&accessToken=XlDvmNnzGEglDOAqCKLTtICNNAgHKNhvpfZzweGXesqxYmGgeBhpATKprhGdBplv&sessionKey=854473a0547b4e1eacb062a123b51560&timestamp=1635238623&sign=A7B84BA7AC2ADDE5A1F9685B8025524A
序号： 46 用例编号： 268
https://boss-api-pre.myutopa.com/eshop/service/app/user/activity/activityInfo?activityId=169&appKey=11c4238672eb46cbbd1b3359a49e63c2&deviceType=Mobile&osInfo=iOS&platform=Safari&source=h5&sessionKey=854473a0547b4e1eacb062a123b51560&timestamp=1635238623&sign=C5DA0BBCB0826B614E7BC3A3A8A8248E
序号： 47 用例编号： 269
https://boss-api-pre.myutopa.com/eshop/service/app/user/activity/page?appKey=11c4238672eb46cbbd1b3359a49e63c2&deviceType=Mobile&osInfo=iOS&platform=Safari&source=h5&sessionKey=854473a0547b4e1eacb062a123b51560&timestamp=1635238623&sign=F8DA95468DCF825E0D45B35C6B94FBAF
序号： 48 用例编号： 270
https://boss-api-pre.myutopa.com/eshop/service/app/user/activity/getActivityChainJumping?appKey=11c4238672eb46cbbd1b3359a49e63c2&deviceType=Mobile&osInfo=iOS&platform=Safari&source=h5&sessionKey=854473a0547b4e1eacb062a123b51560&timestamp=1635238623&sign=F8DA95468DCF825E0D45B35C6B94FBAF
序号： 49 用例编号： 271
https://boss-api-pre.myutopa.com/eshop/service/app/user/activity/getActivityChainJumping?appKey=11c4238672eb46cbbd1b3359a49e63c2&deviceType=Mobile&osInfo=iOS&platform=Safari&source=h5&sessionKey=854473a0547b4e1eacb062a123b51560&timestamp=1635238623&sign=F8DA95468DCF825E0D45B35C6B94FBAF
序号： 50 用例编号： 272
https://boss-api-pre.myutopa.com/eshop/service/app/user/activity/getActivityChainJumping?appKey=11c4238672eb46cbbd1b3359a49e63c2&deviceType=Mobile&osInfo=iOS&platform=Safari&source=h5&sessionKey=854473a0547b4e1eacb062a123b51560&timestamp=1635238623&sign=F8DA95468DCF825E0D45B35C6B94FBAF
序号： 51 用例编号： 273
https://boss-api-pre.myutopa.com/eshop/service/app/user/activity/getActivityChainJumping?appKey=11c4238672eb46cbbd1b3359a49e63c2&deviceType=Mobile&osInfo=iOS&platform=Safari&source=h5&sessionKey=854473a0547b4e1eacb062a123b51560&timestamp=1635238623&sign=F8DA95468DCF825E0D45B35C6B94FBAF
序号： 52 用例编号： 274
https://boss-api-pre.myutopa.com/eshop/service/app/user/activity/getActivityChainJumping?appKey=11c4238672eb46cbbd1b3359a49e63c2&deviceType=Mobile&osInfo=iOS&platform=Safari&source=h5&sessionKey=854473a0547b4e1eacb062a123b51560&timestamp=1635238623&sign=F8DA95468DCF825E0D45B35C6B94FBAF
序号： 53 用例编号： 275
https://boss-api-pre.myutopa.com/eshop/service/app/user/activity/getActivityChainJumping?appKey=11c4238672eb46cbbd1b3359a49e63c2&deviceType=Mobile&osInfo=iOS&platform=Safari&source=h5&sessionKey=854473a0547b4e1eacb062a123b51560&timestamp=1635238623&sign=F8DA95468DCF825E0D45B35C6B94FBAF
序号： 54 用例编号： 276
https://boss-api-pre.myutopa.com/eshop/service/app/user/activity/getActivityChainJumping?appKey=11c4238672eb46cbbd1b3359a49e63c2&deviceType=Mobile&osInfo=iOS&platform=Safari&source=h5&sessionKey=854473a0547b4e1eacb062a123b51560&timestamp=1635238623&sign=F8DA95468DCF825E0D45B35C6B94FBAF
序号： 55 用例编号： 277
https://boss-api-pre.myutopa.com/eshop/service/app/user/activity/getActivityChainJumping?appKey=11c4238672eb46cbbd1b3359a49e63c2&deviceType=Mobile&osInfo=iOS&platform=Safari&source=h5&sessionKey=854473a0547b4e1eacb062a123b51560&timestamp=1635238623&sign=F8DA95468DCF825E0D45B35C6B94FBAF
序号： 56 用例编号： 278
https://boss-api-pre.myutopa.com/eshop/service/app/user/activity/getActivityChainJumping?appKey=11c4238672eb46cbbd1b3359a49e63c2&deviceType=Mobile&osInfo=iOS&platform=Safari&source=h5&sessionKey=854473a0547b4e1eacb062a123b51560&timestamp=1635238623&sign=F8DA95468DCF825E0D45B35C6B94FBAF
序号： 57 用例编号： 279
https://boss-api-pre.myutopa.com/eshop/service/app/user/activity/getActivityChainJumping?appKey=11c4238672eb46cbbd1b3359a49e63c2&deviceType=Mobile&osInfo=iOS&platform=Safari&source=h5&sessionKey=854473a0547b4e1eacb062a123b51560&timestamp=1635238623&sign=F8DA95468DCF825E0D45B35C6B94FBAF
序号： 58 用例编号： 280
https://boss-api-pre.myutopa.com/eshop/service/app/user/activity/pageTitleAndDetails?appKey=11c4238672eb46cbbd1b3359a49e63c2&deviceType=Mobile&osInfo=iOS&platform=Safari&source=h5&sessionKey=854473a0547b4e1eacb062a123b51560&timestamp=1635238623&sign=F8DA95468DCF825E0D45B35C6B94FBAF
序号： 59 用例编号： 281
https://boss-api-pre.myutopa.com/eshop/service/app/user/appCofig/getBaseInfo?uid=2fc165befb234bacb76a1822c3291809&deviceId=4eddcac1d2c24430afd4f2ae4245d1b7&source=app&deviceType=iPhone_6&appInfo=UTOPA_60805&ver=1.0&osInfo=iOS_12.3.1&appKey=11c4238672eb46cbbd1b3359a49e63c2&accessToken=XlDvmNnzGEglDOAqCKLTtICNNAgHKNhvpfZzweGXesqxYmGgeBhpATKprhGdBplv&sessionKey=854473a0547b4e1eacb062a123b51560&timestamp=1635238623&sign=A7B84BA7AC2ADDE5A1F9685B8025524A
序号： 60 用例编号： 282
https://boss-api-pre.myutopa.com/eshop/service/app/user/special/getColumnProduct?uid=2fc165befb234bacb76a1822c3291809&deviceId=4eddcac1d2c24430afd4f2ae4245d1b7&source=app&deviceType=iPhone_6&appInfo=UTOPA_60805&ver=1.0&osInfo=iOS_12.3.1&appKey=11c4238672eb46cbbd1b3359a49e63c2&accessToken=XlDvmNnzGEglDOAqCKLTtICNNAgHKNhvpfZzweGXesqxYmGgeBhpATKprhGdBplv&sessionKey=854473a0547b4e1eacb062a123b51560&timestamp=1635238623&sign=A7B84BA7AC2ADDE5A1F9685B8025524A
序号： 61 用例编号： 283
https://boss-api-pre.myutopa.com/eshop/service/app/user/special/getColumnStore?uid=2fc165befb234bacb76a1822c3291809&deviceId=4eddcac1d2c24430afd4f2ae4245d1b7&source=app&deviceType=iPhone_6&appInfo=UTOPA_60805&ver=1.0&osInfo=iOS_12.3.1&appKey=11c4238672eb46cbbd1b3359a49e63c2&accessToken=XlDvmNnzGEglDOAqCKLTtICNNAgHKNhvpfZzweGXesqxYmGgeBhpATKprhGdBplv&sessionKey=854473a0547b4e1eacb062a123b51560&timestamp=1635238623&sign=A7B84BA7AC2ADDE5A1F9685B8025524A
序号： 62 用例编号： 284
https://api-pre.myutopa.com/app.do?appInfo=UTOPA_60805&deviceType=iPhone 6&markId=4eddcac1d2c24430afd4f2ae4245d1b7&method=neweshop.special.getGroupStore&osInfo=iOS_12.3.1&params={"accessToken":"XlDvmNnzGEglDOAqCKLTtICNNAgHKNhvpfZzweGXesqxYmGgeBhpATKprhGdBplv","clientType":1,"groupId":2005,"latitude":23.12655086785814,"longitude":113.3335659472429,"pageNo":1,"pageSize":20,"sortRule":2,"sysId":1,"uid":"2fc165befb234bacb76a1822c3291809"}&ver=1.0&sessionKey=998519cd128c4ef6a5f8fd3c2a4ddc94&sign=69c1c1fb7fb5f8bcc0c8516a7573ae95
序号： 63 用例编号： 285
https://api-pre.myutopa.com/app.do?method=eshop.special.getBaseInfo&ver=1.0&params={"accessToken":"","id":"20200708021","uid":""}&deviceId=391f7890-6da7-42a6-a920-9bd477de1908&appInfo=H5_60850&osInfo=iOS&uaInfo=Mozilla/5.0 (iPhone; CPU iPhone OS 12_3_1 like Mac OS X) AppleWebKit/605.1.15 (KHTML, like Gecko) Mobile/15E148/utopaApp&sessionKey=998519cd128c4ef6a5f8fd3c2a4ddc94&sign=76fcab6aa5a8617ad4a0b7d11fbbd9df
序号： 64 用例编号： 286
https://api-pre.myutopa.com/app.do?method=eshop.special.getBaseInfo&ver=1.0&params={"accessToken":"","id":"20200708021","uid":""}&deviceId=391f7890-6da7-42a6-a920-9bd477de1908&appInfo=H5_60850&osInfo=iOS&uaInfo=Mozilla/5.0 (iPhone; CPU iPhone OS 12_3_1 like Mac OS X) AppleWebKit/605.1.15 (KHTML, like Gecko) Mobile/15E148/utopaApp&sessionKey=&timestamp=1635238623&sign=ae6a2c0959c5d81c7546db37b8f24990
序号： 65 用例编号： 287
https://api-pre.myutopa.com/app.do?method=neweshop.special.pointColumnProductList&ver=1.0&params={"accessToken":"","themeId":"20200708021","uid":""}&deviceId=391f7890-6da7-42a6-a920-9bd477de1908&appInfo=H5_60850&osInfo=iOS&uaInfo=Mozilla/5.0 (iPhone; CPU iPhone OS 12_3_1 like Mac OS X) AppleWebKit/605.1.15 (KHTML, like Gecko) Mobile/15E148/utopaApp&sessionKey=998519cd128c4ef6a5f8fd3c2a4ddc94&timestamp=1635238623&sign=251f6f521233e0c7dd598a987c7f1834
序号： 66 用例编号： 288
https://boss-api-pre.myutopa.com/eshop/service/app/user/storeProduct/discountCardDetailPage?uid=2fc165befb234bacb76a1822c3291809&deviceId=4eddcac1d2c24430afd4f2ae4245d1b7&source=app&deviceType=iPhone_6&appInfo=UTOPA_60805&ver=1.0&osInfo=iOS_12.3.1&appKey=11c4238672eb46cbbd1b3359a49e63c2&accessToken=XlDvmNnzGEglDOAqCKLTtICNNAgHKNhvpfZzweGXesqxYmGgeBhpATKprhGdBplv&sessionKey=854473a0547b4e1eacb062a123b51560&timestamp=1635238623&sign=A7B84BA7AC2ADDE5A1F9685B8025524A
序号： 67 用例编号： 289
https://boss-api-pre.myutopa.com/eshop/service/app/user/activity/getProductByActiveList?uid=2fc165befb234bacb76a1822c3291809&deviceId=4eddcac1d2c24430afd4f2ae4245d1b7&source=app&deviceType=iPhone_6&appInfo=UTOPA_60805&ver=1.0&osInfo=iOS_12.3.1&appKey=11c4238672eb46cbbd1b3359a49e63c2&accessToken=XlDvmNnzGEglDOAqCKLTtICNNAgHKNhvpfZzweGXesqxYmGgeBhpATKprhGdBplv&sessionKey=854473a0547b4e1eacb062a123b51560&timestamp=1635238623&sign=A7B84BA7AC2ADDE5A1F9685B8025524A
序号： 68 用例编号： 290
https://boss-api-pre.myutopa.com/eshop/service/app/user/activity/getActivityForeCategoryList?&uid=2fc165befb234bacb76a1822c3291809&deviceId=4eddcac1d2c24430afd4f2ae4245d1b7&activityId=1905&source=app&appInfo=UTOPA_60805&deviceType=iPhone_6&ver=1.0&type=1&osInfo=iOS_12.3.1&appKey=11c4238672eb46cbbd1b3359a49e63c2&accessToken=XlDvmNnzGEglDOAqCKLTtICNNAgHKNhvpfZzweGXesqxYmGgeBhpATKprhGdBplv&sessionKey=854473a0547b4e1eacb062a123b51560&timestamp=1635238623&sign=AE28764CBF4115690BE76A99AF216CBA
序号： 69 用例编号： 291
https://api-pre.myutopa.com/app.do?appInfo=UTOPA_60805&deviceType=iPhone 6&markId=4eddcac1d2c24430afd4f2ae4245d1b7&method=utopa.eshop.coupon.myCouponList&osInfo=iOS_12.3.1&params={"accessToken":"XlDvmNnzGEglDOAqCKLTtICNNAgHKNhvpfZzweGXesqxYmGgeBhpATKprhGdBplv","clientType":1,"pageNo":1,"sysId":1,"uid":"2fc165befb234bacb76a1822c3291809"}&ver=1.0&sessionKey=998519cd128c4ef6a5f8fd3c2a4ddc94&timestamp=1635238623&sign=3bd519ddbf3f7b8f92dd071f1929c5f3
序号： 70 用例编号： 292
https://boss-api-pre.myutopa.com/eshop/service/app/user/activity/getProductByActiveList?uid=2fc165befb234bacb76a1822c3291809&deviceId=4eddcac1d2c24430afd4f2ae4245d1b7&source=app&deviceType=iPhone_6&appInfo=UTOPA_60805&ver=1.0&osInfo=iOS_12.3.1&appKey=11c4238672eb46cbbd1b3359a49e63c2&accessToken=XlDvmNnzGEglDOAqCKLTtICNNAgHKNhvpfZzweGXesqxYmGgeBhpATKprhGdBplv&sessionKey=854473a0547b4e1eacb062a123b51560&timestamp=1635238623&sign=A7B84BA7AC2ADDE5A1F9685B8025524A
序号： 71 用例编号： 293
https://boss-api-pre.myutopa.com/eshop/service/app/user/activity/getActivityForeCategoryList?&uid=2fc165befb234bacb76a1822c3291809&deviceId=4eddcac1d2c24430afd4f2ae4245d1b7&activityId=3916&source=app&appInfo=UTOPA_60805&deviceType=iPhone_6&ver=1.0&type=1&osInfo=iOS_12.3.1&appKey=11c4238672eb46cbbd1b3359a49e63c2&accessToken=XlDvmNnzGEglDOAqCKLTtICNNAgHKNhvpfZzweGXesqxYmGgeBhpATKprhGdBplv&sessionKey=854473a0547b4e1eacb062a123b51560&timestamp=1635238623&sign=80AD5A311D7DA95C432071CED736047F
序号： 72 用例编号： 294
https://boss-api-pre.myutopa.com/eshop/service/app/user/getFavProducts?uid=2fc165befb234bacb76a1822c3291809&deviceId=4eddcac1d2c24430afd4f2ae4245d1b7&source=app&deviceType=iPhone_6&appInfo=UTOPA_60805&ver=1.0&osInfo=iOS_12.3.1&appKey=11c4238672eb46cbbd1b3359a49e63c2&accessToken=XlDvmNnzGEglDOAqCKLTtICNNAgHKNhvpfZzweGXesqxYmGgeBhpATKprhGdBplv&sessionKey=854473a0547b4e1eacb062a123b51560&timestamp=1635238623&sign=A7B84BA7AC2ADDE5A1F9685B8025524A
序号： 73 用例编号： 295
https://boss-api-pre.myutopa.com/eshop/service/app/user/addFavorite?uid=2fc165befb234bacb76a1822c3291809&deviceId=4eddcac1d2c24430afd4f2ae4245d1b7&source=app&deviceType=iPhone_6&appInfo=UTOPA_60805&ver=1.0&osInfo=iOS_12.3.1&appKey=11c4238672eb46cbbd1b3359a49e63c2&accessToken=XlDvmNnzGEglDOAqCKLTtICNNAgHKNhvpfZzweGXesqxYmGgeBhpATKprhGdBplv&sessionKey=854473a0547b4e1eacb062a123b51560&timestamp=1635238623&sign=A7B84BA7AC2ADDE5A1F9685B8025524A
序号： 74 用例编号： 296
https://boss-api-pre.myutopa.com/eshop/service/app/user/cancelFavorite?uid=2fc165befb234bacb76a1822c3291809&deviceId=4eddcac1d2c24430afd4f2ae4245d1b7&source=app&deviceType=iPhone_6&appInfo=UTOPA_60805&ver=1.0&osInfo=iOS_12.3.1&appKey=11c4238672eb46cbbd1b3359a49e63c2&accessToken=XlDvmNnzGEglDOAqCKLTtICNNAgHKNhvpfZzweGXesqxYmGgeBhpATKprhGdBplv&sessionKey=854473a0547b4e1eacb062a123b51560&timestamp=1635238623&sign=A7B84BA7AC2ADDE5A1F9685B8025524A
序号： 75 用例编号： 297
https://boss-api-pre.myutopa.com/eshop/service/app/user/productOrder/myProductOrders?uid=2fc165befb234bacb76a1822c3291809&deviceId=4eddcac1d2c24430afd4f2ae4245d1b7&source=app&deviceType=iPhone_6&appInfo=UTOPA_60805&ver=1.0&osInfo=iOS_12.3.1&appKey=11c4238672eb46cbbd1b3359a49e63c2&accessToken=XlDvmNnzGEglDOAqCKLTtICNNAgHKNhvpfZzweGXesqxYmGgeBhpATKprhGdBplv&sessionKey=854473a0547b4e1eacb062a123b51560&timestamp=1635238623&sign=A7B84BA7AC2ADDE5A1F9685B8025524A
序号： 76 用例编号： 298
https://boss-api-pre.myutopa.com/eshop/service/app/user/productOrder/myProductOrders?uid=2fc165befb234bacb76a1822c3291809&deviceId=4eddcac1d2c24430afd4f2ae4245d1b7&source=app&deviceType=iPhone_6&appInfo=UTOPA_60805&ver=1.0&osInfo=iOS_12.3.1&appKey=11c4238672eb46cbbd1b3359a49e63c2&accessToken=XlDvmNnzGEglDOAqCKLTtICNNAgHKNhvpfZzweGXesqxYmGgeBhpATKprhGdBplv&sessionKey=854473a0547b4e1eacb062a123b51560&timestamp=1635238623&sign=A7B84BA7AC2ADDE5A1F9685B8025524A
序号： 77 用例编号： 299
https://boss-api-pre.myutopa.com/eshop/service/app/user/productOrder/myProductOrders?uid=2fc165befb234bacb76a1822c3291809&deviceId=4eddcac1d2c24430afd4f2ae4245d1b7&source=app&deviceType=iPhone_6&appInfo=UTOPA_60805&ver=1.0&osInfo=iOS_12.3.1&appKey=11c4238672eb46cbbd1b3359a49e63c2&accessToken=XlDvmNnzGEglDOAqCKLTtICNNAgHKNhvpfZzweGXesqxYmGgeBhpATKprhGdBplv&sessionKey=854473a0547b4e1eacb062a123b51560&timestamp=1635238623&sign=A7B84BA7AC2ADDE5A1F9685B8025524A
序号： 78 用例编号： 300
https://boss-api-pre.myutopa.com/eshop/service/app/user/productOrder/myProductOrders?uid=2fc165befb234bacb76a1822c3291809&deviceId=4eddcac1d2c24430afd4f2ae4245d1b7&source=app&deviceType=iPhone_6&appInfo=UTOPA_60805&ver=1.0&osInfo=iOS_12.3.1&appKey=11c4238672eb46cbbd1b3359a49e63c2&accessToken=XlDvmNnzGEglDOAqCKLTtICNNAgHKNhvpfZzweGXesqxYmGgeBhpATKprhGdBplv&sessionKey=854473a0547b4e1eacb062a123b51560&timestamp=1635238623&sign=A7B84BA7AC2ADDE5A1F9685B8025524A
序号： 79 用例编号： 301
https://boss-api-pre.myutopa.com/eshop/service/app/user/productOrder/myProductOrders?uid=2fc165befb234bacb76a1822c3291809&deviceId=4eddcac1d2c24430afd4f2ae4245d1b7&source=app&deviceType=iPhone_6&appInfo=UTOPA_60805&ver=1.0&osInfo=iOS_12.3.1&appKey=11c4238672eb46cbbd1b3359a49e63c2&accessToken=XlDvmNnzGEglDOAqCKLTtICNNAgHKNhvpfZzweGXesqxYmGgeBhpATKprhGdBplv&sessionKey=854473a0547b4e1eacb062a123b51560&timestamp=1635238623&sign=A7B84BA7AC2ADDE5A1F9685B8025524A
序号： 80 用例编号： 302
https://boss-api-pre.myutopa.com/eshop/service/app/user/productOrder/commitOrder?uid=2fc165befb234bacb76a1822c3291809&deviceId=4eddcac1d2c24430afd4f2ae4245d1b7&source=app&deviceType=iPhone_6&appInfo=UTOPA_60805&ver=1.0&osInfo=iOS_12.3.1&appKey=11c4238672eb46cbbd1b3359a49e63c2&accessToken=XlDvmNnzGEglDOAqCKLTtICNNAgHKNhvpfZzweGXesqxYmGgeBhpATKprhGdBplv&sessionKey=854473a0547b4e1eacb062a123b51560&timestamp=1635238623&sign=A7B84BA7AC2ADDE5A1F9685B8025524A
序号： 81 用例编号： 303
https://boss-api-pre.myutopa.com/eshop/service/app/user/productOrder/productOrderDetail?uid=2fc165befb234bacb76a1822c3291809&deviceId=4eddcac1d2c24430afd4f2ae4245d1b7&source=app&deviceType=iPhone_6&appInfo=UTOPA_60805&ver=1.0&osInfo=iOS_12.3.1&appKey=11c4238672eb46cbbd1b3359a49e63c2&accessToken=XlDvmNnzGEglDOAqCKLTtICNNAgHKNhvpfZzweGXesqxYmGgeBhpATKprhGdBplv&sessionKey=854473a0547b4e1eacb062a123b51560&timestamp=1635238623&sign=A7B84BA7AC2ADDE5A1F9685B8025524A
序号： 82 用例编号： 304
https://boss-api-pre.myutopa.com/eshop/service/app/user/shopCart/addShopCartAgain?uid=2fc165befb234bacb76a1822c3291809&deviceId=4eddcac1d2c24430afd4f2ae4245d1b7&source=app&deviceType=iPhone_6&appInfo=UTOPA_60805&ver=1.0&osInfo=iOS_12.3.1&appKey=11c4238672eb46cbbd1b3359a49e63c2&accessToken=XlDvmNnzGEglDOAqCKLTtICNNAgHKNhvpfZzweGXesqxYmGgeBhpATKprhGdBplv&sessionKey=854473a0547b4e1eacb062a123b51560&timestamp=1635238623&sign=A7B84BA7AC2ADDE5A1F9685B8025524A
序号： 83 用例编号： 305
https://api-pre.myutopa.com/app.do?appInfo=UTOPA_60805&deviceType=iPhone 6&markId=4eddcac1d2c24430afd4f2ae4245d1b7&method=utopa.eshop.productorder.app.updateOverTimeOrder&osInfo=iOS_12.3.1&params={"accessToken":"XlDvmNnzGEglDOAqCKLTtICNNAgHKNhvpfZzweGXesqxYmGgeBhpATKprhGdBplv","clientType":1,"orderId":"16404","orderSource":1,"sysId":1,"uid":"2fc165befb234bacb76a1822c3291809"}&ver=1.0&sessionKey=998519cd128c4ef6a5f8fd3c2a4ddc94&sign=72243308700772bef4ce1aab41ec8e42
序号： 84 用例编号： 306
https://boss-api-pre.myutopa.com/eshop/service/app/user/productOrderDetail/cancelOrderDetail?uid=2fc165befb234bacb76a1822c3291809&deviceId=4eddcac1d2c24430afd4f2ae4245d1b7&source=app&deviceType=iPhone_6&appInfo=UTOPA_60805&ver=1.0&osInfo=iOS_12.3.1&appKey=11c4238672eb46cbbd1b3359a49e63c2&accessToken=XlDvmNnzGEglDOAqCKLTtICNNAgHKNhvpfZzweGXesqxYmGgeBhpATKprhGdBplv&sessionKey=854473a0547b4e1eacb062a123b51560&timestamp=1635238623&sign=A7B84BA7AC2ADDE5A1F9685B8025524A
序号： 85 用例编号： 307
https://boss-api-pre.myutopa.com/eshop/service/app/user/productOrder/confirmOrder?uid=2fc165befb234bacb76a1822c3291809&deviceId=4eddcac1d2c24430afd4f2ae4245d1b7&source=app&deviceType=iPhone_6&appInfo=UTOPA_60805&ver=1.0&osInfo=iOS_12.3.1&appKey=11c4238672eb46cbbd1b3359a49e63c2&accessToken=XlDvmNnzGEglDOAqCKLTtICNNAgHKNhvpfZzweGXesqxYmGgeBhpATKprhGdBplv&sessionKey=854473a0547b4e1eacb062a123b51560&timestamp=1635238623&sign=A7B84BA7AC2ADDE5A1F9685B8025524A
序号： 86 用例编号： 308
https://boss-api-pre.myutopa.com/eshop/service/app/user/productOrder/commitOrder?uid=2fc165befb234bacb76a1822c3291809&deviceId=4eddcac1d2c24430afd4f2ae4245d1b7&source=app&deviceType=iPhone_6&appInfo=UTOPA_60805&ver=1.0&osInfo=iOS_12.3.1&appKey=11c4238672eb46cbbd1b3359a49e63c2&accessToken=XlDvmNnzGEglDOAqCKLTtICNNAgHKNhvpfZzweGXesqxYmGgeBhpATKprhGdBplv&sessionKey=854473a0547b4e1eacb062a123b51560&timestamp=1635238623&sign=A7B84BA7AC2ADDE5A1F9685B8025524A
序号： 87 用例编号： 309
https://boss-api-pre.myutopa.com/eshop/service/app/user/productOrder/productOrderDetail?uid=2fc165befb234bacb76a1822c3291809&deviceId=4eddcac1d2c24430afd4f2ae4245d1b7&source=app&deviceType=iPhone_6&appInfo=UTOPA_60805&ver=1.0&osInfo=iOS_12.3.1&appKey=11c4238672eb46cbbd1b3359a49e63c2&accessToken=XlDvmNnzGEglDOAqCKLTtICNNAgHKNhvpfZzweGXesqxYmGgeBhpATKprhGdBplv&sessionKey=854473a0547b4e1eacb062a123b51560&timestamp=1635238623&sign=A7B84BA7AC2ADDE5A1F9685B8025524A
序号： 88 用例编号： 310
https://boss-api-pre.myutopa.com/eshop/service/app/user/advertisement/getAdvertisementByStoreId?uid=2fc165befb234bacb76a1822c3291809&deviceId=4eddcac1d2c24430afd4f2ae4245d1b7&source=app&deviceType=iPhone_6&appInfo=UTOPA_60805&ver=1.0&osInfo=iOS_12.3.1&appKey=11c4238672eb46cbbd1b3359a49e63c2&accessToken=XlDvmNnzGEglDOAqCKLTtICNNAgHKNhvpfZzweGXesqxYmGgeBhpATKprhGdBplv&sessionKey=854473a0547b4e1eacb062a123b51560&timestamp=1635238623&sign=A7B84BA7AC2ADDE5A1F9685B8025524A
序号： 89 用例编号： 311
https://boss-api-pre.myutopa.com/eshop/service/app/user/store/getStoreDetail?uid=2fc165befb234bacb76a1822c3291809&deviceId=4eddcac1d2c24430afd4f2ae4245d1b7&source=app&deviceType=iPhone_6&appInfo=UTOPA_60805&ver=1.0&osInfo=iOS_12.3.1&appKey=11c4238672eb46cbbd1b3359a49e63c2&accessToken=XlDvmNnzGEglDOAqCKLTtICNNAgHKNhvpfZzweGXesqxYmGgeBhpATKprhGdBplv&sessionKey=854473a0547b4e1eacb062a123b51560&timestamp=1635238623&sign=A7B84BA7AC2ADDE5A1F9685B8025524A
序号： 90 用例编号： 312
https://boss-api-pre.myutopa.com/eshop/service/app/user/storeProduct/getStoreProductIndexList?uid=2fc165befb234bacb76a1822c3291809&deviceId=4eddcac1d2c24430afd4f2ae4245d1b7&source=app&deviceType=iPhone_6&appInfo=UTOPA_60805&ver=1.0&osInfo=iOS_12.3.1&appKey=11c4238672eb46cbbd1b3359a49e63c2&accessToken=XlDvmNnzGEglDOAqCKLTtICNNAgHKNhvpfZzweGXesqxYmGgeBhpATKprhGdBplv&sessionKey=854473a0547b4e1eacb062a123b51560&timestamp=1635238623&sign=A7B84BA7AC2ADDE5A1F9685B8025524A
序号： 91 用例编号： 313
https://boss-api-pre.myutopa.com/eshop/service/app/user/storeProduct/listStoreProductByforeCategoryId?uid=2fc165befb234bacb76a1822c3291809&deviceId=4eddcac1d2c24430afd4f2ae4245d1b7&source=app&deviceType=iPhone_6&appInfo=UTOPA_60805&ver=1.0&osInfo=iOS_12.3.1&appKey=11c4238672eb46cbbd1b3359a49e63c2&accessToken=XlDvmNnzGEglDOAqCKLTtICNNAgHKNhvpfZzweGXesqxYmGgeBhpATKprhGdBplv&sessionKey=854473a0547b4e1eacb062a123b51560&timestamp=1635238623&sign=A7B84BA7AC2ADDE5A1F9685B8025524A
序号： 92 用例编号： 314
https://boss-api-pre.myutopa.com/eshop/service/app/user/category/listRootAndLeavesForeCategoryById?uid=2fc165befb234bacb76a1822c3291809&deviceId=4eddcac1d2c24430afd4f2ae4245d1b7&source=app&deviceType=iPhone_6&appInfo=UTOPA_60805&ver=1.0&osInfo=iOS_12.3.1&appKey=11c4238672eb46cbbd1b3359a49e63c2&accessToken=XlDvmNnzGEglDOAqCKLTtICNNAgHKNhvpfZzweGXesqxYmGgeBhpATKprhGdBplv&sessionKey=854473a0547b4e1eacb062a123b51560&timestamp=1635238623&sign=A7B84BA7AC2ADDE5A1F9685B8025524A
序号： 93 用例编号： 315
https://boss-api-pre.myutopa.com/eshop/service/app/user/addFavorite?uid=2fc165befb234bacb76a1822c3291809&deviceId=4eddcac1d2c24430afd4f2ae4245d1b7&source=app&deviceType=iPhone_6&appInfo=UTOPA_60805&ver=1.0&osInfo=iOS_12.3.1&appKey=11c4238672eb46cbbd1b3359a49e63c2&accessToken=XlDvmNnzGEglDOAqCKLTtICNNAgHKNhvpfZzweGXesqxYmGgeBhpATKprhGdBplv&sessionKey=854473a0547b4e1eacb062a123b51560&timestamp=1635238623&sign=A7B84BA7AC2ADDE5A1F9685B8025524A
序号： 94 用例编号： 316
https://boss-api-pre.myutopa.com/eshop/service/app/user/cancelFavorite?uid=2fc165befb234bacb76a1822c3291809&deviceId=4eddcac1d2c24430afd4f2ae4245d1b7&source=app&deviceType=iPhone_6&appInfo=UTOPA_60805&ver=1.0&osInfo=iOS_12.3.1&appKey=11c4238672eb46cbbd1b3359a49e63c2&accessToken=XlDvmNnzGEglDOAqCKLTtICNNAgHKNhvpfZzweGXesqxYmGgeBhpATKprhGdBplv&sessionKey=854473a0547b4e1eacb062a123b51560&timestamp=1635238623&sign=A7B84BA7AC2ADDE5A1F9685B8025524A
序号： 95 用例编号： 317
https://api-pre.myutopa.com/app.do?appInfo=UTOPA_60805&deviceType=iPhone 6&markId=4eddcac1d2c24430afd4f2ae4245d1b7&method=eshop.useraction.getIndexUserDate&osInfo=iOS_12.3.1&params={"accessToken":"XlDvmNnzGEglDOAqCKLTtICNNAgHKNhvpfZzweGXesqxYmGgeBhpATKprhGdBplv","clientType":1,"sysId":1,"uid":"2fc165befb234bacb76a1822c3291809"}&ver=1.0&sessionKey=998519cd128c4ef6a5f8fd3c2a4ddc94&sign=42f978cab297756bf69a6e70fbcd059d
序号： 96 用例编号： 318
https://boss-api-pre.myutopa.com/eshop/service/app/user/productOrder/getUserOrderCount?uid=2fc165befb234bacb76a1822c3291809&deviceId=4eddcac1d2c24430afd4f2ae4245d1b7&source=app&deviceType=iPhone_6&appInfo=UTOPA_60805&ver=1.0&osInfo=iOS_12.3.1&appKey=11c4238672eb46cbbd1b3359a49e63c2&accessToken=XlDvmNnzGEglDOAqCKLTtICNNAgHKNhvpfZzweGXesqxYmGgeBhpATKprhGdBplv&sessionKey=854473a0547b4e1eacb062a123b51560&timestamp=1635238623&sign=A7B84BA7AC2ADDE5A1F9685B8025524A
序号： 97 用例编号： 319
https://boss-api-pre.myutopa.com/eshop/service/app/user/express/orderExpressQueryAll?uid=2fc165befb234bacb76a1822c3291809&deviceId=4eddcac1d2c24430afd4f2ae4245d1b7&source=app&deviceType=iPhone_6&appInfo=UTOPA_60805&ver=1.0&osInfo=iOS_12.3.1&appKey=11c4238672eb46cbbd1b3359a49e63c2&accessToken=XlDvmNnzGEglDOAqCKLTtICNNAgHKNhvpfZzweGXesqxYmGgeBhpATKprhGdBplv&sessionKey=854473a0547b4e1eacb062a123b51560&timestamp=1635238623&sign=A7B84BA7AC2ADDE5A1F9685B8025524A
序号： 98 用例编号： 320
https://boss-api-pre.myutopa.com/eshop/service/app/user/baseParam/getValueBykey?uid=2fc165befb234bacb76a1822c3291809&paramKey=point_mall_url&deviceId=4eddcac1d2c24430afd4f2ae4245d1b7&source=app&deviceType=iPhone_6&appInfo=UTOPA_60805&ver=1.0&osInfo=iOS_12.3.1&appKey=11c4238672eb46cbbd1b3359a49e63c2&accessToken=XlDvmNnzGEglDOAqCKLTtICNNAgHKNhvpfZzweGXesqxYmGgeBhpATKprhGdBplv&sessionKey=854473a0547b4e1eacb062a123b51560&timestamp=1635238623&sign=4F91C3427D82DD8D693820BBA79FCCEA
序号： 99 用例编号： 321
https://boss-api-pre.myutopa.com/eshop/service/app/user/advertisement/listAdvertisementByCode?uid=2fc165befb234bacb76a1822c3291809&deviceId=4eddcac1d2c24430afd4f2ae4245d1b7&source=app&deviceType=iPhone_6&appInfo=UTOPA_60805&ver=1.0&osInfo=iOS_12.3.1&appKey=11c4238672eb46cbbd1b3359a49e63c2&accessToken=XlDvmNnzGEglDOAqCKLTtICNNAgHKNhvpfZzweGXesqxYmGgeBhpATKprhGdBplv&sessionKey=854473a0547b4e1eacb062a123b51560&timestamp=1635238623&sign=A7B84BA7AC2ADDE5A1F9685B8025524A
序号： 100 用例编号： 322
https://api-pre.myutopa.com/app.do?appInfo=UTOPA_60805&deviceType=iPhone 6&markId=4eddcac1d2c24430afd4f2ae4245d1b7&method=utopa.eshop.coupon.bussinessCouponList&osInfo=iOS_12.3.1&params={"accessToken":"XlDvmNnzGEglDOAqCKLTtICNNAgHKNhvpfZzweGXesqxYmGgeBhpATKprhGdBplv","businessId":"3142","channels":"1","clientType":1,"storeId":"774949","sysId":1,"uid":"2fc165befb234bacb76a1822c3291809"}&ver=1.0&sessionKey=998519cd128c4ef6a5f8fd3c2a4ddc94&sign=af3555e53865c5bf27b089e81b29787f
序号： 101 用例编号： 323
https://api-pre.myutopa.com/app.do?appInfo=UTOPA_60805&deviceType=iPhone 6&markId=4eddcac1d2c24430afd4f2ae4245d1b7&method=utopa.eshop.coupon.userGetCoupon&osInfo=iOS_12.3.1&params={"accessToken":"XlDvmNnzGEglDOAqCKLTtICNNAgHKNhvpfZzweGXesqxYmGgeBhpATKprhGdBplv","activityId":"11244","businessId":"3142","clientType":1,"couponCode":"201202108302001011821","popPageId":"","storeId":"774949","sysId":1,"uid":"2fc165befb234bacb76a1822c3291809"}&ver=1.0&sessionKey=998519cd128c4ef6a5f8fd3c2a4ddc94&sign=b290d811fdd1e209ec1f06ad5da5c10d
序号： 102 用例编号： 324
https://boss-api-pre.myutopa.com/eshop/service/app/user/product/getProductSkuApp?uid=2fc165befb234bacb76a1822c3291809&deviceId=4eddcac1d2c24430afd4f2ae4245d1b7&source=app&deviceType=iPhone_6&appInfo=UTOPA_60805&ver=1.0&osInfo=iOS_12.3.1&appKey=11c4238672eb46cbbd1b3359a49e63c2&accessToken=XlDvmNnzGEglDOAqCKLTtICNNAgHKNhvpfZzweGXesqxYmGgeBhpATKprhGdBplv&sessionKey=854473a0547b4e1eacb062a123b51560&timestamp=1635238623&sign=A7B84BA7AC2ADDE5A1F9685B8025524A
序号： 103 用例编号： 325
https://boss-api-pre.myutopa.com/eshop/service/app/user/productOrder/confirmOrder?uid=2fc165befb234bacb76a1822c3291809&deviceId=4eddcac1d2c24430afd4f2ae4245d1b7&source=app&deviceType=iPhone_6&appInfo=UTOPA_60805&ver=1.0&osInfo=iOS_12.3.1&appKey=11c4238672eb46cbbd1b3359a49e63c2&accessToken=XlDvmNnzGEglDOAqCKLTtICNNAgHKNhvpfZzweGXesqxYmGgeBhpATKprhGdBplv&sessionKey=854473a0547b4e1eacb062a123b51560&timestamp=1635238623&sign=A7B84BA7AC2ADDE5A1F9685B8025524A
序号： 104 用例编号： 326
https://boss-api-pre.myutopa.com/eshop/service/app/user/productOrder/commitOrder?uid=2fc165befb234bacb76a1822c3291809&deviceId=4eddcac1d2c24430afd4f2ae4245d1b7&source=app&deviceType=iPhone_6&appInfo=UTOPA_60805&ver=1.0&osInfo=iOS_12.3.1&appKey=11c4238672eb46cbbd1b3359a49e63c2&accessToken=XlDvmNnzGEglDOAqCKLTtICNNAgHKNhvpfZzweGXesqxYmGgeBhpATKprhGdBplv&sessionKey=854473a0547b4e1eacb062a123b51560&timestamp=1635238623&sign=A7B84BA7AC2ADDE5A1F9685B8025524A
序号： 105 用例编号： 327
https://boss-api-pre.myutopa.com/eshop/service/app/user/productOrder/confirmOrder?uid=2fc165befb234bacb76a1822c3291809&deviceId=4eddcac1d2c24430afd4f2ae4245d1b7&source=app&deviceType=iPhone_6&appInfo=UTOPA_60805&ver=1.0&osInfo=iOS_12.3.1&appKey=11c4238672eb46cbbd1b3359a49e63c2&accessToken=XlDvmNnzGEglDOAqCKLTtICNNAgHKNhvpfZzweGXesqxYmGgeBhpATKprhGdBplv&sessionKey=854473a0547b4e1eacb062a123b51560&timestamp=1635238623&sign=A7B84BA7AC2ADDE5A1F9685B8025524A
序号： 106 用例编号： 328
https://boss-api-pre.myutopa.com/eshop/service/app/user/productOrder/commitOrder?uid=2fc165befb234bacb76a1822c3291809&deviceId=4eddcac1d2c24430afd4f2ae4245d1b7&source=app&deviceType=iPhone_6&appInfo=UTOPA_60805&ver=1.0&osInfo=iOS_12.3.1&appKey=11c4238672eb46cbbd1b3359a49e63c2&accessToken=XlDvmNnzGEglDOAqCKLTtICNNAgHKNhvpfZzweGXesqxYmGgeBhpATKprhGdBplv&sessionKey=854473a0547b4e1eacb062a123b51560&timestamp=1635238623&sign=A7B84BA7AC2ADDE5A1F9685B8025524A
序号： 107 用例编号： 329
https://boss-api-pre.myutopa.com/eshop/service/app/user/productOrder/confirmOrder?uid=2fc165befb234bacb76a1822c3291809&deviceId=4eddcac1d2c24430afd4f2ae4245d1b7&source=app&deviceType=iPhone_6&appInfo=UTOPA_60805&ver=1.0&osInfo=iOS_12.3.1&appKey=11c4238672eb46cbbd1b3359a49e63c2&accessToken=XlDvmNnzGEglDOAqCKLTtICNNAgHKNhvpfZzweGXesqxYmGgeBhpATKprhGdBplv&sessionKey=854473a0547b4e1eacb062a123b51560&timestamp=1635238623&sign=A7B84BA7AC2ADDE5A1F9685B8025524A
序号： 108 用例编号： 330
https://boss-api-pre.myutopa.com/eshop/service/app/user/productOrder/confirmOrderChangeCoupons?uid=2fc165befb234bacb76a1822c3291809&deviceId=4eddcac1d2c24430afd4f2ae4245d1b7&source=app&deviceType=iPhone_6&appInfo=UTOPA_60805&ver=1.0&osInfo=iOS_12.3.1&appKey=11c4238672eb46cbbd1b3359a49e63c2&accessToken=XlDvmNnzGEglDOAqCKLTtICNNAgHKNhvpfZzweGXesqxYmGgeBhpATKprhGdBplv&sessionKey=854473a0547b4e1eacb062a123b51560&timestamp=1635238623&sign=A7B84BA7AC2ADDE5A1F9685B8025524A
序号： 109 用例编号： 331
https://boss-api-pre.myutopa.com/eshop/service/app/user/productOrder/confirmOrder?uid=2fc165befb234bacb76a1822c3291809&deviceId=4eddcac1d2c24430afd4f2ae4245d1b7&source=app&deviceType=iPhone_6&appInfo=UTOPA_60805&ver=1.0&osInfo=iOS_12.3.1&appKey=11c4238672eb46cbbd1b3359a49e63c2&accessToken=XlDvmNnzGEglDOAqCKLTtICNNAgHKNhvpfZzweGXesqxYmGgeBhpATKprhGdBplv&sessionKey=854473a0547b4e1eacb062a123b51560&timestamp=1635238623&sign=A7B84BA7AC2ADDE5A1F9685B8025524A
序号： 110 用例编号： 332
https://boss-api-pre.myutopa.com/eshop/service/app/user/productOrder/commitOrder?uid=2fc165befb234bacb76a1822c3291809&deviceId=4eddcac1d2c24430afd4f2ae4245d1b7&source=app&deviceType=iPhone_6&appInfo=UTOPA_60805&ver=1.0&osInfo=iOS_12.3.1&appKey=11c4238672eb46cbbd1b3359a49e63c2&accessToken=XlDvmNnzGEglDOAqCKLTtICNNAgHKNhvpfZzweGXesqxYmGgeBhpATKprhGdBplv&sessionKey=854473a0547b4e1eacb062a123b51560&timestamp=1635238623&sign=A7B84BA7AC2ADDE5A1F9685B8025524A
序号： 111 用例编号： 333
https://boss-api-pre.myutopa.com/eshop/service/app/user/productOrder/confirmOrder?uid=2fc165befb234bacb76a1822c3291809&deviceId=4eddcac1d2c24430afd4f2ae4245d1b7&source=app&deviceType=iPhone_6&appInfo=UTOPA_60805&ver=1.0&osInfo=iOS_12.3.1&appKey=11c4238672eb46cbbd1b3359a49e63c2&accessToken=XlDvmNnzGEglDOAqCKLTtICNNAgHKNhvpfZzweGXesqxYmGgeBhpATKprhGdBplv&sessionKey=854473a0547b4e1eacb062a123b51560&timestamp=1635238623&sign=A7B84BA7AC2ADDE5A1F9685B8025524A
序号： 112 用例编号： 334
https://boss-api-pre.myutopa.com/eshop/service/app/user/productOrder/commitOrder?uid=2fc165befb234bacb76a1822c3291809&deviceId=4eddcac1d2c24430afd4f2ae4245d1b7&source=app&deviceType=iPhone_6&appInfo=UTOPA_60805&ver=1.0&osInfo=iOS_12.3.1&appKey=11c4238672eb46cbbd1b3359a49e63c2&accessToken=XlDvmNnzGEglDOAqCKLTtICNNAgHKNhvpfZzweGXesqxYmGgeBhpATKprhGdBplv&sessionKey=854473a0547b4e1eacb062a123b51560&timestamp=1635238623&sign=A7B84BA7AC2ADDE5A1F9685B8025524A
序号： 113 用例编号： 335
https://boss-api-pre.myutopa.com/eshop/service/app/user/productOrder/confirmOrder?uid=2fc165befb234bacb76a1822c3291809&deviceId=4eddcac1d2c24430afd4f2ae4245d1b7&source=app&deviceType=iPhone_6&appInfo=UTOPA_60805&ver=1.0&osInfo=iOS_12.3.1&appKey=11c4238672eb46cbbd1b3359a49e63c2&accessToken=XlDvmNnzGEglDOAqCKLTtICNNAgHKNhvpfZzweGXesqxYmGgeBhpATKprhGdBplv&sessionKey=854473a0547b4e1eacb062a123b51560&timestamp=1635238623&sign=A7B84BA7AC2ADDE5A1F9685B8025524A
序号： 114 用例编号： 336
https://boss-api-pre.myutopa.com/eshop/service/app/user/productOrder/commitOrder?uid=2fc165befb234bacb76a1822c3291809&deviceId=4eddcac1d2c24430afd4f2ae4245d1b7&source=app&deviceType=iPhone_6&appInfo=UTOPA_60805&ver=1.0&osInfo=iOS_12.3.1&appKey=11c4238672eb46cbbd1b3359a49e63c2&accessToken=XlDvmNnzGEglDOAqCKLTtICNNAgHKNhvpfZzweGXesqxYmGgeBhpATKprhGdBplv&sessionKey=854473a0547b4e1eacb062a123b51560&timestamp=1635238623&sign=A7B84BA7AC2ADDE5A1F9685B8025524A
序号： 115 用例编号： 337
https://boss-api-pre.myutopa.com/eshop/service/app/user/product/getProductSkuApp?uid=2fc165befb234bacb76a1822c3291809&deviceId=4eddcac1d2c24430afd4f2ae4245d1b7&source=app&deviceType=iPhone_6&appInfo=UTOPA_60805&ver=1.0&osInfo=iOS_12.3.1&appKey=11c4238672eb46cbbd1b3359a49e63c2&accessToken=XlDvmNnzGEglDOAqCKLTtICNNAgHKNhvpfZzweGXesqxYmGgeBhpATKprhGdBplv&sessionKey=854473a0547b4e1eacb062a123b51560&timestamp=1635238623&sign=A7B84BA7AC2ADDE5A1F9685B8025524A
序号： 116 用例编号： 338
https://boss-api-pre.myutopa.com/eshop/service/app/user/productOrder/confirmOrder?uid=2fc165befb234bacb76a1822c3291809&deviceId=4eddcac1d2c24430afd4f2ae4245d1b7&source=app&deviceType=iPhone_6&appInfo=UTOPA_60805&ver=1.0&osInfo=iOS_12.3.1&appKey=11c4238672eb46cbbd1b3359a49e63c2&accessToken=XlDvmNnzGEglDOAqCKLTtICNNAgHKNhvpfZzweGXesqxYmGgeBhpATKprhGdBplv&sessionKey=854473a0547b4e1eacb062a123b51560&timestamp=1635238623&sign=A7B84BA7AC2ADDE5A1F9685B8025524A
序号： 117 用例编号： 339
https://boss-api-pre.myutopa.com/eshop/service/app/user/productOrder/commitOrder?uid=2fc165befb234bacb76a1822c3291809&deviceId=4eddcac1d2c24430afd4f2ae4245d1b7&source=app&deviceType=iPhone_6&appInfo=UTOPA_60805&ver=1.0&osInfo=iOS_12.3.1&appKey=11c4238672eb46cbbd1b3359a49e63c2&accessToken=XlDvmNnzGEglDOAqCKLTtICNNAgHKNhvpfZzweGXesqxYmGgeBhpATKprhGdBplv&sessionKey=854473a0547b4e1eacb062a123b51560&timestamp=1635238623&sign=A7B84BA7AC2ADDE5A1F9685B8025524A
序号： 118 用例编号： 340
https://boss-api-pre.myutopa.com/eshop/service/app/user/productOrder/confirmOrder?uid=2fc165befb234bacb76a1822c3291809&deviceId=4eddcac1d2c24430afd4f2ae4245d1b7&source=app&deviceType=iPhone_6&appInfo=UTOPA_60805&ver=1.0&osInfo=iOS_12.3.1&appKey=11c4238672eb46cbbd1b3359a49e63c2&accessToken=XlDvmNnzGEglDOAqCKLTtICNNAgHKNhvpfZzweGXesqxYmGgeBhpATKprhGdBplv&sessionKey=854473a0547b4e1eacb062a123b51560&timestamp=1635238623&sign=A7B84BA7AC2ADDE5A1F9685B8025524A
序号： 119 用例编号： 341
https://boss-api-pre.myutopa.com/eshop/service/app/user/productOrder/commitOrder?uid=2fc165befb234bacb76a1822c3291809&deviceId=4eddcac1d2c24430afd4f2ae4245d1b7&source=app&deviceType=iPhone_6&appInfo=UTOPA_60805&ver=1.0&osInfo=iOS_12.3.1&appKey=11c4238672eb46cbbd1b3359a49e63c2&accessToken=XlDvmNnzGEglDOAqCKLTtICNNAgHKNhvpfZzweGXesqxYmGgeBhpATKprhGdBplv&sessionKey=854473a0547b4e1eacb062a123b51560&timestamp=1635238623&sign=A7B84BA7AC2ADDE5A1F9685B8025524A
序号： 120 用例编号： 342
https://boss-api-pre.myutopa.com/eshop/service/app/user/product/discountRemainingNum?uid=2fc165befb234bacb76a1822c3291809&deviceId=4eddcac1d2c24430afd4f2ae4245d1b7&source=app&deviceType=iPhone_6&appInfo=UTOPA_60805&ver=1.0&osInfo=iOS_12.3.1&appKey=11c4238672eb46cbbd1b3359a49e63c2&accessToken=XlDvmNnzGEglDOAqCKLTtICNNAgHKNhvpfZzweGXesqxYmGgeBhpATKprhGdBplv&sessionKey=854473a0547b4e1eacb062a123b51560&timestamp=1635238623&sign=A7B84BA7AC2ADDE5A1F9685B8025524A
序号： 121 用例编号： 345
https://boss-api-pre.myutopa.com/eshop/service/app/user/product/getProductSkuApp?uid=2fc165befb234bacb76a1822c3291809&deviceId=4eddcac1d2c24430afd4f2ae4245d1b7&source=app&deviceType=iPhone_6&appInfo=UTOPA_60805&ver=1.0&osInfo=iOS_12.3.1&appKey=11c4238672eb46cbbd1b3359a49e63c2&accessToken=XlDvmNnzGEglDOAqCKLTtICNNAgHKNhvpfZzweGXesqxYmGgeBhpATKprhGdBplv&sessionKey=854473a0547b4e1eacb062a123b51560&timestamp=1635238623&sign=A7B84BA7AC2ADDE5A1F9685B8025524A
序号： 122 用例编号： 343
https://boss-api-pre.myutopa.com/eshop/service/app/user/groupBookingInstance/beforeProductAddOrder?uid=2fc165befb234bacb76a1822c3291809&deviceId=4eddcac1d2c24430afd4f2ae4245d1b7&source=app&deviceType=iPhone_6&appInfo=UTOPA_60805&ver=1.0&osInfo=iOS_12.3.1&appKey=11c4238672eb46cbbd1b3359a49e63c2&accessToken=XlDvmNnzGEglDOAqCKLTtICNNAgHKNhvpfZzweGXesqxYmGgeBhpATKprhGdBplv&sessionKey=854473a0547b4e1eacb062a123b51560&timestamp=1635238623&sign=A7B84BA7AC2ADDE5A1F9685B8025524A
序号： 123 用例编号： 346
https://boss-api-pre.myutopa.com/eshop/service/app/user/groupBookingInstance/submitOrder?uid=2fc165befb234bacb76a1822c3291809&deviceId=4eddcac1d2c24430afd4f2ae4245d1b7&source=app&deviceType=iPhone_6&appInfo=UTOPA_60805&ver=1.0&osInfo=iOS_12.3.1&appKey=11c4238672eb46cbbd1b3359a49e63c2&accessToken=XlDvmNnzGEglDOAqCKLTtICNNAgHKNhvpfZzweGXesqxYmGgeBhpATKprhGdBplv&sessionKey=854473a0547b4e1eacb062a123b51560&timestamp=1635238623&sign=A7B84BA7AC2ADDE5A1F9685B8025524A
序号： 124 用例编号： 347
https://boss-api-pre.myutopa.com/eshop/service/app/user/product/getProductSkuApp?uid=2fc165befb234bacb76a1822c3291809&deviceId=4eddcac1d2c24430afd4f2ae4245d1b7&source=app&deviceType=iPhone_6&appInfo=UTOPA_60805&ver=1.0&osInfo=iOS_12.3.1&appKey=11c4238672eb46cbbd1b3359a49e63c2&accessToken=XlDvmNnzGEglDOAqCKLTtICNNAgHKNhvpfZzweGXesqxYmGgeBhpATKprhGdBplv&sessionKey=854473a0547b4e1eacb062a123b51560&timestamp=1635238623&sign=A7B84BA7AC2ADDE5A1F9685B8025524A
序号： 125 用例编号： 373
https://boss-api-pre.myutopa.com/eshop/service/app/user/productOrder/confirmOrder?uid=2fc165befb234bacb76a1822c3291809&deviceId=4eddcac1d2c24430afd4f2ae4245d1b7&source=app&deviceType=iPhone_6&appInfo=UTOPA_60805&ver=1.0&osInfo=iOS_12.3.1&appKey=11c4238672eb46cbbd1b3359a49e63c2&accessToken=XlDvmNnzGEglDOAqCKLTtICNNAgHKNhvpfZzweGXesqxYmGgeBhpATKprhGdBplv&sessionKey=854473a0547b4e1eacb062a123b51560&timestamp=1635238623&sign=A7B84BA7AC2ADDE5A1F9685B8025524A
序号： 126 用例编号： 374
https://boss-api-pre.myutopa.com/eshop/service/app/user/productOrder/commitOrder?uid=2fc165befb234bacb76a1822c3291809&deviceId=4eddcac1d2c24430afd4f2ae4245d1b7&source=app&deviceType=iPhone_6&appInfo=UTOPA_60805&ver=1.0&osInfo=iOS_12.3.1&appKey=11c4238672eb46cbbd1b3359a49e63c2&accessToken=XlDvmNnzGEglDOAqCKLTtICNNAgHKNhvpfZzweGXesqxYmGgeBhpATKprhGdBplv&sessionKey=854473a0547b4e1eacb062a123b51560&timestamp=1635238623&sign=A7B84BA7AC2ADDE5A1F9685B8025524A
序号： 127 用例编号： 375
https://boss-api-pre.myutopa.com/eshop/service/app/user/productOrder/confirmOrder?uid=2fc165befb234bacb76a1822c3291809&deviceId=4eddcac1d2c24430afd4f2ae4245d1b7&source=app&deviceType=iPhone_6&appInfo=UTOPA_60805&ver=1.0&osInfo=iOS_12.3.1&appKey=11c4238672eb46cbbd1b3359a49e63c2&accessToken=XlDvmNnzGEglDOAqCKLTtICNNAgHKNhvpfZzweGXesqxYmGgeBhpATKprhGdBplv&sessionKey=854473a0547b4e1eacb062a123b51560&timestamp=1635238623&sign=A7B84BA7AC2ADDE5A1F9685B8025524A
序号： 128 用例编号： 376
https://boss-api-pre.myutopa.com/eshop/service/app/user/productOrder/commitOrder?uid=2fc165befb234bacb76a1822c3291809&deviceId=4eddcac1d2c24430afd4f2ae4245d1b7&source=app&deviceType=iPhone_6&appInfo=UTOPA_60805&ver=1.0&osInfo=iOS_12.3.1&appKey=11c4238672eb46cbbd1b3359a49e63c2&accessToken=XlDvmNnzGEglDOAqCKLTtICNNAgHKNhvpfZzweGXesqxYmGgeBhpATKprhGdBplv&sessionKey=854473a0547b4e1eacb062a123b51560&timestamp=1635238623&sign=A7B84BA7AC2ADDE5A1F9685B8025524A
序号： 129 用例编号： 377
https://boss-api-pre.myutopa.com/eshop/service/app/user/productOrder/confirmOrder?uid=2fc165befb234bacb76a1822c3291809&deviceId=4eddcac1d2c24430afd4f2ae4245d1b7&source=app&deviceType=iPhone_6&appInfo=UTOPA_60805&ver=1.0&osInfo=iOS_12.3.1&appKey=11c4238672eb46cbbd1b3359a49e63c2&accessToken=XlDvmNnzGEglDOAqCKLTtICNNAgHKNhvpfZzweGXesqxYmGgeBhpATKprhGdBplv&sessionKey=854473a0547b4e1eacb062a123b51560&timestamp=1635238623&sign=A7B84BA7AC2ADDE5A1F9685B8025524A
序号： 130 用例编号： 378
https://boss-api-pre.myutopa.com/eshop/service/app/user/productOrder/commitOrder?uid=2fc165befb234bacb76a1822c3291809&deviceId=4eddcac1d2c24430afd4f2ae4245d1b7&source=app&deviceType=iPhone_6&appInfo=UTOPA_60805&ver=1.0&osInfo=iOS_12.3.1&appKey=11c4238672eb46cbbd1b3359a49e63c2&accessToken=XlDvmNnzGEglDOAqCKLTtICNNAgHKNhvpfZzweGXesqxYmGgeBhpATKprhGdBplv&sessionKey=854473a0547b4e1eacb062a123b51560&timestamp=1635238623&sign=A7B84BA7AC2ADDE5A1F9685B8025524A
结束批量执行:优托邦-高保真 执行者: root
