开始批量执行:优托邦-高保真 执行者: root
执行用例顺序: [223, 224, 225, 226]
序号： 1 用例编号： 223
https://api-pre.myutopa.com/app.do?method=account.session.gen
用例编号 223 请检查URL与headers是否正确
设置sessionSecret失败
序号： 2 用例编号： 224
获取sessionSecret失败
https://api-pre.myutopa.com/app.do?appInfo=UTOPA_60607&markId=4eddcac1d2c24430afd4f2ae4245d1b7&deviceType=iPhone 6&method=account.login.doLogin&osInfo=iOS_12.3.1&params={"accessToken":"","account":"19800000006","clientType":1,"deviceId":"4eddcac1d2c24430afd4f2ae4245d1b7","keepAccess":1,"lat":23.126474,"lng":113.333429,"loginType":"2","password":"123456","sysId":1,"uid":""}&ver=1.0&sessionKey=
用例编号 224 请检查URL与headers是否正确
序号： 3 用例编号： 225
https://boss-api-pre.myutopa.com/eshop/core/account/session/genSession?appKey=r53dc6d2b365d41c4jdssf853295da3ff5
用例编号 225 请检查URL与headers是否正确
获取sessionSecret失败
序号： 4 用例编号： 226
获取sessionSecret失败
https://boss-api-pre.myutopa.com/eshop/service/app/user/homePage/getFirstPageData?uid=2fc165befb234bacb76a1822c3291809&deviceId=4eddcac1d2c24430afd4f2ae4245d1b7&source=app&deviceType=iPhone_6&appInfo=UTOPA_60805&ver=1.0&osInfo=iOS_12.3.1&appKey=11c4238672eb46cbbd1b3359a49e63c2&accessToken=
用例编号 226 请检查URL与headers是否正确
结束批量执行:优托邦-高保真 执行者: root
开始批量执行:优托邦-高保真 执行者: root
执行用例顺序: [223, 224, 225, 226]
序号： 1 用例编号： 223
https://api-pre.myutopa.com/app.do?method=account.session.gen
序号： 2 用例编号： 224
https://api-pre.myutopa.com/app.do?appInfo=UTOPA_60607&markId=4eddcac1d2c24430afd4f2ae4245d1b7&deviceType=iPhone 6&method=account.login.doLogin&osInfo=iOS_12.3.1&params={"accessToken":"","account":"19800000006","clientType":1,"deviceId":"4eddcac1d2c24430afd4f2ae4245d1b7","keepAccess":1,"lat":23.126474,"lng":113.333429,"loginType":"2","password":"123456","sysId":1,"uid":""}&ver=1.0&sessionKey=e31b4f3859734abd9299aace2f2010ac&sign=cf96670ce5d57987d59aa45584954b4d
序号： 3 用例编号： 225
https://boss-api-pre.myutopa.com/eshop/core/account/session/genSession?appKey=r53dc6d2b365d41c4jdssf853295da3ff5
获取sessionSecret失败
序号： 4 用例编号： 226
获取sessionSecret失败
https://boss-api-pre.myutopa.com/eshop/service/app/user/homePage/getFirstPageData?uid=2fc165befb234bacb76a1822c3291809&deviceId=4eddcac1d2c24430afd4f2ae4245d1b7&source=app&deviceType=iPhone_6&appInfo=UTOPA_60805&ver=1.0&osInfo=iOS_12.3.1&appKey=11c4238672eb46cbbd1b3359a49e63c2&accessToken=xCVkIiItJAXCTltBYjXqfXCWFVoDiieFrqYkioHJuOpceZqQgVpkkIjwIoPASuso
结束批量执行:优托邦-高保真 执行者: root
