ø™ º≈˙¡ø÷¥––:”≈Õ–∞Ó-≤‚ ‘ª∑æ≥ ÷¥––’ﬂ: root
÷¥––”√¿˝À≥–Ú: [10, 11, 12, 623, 624, 625, 626, 627, 628, 629, 630, 632, 633, 634, 635, 636, 637, 638]
–Ú∫≈£∫ 1 ”√¿˝±‡∫≈£∫ 10
 https://api-test.myutopa.com/app.do?method=account.session.gen
–Ú∫≈£∫ 2 ”√¿˝±‡∫≈£∫ 11
 https://api-test.myutopa.com/app.do?appInfo=UTOPA_60607&markId=4eddcac1d2c24430afd4f2ae4245d1b7&deviceType=iPhone 6&method=account.login.doLogin&osInfo=iOS_12.3.1&params={"accessToken":"","account":"19800000003","clientType":1,"deviceId":"4eddcac1d2c24430afd4f2ae4245d1b7","keepAccess":1,"lat":23.126474,"lng":113.333429,"loginType":"2","password":"123456","sysId":1,"uid":""}&ver=1.0&sessionKey=f88bfd22ed824c93be75e9f722dfc58d&sign=4151400826c40d48c20ee869fffc36bf
–Ú∫≈£∫ 3 ”√¿˝±‡∫≈£∫ 12
 https://boss-api-test.myutopa.com/eshop/core/account/session/genSession?appKey=r53dc6d2b365d41c4jdssf853295da3ff5
–Ú∫≈£∫ 4 ”√¿˝±‡∫≈£∫ 623
 https://boss-api-test.myutopa.com/eshop/service/app/user/product/getProductSkuApp?uid=c302366269bc44f3a6003ae7e2d6c662&deviceId=4eddcac1d2c24430afd4f2ae4245d1b7&source=app&deviceType=iPhone_6&appInfo=UTOPA_60800&ver=1.0&osInfo=iOS_12.3.1&appKey=e42ee29bdbba499aa08930e9bcc2343d&accessToken=MpfFRjdihkxLfNnsasiESyAkeXhvOXPiFzdVeHlYhyxBflRZmLzQbmtMVBocmJrs&sessionKey=e9e7c210629349559d62ab6fd2ae64e4&timestamp=1636509100&sign=8170FE2133F6BA22D855EAC7F9B65748
–Ú∫≈£∫ 5 ”√¿˝±‡∫≈£∫ 624
 https://boss-api-test.myutopa.com/eshop/service/app/user/groupBookingInstance/beforeProductAddOrder?uid=c302366269bc44f3a6003ae7e2d6c662&deviceId=4eddcac1d2c24430afd4f2ae4245d1b7&source=app&deviceType=iPhone_6&appInfo=UTOPA_60800&ver=1.0&osInfo=iOS_12.3.1&appKey=e42ee29bdbba499aa08930e9bcc2343d&accessToken=MpfFRjdihkxLfNnsasiESyAkeXhvOXPiFzdVeHlYhyxBflRZmLzQbmtMVBocmJrs&sessionKey=e9e7c210629349559d62ab6fd2ae64e4&timestamp=1636509100&sign=8170FE2133F6BA22D855EAC7F9B65748
–Ú∫≈£∫ 6 ”√¿˝±‡∫≈£∫ 625
 https://boss-api-test.myutopa.com/eshop/service/app/user/groupBookingInstance/submitOrder?uid=c302366269bc44f3a6003ae7e2d6c662&deviceId=4eddcac1d2c24430afd4f2ae4245d1b7&source=app&deviceType=iPhone_6&appInfo=UTOPA_60800&ver=1.0&osInfo=iOS_12.3.1&appKey=e42ee29bdbba499aa08930e9bcc2343d&accessToken=MpfFRjdihkxLfNnsasiESyAkeXhvOXPiFzdVeHlYhyxBflRZmLzQbmtMVBocmJrs&sessionKey=e9e7c210629349559d62ab6fd2ae64e4&timestamp=1636509100&sign=8170FE2133F6BA22D855EAC7F9B65748
–Ú∫≈£∫ 7 ”√¿˝±‡∫≈£∫ 626
 https://boss-api-test.myutopa.com/eshop/service/app/user/groupBookingInstanceOrder/findById?id=1977&deviceId=4eddcac1d2c24430afd4f2ae4245d1b7&source=app&appInfo=UTOPA_60900&deviceType=iPhone_6&ver=1.0&osInfo=iOS_12.3.1&appKey=e42ee29bdbba499aa08930e9bcc2343d&accessToken=MpfFRjdihkxLfNnsasiESyAkeXhvOXPiFzdVeHlYhyxBflRZmLzQbmtMVBocmJrs&sessionKey=e9e7c210629349559d62ab6fd2ae64e4&timestamp=1636509100&sign=CEAEC3651487EB9232226A1EEC0073D3
–Ú∫≈£∫ 8 ”√¿˝±‡∫≈£∫ 627
 https://boss-api-test.myutopa.com/eshop/service/app/user/groupBookingInstance/beforeProductAddOrder?uid=c302366269bc44f3a6003ae7e2d6c662&deviceId=4eddcac1d2c24430afd4f2ae4245d1b7&source=app&deviceType=iPhone_6&appInfo=UTOPA_60900&ver=1.0&osInfo=iOS_12.3.1&appKey=e42ee29bdbba499aa08930e9bcc2343d&accessToken=MpfFRjdihkxLfNnsasiESyAkeXhvOXPiFzdVeHlYhyxBflRZmLzQbmtMVBocmJrs&sessionKey=e9e7c210629349559d62ab6fd2ae64e4&timestamp=1636509100&sign=391044FFFF8591F4D9AC1023D728A3B5
–Ú∫≈£∫ 9 ”√¿˝±‡∫≈£∫ 628
 https://boss-api-test.myutopa.com/eshop/service/app/user/groupBookingInstance/beforeProductAddOrder?uid=c302366269bc44f3a6003ae7e2d6c662&deviceId=4eddcac1d2c24430afd4f2ae4245d1b7&source=app&deviceType=iPhone_6&appInfo=UTOPA_60900&ver=1.0&osInfo=iOS_12.3.1&appKey=e42ee29bdbba499aa08930e9bcc2343d&accessToken=MpfFRjdihkxLfNnsasiESyAkeXhvOXPiFzdVeHlYhyxBflRZmLzQbmtMVBocmJrs&sessionKey=e9e7c210629349559d62ab6fd2ae64e4&timestamp=1636509100&sign=391044FFFF8591F4D9AC1023D728A3B5
–Ú∫≈£∫ 10 ”√¿˝±‡∫≈£∫ 629
 https://boss-api-test.myutopa.com/eshop/service/app/user/groupBookingInstance/beforeProductAddOrder?uid=c302366269bc44f3a6003ae7e2d6c662&deviceId=4eddcac1d2c24430afd4f2ae4245d1b7&source=app&deviceType=iPhone_6&appInfo=UTOPA_60900&ver=1.0&osInfo=iOS_12.3.1&appKey=e42ee29bdbba499aa08930e9bcc2343d&accessToken=MpfFRjdihkxLfNnsasiESyAkeXhvOXPiFzdVeHlYhyxBflRZmLzQbmtMVBocmJrs&sessionKey=e9e7c210629349559d62ab6fd2ae64e4&timestamp=1636509100&sign=391044FFFF8591F4D9AC1023D728A3B5
–Ú∫≈£∫ 11 ”√¿˝±‡∫≈£∫ 630
 https://boss-api-test.myutopa.com/eshop/service/app/user/product/getProductSkuApp?uid=c302366269bc44f3a6003ae7e2d6c662&deviceId=4eddcac1d2c24430afd4f2ae4245d1b7&source=app&deviceType=iPhone_6&appInfo=UTOPA_60800&ver=1.0&osInfo=iOS_12.3.1&appKey=e42ee29bdbba499aa08930e9bcc2343d&accessToken=MpfFRjdihkxLfNnsasiESyAkeXhvOXPiFzdVeHlYhyxBflRZmLzQbmtMVBocmJrs&sessionKey=e9e7c210629349559d62ab6fd2ae64e4&timestamp=1636509100&sign=8170FE2133F6BA22D855EAC7F9B65748
–Ú∫≈£∫ 12 ”√¿˝±‡∫≈£∫ 632
 https://boss-api-test.myutopa.com/eshop/service/app/user/groupBookingInstance/beforeProductAddOrder?uid=c302366269bc44f3a6003ae7e2d6c662&deviceId=4eddcac1d2c24430afd4f2ae4245d1b7&source=app&deviceType=iPhone_6&appInfo=UTOPA_60800&ver=1.0&osInfo=iOS_12.3.1&appKey=e42ee29bdbba499aa08930e9bcc2343d&accessToken=MpfFRjdihkxLfNnsasiESyAkeXhvOXPiFzdVeHlYhyxBflRZmLzQbmtMVBocmJrs&sessionKey=e9e7c210629349559d62ab6fd2ae64e4&timestamp=1636509100&sign=8170FE2133F6BA22D855EAC7F9B65748
–Ú∫≈£∫ 13 ”√¿˝±‡∫≈£∫ 633
 https://boss-api-test.myutopa.com/eshop/service/app/user/groupBookingInstance/submitOrder?uid=c302366269bc44f3a6003ae7e2d6c662&deviceId=4eddcac1d2c24430afd4f2ae4245d1b7&source=app&deviceType=iPhone_6&appInfo=UTOPA_60800&ver=1.0&osInfo=iOS_12.3.1&appKey=e42ee29bdbba499aa08930e9bcc2343d&accessToken=MpfFRjdihkxLfNnsasiESyAkeXhvOXPiFzdVeHlYhyxBflRZmLzQbmtMVBocmJrs&sessionKey=e9e7c210629349559d62ab6fd2ae64e4&timestamp=1636509100&sign=8170FE2133F6BA22D855EAC7F9B65748
–Ú∫≈£∫ 14 ”√¿˝±‡∫≈£∫ 634
 https://boss-api-test.myutopa.com/eshop/service/app/user/groupBookingInstance/beforeProductAddOrder?uid=c302366269bc44f3a6003ae7e2d6c662&deviceId=4eddcac1d2c24430afd4f2ae4245d1b7&source=app&deviceType=iPhone_6&appInfo=UTOPA_60900&ver=1.0&osInfo=iOS_12.3.1&appKey=e42ee29bdbba499aa08930e9bcc2343d&accessToken=MpfFRjdihkxLfNnsasiESyAkeXhvOXPiFzdVeHlYhyxBflRZmLzQbmtMVBocmJrs&sessionKey=e9e7c210629349559d62ab6fd2ae64e4&timestamp=1636509100&sign=391044FFFF8591F4D9AC1023D728A3B5
–Ú∫≈£∫ 15 ”√¿˝±‡∫≈£∫ 635
 https://boss-api-test.myutopa.com/eshop/service/app/user/product/getProductSkuApp?uid=c302366269bc44f3a6003ae7e2d6c662&deviceId=4eddcac1d2c24430afd4f2ae4245d1b7&source=app&deviceType=iPhone_6&appInfo=UTOPA_60800&ver=1.0&osInfo=iOS_12.3.1&appKey=e42ee29bdbba499aa08930e9bcc2343d&accessToken=MpfFRjdihkxLfNnsasiESyAkeXhvOXPiFzdVeHlYhyxBflRZmLzQbmtMVBocmJrs&sessionKey=e9e7c210629349559d62ab6fd2ae64e4&timestamp=1636509100&sign=8170FE2133F6BA22D855EAC7F9B65748
–Ú∫≈£∫ 16 ”√¿˝±‡∫≈£∫ 636
 https://boss-api-test.myutopa.com/eshop/service/app/user/groupBookingInstance/beforeProductAddOrder?uid=c302366269bc44f3a6003ae7e2d6c662&deviceId=4eddcac1d2c24430afd4f2ae4245d1b7&source=app&deviceType=iPhone_6&appInfo=UTOPA_60800&ver=1.0&osInfo=iOS_12.3.1&appKey=e42ee29bdbba499aa08930e9bcc2343d&accessToken=MpfFRjdihkxLfNnsasiESyAkeXhvOXPiFzdVeHlYhyxBflRZmLzQbmtMVBocmJrs&sessionKey=e9e7c210629349559d62ab6fd2ae64e4&timestamp=1636509100&sign=8170FE2133F6BA22D855EAC7F9B65748
–Ú∫≈£∫ 17 ”√¿˝±‡∫≈£∫ 637
 https://boss-api-test.myutopa.com/eshop/service/app/user/groupBookingInstance/beforeProductAddOrder?uid=c302366269bc44f3a6003ae7e2d6c662&deviceId=4eddcac1d2c24430afd4f2ae4245d1b7&source=app&deviceType=iPhone_6&appInfo=UTOPA_60900&ver=1.0&osInfo=iOS_12.3.1&appKey=e42ee29bdbba499aa08930e9bcc2343d&accessToken=MpfFRjdihkxLfNnsasiESyAkeXhvOXPiFzdVeHlYhyxBflRZmLzQbmtMVBocmJrs&sessionKey=e9e7c210629349559d62ab6fd2ae64e4&timestamp=1636509100&sign=391044FFFF8591F4D9AC1023D728A3B5
–Ú∫≈£∫ 18 ”√¿˝±‡∫≈£∫ 638
 https://boss-api-test.myutopa.com/eshop/service/app/user/groupBookingInstance/beforeProductAddOrder?uid=c302366269bc44f3a6003ae7e2d6c662&deviceId=4eddcac1d2c24430afd4f2ae4245d1b7&source=app&deviceType=iPhone_6&appInfo=UTOPA_60900&ver=1.0&osInfo=iOS_12.3.1&appKey=e42ee29bdbba499aa08930e9bcc2343d&accessToken=MpfFRjdihkxLfNnsasiESyAkeXhvOXPiFzdVeHlYhyxBflRZmLzQbmtMVBocmJrs&sessionKey=e9e7c210629349559d62ab6fd2ae64e4&timestamp=1636509100&sign=391044FFFF8591F4D9AC1023D728A3B5
Ω· ¯≈˙¡ø÷¥––:”≈Õ–∞Ó-≤‚ ‘ª∑æ≥ ÷¥––’ﬂ: root
