ø™ º≈˙¡ø÷¥––:”≈Õ–∞Ó-≤‚ ‘ª∑æ≥ ÷¥––’ﬂ: root
÷¥––”√¿˝À≥–Ú: [10, 11, 12, 13, 14, 15, 16, 17, 18, 19, 20, 21, 22, 23, 24, 25, 26, 27, 28, 29, 30, 31, 32, 33, 34, 35, 36, 37, 38, 39, 40, 41, 42, 43, 44, 45, 46, 57, 58, 59, 60, 61, 62, 63, 64, 65, 66, 67, 68, 69, 70, 71, 72, 73, 74, 75, 76, 77, 78, 79, 80, 81, 82, 83, 84, 86, 85, 87, 88, 89, 90, 91, 92, 93, 94, 95, 96, 97, 98, 99, 100, 101, 102, 103, 104, 105, 106, 107, 108, 109, 110, 111, 112, 113, 158, 159, 160, 161, 162, 163, 164, 165, 166, 167, 168, 169, 170, 171, 172, 173, 174, 175, 176, 177, 178, 179, 180, 181, 182, 183, 184, 185, 197, 198, 199, 200, 201, 202, 203, 204]
–Ú∫≈£∫ 1 ”√¿˝±‡∫≈£∫ 10
 https://api-test.myutopa.com/app.do?method=account.session.gen
–Ú∫≈£∫ 2 ”√¿˝±‡∫≈£∫ 11
 https://api-test.myutopa.com/app.do?appInfo=UTOPA_60607&markId=4eddcac1d2c24430afd4f2ae4245d1b7&deviceType=iPhone 6&method=account.login.doLogin&osInfo=iOS_12.3.1&params={"accessToken":"","account":"19800000003","clientType":1,"deviceId":"4eddcac1d2c24430afd4f2ae4245d1b7","keepAccess":1,"lat":23.126474,"lng":113.333429,"loginType":"2","password":"123456","sysId":1,"uid":""}&ver=1.0&sessionKey=851b349f5fda4295be311edc74f6d420&sign=7921774cb048d09160a2276c8fd9b674
–Ú∫≈£∫ 3 ”√¿˝±‡∫≈£∫ 12
 https://boss-api-test.myutopa.com/eshop/core/account/session/genSession?appKey=r53dc6d2b365d41c4jdssf853295da3ff5
–Ú∫≈£∫ 4 ”√¿˝±‡∫≈£∫ 13
 https://boss-api-test.myutopa.com/eshop/service/app/user/homePage/getFirstPageData?uid=c302366269bc44f3a6003ae7e2d6c662&deviceId=4eddcac1d2c24430afd4f2ae4245d1b7&source=app&deviceType=iPhone_6&appInfo=UTOPA_60707&ver=1.0&osInfo=iOS_12.3.1&appKey=e42ee29bdbba499aa08930e9bcc2343d&accessToken=cnlwVRbpUMxfVThZRtlLztSNUHnhgzCscyINAilcwxOrALdSjbYEDGDBUCBfbbJk&sessionKey=80c1a4e1c0c841319b7a096c09358a99&timestamp=1634089359&sign=E2A9DCD1F712FDFC09039D1174FFB9F8
–Ú∫≈£∫ 5 ”√¿˝±‡∫≈£∫ 14
 https://boss-api-test.myutopa.com/eshop/service/app/user/advertisement/listAdvertisementByCode?uid=c302366269bc44f3a6003ae7e2d6c662&deviceId=4eddcac1d2c24430afd4f2ae4245d1b7&source=app&deviceType=iPhone_6&appInfo=UTOPA_60707&ver=1.0&osInfo=iOS_12.3.1&appKey=e42ee29bdbba499aa08930e9bcc2343d&accessToken=cnlwVRbpUMxfVThZRtlLztSNUHnhgzCscyINAilcwxOrALdSjbYEDGDBUCBfbbJk&sessionKey=80c1a4e1c0c841319b7a096c09358a99&timestamp=1634089359&sign=E2A9DCD1F712FDFC09039D1174FFB9F8
–Ú∫≈£∫ 6 ”√¿˝±‡∫≈£∫ 15
 https://boss-api-test.myutopa.com/eshop/service/app/user/homePage/getSecondPageData?uid=c302366269bc44f3a6003ae7e2d6c662&deviceId=4eddcac1d2c24430afd4f2ae4245d1b7&source=app&deviceType=iPhone_6&appInfo=UTOPA_60707&ver=1.0&osInfo=iOS_12.3.1&appKey=e42ee29bdbba499aa08930e9bcc2343d&accessToken=cnlwVRbpUMxfVThZRtlLztSNUHnhgzCscyINAilcwxOrALdSjbYEDGDBUCBfbbJk&sessionKey=80c1a4e1c0c841319b7a096c09358a99&timestamp=1634089359&sign=E2A9DCD1F712FDFC09039D1174FFB9F8
–Ú∫≈£∫ 7 ”√¿˝±‡∫≈£∫ 16
 https://boss-api-test.myutopa.com/eshop/service/app/user/storeProduct/analysisScanCodeShopping?uid=c302366269bc44f3a6003ae7e2d6c662&deviceId=4eddcac1d2c24430afd4f2ae4245d1b7&source=app&deviceType=iPhone_6&appInfo=UTOPA_60707&ver=1.0&osInfo=iOS_12.3.1&appKey=e42ee29bdbba499aa08930e9bcc2343d&accessToken=cnlwVRbpUMxfVThZRtlLztSNUHnhgzCscyINAilcwxOrALdSjbYEDGDBUCBfbbJk&sessionKey=80c1a4e1c0c841319b7a096c09358a99&timestamp=1634089359&sign=E2A9DCD1F712FDFC09039D1174FFB9F8
–Ú∫≈£∫ 8 ”√¿˝±‡∫≈£∫ 17
 https://boss-api-test.myutopa.com/eshop/service/app/user/shopCart/offlineAdd?uid=c302366269bc44f3a6003ae7e2d6c662&deviceId=4eddcac1d2c24430afd4f2ae4245d1b7&source=app&deviceType=iPhone_6&appInfo=UTOPA_60707&ver=1.0&osInfo=iOS_12.3.1&appKey=e42ee29bdbba499aa08930e9bcc2343d&accessToken=cnlwVRbpUMxfVThZRtlLztSNUHnhgzCscyINAilcwxOrALdSjbYEDGDBUCBfbbJk&sessionKey=80c1a4e1c0c841319b7a096c09358a99&timestamp=1634089359&sign=E2A9DCD1F712FDFC09039D1174FFB9F8
–Ú∫≈£∫ 9 ”√¿˝±‡∫≈£∫ 18
 https://boss-api-test.myutopa.com/eshop/service/app/user/shopCart/myShopCartDetail?uid=c302366269bc44f3a6003ae7e2d6c662&deviceId=4eddcac1d2c24430afd4f2ae4245d1b7&source=app&deviceType=iPhone_6&appInfo=UTOPA_60707&ver=1.0&osInfo=iOS_12.3.1&appKey=e42ee29bdbba499aa08930e9bcc2343d&shopCartType=2&accessToken=cnlwVRbpUMxfVThZRtlLztSNUHnhgzCscyINAilcwxOrALdSjbYEDGDBUCBfbbJk&sessionKey=80c1a4e1c0c841319b7a096c09358a99&timestamp=1634089359&sign=04515447A4080C0C2A291AD0859D55AA
–Ú∫≈£∫ 10 ”√¿˝±‡∫≈£∫ 19
 https://boss-api-test.myutopa.com/eshop/service/app/user/productOrder/confirmOrder?uid=c302366269bc44f3a6003ae7e2d6c662&deviceId=4eddcac1d2c24430afd4f2ae4245d1b7&source=app&deviceType=iPhone_6&appInfo=UTOPA_60707&ver=1.0&osInfo=iOS_12.3.1&appKey=e42ee29bdbba499aa08930e9bcc2343d&accessToken=cnlwVRbpUMxfVThZRtlLztSNUHnhgzCscyINAilcwxOrALdSjbYEDGDBUCBfbbJk&sessionKey=80c1a4e1c0c841319b7a096c09358a99&timestamp=1634089359&sign=E2A9DCD1F712FDFC09039D1174FFB9F8
–Ú∫≈£∫ 11 ”√¿˝±‡∫≈£∫ 20
 https://boss-api-test.myutopa.com/eshop/service/app/user/productOrder/commitOrder?uid=c302366269bc44f3a6003ae7e2d6c662&deviceId=4eddcac1d2c24430afd4f2ae4245d1b7&source=app&deviceType=iPhone_6&appInfo=UTOPA_60707&ver=1.0&osInfo=iOS_12.3.1&appKey=e42ee29bdbba499aa08930e9bcc2343d&accessToken=cnlwVRbpUMxfVThZRtlLztSNUHnhgzCscyINAilcwxOrALdSjbYEDGDBUCBfbbJk&sessionKey=80c1a4e1c0c841319b7a096c09358a99&timestamp=1634089359&sign=E2A9DCD1F712FDFC09039D1174FFB9F8
–Ú∫≈£∫ 12 ”√¿˝±‡∫≈£∫ 21
 https://boss-api-test.myutopa.com/eshop/service/app/user/storeProduct/getByBarcodeNew?uid=c302366269bc44f3a6003ae7e2d6c662&deviceId=4eddcac1d2c24430afd4f2ae4245d1b7&source=app&deviceType=iPhone_6&appInfo=UTOPA_60707&ver=1.0&osInfo=iOS_12.3.1&appKey=e42ee29bdbba499aa08930e9bcc2343d&accessToken=cnlwVRbpUMxfVThZRtlLztSNUHnhgzCscyINAilcwxOrALdSjbYEDGDBUCBfbbJk&sessionKey=80c1a4e1c0c841319b7a096c09358a99&timestamp=1634089359&sign=E2A9DCD1F712FDFC09039D1174FFB9F8
–Ú∫≈£∫ 13 ”√¿˝±‡∫≈£∫ 22
 https://boss-api-test.myutopa.com/eshop/service/app/user/shopCart/offlineAdd?uid=c302366269bc44f3a6003ae7e2d6c6621&deviceId=4eddcac1d2c24430afd4f2ae4245d1b7&source=app&deviceType=iPhone_6&appInfo=UTOPA_60707&ver=1.0&osInfo=iOS_12.3.1&appKey=e42ee29bdbba499aa08930e9bcc2343d&accessToken=cnlwVRbpUMxfVThZRtlLztSNUHnhgzCscyINAilcwxOrALdSjbYEDGDBUCBfbbJk&sessionKey=80c1a4e1c0c841319b7a096c09358a99&timestamp=1634089359&sign=48143E9F4538879C0506F979C3F1D3A7
–Ú∫≈£∫ 14 ”√¿˝±‡∫≈£∫ 23
 https://boss-api-test.myutopa.com/eshop/service/app/user/shopCart/myShopCartDetail?uid=c302366269bc44f3a6003ae7e2d6c662&deviceId=4eddcac1d2c24430afd4f2ae4245d1b7&source=app&deviceType=iPhone_6&appInfo=UTOPA_60707&ver=1.0&osInfo=iOS_12.3.1&appKey=e42ee29bdbba499aa08930e9bcc2343d&shopCartType=2&accessToken=cnlwVRbpUMxfVThZRtlLztSNUHnhgzCscyINAilcwxOrALdSjbYEDGDBUCBfbbJk&sessionKey=80c1a4e1c0c841319b7a096c09358a99&timestamp=1634089359&sign=04515447A4080C0C2A291AD0859D55AA
–Ú∫≈£∫ 15 ”√¿˝±‡∫≈£∫ 24
 https://boss-api-test.myutopa.com/eshop/service/app/user/storeProduct/getStoreShortcutGoods?uid=c302366269bc44f3a6003ae7e2d6c662&deviceId=4eddcac1d2c24430afd4f2ae4245d1b7&source=app&deviceType=iPhone_6&appInfo=UTOPA_60707&ver=1.0&osInfo=iOS_12.3.1&appKey=e42ee29bdbba499aa08930e9bcc2343d&accessToken=cnlwVRbpUMxfVThZRtlLztSNUHnhgzCscyINAilcwxOrALdSjbYEDGDBUCBfbbJk&sessionKey=80c1a4e1c0c841319b7a096c09358a99&timestamp=1634089359&sign=E2A9DCD1F712FDFC09039D1174FFB9F8
–Ú∫≈£∫ 16 ”√¿˝±‡∫≈£∫ 25
 https://boss-api-test.myutopa.com/eshop/service/app/user/productOrder/confirmOrder?uid=c302366269bc44f3a6003ae7e2d6c662&deviceId=4eddcac1d2c24430afd4f2ae4245d1b7&source=app&deviceType=iPhone_6&appInfo=UTOPA_60707&ver=1.0&osInfo=iOS_12.3.1&appKey=e42ee29bdbba499aa08930e9bcc2343d&accessToken=cnlwVRbpUMxfVThZRtlLztSNUHnhgzCscyINAilcwxOrALdSjbYEDGDBUCBfbbJk&sessionKey=80c1a4e1c0c841319b7a096c09358a99&timestamp=1634089359&sign=E2A9DCD1F712FDFC09039D1174FFB9F8
–Ú∫≈£∫ 17 ”√¿˝±‡∫≈£∫ 26
 https://boss-api-test.myutopa.com/eshop/service/app/user/productOrder/confirmOrder?uid=c302366269bc44f3a6003ae7e2d6c662&deviceId=4eddcac1d2c24430afd4f2ae4245d1b7&source=app&deviceType=iPhone_6&appInfo=UTOPA_60707&ver=1.0&osInfo=iOS_12.3.1&appKey=e42ee29bdbba499aa08930e9bcc2343d&accessToken=cnlwVRbpUMxfVThZRtlLztSNUHnhgzCscyINAilcwxOrALdSjbYEDGDBUCBfbbJk&sessionKey=80c1a4e1c0c841319b7a096c09358a99&timestamp=1634089359&sign=E2A9DCD1F712FDFC09039D1174FFB9F8
–Ú∫≈£∫ 18 ”√¿˝±‡∫≈£∫ 27
 https://boss-api-test.myutopa.com/eshop/service/app/user/productOrder/commitOrder?uid=c302366269bc44f3a6003ae7e2d6c662&deviceId=4eddcac1d2c24430afd4f2ae4245d1b7&source=app&deviceType=iPhone_6&appInfo=UTOPA_60707&ver=1.0&osInfo=iOS_12.3.1&appKey=e42ee29bdbba499aa08930e9bcc2343d&accessToken=cnlwVRbpUMxfVThZRtlLztSNUHnhgzCscyINAilcwxOrALdSjbYEDGDBUCBfbbJk&sessionKey=80c1a4e1c0c841319b7a096c09358a99&timestamp=1634089359&sign=E2A9DCD1F712FDFC09039D1174FFB9F8
–Ú∫≈£∫ 19 ”√¿˝±‡∫≈£∫ 28
 https://boss-api-test.myutopa.com/eshop/service/app/user/store/getNearStores?uid=c302366269bc44f3a6003ae7e2d6c662&deviceId=4eddcac1d2c24430afd4f2ae4245d1b7&source=app&deviceType=iPhone_6&appInfo=UTOPA_60707&ver=1.0&osInfo=iOS_12.3.1&appKey=e42ee29bdbba499aa08930e9bcc2343d&accessToken=cnlwVRbpUMxfVThZRtlLztSNUHnhgzCscyINAilcwxOrALdSjbYEDGDBUCBfbbJk&sessionKey=80c1a4e1c0c841319b7a096c09358a99&timestamp=1634089359&sign=E2A9DCD1F712FDFC09039D1174FFB9F8
–Ú∫≈£∫ 20 ”√¿˝±‡∫≈£∫ 29
 https://api-test.myutopa.com/app.do?appInfo=UTOPA_60607&markId=4eddcac1d2c24430afd4f2ae4245d1b7&deviceType=iPhone 6&method=eshop.search.getSearchKeywords&osInfo=iOS_12.3.1&params={"accessToken":"cnlwVRbpUMxfVThZRtlLztSNUHnhgzCscyINAilcwxOrALdSjbYEDGDBUCBfbbJk","clientType":1,"sysId":1,"uid":"c302366269bc44f3a6003ae7e2d6c662","used":2}&ver=1.0&sessionKey=851b349f5fda4295be311edc74f6d420&sign=6c57408bc1e355a46fa68081f6ea7fe9
–Ú∫≈£∫ 21 ”√¿˝±‡∫≈£∫ 30
 https://boss-api-test.myutopa.com/eshop/service/app/user/storeProduct/getSearchPage?uid=c302366269bc44f3a6003ae7e2d6c662&deviceId=4eddcac1d2c24430afd4f2ae4245d1b7&source=app&deviceType=iPhone_6&appInfo=UTOPA_60707&ver=1.0&osInfo=iOS_12.3.1&appKey=e42ee29bdbba499aa08930e9bcc2343d&accessToken=cnlwVRbpUMxfVThZRtlLztSNUHnhgzCscyINAilcwxOrALdSjbYEDGDBUCBfbbJk&sessionKey=80c1a4e1c0c841319b7a096c09358a99&timestamp=1634089359&sign=E2A9DCD1F712FDFC09039D1174FFB9F8
–Ú∫≈£∫ 22 ”√¿˝±‡∫≈£∫ 31
 https://boss-api-test.myutopa.com/eshop/service/app/user/storeProduct/globalSearch?uid=c302366269bc44f3a6003ae7e2d6c662&deviceId=4eddcac1d2c24430afd4f2ae4245d1b7&source=app&deviceType=iPhone_6&appInfo=UTOPA_60707&ver=1.0&osInfo=iOS_12.3.1&appKey=e42ee29bdbba499aa08930e9bcc2343d&accessToken=cnlwVRbpUMxfVThZRtlLztSNUHnhgzCscyINAilcwxOrALdSjbYEDGDBUCBfbbJk&sessionKey=80c1a4e1c0c841319b7a096c09358a99&timestamp=1634089359&sign=E2A9DCD1F712FDFC09039D1174FFB9F8
–Ú∫≈£∫ 23 ”√¿˝±‡∫≈£∫ 32
 https://boss-api-test.myutopa.com/eshop/service/app/user/storeProduct/globalSearch?uid=c302366269bc44f3a6003ae7e2d6c662&deviceId=4eddcac1d2c24430afd4f2ae4245d1b7&source=app&deviceType=iPhone_6&appInfo=UTOPA_60707&ver=1.0&osInfo=iOS_12.3.1&appKey=e42ee29bdbba499aa08930e9bcc2343d&accessToken=cnlwVRbpUMxfVThZRtlLztSNUHnhgzCscyINAilcwxOrALdSjbYEDGDBUCBfbbJk&sessionKey=80c1a4e1c0c841319b7a096c09358a99&timestamp=1634089359&sign=E2A9DCD1F712FDFC09039D1174FFB9F8
–Ú∫≈£∫ 24 ”√¿˝±‡∫≈£∫ 33
 https://boss-api-test.myutopa.com/eshop/service/app/user/storeProduct/globalSearch?uid=c302366269bc44f3a6003ae7e2d6c662&deviceId=4eddcac1d2c24430afd4f2ae4245d1b7&source=app&deviceType=iPhone_6&appInfo=UTOPA_60707&ver=1.0&osInfo=iOS_12.3.1&appKey=e42ee29bdbba499aa08930e9bcc2343d&accessToken=cnlwVRbpUMxfVThZRtlLztSNUHnhgzCscyINAilcwxOrALdSjbYEDGDBUCBfbbJk&sessionKey=80c1a4e1c0c841319b7a096c09358a99&timestamp=1634089359&sign=E2A9DCD1F712FDFC09039D1174FFB9F8
–Ú∫≈£∫ 25 ”√¿˝±‡∫≈£∫ 34
 https://boss-api-test.myutopa.com/eshop/service/app/user/storeProduct/globalSearch?uid=c302366269bc44f3a6003ae7e2d6c662&deviceId=4eddcac1d2c24430afd4f2ae4245d1b7&source=app&deviceType=iPhone_6&appInfo=UTOPA_60707&ver=1.0&osInfo=iOS_12.3.1&appKey=e42ee29bdbba499aa08930e9bcc2343d&accessToken=cnlwVRbpUMxfVThZRtlLztSNUHnhgzCscyINAilcwxOrALdSjbYEDGDBUCBfbbJk&sessionKey=80c1a4e1c0c841319b7a096c09358a99&timestamp=1634089359&sign=E2A9DCD1F712FDFC09039D1174FFB9F8
–Ú∫≈£∫ 26 ”√¿˝±‡∫≈£∫ 35
 https://boss-api-test.myutopa.com/eshop/service/app/user/product/getProductNew?uid=c302366269bc44f3a6003ae7e2d6c662&deviceId=4eddcac1d2c24430afd4f2ae4245d1b7&source=app&deviceType=iPhone_6&appInfo=UTOPA_60707&ver=1.0&osInfo=iOS_12.3.1&appKey=e42ee29bdbba499aa08930e9bcc2343d&accessToken=cnlwVRbpUMxfVThZRtlLztSNUHnhgzCscyINAilcwxOrALdSjbYEDGDBUCBfbbJk&sessionKey=80c1a4e1c0c841319b7a096c09358a99&timestamp=1634089359&sign=E2A9DCD1F712FDFC09039D1174FFB9F8
–Ú∫≈£∫ 27 ”√¿˝±‡∫≈£∫ 36
 https://boss-api-test.myutopa.com/eshop/service/app/user/product/getProductSkuApp?uid=c302366269bc44f3a6003ae7e2d6c662&deviceId=4eddcac1d2c24430afd4f2ae4245d1b7&source=app&deviceType=iPhone_6&appInfo=UTOPA_60707&ver=1.0&osInfo=iOS_12.3.1&appKey=e42ee29bdbba499aa08930e9bcc2343d&accessToken=cnlwVRbpUMxfVThZRtlLztSNUHnhgzCscyINAilcwxOrALdSjbYEDGDBUCBfbbJk&sessionKey=80c1a4e1c0c841319b7a096c09358a99&timestamp=1634089359&sign=E2A9DCD1F712FDFC09039D1174FFB9F8
–Ú∫≈£∫ 28 ”√¿˝±‡∫≈£∫ 37
 https://boss-api-test.myutopa.com/eshop/service/app/user/product/getStoreRecommendProduct?uid=c302366269bc44f3a6003ae7e2d6c662&deviceId=4eddcac1d2c24430afd4f2ae4245d1b7&source=app&deviceType=iPhone_6&appInfo=UTOPA_60707&ver=1.0&osInfo=iOS_12.3.1&appKey=e42ee29bdbba499aa08930e9bcc2343d&accessToken=cnlwVRbpUMxfVThZRtlLztSNUHnhgzCscyINAilcwxOrALdSjbYEDGDBUCBfbbJk&sessionKey=80c1a4e1c0c841319b7a096c09358a99&timestamp=1634089359&sign=E2A9DCD1F712FDFC09039D1174FFB9F8
–Ú∫≈£∫ 29 ”√¿˝±‡∫≈£∫ 38
 https://boss-api-test.myutopa.com/eshop/service/app/user/storeProduct/inTimeOf?uid=c302366269bc44f3a6003ae7e2d6c662&deviceId=4eddcac1d2c24430afd4f2ae4245d1b7&source=app&deviceType=iPhone_6&appInfo=UTOPA_60707&ver=1.0&osInfo=iOS_12.3.1&appKey=e42ee29bdbba499aa08930e9bcc2343d&accessToken=&sessionKey=80c1a4e1c0c841319b7a096c09358a99&timestamp=1634089359&sign=F745B8F6291A8EA4298C35FEB77D5B47
–Ú∫≈£∫ 30 ”√¿˝±‡∫≈£∫ 39
 https://boss-api-test.myutopa.com/eshop/service/app/user/storeProduct/discountCardDetailPage?uid=c302366269bc44f3a6003ae7e2d6c662&deviceId=4eddcac1d2c24430afd4f2ae4245d1b7&source=app&deviceType=iPhone_6&appInfo=UTOPA_60707&ver=1.0&osInfo=iOS_12.3.1&appKey=e42ee29bdbba499aa08930e9bcc2343d&accessToken=cnlwVRbpUMxfVThZRtlLztSNUHnhgzCscyINAilcwxOrALdSjbYEDGDBUCBfbbJk&sessionKey=80c1a4e1c0c841319b7a096c09358a99&timestamp=1634089359&sign=E2A9DCD1F712FDFC09039D1174FFB9F8
–Ú∫≈£∫ 31 ”√¿˝±‡∫≈£∫ 40
 https://boss-api-test.myutopa.com/eshop/service/app/user/shopCart/add?uid=c302366269bc44f3a6003ae7e2d6c662&deviceId=4eddcac1d2c24430afd4f2ae4245d1b7&source=app&deviceType=iPhone_6&appInfo=UTOPA_60707&ver=1.0&osInfo=iOS_12.3.1&appKey=e42ee29bdbba499aa08930e9bcc2343d&accessToken=cnlwVRbpUMxfVThZRtlLztSNUHnhgzCscyINAilcwxOrALdSjbYEDGDBUCBfbbJk&sessionKey=80c1a4e1c0c841319b7a096c09358a99&timestamp=1634089359&sign=E2A9DCD1F712FDFC09039D1174FFB9F8
–Ú∫≈£∫ 32 ”√¿˝±‡∫≈£∫ 41
 https://boss-api-test.myutopa.com/eshop/service/app/user/shopCart/myShopCartDetail?uid=c302366269bc44f3a6003ae7e2d6c662&deviceId=4eddcac1d2c24430afd4f2ae4245d1b7&source=app&deviceType=iPhone_6&appInfo=UTOPA_60707&ver=1.0&osInfo=iOS_12.3.1&appKey=e42ee29bdbba499aa08930e9bcc2343d&accessToken=cnlwVRbpUMxfVThZRtlLztSNUHnhgzCscyINAilcwxOrALdSjbYEDGDBUCBfbbJk&sessionKey=80c1a4e1c0c841319b7a096c09358a99&timestamp=1634089359&sign=E2A9DCD1F712FDFC09039D1174FFB9F8
–Ú∫≈£∫ 33 ”√¿˝±‡∫≈£∫ 42
 https://boss-api-test.myutopa.com/eshop/service/app/user/shopCart/getTotalNumber?uid=c302366269bc44f3a6003ae7e2d6c662&deviceId=4eddcac1d2c24430afd4f2ae4245d1b7&source=app&deviceType=iPhone_6&appInfo=UTOPA_60707&ver=1.0&osInfo=iOS_12.3.1&appKey=e42ee29bdbba499aa08930e9bcc2343d&accessToken=cnlwVRbpUMxfVThZRtlLztSNUHnhgzCscyINAilcwxOrALdSjbYEDGDBUCBfbbJk&sessionKey=80c1a4e1c0c841319b7a096c09358a99&timestamp=1634089359&sign=E2A9DCD1F712FDFC09039D1174FFB9F8
–Ú∫≈£∫ 34 ”√¿˝±‡∫≈£∫ 43
 https://boss-api-test.myutopa.com/eshop/service/app/user/shopCart/myShopCartDetail?uid=c302366269bc44f3a6003ae7e2d6c662&deviceId=4eddcac1d2c24430afd4f2ae4245d1b7&source=app&deviceType=iPhone_6&appInfo=UTOPA_60707&ver=1.0&osInfo=iOS_12.3.1&appKey=e42ee29bdbba499aa08930e9bcc2343d&accessToken=cnlwVRbpUMxfVThZRtlLztSNUHnhgzCscyINAilcwxOrALdSjbYEDGDBUCBfbbJk&sessionKey=80c1a4e1c0c841319b7a096c09358a99&timestamp=1634089359&sign=E2A9DCD1F712FDFC09039D1174FFB9F8
–Ú∫≈£∫ 35 ”√¿˝±‡∫≈£∫ 44
 https://boss-api-test.myutopa.com/eshop/service/app/user/homePage/getCustomCategoryList?uid=c302366269bc44f3a6003ae7e2d6c662&deviceId=4eddcac1d2c24430afd4f2ae4245d1b7&source=app&deviceType=iPhone_6&appInfo=UTOPA_60707&ver=1.0&osInfo=iOS_12.3.1&appKey=e42ee29bdbba499aa08930e9bcc2343d&accessToken=cnlwVRbpUMxfVThZRtlLztSNUHnhgzCscyINAilcwxOrALdSjbYEDGDBUCBfbbJk&sessionKey=80c1a4e1c0c841319b7a096c09358a99&timestamp=1634089359&sign=E2A9DCD1F712FDFC09039D1174FFB9F8
–Ú∫≈£∫ 36 ”√¿˝±‡∫≈£∫ 45
 https://boss-api-test.myutopa.com/eshop/service/app/user/shopCart/update?uid=c302366269bc44f3a6003ae7e2d6c662&deviceId=4eddcac1d2c24430afd4f2ae4245d1b7&source=app&deviceType=iPhone_6&appInfo=UTOPA_60707&ver=1.0&osInfo=iOS_12.3.1&appKey=e42ee29bdbba499aa08930e9bcc2343d&accessToken=cnlwVRbpUMxfVThZRtlLztSNUHnhgzCscyINAilcwxOrALdSjbYEDGDBUCBfbbJk&sessionKey=80c1a4e1c0c841319b7a096c09358a99&timestamp=1634089359&sign=E2A9DCD1F712FDFC09039D1174FFB9F8
–Ú∫≈£∫ 37 ”√¿˝±‡∫≈£∫ 46
 https://boss-api-test.myutopa.com/eshop/service/app/user/shopCart/delete?uid=c302366269bc44f3a6003ae7e2d6c662&deviceId=4eddcac1d2c24430afd4f2ae4245d1b7&source=app&deviceType=iPhone_6&appInfo=UTOPA_60707&ver=1.0&osInfo=iOS_12.3.1&appKey=e42ee29bdbba499aa08930e9bcc2343d&accessToken=cnlwVRbpUMxfVThZRtlLztSNUHnhgzCscyINAilcwxOrALdSjbYEDGDBUCBfbbJk&sessionKey=80c1a4e1c0c841319b7a096c09358a99&timestamp=1634089359&sign=E2A9DCD1F712FDFC09039D1174FFB9F8
–Ú∫≈£∫ 38 ”√¿˝±‡∫≈£∫ 57
 https://boss-api-test.myutopa.com/eshop/service/app/user/userAddress/list?uid=c302366269bc44f3a6003ae7e2d6c662&deviceId=4eddcac1d2c24430afd4f2ae4245d1b7&source=app&deviceType=iPhone_6&appInfo=UTOPA_60707&ver=1.0&osInfo=iOS_12.3.1&appKey=e42ee29bdbba499aa08930e9bcc2343d&accessToken=cnlwVRbpUMxfVThZRtlLztSNUHnhgzCscyINAilcwxOrALdSjbYEDGDBUCBfbbJk&sessionKey=80c1a4e1c0c841319b7a096c09358a99&timestamp=1634089359&sign=E2A9DCD1F712FDFC09039D1174FFB9F8
–Ú∫≈£∫ 39 ”√¿˝±‡∫≈£∫ 58
 https://boss-api-test.myutopa.com/eshop/service/app/user/productOrder/confirmOrder?uid=c302366269bc44f3a6003ae7e2d6c662&deviceId=4eddcac1d2c24430afd4f2ae4245d1b7&source=app&deviceType=iPhone_6&appInfo=UTOPA_60707&ver=1.0&osInfo=iOS_12.3.1&appKey=e42ee29bdbba499aa08930e9bcc2343d&accessToken=cnlwVRbpUMxfVThZRtlLztSNUHnhgzCscyINAilcwxOrALdSjbYEDGDBUCBfbbJk&sessionKey=80c1a4e1c0c841319b7a096c09358a99&timestamp=1634089359&sign=E2A9DCD1F712FDFC09039D1174FFB9F8
–Ú∫≈£∫ 40 ”√¿˝±‡∫≈£∫ 59
 https://boss-api-test.myutopa.com/eshop/service/app/user/productOrder/commitOrder?uid=c302366269bc44f3a6003ae7e2d6c662&deviceId=4eddcac1d2c24430afd4f2ae4245d1b7&source=app&deviceType=iPhone_6&appInfo=UTOPA_60707&ver=1.0&osInfo=iOS_12.3.1&appKey=e42ee29bdbba499aa08930e9bcc2343d&accessToken=cnlwVRbpUMxfVThZRtlLztSNUHnhgzCscyINAilcwxOrALdSjbYEDGDBUCBfbbJk&sessionKey=80c1a4e1c0c841319b7a096c09358a99&timestamp=1634089359&sign=E2A9DCD1F712FDFC09039D1174FFB9F8
–Ú∫≈£∫ 41 ”√¿˝±‡∫≈£∫ 60
 https://boss-api-test.myutopa.com/eshop/service/app/user/activity/activityInfo?activityId=126&appKey=e42ee29bdbba499aa08930e9bcc2343d&deviceType=Mobile&osInfo=iOS&platform=Safari&source=h5&sessionKey=80c1a4e1c0c841319b7a096c09358a99&timestamp=1634089359&sign=92C519E63D4B4369931D4DD73A7820C1
–Ú∫≈£∫ 42 ”√¿˝±‡∫≈£∫ 61
 https://boss-api-test.myutopa.com/eshop/service/app/user/activity/page?appKey=e42ee29bdbba499aa08930e9bcc2343d&deviceType=Mobile&osInfo=iOS&platform=Safari&source=h5&sessionKey=80c1a4e1c0c841319b7a096c09358a99&timestamp=1634089359&sign=21E8D98ED8CAF26367BEFD08E5D0DC3B
–Ú∫≈£∫ 43 ”√¿˝±‡∫≈£∫ 62
 https://boss-api-test.myutopa.com/eshop/service/app/user/activity/getActivityChainJumping?appKey=e42ee29bdbba499aa08930e9bcc2343d&deviceType=Mobile&osInfo=iOS&platform=Safari&source=h5&sessionKey=80c1a4e1c0c841319b7a096c09358a99&timestamp=1634089359&sign=21E8D98ED8CAF26367BEFD08E5D0DC3B
–Ú∫≈£∫ 44 ”√¿˝±‡∫≈£∫ 63
 https://boss-api-test.myutopa.com/eshop/service/app/user/activity/getActivityChainJumping?appKey=e42ee29bdbba499aa08930e9bcc2343d&deviceType=Mobile&osInfo=iOS&platform=Safari&source=h5&sessionKey=80c1a4e1c0c841319b7a096c09358a99&timestamp=1634089359&sign=21E8D98ED8CAF26367BEFD08E5D0DC3B
–Ú∫≈£∫ 45 ”√¿˝±‡∫≈£∫ 64
 https://boss-api-test.myutopa.com/eshop/service/app/user/activity/getActivityChainJumping?appKey=e42ee29bdbba499aa08930e9bcc2343d&deviceType=Mobile&osInfo=iOS&platform=Safari&source=h5&sessionKey=80c1a4e1c0c841319b7a096c09358a99&timestamp=1634089359&sign=21E8D98ED8CAF26367BEFD08E5D0DC3B
–Ú∫≈£∫ 46 ”√¿˝±‡∫≈£∫ 65
 https://boss-api-test.myutopa.com/eshop/service/app/user/activity/getActivityChainJumping?appKey=e42ee29bdbba499aa08930e9bcc2343d&deviceType=Mobile&osInfo=iOS&platform=Safari&source=h5&sessionKey=80c1a4e1c0c841319b7a096c09358a99&timestamp=1634089359&sign=21E8D98ED8CAF26367BEFD08E5D0DC3B
–Ú∫≈£∫ 47 ”√¿˝±‡∫≈£∫ 66
 https://boss-api-test.myutopa.com/eshop/service/app/user/activity/getActivityChainJumping?appKey=e42ee29bdbba499aa08930e9bcc2343d&deviceType=Mobile&osInfo=iOS&platform=Safari&source=h5&sessionKey=80c1a4e1c0c841319b7a096c09358a99&timestamp=1634089359&sign=21E8D98ED8CAF26367BEFD08E5D0DC3B
–Ú∫≈£∫ 48 ”√¿˝±‡∫≈£∫ 67
 https://boss-api-test.myutopa.com/eshop/service/app/user/activity/getActivityChainJumping?appKey=e42ee29bdbba499aa08930e9bcc2343d&deviceType=Mobile&osInfo=iOS&platform=Safari&source=h5&sessionKey=80c1a4e1c0c841319b7a096c09358a99&timestamp=1634089359&sign=21E8D98ED8CAF26367BEFD08E5D0DC3B
–Ú∫≈£∫ 49 ”√¿˝±‡∫≈£∫ 68
 https://boss-api-test.myutopa.com/eshop/service/app/user/activity/getActivityChainJumping?appKey=e42ee29bdbba499aa08930e9bcc2343d&deviceType=Mobile&osInfo=iOS&platform=Safari&source=h5&sessionKey=80c1a4e1c0c841319b7a096c09358a99&timestamp=1634089359&sign=21E8D98ED8CAF26367BEFD08E5D0DC3B
–Ú∫≈£∫ 50 ”√¿˝±‡∫≈£∫ 69
 https://boss-api-test.myutopa.com/eshop/service/app/user/activity/getActivityChainJumping?appKey=e42ee29bdbba499aa08930e9bcc2343d&deviceType=Mobile&osInfo=iOS&platform=Safari&source=h5&sessionKey=80c1a4e1c0c841319b7a096c09358a99&timestamp=1634089359&sign=21E8D98ED8CAF26367BEFD08E5D0DC3B
–Ú∫≈£∫ 51 ”√¿˝±‡∫≈£∫ 70
 https://boss-api-test.myutopa.com/eshop/service/app/user/activity/getActivityChainJumping?appKey=e42ee29bdbba499aa08930e9bcc2343d&deviceType=Mobile&osInfo=iOS&platform=Safari&source=h5&sessionKey=80c1a4e1c0c841319b7a096c09358a99&timestamp=1634089359&sign=21E8D98ED8CAF26367BEFD08E5D0DC3B
–Ú∫≈£∫ 52 ”√¿˝±‡∫≈£∫ 71
 https://boss-api-test.myutopa.com/eshop/service/app/user/activity/getActivityChainJumping?appKey=e42ee29bdbba499aa08930e9bcc2343d&deviceType=Mobile&osInfo=iOS&platform=Safari&source=h5&sessionKey=80c1a4e1c0c841319b7a096c09358a99&timestamp=1634089359&sign=21E8D98ED8CAF26367BEFD08E5D0DC3B
–Ú∫≈£∫ 53 ”√¿˝±‡∫≈£∫ 72
 https://boss-api-test.myutopa.com/eshop/service/app/user/activity/pageTitleAndDetails?appKey=e42ee29bdbba499aa08930e9bcc2343d&deviceType=Mobile&osInfo=iOS&platform=Safari&source=h5&sessionKey=80c1a4e1c0c841319b7a096c09358a99&timestamp=1634089359&sign=21E8D98ED8CAF26367BEFD08E5D0DC3B
–Ú∫≈£∫ 54 ”√¿˝±‡∫≈£∫ 73
 https://boss-api-test.myutopa.com/eshop/service/app/user/appCofig/getBaseInfo?uid=c302366269bc44f3a6003ae7e2d6c662&deviceId=4eddcac1d2c24430afd4f2ae4245d1b7&source=app&deviceType=iPhone_6&appInfo=UTOPA_60707&ver=1.0&osInfo=iOS_12.3.1&appKey=e42ee29bdbba499aa08930e9bcc2343d&accessToken=cnlwVRbpUMxfVThZRtlLztSNUHnhgzCscyINAilcwxOrALdSjbYEDGDBUCBfbbJk&sessionKey=80c1a4e1c0c841319b7a096c09358a99&timestamp=1634089359&sign=E2A9DCD1F712FDFC09039D1174FFB9F8
–Ú∫≈£∫ 55 ”√¿˝±‡∫≈£∫ 74
 https://boss-api-test.myutopa.com/eshop/service/app/user/special/getColumnProduct?uid=c302366269bc44f3a6003ae7e2d6c662&deviceId=4eddcac1d2c24430afd4f2ae4245d1b7&source=app&deviceType=iPhone_6&appInfo=UTOPA_60707&ver=1.0&osInfo=iOS_12.3.1&appKey=e42ee29bdbba499aa08930e9bcc2343d&accessToken=cnlwVRbpUMxfVThZRtlLztSNUHnhgzCscyINAilcwxOrALdSjbYEDGDBUCBfbbJk&sessionKey=80c1a4e1c0c841319b7a096c09358a99&timestamp=1634089359&sign=E2A9DCD1F712FDFC09039D1174FFB9F8
–Ú∫≈£∫ 56 ”√¿˝±‡∫≈£∫ 75
 https://boss-api-test.myutopa.com/eshop/service/app/user/special/getColumnStore?uid=c302366269bc44f3a6003ae7e2d6c662&deviceId=4eddcac1d2c24430afd4f2ae4245d1b7&source=app&deviceType=iPhone_6&appInfo=UTOPA_60707&ver=1.0&osInfo=iOS_12.3.1&appKey=e42ee29bdbba499aa08930e9bcc2343d&accessToken=cnlwVRbpUMxfVThZRtlLztSNUHnhgzCscyINAilcwxOrALdSjbYEDGDBUCBfbbJk&sessionKey=80c1a4e1c0c841319b7a096c09358a99&timestamp=1634089359&sign=E2A9DCD1F712FDFC09039D1174FFB9F8
–Ú∫≈£∫ 57 ”√¿˝±‡∫≈£∫ 76
 https://api-test.myutopa.com/app.do?method=eshop.special.getBaseInfo&ver=1.0&params={"accessToken":"","id":"20200704052","uid":""}&deviceId=1f97edb0-d6f1-49f4-9e43-6f0d444b6704&appInfo=H5_60704&osInfo=iOS&uaInfo=Mozilla/5.0 (iPhone; CPU iPhone OS 12_3_1 like Mac OS X) AppleWebKit/605.1.15 (KHTML, like Gecko) Mobile/15E148/utopaApp&sessionKey=851b349f5fda4295be311edc74f6d420&timestamp=1634089359&sign=9308a1af5de2da7963a491413ea0b136
–Ú∫≈£∫ 58 ”√¿˝±‡∫≈£∫ 77
 https://api-test.myutopa.com/app.do?method=neweshop.special.pointColumnProductList&ver=1.0&params={"accessToken":"","themeId":"20200704052","uid":""}&deviceId=1f97edb0-d6f1-49f4-9e43-6f0d444b6704&appInfo=H5_60704&osInfo=iOS&uaInfo=Mozilla/5.0 (iPhone; CPU iPhone OS 12_3_1 like Mac OS X) AppleWebKit/605.1.15 (KHTML, like Gecko) Mobile/15E148/utopaApp&sessionKey=851b349f5fda4295be311edc74f6d420&timestamp=1634089359&sign=9e81a701727fe53030ebad6bcc442533
–Ú∫≈£∫ 59 ”√¿˝±‡∫≈£∫ 78
ªÒ»°sessionSecret ß∞‹
 https://boss-api-test.myutopa.com1&sessionKey=80c1a4e1c0c841319b7a096c09358a99&timestamp=1634089359
”√¿˝±‡∫≈ 78 «ÎºÏ≤ÈURL”Îheaders «∑Ò’˝»∑
–Ú∫≈£∫ 60 ”√¿˝±‡∫≈£∫ 79
ªÒ»°sessionSecret ß∞‹
 https://boss-api-test.myutopa.com1&sessionKey=80c1a4e1c0c841319b7a096c09358a99&timestamp=1634089359
”√¿˝±‡∫≈ 79 «ÎºÏ≤ÈURL”Îheaders «∑Ò’˝»∑
–Ú∫≈£∫ 61 ”√¿˝±‡∫≈£∫ 80
 https://boss-api-test.myutopa.com/eshop/service/app/user/special/getColumnProduct?uid=c302366269bc44f3a6003ae7e2d6c662&deviceId=4eddcac1d2c24430afd4f2ae4245d1b7&source=app&deviceType=iPhone_6&appInfo=UTOPA_60707&ver=1.0&osInfo=iOS_12.3.1&appKey=e42ee29bdbba499aa08930e9bcc2343d&accessToken=cnlwVRbpUMxfVThZRtlLztSNUHnhgzCscyINAilcwxOrALdSjbYEDGDBUCBfbbJk&sessionKey=80c1a4e1c0c841319b7a096c09358a99&timestamp=1634089359&sign=E2A9DCD1F712FDFC09039D1174FFB9F8
–Ú∫≈£∫ 62 ”√¿˝±‡∫≈£∫ 81
 https://boss-api-test.myutopa.com/eshop/service/app/user/storeProduct/discountCardDetailPage?uid=c302366269bc44f3a6003ae7e2d6c662&deviceId=4eddcac1d2c24430afd4f2ae4245d1b7&source=app&deviceType=iPhone_6&appInfo=UTOPA_60707&ver=1.0&osInfo=iOS_12.3.1&appKey=e42ee29bdbba499aa08930e9bcc2343d&accessToken=cnlwVRbpUMxfVThZRtlLztSNUHnhgzCscyINAilcwxOrALdSjbYEDGDBUCBfbbJk&sessionKey=80c1a4e1c0c841319b7a096c09358a99&timestamp=1634089359&sign=E2A9DCD1F712FDFC09039D1174FFB9F8
–Ú∫≈£∫ 63 ”√¿˝±‡∫≈£∫ 82
 https://boss-api-test.myutopa.com/eshop/service/app/user/activity/getActivityForeCategoryList?&uid=c302366269bc44f3a6003ae7e2d6c662&deviceId=4eddcac1d2c24430afd4f2ae4245d1b7&activityId=1570&source=app&appInfo=UTOPA_60707&deviceType=iPhone_6&ver=1.0&type=1&osInfo=iOS_12.3.1&appKey=e42ee29bdbba499aa08930e9bcc2343d&accessToken=cnlwVRbpUMxfVThZRtlLztSNUHnhgzCscyINAilcwxOrALdSjbYEDGDBUCBfbbJk&sessionKey=80c1a4e1c0c841319b7a096c09358a99&timestamp=1634089359&sign=9417CBE629FCB56D7911F0A794ED6C93
–Ú∫≈£∫ 64 ”√¿˝±‡∫≈£∫ 83
 https://boss-api-test.myutopa.com/eshop/service/app/user/activity/getActiveProductList?uid=c302366269bc44f3a6003ae7e2d6c662&deviceId=4eddcac1d2c24430afd4f2ae4245d1b7&source=app&deviceType=iPhone_6&appInfo=UTOPA_60707&ver=1.0&osInfo=iOS_12.3.1&appKey=e42ee29bdbba499aa08930e9bcc2343d&accessToken=cnlwVRbpUMxfVThZRtlLztSNUHnhgzCscyINAilcwxOrALdSjbYEDGDBUCBfbbJk&sessionKey=80c1a4e1c0c841319b7a096c09358a99&timestamp=1634089359&sign=E2A9DCD1F712FDFC09039D1174FFB9F8
–Ú∫≈£∫ 65 ”√¿˝±‡∫≈£∫ 84
 https://api-test.myutopa.com/app.do?appInfo=UTOPA_60707&deviceType=iPhone 6&markId=4eddcac1d2c24430afd4f2ae4245d1b7&method=utopa.eshop.coupon.myCouponList&osInfo=iOS_12.3.1&params={"accessToken":"cnlwVRbpUMxfVThZRtlLztSNUHnhgzCscyINAilcwxOrALdSjbYEDGDBUCBfbbJk","clientType":1,"pageNo":1,"sysId":1,"uid":"c302366269bc44f3a6003ae7e2d6c662"}&sessionKey=851b349f5fda4295be311edc74f6d420&timestamp=1634089359&sign=32810509cba3d0781956e3bce985f7ed
–Ú∫≈£∫ 66 ”√¿˝±‡∫≈£∫ 86
 https://boss-api-test.myutopa.com/eshop/service/app/user/activity/getActiveProductList?uid=c302366269bc44f3a6003ae7e2d6c662&deviceId=4eddcac1d2c24430afd4f2ae4245d1b7&source=app&deviceType=iPhone_6&appInfo=UTOPA_60707&ver=1.0&osInfo=iOS_12.3.1&appKey=e42ee29bdbba499aa08930e9bcc2343d&accessToken=cnlwVRbpUMxfVThZRtlLztSNUHnhgzCscyINAilcwxOrALdSjbYEDGDBUCBfbbJk&sessionKey=80c1a4e1c0c841319b7a096c09358a99&timestamp=1634089359&sign=E2A9DCD1F712FDFC09039D1174FFB9F8
–Ú∫≈£∫ 67 ”√¿˝±‡∫≈£∫ 85
 https://boss-api-test.myutopa.com/eshop/service/app/user/activity/getActivityForeCategoryList?&uid=c302366269bc44f3a6003ae7e2d6c662&deviceId=4eddcac1d2c24430afd4f2ae4245d1b7&activityId= 1314,
    &source=app&appInfo=UTOPA_60707&deviceType=iPhone_6&ver=1.0&type=2&osInfo=iOS_12.3.1&appKey=e42ee29bdbba499aa08930e9bcc2343d&accessToken=cnlwVRbpUMxfVThZRtlLztSNUHnhgzCscyINAilcwxOrALdSjbYEDGDBUCBfbbJk&sessionKey=80c1a4e1c0c841319b7a096c09358a99&timestamp=1634089359&sign=00C1165BD1A3CC0B6D66E95564CFC956
–Ú∫≈£∫ 68 ”√¿˝±‡∫≈£∫ 87
 https://boss-api-test.myutopa.com/eshop/service/app/user/getFavProducts?uid=c302366269bc44f3a6003ae7e2d6c662&deviceId=4eddcac1d2c24430afd4f2ae4245d1b7&source=app&deviceType=iPhone_6&appInfo=UTOPA_60707&ver=1.0&osInfo=iOS_12.3.1&appKey=e42ee29bdbba499aa08930e9bcc2343d&accessToken=cnlwVRbpUMxfVThZRtlLztSNUHnhgzCscyINAilcwxOrALdSjbYEDGDBUCBfbbJk&sessionKey=80c1a4e1c0c841319b7a096c09358a99&timestamp=1634089359&sign=E2A9DCD1F712FDFC09039D1174FFB9F8
–Ú∫≈£∫ 69 ”√¿˝±‡∫≈£∫ 88
 https://boss-api-test.myutopa.com/eshop/service/app/user/activity/getActiveProductList?uid=c302366269bc44f3a6003ae7e2d6c662&deviceId=4eddcac1d2c24430afd4f2ae4245d1b7&source=app&deviceType=iPhone_6&appInfo=UTOPA_60707&ver=1.0&osInfo=iOS_12.3.1&appKey=e42ee29bdbba499aa08930e9bcc2343d&accessToken=cnlwVRbpUMxfVThZRtlLztSNUHnhgzCscyINAilcwxOrALdSjbYEDGDBUCBfbbJk&sessionKey=80c1a4e1c0c841319b7a096c09358a99&timestamp=1634089359&sign=E2A9DCD1F712FDFC09039D1174FFB9F8
–Ú∫≈£∫ 70 ”√¿˝±‡∫≈£∫ 89
 https://boss-api-test.myutopa.com/eshop/service/app/user/activity/getActivityForeCategoryList?uid=c302366269bc44f3a6003ae7e2d6c662&deviceId=4eddcac1d2c24430afd4f2ae4245d1b7&activityId=1318&source=app&appInfo=UTOPA_60707&deviceType=iPhone_6&ver=1.0&type=2&osInfo=iOS_12.3.1&appKey=e42ee29bdbba499aa08930e9bcc2343d&accessToken=cnlwVRbpUMxfVThZRtlLztSNUHnhgzCscyINAilcwxOrALdSjbYEDGDBUCBfbbJk&sessionKey=80c1a4e1c0c841319b7a096c09358a99&timestamp=1634089359&sign=B1268DF1E6991BA614A655EEE1A6794E
–Ú∫≈£∫ 71 ”√¿˝±‡∫≈£∫ 90
 https://boss-api-test.myutopa.com/eshop/service/app/user/productOrder/myProductOrders?uid=c302366269bc44f3a6003ae7e2d6c662&deviceId=4eddcac1d2c24430afd4f2ae4245d1b7&source=app&deviceType=iPhone_6&appInfo=UTOPA_60707&ver=1.0&osInfo=iOS_12.3.1&appKey=e42ee29bdbba499aa08930e9bcc2343d&accessToken=cnlwVRbpUMxfVThZRtlLztSNUHnhgzCscyINAilcwxOrALdSjbYEDGDBUCBfbbJk&sessionKey=80c1a4e1c0c841319b7a096c09358a99&timestamp=1634089359&sign=E2A9DCD1F712FDFC09039D1174FFB9F8
–Ú∫≈£∫ 72 ”√¿˝±‡∫≈£∫ 91
 https://boss-api-test.myutopa.com/eshop/service/app/user/productOrder/myProductOrders?uid=c302366269bc44f3a6003ae7e2d6c662&deviceId=4eddcac1d2c24430afd4f2ae4245d1b7&source=app&deviceType=iPhone_6&appInfo=UTOPA_60707&ver=1.0&osInfo=iOS_12.3.1&appKey=e42ee29bdbba499aa08930e9bcc2343d&accessToken=cnlwVRbpUMxfVThZRtlLztSNUHnhgzCscyINAilcwxOrALdSjbYEDGDBUCBfbbJk&sessionKey=80c1a4e1c0c841319b7a096c09358a99&timestamp=1634089359&sign=E2A9DCD1F712FDFC09039D1174FFB9F8
–Ú∫≈£∫ 73 ”√¿˝±‡∫≈£∫ 92
 https://boss-api-test.myutopa.com/eshop/service/app/user/productOrder/myProductOrders?uid=c302366269bc44f3a6003ae7e2d6c662&deviceId=4eddcac1d2c24430afd4f2ae4245d1b7&source=app&deviceType=iPhone_6&appInfo=UTOPA_60707&ver=1.0&osInfo=iOS_12.3.1&appKey=e42ee29bdbba499aa08930e9bcc2343d&accessToken=cnlwVRbpUMxfVThZRtlLztSNUHnhgzCscyINAilcwxOrALdSjbYEDGDBUCBfbbJk&sessionKey=80c1a4e1c0c841319b7a096c09358a99&timestamp=1634089359&sign=E2A9DCD1F712FDFC09039D1174FFB9F8
–Ú∫≈£∫ 74 ”√¿˝±‡∫≈£∫ 93
 https://boss-api-test.myutopa.com/eshop/service/app/user/productOrder/myProductOrders?uid=c302366269bc44f3a6003ae7e2d6c662&deviceId=4eddcac1d2c24430afd4f2ae4245d1b7&source=app&deviceType=iPhone_6&appInfo=UTOPA_60707&ver=1.0&osInfo=iOS_12.3.1&appKey=e42ee29bdbba499aa08930e9bcc2343d&accessToken=cnlwVRbpUMxfVThZRtlLztSNUHnhgzCscyINAilcwxOrALdSjbYEDGDBUCBfbbJk&sessionKey=80c1a4e1c0c841319b7a096c09358a99&timestamp=1634089359&sign=E2A9DCD1F712FDFC09039D1174FFB9F8
–Ú∫≈£∫ 75 ”√¿˝±‡∫≈£∫ 94
 https://boss-api-test.myutopa.com/eshop/service/app/user/productOrder/myProductOrders?uid=c302366269bc44f3a6003ae7e2d6c662&deviceId=4eddcac1d2c24430afd4f2ae4245d1b7&source=app&deviceType=iPhone_6&appInfo=UTOPA_60707&ver=1.0&osInfo=iOS_12.3.1&appKey=e42ee29bdbba499aa08930e9bcc2343d&accessToken=cnlwVRbpUMxfVThZRtlLztSNUHnhgzCscyINAilcwxOrALdSjbYEDGDBUCBfbbJk&sessionKey=80c1a4e1c0c841319b7a096c09358a99&timestamp=1634089359&sign=E2A9DCD1F712FDFC09039D1174FFB9F8
–Ú∫≈£∫ 76 ”√¿˝±‡∫≈£∫ 95
 https://boss-api-test.myutopa.com/eshop/service/app/user/productOrder/commitOrder?uid=c302366269bc44f3a6003ae7e2d6c662&deviceId=4eddcac1d2c24430afd4f2ae4245d1b7&source=app&deviceType=iPhone_6&appInfo=UTOPA_60707&ver=1.0&osInfo=iOS_12.3.1&appKey=e42ee29bdbba499aa08930e9bcc2343d&accessToken=cnlwVRbpUMxfVThZRtlLztSNUHnhgzCscyINAilcwxOrALdSjbYEDGDBUCBfbbJk&sessionKey=80c1a4e1c0c841319b7a096c09358a99&timestamp=1634089359&sign=E2A9DCD1F712FDFC09039D1174FFB9F8
–Ú∫≈£∫ 77 ”√¿˝±‡∫≈£∫ 96
 https://boss-api-test.myutopa.com/eshop/service/app/user/productOrder/productOrderDetail?uid=c302366269bc44f3a6003ae7e2d6c662&deviceId=4eddcac1d2c24430afd4f2ae4245d1b7&source=app&deviceType=iPhone_6&appInfo=UTOPA_60707&ver=1.0&osInfo=iOS_12.3.1&appKey=e42ee29bdbba499aa08930e9bcc2343d&accessToken=cnlwVRbpUMxfVThZRtlLztSNUHnhgzCscyINAilcwxOrALdSjbYEDGDBUCBfbbJk&sessionKey=80c1a4e1c0c841319b7a096c09358a99&timestamp=1634089359&sign=E2A9DCD1F712FDFC09039D1174FFB9F8
–Ú∫≈£∫ 78 ”√¿˝±‡∫≈£∫ 97
 https://boss-api-test.myutopa.com/eshop/service/app/user/shopCart/addShopCartAgain?uid=c302366269bc44f3a6003ae7e2d6c662&deviceId=4eddcac1d2c24430afd4f2ae4245d1b7&source=app&deviceType=iPhone_6&appInfo=UTOPA_60707&ver=1.0&osInfo=iOS_12.3.1&appKey=e42ee29bdbba499aa08930e9bcc2343d&accessToken=cnlwVRbpUMxfVThZRtlLztSNUHnhgzCscyINAilcwxOrALdSjbYEDGDBUCBfbbJk&sessionKey=80c1a4e1c0c841319b7a096c09358a99&timestamp=1634089359&sign=E2A9DCD1F712FDFC09039D1174FFB9F8
–Ú∫≈£∫ 79 ”√¿˝±‡∫≈£∫ 98
 https://api-test.myutopa.com/app.do?appInfo=UTOPA_60707&deviceType=iPhone 6&markId=4eddcac1d2c24430afd4f2ae4245d1b7&method=utopa.eshop.productorder.app.updateOverTimeOrder&osInfo=iOS_12.3.1&params={"accessToken":"cnlwVRbpUMxfVThZRtlLztSNUHnhgzCscyINAilcwxOrALdSjbYEDGDBUCBfbbJk","clientType":1,"orderId":"78196","orderSource":1,"sysId":1,"uid":"c302366269bc44f3a6003ae7e2d6c662"}&ver=1.0&sessionKey=851b349f5fda4295be311edc74f6d420&sign=0f080c843defe7784a2ac3d978e43d63
–Ú∫≈£∫ 80 ”√¿˝±‡∫≈£∫ 99
 https://boss-api-test.myutopa.com/eshop/service/app/user/productOrderDetail/cancelOrderDetail?uid=c302366269bc44f3a6003ae7e2d6c662&deviceId=4eddcac1d2c24430afd4f2ae4245d1b7&source=app&deviceType=iPhone_6&appInfo=UTOPA_60707&ver=1.0&osInfo=iOS_12.3.1&appKey=e42ee29bdbba499aa08930e9bcc2343d&accessToken=cnlwVRbpUMxfVThZRtlLztSNUHnhgzCscyINAilcwxOrALdSjbYEDGDBUCBfbbJk&sessionKey=80c1a4e1c0c841319b7a096c09358a99&timestamp=1634089359&sign=E2A9DCD1F712FDFC09039D1174FFB9F8
–Ú∫≈£∫ 81 ”√¿˝±‡∫≈£∫ 100
 https://api-test.myutopa.com/app.do?appInfo=UTOPA_60707&deviceType=iPhone 6&markId=4eddcac1d2c24430afd4f2ae4245d1b7&method=neweshop.special.getGroupStore&osInfo=iOS_12.3.1&params={"accessToken":"cnlwVRbpUMxfVThZRtlLztSNUHnhgzCscyINAilcwxOrALdSjbYEDGDBUCBfbbJk","clientType":1,"groupId":2088,"latitude":23.12652859768797,"longitude":113.3334474149923,"pageNo":1,"pageSize":20,"sortRule":2,"sysId":1,"uid":"c302366269bc44f3a6003ae7e2d6c662"}&ver=1.0&sessionKey=851b349f5fda4295be311edc74f6d420&sign=e78da45df047f7df767d947c44ed62a1
–Ú∫≈£∫ 82 ”√¿˝±‡∫≈£∫ 101
 https://boss-api-test.myutopa.com/eshop/service/app/user/productOrder/confirmOrder?uid=c302366269bc44f3a6003ae7e2d6c662&deviceId=4eddcac1d2c24430afd4f2ae4245d1b7&source=app&deviceType=iPhone_6&appInfo=UTOPA_60707&ver=1.0&osInfo=iOS_12.3.1&appKey=e42ee29bdbba499aa08930e9bcc2343d&accessToken=cnlwVRbpUMxfVThZRtlLztSNUHnhgzCscyINAilcwxOrALdSjbYEDGDBUCBfbbJk&sessionKey=80c1a4e1c0c841319b7a096c09358a99&timestamp=1634089359&sign=E2A9DCD1F712FDFC09039D1174FFB9F8
–Ú∫≈£∫ 83 ”√¿˝±‡∫≈£∫ 102
 https://boss-api-test.myutopa.com/eshop/service/app/user/productOrder/commitOrder?uid=c302366269bc44f3a6003ae7e2d6c662&deviceId=4eddcac1d2c24430afd4f2ae4245d1b7&source=app&deviceType=iPhone_6&appInfo=UTOPA_60707&ver=1.0&osInfo=iOS_12.3.1&appKey=e42ee29bdbba499aa08930e9bcc2343d&accessToken=cnlwVRbpUMxfVThZRtlLztSNUHnhgzCscyINAilcwxOrALdSjbYEDGDBUCBfbbJk&sessionKey=80c1a4e1c0c841319b7a096c09358a99&timestamp=1634089359&sign=E2A9DCD1F712FDFC09039D1174FFB9F8
–Ú∫≈£∫ 84 ”√¿˝±‡∫≈£∫ 103
 https://boss-api-test.myutopa.com/eshop/service/app/user/productOrder/productOrderDetail?uid=c302366269bc44f3a6003ae7e2d6c662&deviceId=4eddcac1d2c24430afd4f2ae4245d1b7&source=app&deviceType=iPhone_6&appInfo=UTOPA_60707&ver=1.0&osInfo=iOS_12.3.1&appKey=e42ee29bdbba499aa08930e9bcc2343d&accessToken=cnlwVRbpUMxfVThZRtlLztSNUHnhgzCscyINAilcwxOrALdSjbYEDGDBUCBfbbJk&sessionKey=80c1a4e1c0c841319b7a096c09358a99&timestamp=1634089359&sign=E2A9DCD1F712FDFC09039D1174FFB9F8
–Ú∫≈£∫ 85 ”√¿˝±‡∫≈£∫ 104
 https://boss-api-test.myutopa.com/eshop/service/app/user/advertisement/getAdvertisementByStoreId?uid=c302366269bc44f3a6003ae7e2d6c662&deviceId=4eddcac1d2c24430afd4f2ae4245d1b7&source=app&deviceType=iPhone_6&appInfo=UTOPA_60707&ver=1.0&osInfo=iOS_12.3.1&appKey=e42ee29bdbba499aa08930e9bcc2343d&accessToken=cnlwVRbpUMxfVThZRtlLztSNUHnhgzCscyINAilcwxOrALdSjbYEDGDBUCBfbbJk&sessionKey=80c1a4e1c0c841319b7a096c09358a99&timestamp=1634089359&sign=E2A9DCD1F712FDFC09039D1174FFB9F8
–Ú∫≈£∫ 86 ”√¿˝±‡∫≈£∫ 105
 https://boss-api-test.myutopa.com/eshop/service/app/user/store/getStoreDetail?uid=c302366269bc44f3a6003ae7e2d6c662&deviceId=4eddcac1d2c24430afd4f2ae4245d1b7&source=app&deviceType=iPhone_6&appInfo=UTOPA_60707&ver=1.0&osInfo=iOS_12.3.1&appKey=e42ee29bdbba499aa08930e9bcc2343d&accessToken=cnlwVRbpUMxfVThZRtlLztSNUHnhgzCscyINAilcwxOrALdSjbYEDGDBUCBfbbJk&sessionKey=80c1a4e1c0c841319b7a096c09358a99&timestamp=1634089359&sign=E2A9DCD1F712FDFC09039D1174FFB9F8
–Ú∫≈£∫ 87 ”√¿˝±‡∫≈£∫ 106
 https://boss-api-test.myutopa.com/eshop/service/app/user/storeProduct/getStoreProductIndexList?uid=c302366269bc44f3a6003ae7e2d6c662&deviceId=4eddcac1d2c24430afd4f2ae4245d1b7&source=app&deviceType=iPhone_6&appInfo=UTOPA_60707&ver=1.0&osInfo=iOS_12.3.1&appKey=e42ee29bdbba499aa08930e9bcc2343d&accessToken=cnlwVRbpUMxfVThZRtlLztSNUHnhgzCscyINAilcwxOrALdSjbYEDGDBUCBfbbJk&sessionKey=80c1a4e1c0c841319b7a096c09358a99&timestamp=1634089359&sign=E2A9DCD1F712FDFC09039D1174FFB9F8
–Ú∫≈£∫ 88 ”√¿˝±‡∫≈£∫ 107
 https://boss-api-test.myutopa.com/eshop/service/app/user/storeProduct/listStoreProductByforeCategoryId?uid=c302366269bc44f3a6003ae7e2d6c662&deviceId=4eddcac1d2c24430afd4f2ae4245d1b7&source=app&deviceType=iPhone_6&appInfo=UTOPA_60707&ver=1.0&osInfo=iOS_12.3.1&appKey=e42ee29bdbba499aa08930e9bcc2343d&accessToken=cnlwVRbpUMxfVThZRtlLztSNUHnhgzCscyINAilcwxOrALdSjbYEDGDBUCBfbbJk&sessionKey=80c1a4e1c0c841319b7a096c09358a99&timestamp=1634089359&sign=E2A9DCD1F712FDFC09039D1174FFB9F8
–Ú∫≈£∫ 89 ”√¿˝±‡∫≈£∫ 108
 https://boss-api-test.myutopa.com/eshop/service/app/user/category/listRootAndLeavesForeCategoryById?uid=c302366269bc44f3a6003ae7e2d6c662&deviceId=4eddcac1d2c24430afd4f2ae4245d1b7&source=app&deviceType=iPhone_6&appInfo=UTOPA_60707&ver=1.0&osInfo=iOS_12.3.1&appKey=e42ee29bdbba499aa08930e9bcc2343d&accessToken=cnlwVRbpUMxfVThZRtlLztSNUHnhgzCscyINAilcwxOrALdSjbYEDGDBUCBfbbJk&sessionKey=80c1a4e1c0c841319b7a096c09358a99&timestamp=1634089359&sign=E2A9DCD1F712FDFC09039D1174FFB9F8
–Ú∫≈£∫ 90 ”√¿˝±‡∫≈£∫ 109
 https://api-test.myutopa.com/app.do?appInfo=UTOPA_60707&deviceType=iPhone 6&markId=4eddcac1d2c24430afd4f2ae4245d1b7&method=eshop.useraction.getIndexUserDate&osInfo=iOS_12.3.1&params={"accessToken":"cnlwVRbpUMxfVThZRtlLztSNUHnhgzCscyINAilcwxOrALdSjbYEDGDBUCBfbbJk","clientType":1,"sysId":1,"uid":"c302366269bc44f3a6003ae7e2d6c662"}&ver=1.0&sessionKey=851b349f5fda4295be311edc74f6d420&sign=24ad6eded5c8b84d101e08a78b2f434e
–Ú∫≈£∫ 91 ”√¿˝±‡∫≈£∫ 110
 https://boss-api-test.myutopa.com/eshop/service/app/user/productOrder/getUserOrderCount?uid=c302366269bc44f3a6003ae7e2d6c662&deviceId=4eddcac1d2c24430afd4f2ae4245d1b7&source=app&deviceType=iPhone_6&appInfo=UTOPA_60707&ver=1.0&osInfo=iOS_12.3.1&appKey=e42ee29bdbba499aa08930e9bcc2343d&accessToken=cnlwVRbpUMxfVThZRtlLztSNUHnhgzCscyINAilcwxOrALdSjbYEDGDBUCBfbbJk&sessionKey=80c1a4e1c0c841319b7a096c09358a99&timestamp=1634089359&sign=E2A9DCD1F712FDFC09039D1174FFB9F8
–Ú∫≈£∫ 92 ”√¿˝±‡∫≈£∫ 111
 https://boss-api-test.myutopa.com/eshop/service/app/user/express/orderExpressQueryAll?uid=c302366269bc44f3a6003ae7e2d6c662&deviceId=4eddcac1d2c24430afd4f2ae4245d1b7&source=app&deviceType=iPhone_6&appInfo=UTOPA_60707&ver=1.0&osInfo=iOS_12.3.1&appKey=e42ee29bdbba499aa08930e9bcc2343d&accessToken=cnlwVRbpUMxfVThZRtlLztSNUHnhgzCscyINAilcwxOrALdSjbYEDGDBUCBfbbJk&sessionKey=80c1a4e1c0c841319b7a096c09358a99&timestamp=1634089359&sign=E2A9DCD1F712FDFC09039D1174FFB9F8
–Ú∫≈£∫ 93 ”√¿˝±‡∫≈£∫ 112
 https://boss-api-test.myutopa.com/eshop/service/app/user/baseParam/getValueBykey?uid=c302366269bc44f3a6003ae7e2d6c662&paramKey=point_mall_url&deviceId=4eddcac1d2c24430afd4f2ae4245d1b7&source=app&deviceType=iPhone_6&appInfo=UTOPA_60707&ver=1.0&osInfo=iOS_12.3.1&appKey=e42ee29bdbba499aa08930e9bcc2343d&accessToken=cnlwVRbpUMxfVThZRtlLztSNUHnhgzCscyINAilcwxOrALdSjbYEDGDBUCBfbbJk&sessionKey=80c1a4e1c0c841319b7a096c09358a99&timestamp=1634089359&sign=4024FE3D7947F8A4EDDDE50CF467A412
–Ú∫≈£∫ 94 ”√¿˝±‡∫≈£∫ 113
 https://boss-api-test.myutopa.com/eshop/service/app/user/advertisement/listAdvertisementByCode?uid=c302366269bc44f3a6003ae7e2d6c662&deviceId=4eddcac1d2c24430afd4f2ae4245d1b7&source=app&deviceType=iPhone_6&appInfo=UTOPA_60707&ver=1.0&osInfo=iOS_12.3.1&appKey=e42ee29bdbba499aa08930e9bcc2343d&accessToken=cnlwVRbpUMxfVThZRtlLztSNUHnhgzCscyINAilcwxOrALdSjbYEDGDBUCBfbbJk&sessionKey=80c1a4e1c0c841319b7a096c09358a99&timestamp=1634089359&sign=E2A9DCD1F712FDFC09039D1174FFB9F8
–Ú∫≈£∫ 95 ”√¿˝±‡∫≈£∫ 158
 https://api-test.myutopa.com/app.do?appInfo=UTOPA_60800&deviceType=iPhone 6&markId=4eddcac1d2c24430afd4f2ae4245d1b7&method=utopa.eshop.coupon.bussinessCouponList&osInfo=iOS_12.3.1&params={"accessToken":"cnlwVRbpUMxfVThZRtlLztSNUHnhgzCscyINAilcwxOrALdSjbYEDGDBUCBfbbJk","businessId":"3183","channels":"1","clientType":1,"storeId":"775074","sysId":1,"uid":"c302366269bc44f3a6003ae7e2d6c662"}&ver=1.0&sessionKey=851b349f5fda4295be311edc74f6d420&sign=675a9bc967dee4628878eac8bcc385df
–Ú∫≈£∫ 96 ”√¿˝±‡∫≈£∫ 159
 https://api-test.myutopa.com/app.do?appInfo=UTOPA_60800&deviceType=iPhone 6&markId=4eddcac1d2c24430afd4f2ae4245d1b7&method=utopa.eshop.coupon.userGetCoupon&osInfo=iOS_12.3.1&params={"accessToken":"cnlwVRbpUMxfVThZRtlLztSNUHnhgzCscyINAilcwxOrALdSjbYEDGDBUCBfbbJk","activityId":"1026","businessId":"3183","clientType":1,"couponCode":"201202107155123629146","popPageId":"","storeId":"775074","sysId":1,"uid":"c302366269bc44f3a6003ae7e2d6c662"}&ver=1.0&sessionKey=851b349f5fda4295be311edc74f6d420&sign=9d63e001f8191742af1390dfb020a5e4
–Ú∫≈£∫ 97 ”√¿˝±‡∫≈£∫ 160
 https://boss-api-test.myutopa.com/eshop/service/app/user/product/getProductSkuApp?uid=c302366269bc44f3a6003ae7e2d6c662&deviceId=4eddcac1d2c24430afd4f2ae4245d1b7&source=app&deviceType=iPhone_6&appInfo=UTOPA_60800&ver=1.0&osInfo=iOS_12.3.1&appKey=e42ee29bdbba499aa08930e9bcc2343d&accessToken=cnlwVRbpUMxfVThZRtlLztSNUHnhgzCscyINAilcwxOrALdSjbYEDGDBUCBfbbJk&sessionKey=80c1a4e1c0c841319b7a096c09358a99&timestamp=1634089359&sign=90E6BBB9A64EE68D146F395AB6BD3752
–Ú∫≈£∫ 98 ”√¿˝±‡∫≈£∫ 161
 https://boss-api-test.myutopa.com/eshop/service/app/user/productOrder/confirmOrder?uid=c302366269bc44f3a6003ae7e2d6c662&deviceId=4eddcac1d2c24430afd4f2ae4245d1b7&source=app&deviceType=iPhone_6&appInfo=UTOPA_60707&ver=1.0&osInfo=iOS_12.3.1&appKey=e42ee29bdbba499aa08930e9bcc2343d&accessToken=cnlwVRbpUMxfVThZRtlLztSNUHnhgzCscyINAilcwxOrALdSjbYEDGDBUCBfbbJk&sessionKey=80c1a4e1c0c841319b7a096c09358a99&timestamp=1634089359&sign=E2A9DCD1F712FDFC09039D1174FFB9F8
–Ú∫≈£∫ 99 ”√¿˝±‡∫≈£∫ 162
 https://boss-api-test.myutopa.com/eshop/service/app/user/productOrder/commitOrder?uid=c302366269bc44f3a6003ae7e2d6c662&deviceId=4eddcac1d2c24430afd4f2ae4245d1b7&source=app&deviceType=iPhone_6&appInfo=UTOPA_60707&ver=1.0&osInfo=iOS_12.3.1&appKey=e42ee29bdbba499aa08930e9bcc2343d&accessToken=cnlwVRbpUMxfVThZRtlLztSNUHnhgzCscyINAilcwxOrALdSjbYEDGDBUCBfbbJk&sessionKey=80c1a4e1c0c841319b7a096c09358a99&timestamp=1634089359&sign=E2A9DCD1F712FDFC09039D1174FFB9F8
–Ú∫≈£∫ 100 ”√¿˝±‡∫≈£∫ 163
 https://boss-api-test.myutopa.com/eshop/service/app/user/productOrder/confirmOrder?uid=c302366269bc44f3a6003ae7e2d6c662&deviceId=4eddcac1d2c24430afd4f2ae4245d1b7&source=app&deviceType=iPhone_6&appInfo=UTOPA_60707&ver=1.0&osInfo=iOS_12.3.1&appKey=e42ee29bdbba499aa08930e9bcc2343d&accessToken=cnlwVRbpUMxfVThZRtlLztSNUHnhgzCscyINAilcwxOrALdSjbYEDGDBUCBfbbJk&sessionKey=80c1a4e1c0c841319b7a096c09358a99&timestamp=1634089359&sign=E2A9DCD1F712FDFC09039D1174FFB9F8
–Ú∫≈£∫ 101 ”√¿˝±‡∫≈£∫ 164
 https://boss-api-test.myutopa.com/eshop/service/app/user/productOrder/commitOrder?uid=c302366269bc44f3a6003ae7e2d6c662&deviceId=4eddcac1d2c24430afd4f2ae4245d1b7&source=app&deviceType=iPhone_6&appInfo=UTOPA_60707&ver=1.0&osInfo=iOS_12.3.1&appKey=e42ee29bdbba499aa08930e9bcc2343d&accessToken=cnlwVRbpUMxfVThZRtlLztSNUHnhgzCscyINAilcwxOrALdSjbYEDGDBUCBfbbJk&sessionKey=80c1a4e1c0c841319b7a096c09358a99&timestamp=1634089359&sign=E2A9DCD1F712FDFC09039D1174FFB9F8
–Ú∫≈£∫ 102 ”√¿˝±‡∫≈£∫ 165
 https://boss-api-test.myutopa.com/eshop/service/app/user/productOrder/confirmOrder?uid=c302366269bc44f3a6003ae7e2d6c662&deviceId=4eddcac1d2c24430afd4f2ae4245d1b7&source=app&deviceType=iPhone_6&appInfo=UTOPA_60707&ver=1.0&osInfo=iOS_12.3.1&appKey=e42ee29bdbba499aa08930e9bcc2343d&accessToken=cnlwVRbpUMxfVThZRtlLztSNUHnhgzCscyINAilcwxOrALdSjbYEDGDBUCBfbbJk&sessionKey=80c1a4e1c0c841319b7a096c09358a99&timestamp=1634089359&sign=E2A9DCD1F712FDFC09039D1174FFB9F8
–Ú∫≈£∫ 103 ”√¿˝±‡∫≈£∫ 166
 https://boss-api-test.myutopa.com/eshop/service/app/user/productOrder/confirmOrderChangeCoupons?uid=c302366269bc44f3a6003ae7e2d6c662&deviceId=4eddcac1d2c24430afd4f2ae4245d1b7&source=app&deviceType=iPhone_6&appInfo=UTOPA_60707&ver=1.0&osInfo=iOS_12.3.1&appKey=e42ee29bdbba499aa08930e9bcc2343d&accessToken=cnlwVRbpUMxfVThZRtlLztSNUHnhgzCscyINAilcwxOrALdSjbYEDGDBUCBfbbJk&sessionKey=80c1a4e1c0c841319b7a096c09358a99&timestamp=1634089359&sign=E2A9DCD1F712FDFC09039D1174FFB9F8
–Ú∫≈£∫ 104 ”√¿˝±‡∫≈£∫ 167
 https://boss-api-test.myutopa.com/eshop/service/app/user/productOrder/confirmOrder?uid=c302366269bc44f3a6003ae7e2d6c662&deviceId=4eddcac1d2c24430afd4f2ae4245d1b7&source=app&deviceType=iPhone_6&appInfo=UTOPA_60707&ver=1.0&osInfo=iOS_12.3.1&appKey=e42ee29bdbba499aa08930e9bcc2343d&accessToken=cnlwVRbpUMxfVThZRtlLztSNUHnhgzCscyINAilcwxOrALdSjbYEDGDBUCBfbbJk&sessionKey=80c1a4e1c0c841319b7a096c09358a99&timestamp=1634089359&sign=E2A9DCD1F712FDFC09039D1174FFB9F8
–Ú∫≈£∫ 105 ”√¿˝±‡∫≈£∫ 168
 https://boss-api-test.myutopa.com/eshop/service/app/user/productOrder/commitOrder?uid=c302366269bc44f3a6003ae7e2d6c662&deviceId=4eddcac1d2c24430afd4f2ae4245d1b7&source=app&deviceType=iPhone_6&appInfo=UTOPA_60707&ver=1.0&osInfo=iOS_12.3.1&appKey=e42ee29bdbba499aa08930e9bcc2343d&accessToken=cnlwVRbpUMxfVThZRtlLztSNUHnhgzCscyINAilcwxOrALdSjbYEDGDBUCBfbbJk&sessionKey=80c1a4e1c0c841319b7a096c09358a99&timestamp=1634089359&sign=E2A9DCD1F712FDFC09039D1174FFB9F8
–Ú∫≈£∫ 106 ”√¿˝±‡∫≈£∫ 169
 https://boss-api-test.myutopa.com/eshop/service/app/user/productOrder/confirmOrder?uid=c302366269bc44f3a6003ae7e2d6c662&deviceId=4eddcac1d2c24430afd4f2ae4245d1b7&source=app&deviceType=iPhone_6&appInfo=UTOPA_60707&ver=1.0&osInfo=iOS_12.3.1&appKey=e42ee29bdbba499aa08930e9bcc2343d&accessToken=cnlwVRbpUMxfVThZRtlLztSNUHnhgzCscyINAilcwxOrALdSjbYEDGDBUCBfbbJk&sessionKey=80c1a4e1c0c841319b7a096c09358a99&timestamp=1634089359&sign=E2A9DCD1F712FDFC09039D1174FFB9F8
–Ú∫≈£∫ 107 ”√¿˝±‡∫≈£∫ 170
 https://boss-api-test.myutopa.com/eshop/service/app/user/productOrder/commitOrder?uid=c302366269bc44f3a6003ae7e2d6c662&deviceId=4eddcac1d2c24430afd4f2ae4245d1b7&source=app&deviceType=iPhone_6&appInfo=UTOPA_60707&ver=1.0&osInfo=iOS_12.3.1&appKey=e42ee29bdbba499aa08930e9bcc2343d&accessToken=cnlwVRbpUMxfVThZRtlLztSNUHnhgzCscyINAilcwxOrALdSjbYEDGDBUCBfbbJk&sessionKey=80c1a4e1c0c841319b7a096c09358a99&timestamp=1634089359&sign=E2A9DCD1F712FDFC09039D1174FFB9F8
–Ú∫≈£∫ 108 ”√¿˝±‡∫≈£∫ 171
 https://boss-api-test.myutopa.com/eshop/service/app/user/productOrder/confirmOrder?uid=c302366269bc44f3a6003ae7e2d6c662&deviceId=4eddcac1d2c24430afd4f2ae4245d1b7&source=app&deviceType=iPhone_6&appInfo=UTOPA_60707&ver=1.0&osInfo=iOS_12.3.1&appKey=e42ee29bdbba499aa08930e9bcc2343d&accessToken=cnlwVRbpUMxfVThZRtlLztSNUHnhgzCscyINAilcwxOrALdSjbYEDGDBUCBfbbJk&sessionKey=80c1a4e1c0c841319b7a096c09358a99&timestamp=1634089359&sign=E2A9DCD1F712FDFC09039D1174FFB9F8
–Ú∫≈£∫ 109 ”√¿˝±‡∫≈£∫ 172
 https://boss-api-test.myutopa.com/eshop/service/app/user/productOrder/commitOrder?uid=c302366269bc44f3a6003ae7e2d6c662&deviceId=4eddcac1d2c24430afd4f2ae4245d1b7&source=app&deviceType=iPhone_6&appInfo=UTOPA_60707&ver=1.0&osInfo=iOS_12.3.1&appKey=e42ee29bdbba499aa08930e9bcc2343d&accessToken=cnlwVRbpUMxfVThZRtlLztSNUHnhgzCscyINAilcwxOrALdSjbYEDGDBUCBfbbJk&sessionKey=80c1a4e1c0c841319b7a096c09358a99&timestamp=1634089359&sign=E2A9DCD1F712FDFC09039D1174FFB9F8
–Ú∫≈£∫ 110 ”√¿˝±‡∫≈£∫ 173
 https://boss-api-test.myutopa.com/eshop/service/app/user/product/getProductSkuApp?uid=c302366269bc44f3a6003ae7e2d6c662&deviceId=4eddcac1d2c24430afd4f2ae4245d1b7&source=app&deviceType=iPhone_6&appInfo=UTOPA_60800&ver=1.0&osInfo=iOS_12.3.1&appKey=e42ee29bdbba499aa08930e9bcc2343d&accessToken=cnlwVRbpUMxfVThZRtlLztSNUHnhgzCscyINAilcwxOrALdSjbYEDGDBUCBfbbJk&sessionKey=80c1a4e1c0c841319b7a096c09358a99&timestamp=1634089359&sign=90E6BBB9A64EE68D146F395AB6BD3752
–Ú∫≈£∫ 111 ”√¿˝±‡∫≈£∫ 174
 https://boss-api-test.myutopa.com/eshop/service/app/user/productOrder/confirmOrder?uid=c302366269bc44f3a6003ae7e2d6c662&deviceId=4eddcac1d2c24430afd4f2ae4245d1b7&source=app&deviceType=iPhone_6&appInfo=UTOPA_60707&ver=1.0&osInfo=iOS_12.3.1&appKey=e42ee29bdbba499aa08930e9bcc2343d&accessToken=cnlwVRbpUMxfVThZRtlLztSNUHnhgzCscyINAilcwxOrALdSjbYEDGDBUCBfbbJk&sessionKey=80c1a4e1c0c841319b7a096c09358a99&timestamp=1634089359&sign=E2A9DCD1F712FDFC09039D1174FFB9F8
–Ú∫≈£∫ 112 ”√¿˝±‡∫≈£∫ 175
 https://boss-api-test.myutopa.com/eshop/service/app/user/productOrder/commitOrder?uid=c302366269bc44f3a6003ae7e2d6c662&deviceId=4eddcac1d2c24430afd4f2ae4245d1b7&source=app&deviceType=iPhone_6&appInfo=UTOPA_60707&ver=1.0&osInfo=iOS_12.3.1&appKey=e42ee29bdbba499aa08930e9bcc2343d&accessToken=cnlwVRbpUMxfVThZRtlLztSNUHnhgzCscyINAilcwxOrALdSjbYEDGDBUCBfbbJk&sessionKey=80c1a4e1c0c841319b7a096c09358a99&timestamp=1634089359&sign=E2A9DCD1F712FDFC09039D1174FFB9F8
–Ú∫≈£∫ 113 ”√¿˝±‡∫≈£∫ 176
 https://boss-api-test.myutopa.com/eshop/service/app/user/productOrder/confirmOrder?uid=c302366269bc44f3a6003ae7e2d6c662&deviceId=4eddcac1d2c24430afd4f2ae4245d1b7&source=app&deviceType=iPhone_6&appInfo=UTOPA_60707&ver=1.0&osInfo=iOS_12.3.1&appKey=e42ee29bdbba499aa08930e9bcc2343d&accessToken=cnlwVRbpUMxfVThZRtlLztSNUHnhgzCscyINAilcwxOrALdSjbYEDGDBUCBfbbJk&sessionKey=80c1a4e1c0c841319b7a096c09358a99&timestamp=1634089359&sign=E2A9DCD1F712FDFC09039D1174FFB9F8
–Ú∫≈£∫ 114 ”√¿˝±‡∫≈£∫ 177
 https://boss-api-test.myutopa.com/eshop/service/app/user/productOrder/commitOrder?uid=c302366269bc44f3a6003ae7e2d6c662&deviceId=4eddcac1d2c24430afd4f2ae4245d1b7&source=app&deviceType=iPhone_6&appInfo=UTOPA_60707&ver=1.0&osInfo=iOS_12.3.1&appKey=e42ee29bdbba499aa08930e9bcc2343d&accessToken=cnlwVRbpUMxfVThZRtlLztSNUHnhgzCscyINAilcwxOrALdSjbYEDGDBUCBfbbJk&sessionKey=80c1a4e1c0c841319b7a096c09358a99&timestamp=1634089359&sign=E2A9DCD1F712FDFC09039D1174FFB9F8
–Ú∫≈£∫ 115 ”√¿˝±‡∫≈£∫ 178
 https://boss-api-test.myutopa.com/eshop/service/app/user/product/getProductSkuApp?uid=c302366269bc44f3a6003ae7e2d6c662&deviceId=4eddcac1d2c24430afd4f2ae4245d1b7&source=app&deviceType=iPhone_6&appInfo=UTOPA_60800&ver=1.0&osInfo=iOS_12.3.1&appKey=e42ee29bdbba499aa08930e9bcc2343d&accessToken=cnlwVRbpUMxfVThZRtlLztSNUHnhgzCscyINAilcwxOrALdSjbYEDGDBUCBfbbJk&sessionKey=80c1a4e1c0c841319b7a096c09358a99&timestamp=1634089359&sign=90E6BBB9A64EE68D146F395AB6BD3752
–Ú∫≈£∫ 116 ”√¿˝±‡∫≈£∫ 179
 https://boss-api-test.myutopa.com/eshop/service/app/user/productOrder/confirmOrder?uid=09a5a69da785464d9dd790b551ffd26f&deviceId=4eddcac1d2c24430afd4f2ae4245d1b7&source=app&deviceType=iPhone_6&appInfo=UTOPA_60805&ver=1.0&osInfo=iOS_12.3.1&appKey=e42ee29bdbba499aa08930e9bcc2343d&accessToken=cnlwVRbpUMxfVThZRtlLztSNUHnhgzCscyINAilcwxOrALdSjbYEDGDBUCBfbbJk&sessionKey=80c1a4e1c0c841319b7a096c09358a99&timestamp=1634089359&sign=C0A13557E7718B8B36CC495678C44A56
–Ú∫≈£∫ 117 ”√¿˝±‡∫≈£∫ 180
 https://boss-api-test.myutopa.com/eshop/service/app/user/groupBookingInstance/submitOrder?uid=c302366269bc44f3a6003ae7e2d6c662&deviceId=4eddcac1d2c24430afd4f2ae4245d1b7&source=app&deviceType=iPhone_6&appInfo=UTOPA_60800&ver=1.0&osInfo=iOS_12.3.1&appKey=e42ee29bdbba499aa08930e9bcc2343d&accessToken=cnlwVRbpUMxfVThZRtlLztSNUHnhgzCscyINAilcwxOrALdSjbYEDGDBUCBfbbJk&sessionKey=80c1a4e1c0c841319b7a096c09358a99&timestamp=1634089359&sign=90E6BBB9A64EE68D146F395AB6BD3752
–Ú∫≈£∫ 118 ”√¿˝±‡∫≈£∫ 181
 https://boss-api-test.myutopa.com/eshop/service/app/user/groupBookingInstance/beforeProductAddOrder?uid=c302366269bc44f3a6003ae7e2d6c662&deviceId=4eddcac1d2c24430afd4f2ae4245d1b7&source=app&deviceType=iPhone_6&appInfo=UTOPA_60800&ver=1.0&osInfo=iOS_12.3.1&appKey=e42ee29bdbba499aa08930e9bcc2343d&accessToken=cnlwVRbpUMxfVThZRtlLztSNUHnhgzCscyINAilcwxOrALdSjbYEDGDBUCBfbbJk&sessionKey=80c1a4e1c0c841319b7a096c09358a99&timestamp=1634089359&sign=90E6BBB9A64EE68D146F395AB6BD3752
–Ú∫≈£∫ 119 ”√¿˝±‡∫≈£∫ 182
 https://boss-api-test.myutopa.com/eshop/service/app/user/groupBookingInstance/submitOrder?uid=c302366269bc44f3a6003ae7e2d6c662&deviceId=4eddcac1d2c24430afd4f2ae4245d1b7&source=app&deviceType=iPhone_6&appInfo=UTOPA_60800&ver=1.0&osInfo=iOS_12.3.1&appKey=e42ee29bdbba499aa08930e9bcc2343d&accessToken=cnlwVRbpUMxfVThZRtlLztSNUHnhgzCscyINAilcwxOrALdSjbYEDGDBUCBfbbJk&sessionKey=80c1a4e1c0c841319b7a096c09358a99&timestamp=1634089359&sign=90E6BBB9A64EE68D146F395AB6BD3752
–Ú∫≈£∫ 120 ”√¿˝±‡∫≈£∫ 183
 https://boss-api-test.myutopa.com/eshop/service/app/user/product/getProductSkuApp?uid=c302366269bc44f3a6003ae7e2d6c662&deviceId=4eddcac1d2c24430afd4f2ae4245d1b7&source=app&deviceType=iPhone_6&appInfo=UTOPA_60800&ver=1.0&osInfo=iOS_12.3.1&appKey=e42ee29bdbba499aa08930e9bcc2343d&accessToken=cnlwVRbpUMxfVThZRtlLztSNUHnhgzCscyINAilcwxOrALdSjbYEDGDBUCBfbbJk&sessionKey=80c1a4e1c0c841319b7a096c09358a99&timestamp=1634089359&sign=90E6BBB9A64EE68D146F395AB6BD3752
–Ú∫≈£∫ 121 ”√¿˝±‡∫≈£∫ 184
 https://boss-api-test.myutopa.com/eshop/service/app/user/productOrder/confirmOrder?uid=c302366269bc44f3a6003ae7e2d6c662&deviceId=4eddcac1d2c24430afd4f2ae4245d1b7&source=app&deviceType=iPhone_6&appInfo=UTOPA_60707&ver=1.0&osInfo=iOS_12.3.1&appKey=e42ee29bdbba499aa08930e9bcc2343d&accessToken=cnlwVRbpUMxfVThZRtlLztSNUHnhgzCscyINAilcwxOrALdSjbYEDGDBUCBfbbJk&sessionKey=80c1a4e1c0c841319b7a096c09358a99&timestamp=1634089359&sign=E2A9DCD1F712FDFC09039D1174FFB9F8
–Ú∫≈£∫ 122 ”√¿˝±‡∫≈£∫ 185
 https://boss-api-test.myutopa.com/eshop/service/app/user/productOrder/commitOrder?uid=c302366269bc44f3a6003ae7e2d6c662&deviceId=4eddcac1d2c24430afd4f2ae4245d1b7&source=app&deviceType=iPhone_6&appInfo=UTOPA_60707&ver=1.0&osInfo=iOS_12.3.1&appKey=e42ee29bdbba499aa08930e9bcc2343d&accessToken=cnlwVRbpUMxfVThZRtlLztSNUHnhgzCscyINAilcwxOrALdSjbYEDGDBUCBfbbJk&sessionKey=80c1a4e1c0c841319b7a096c09358a99&timestamp=1634089359&sign=E2A9DCD1F712FDFC09039D1174FFB9F8
–Ú∫≈£∫ 123 ”√¿˝±‡∫≈£∫ 197
 https://boss-api-test.myutopa.com/eshop/service/app/user/addFavorite?uid=c302366269bc44f3a6003ae7e2d6c662&deviceId=4eddcac1d2c24430afd4f2ae4245d1b7&source=app&deviceType=iPhone_6&appInfo=UTOPA_60800&ver=1.0&osInfo=iOS_12.3.1&appKey=e42ee29bdbba499aa08930e9bcc2343d&accessToken=cnlwVRbpUMxfVThZRtlLztSNUHnhgzCscyINAilcwxOrALdSjbYEDGDBUCBfbbJk&sessionKey=80c1a4e1c0c841319b7a096c09358a99&timestamp=1634089359&sign=90E6BBB9A64EE68D146F395AB6BD3752
–Ú∫≈£∫ 124 ”√¿˝±‡∫≈£∫ 198
 https://boss-api-test.myutopa.com/eshop/service/app/user/cancelFavorite?uid=c302366269bc44f3a6003ae7e2d6c662&deviceId=4eddcac1d2c24430afd4f2ae4245d1b7&source=app&deviceType=iPhone_6&appInfo=UTOPA_60800&ver=1.0&osInfo=iOS_12.3.1&appKey=e42ee29bdbba499aa08930e9bcc2343d&accessToken=cnlwVRbpUMxfVThZRtlLztSNUHnhgzCscyINAilcwxOrALdSjbYEDGDBUCBfbbJk&sessionKey=80c1a4e1c0c841319b7a096c09358a99&timestamp=1634089359&sign=90E6BBB9A64EE68D146F395AB6BD3752
–Ú∫≈£∫ 125 ”√¿˝±‡∫≈£∫ 199
 https://boss-api-test.myutopa.com/eshop/service/app/user/addFavorite?uid=c302366269bc44f3a6003ae7e2d6c662&deviceId=4eddcac1d2c24430afd4f2ae4245d1b7&source=app&deviceType=iPhone_6&appInfo=UTOPA_60800&ver=1.0&osInfo=iOS_12.3.1&appKey=e42ee29bdbba499aa08930e9bcc2343d&accessToken=cnlwVRbpUMxfVThZRtlLztSNUHnhgzCscyINAilcwxOrALdSjbYEDGDBUCBfbbJk&sessionKey=80c1a4e1c0c841319b7a096c09358a99&timestamp=1634089359&sign=90E6BBB9A64EE68D146F395AB6BD3752
–Ú∫≈£∫ 126 ”√¿˝±‡∫≈£∫ 200
 https://boss-api-test.myutopa.com/eshop/service/app/user/cancelFavorite?uid=c302366269bc44f3a6003ae7e2d6c662&deviceId=4eddcac1d2c24430afd4f2ae4245d1b7&source=app&deviceType=iPhone_6&appInfo=UTOPA_60800&ver=1.0&osInfo=iOS_12.3.1&appKey=e42ee29bdbba499aa08930e9bcc2343d&accessToken=cnlwVRbpUMxfVThZRtlLztSNUHnhgzCscyINAilcwxOrALdSjbYEDGDBUCBfbbJk&sessionKey=80c1a4e1c0c841319b7a096c09358a99&timestamp=1634089359&sign=90E6BBB9A64EE68D146F395AB6BD3752
–Ú∫≈£∫ 127 ”√¿˝±‡∫≈£∫ 201
 https://boss-api-test.myutopa.com/eshop/service/app/user/productOrder/confirmOrder?uid=09a5a69da785464d9dd790b551ffd26f&deviceId=4eddcac1d2c24430afd4f2ae4245d1b7&source=app&deviceType=iPhone_6&appInfo=UTOPA_60805&ver=1.0&osInfo=iOS_12.3.1&appKey=e42ee29bdbba499aa08930e9bcc2343d&accessToken=cnlwVRbpUMxfVThZRtlLztSNUHnhgzCscyINAilcwxOrALdSjbYEDGDBUCBfbbJk&sessionKey=80c1a4e1c0c841319b7a096c09358a99&timestamp=1634089359&sign=C0A13557E7718B8B36CC495678C44A56
–Ú∫≈£∫ 128 ”√¿˝±‡∫≈£∫ 202
 https://boss-api-test.myutopa.com/eshop/service/app/user/productOrder/commitOrder?uid=c302366269bc44f3a6003ae7e2d6c662&deviceId=4eddcac1d2c24430afd4f2ae4245d1b7&source=app&deviceType=iPhone_6&appInfo=UTOPA_60707&ver=1.0&osInfo=iOS_12.3.1&appKey=e42ee29bdbba499aa08930e9bcc2343d&accessToken=cnlwVRbpUMxfVThZRtlLztSNUHnhgzCscyINAilcwxOrALdSjbYEDGDBUCBfbbJk&sessionKey=80c1a4e1c0c841319b7a096c09358a99&timestamp=1634089359&sign=E2A9DCD1F712FDFC09039D1174FFB9F8
–Ú∫≈£∫ 129 ”√¿˝±‡∫≈£∫ 203
 https://boss-api-test.myutopa.com/eshop/service/app/user/productOrder/confirmOrder?uid=c302366269bc44f3a6003ae7e2d6c662&deviceId=4eddcac1d2c24430afd4f2ae4245d1b7&source=app&deviceType=iPhone_6&appInfo=UTOPA_60707&ver=1.0&osInfo=iOS_12.3.1&appKey=e42ee29bdbba499aa08930e9bcc2343d&accessToken=cnlwVRbpUMxfVThZRtlLztSNUHnhgzCscyINAilcwxOrALdSjbYEDGDBUCBfbbJk&sessionKey=80c1a4e1c0c841319b7a096c09358a99&timestamp=1634089359&sign=E2A9DCD1F712FDFC09039D1174FFB9F8
–Ú∫≈£∫ 130 ”√¿˝±‡∫≈£∫ 204
 https://boss-api-test.myutopa.com/eshop/service/app/user/productOrder/commitOrder?uid=c302366269bc44f3a6003ae7e2d6c662&deviceId=4eddcac1d2c24430afd4f2ae4245d1b7&source=app&deviceType=iPhone_6&appInfo=UTOPA_60707&ver=1.0&osInfo=iOS_12.3.1&appKey=e42ee29bdbba499aa08930e9bcc2343d&accessToken=cnlwVRbpUMxfVThZRtlLztSNUHnhgzCscyINAilcwxOrALdSjbYEDGDBUCBfbbJk&sessionKey=80c1a4e1c0c841319b7a096c09358a99&timestamp=1634089359&sign=E2A9DCD1F712FDFC09039D1174FFB9F8
Ω· ¯≈˙¡ø÷¥––:”≈Õ–∞Ó-≤‚ ‘ª∑æ≥ ÷¥––’ﬂ: root
ø™ º≈˙¡ø÷¥––:”≈Õ–∞Ó-≤‚ ‘ª∑æ≥ ÷¥––’ﬂ: root
÷¥––”√¿˝À≥–Ú: [10, 11, 12, 410, 411, 412]
–Ú∫≈£∫ 1 ”√¿˝±‡∫≈£∫ 10
 https://api-test.myutopa.com/app.do?method=account.session.gen
”√¿˝±‡∫≈ 10 «ÎºÏ≤ÈURL”Îheaders «∑Ò’˝»∑
ªÒ»°sessionSecret ß∞‹
–Ú∫≈£∫ 2 ”√¿˝±‡∫≈£∫ 11
 https://api-test.myutopa.com/app.do?appInfo=UTOPA_60607&markId=4eddcac1d2c24430afd4f2ae4245d1b7&deviceType=iPhone 6&method=account.login.doLogin&osInfo=iOS_12.3.1&params={"accessToken":"","account":"19800000003","clientType":1,"deviceId":"4eddcac1d2c24430afd4f2ae4245d1b7","keepAccess":1,"lat":23.126474,"lng":113.333429,"loginType":"2","password":"123456","sysId":1,"uid":""}&ver=1.0&sessionKey=&sign=5cebb25b1f834406d13fe136d0f76ca7
”√¿˝±‡∫≈ 11 «ÎºÏ≤ÈURL”Îheaders «∑Ò’˝»∑
–Ú∫≈£∫ 3 ”√¿˝±‡∫≈£∫ 12
 https://boss-api-test.myutopa.com/eshop/core/account/session/genSession?appKey=r53dc6d2b365d41c4jdssf853295da3ff5
”√¿˝±‡∫≈ 12 «ÎºÏ≤ÈURL”Îheaders «∑Ò’˝»∑
…Ë÷√sessionSecret ß∞‹
–Ú∫≈£∫ 4 ”√¿˝±‡∫≈£∫ 410
 https://boss-api-test.myutopa.com/eshop/service/app/user/product/getProductSkuApp?uid=c302366269bc44f3a6003ae7e2d6c662&deviceId=4eddcac1d2c24430afd4f2ae4245d1b7&source=app&deviceType=iPhone_6&appInfo=UTOPA_60800&ver=1.0&osInfo=iOS_12.3.1&appKey=e42ee29bdbba499aa08930e9bcc2343d&accessToken=&sessionKey=80c1a4e1c0c841319b7a096c09358a99&timestamp=1634089359&sign=2D8A9FEAC59CB79CDABA0CA5B58AB5CF
”√¿˝±‡∫≈ 410 «ÎºÏ≤ÈURL”Îheaders «∑Ò’˝»∑
–Ú∫≈£∫ 5 ”√¿˝±‡∫≈£∫ 411
 https://boss-api-test.myutopa.com/eshop/service/app/user/product/discountRemainingNum?uid=c302366269bc44f3a6003ae7e2d6c662&deviceId=4eddcac1d2c24430afd4f2ae4245d1b7&source=app&deviceType=iPhone_6&appInfo=UTOPA_60805&ver=1.0&osInfo=iOS_12.3.1&appKey=e42ee29bdbba499aa08930e9bcc2343d&accessToken=&sessionKey=80c1a4e1c0c841319b7a096c09358a99&timestamp=1634089359&sign=E7FE1B079DEB52F58F87074BCD50F73F
”√¿˝±‡∫≈ 411 «ÎºÏ≤ÈURL”Îheaders «∑Ò’˝»∑
–Ú∫≈£∫ 6 ”√¿˝±‡∫≈£∫ 412
 https://boss-api-test.myutopa.com/eshop/service/app/user/productOrder/confirmOrder?uid=c302366269bc44f3a6003ae7e2d6c662&deviceId=4eddcac1d2c24430afd4f2ae4245d1b7&source=app&deviceType=iPhone_6&appInfo=UTOPA_60707&ver=1.0&osInfo=iOS_12.3.1&appKey=e42ee29bdbba499aa08930e9bcc2343d&accessToken=&sessionKey=80c1a4e1c0c841319b7a096c09358a99&timestamp=1634089359&sign=F745B8F6291A8EA4298C35FEB77D5B47
”√¿˝±‡∫≈ 412 «ÎºÏ≤ÈURL”Îheaders «∑Ò’˝»∑
Ω· ¯≈˙¡ø÷¥––:”≈Õ–∞Ó-≤‚ ‘ª∑æ≥ ÷¥––’ﬂ: root
ø™ º≈˙¡ø÷¥––:”≈Õ–∞Ó-≤‚ ‘ª∑æ≥ ÷¥––’ﬂ: root
÷¥––”√¿˝À≥–Ú: [10, 11, 12, 410, 411, 412]
–Ú∫≈£∫ 1 ”√¿˝±‡∫≈£∫ 10
 https://api-test.myutopa.com/app.do?method=account.session.gen
–Ú∫≈£∫ 2 ”√¿˝±‡∫≈£∫ 11
 https://api-test.myutopa.com/app.do?appInfo=UTOPA_60607&markId=4eddcac1d2c24430afd4f2ae4245d1b7&deviceType=iPhone 6&method=account.login.doLogin&osInfo=iOS_12.3.1&params={"accessToken":"","account":"19800000003","clientType":1,"deviceId":"4eddcac1d2c24430afd4f2ae4245d1b7","keepAccess":1,"lat":23.126474,"lng":113.333429,"loginType":"2","password":"123456","sysId":1,"uid":""}&ver=1.0&sessionKey=bf1248391f6241878a46978d5d02e82e&sign=4772239e4480233e4ba9deba75b5edaa
–Ú∫≈£∫ 3 ”√¿˝±‡∫≈£∫ 12
 https://boss-api-test.myutopa.com/eshop/core/account/session/genSession?appKey=r53dc6d2b365d41c4jdssf853295da3ff5
–Ú∫≈£∫ 4 ”√¿˝±‡∫≈£∫ 410
 https://boss-api-test.myutopa.com/eshop/service/app/user/product/getProductSkuApp?uid=c302366269bc44f3a6003ae7e2d6c662&deviceId=4eddcac1d2c24430afd4f2ae4245d1b7&source=app&deviceType=iPhone_6&appInfo=UTOPA_60800&ver=1.0&osInfo=iOS_12.3.1&appKey=e42ee29bdbba499aa08930e9bcc2343d&accessToken=YszsRHoeoEMwVItKWpOHraReXokWgaWJKoRcFxitBSygYSQizECaiDebpzLXICjJ&sessionKey=422ea493451a4b95bc87d626e26b9411&timestamp=1634106961&sign=D892C01D792FB418FAE37B05FF2CB812
–Ú∫≈£∫ 5 ”√¿˝±‡∫≈£∫ 411
 https://boss-api-test.myutopa.com/eshop/service/app/user/product/discountRemainingNum?uid=c302366269bc44f3a6003ae7e2d6c662&deviceId=4eddcac1d2c24430afd4f2ae4245d1b7&source=app&deviceType=iPhone_6&appInfo=UTOPA_60805&ver=1.0&osInfo=iOS_12.3.1&appKey=e42ee29bdbba499aa08930e9bcc2343d&accessToken=YszsRHoeoEMwVItKWpOHraReXokWgaWJKoRcFxitBSygYSQizECaiDebpzLXICjJ&sessionKey=422ea493451a4b95bc87d626e26b9411&timestamp=1634106961&sign=0ED20CD7F8E37DB36DAE9363ED1760EB
–Ú∫≈£∫ 6 ”√¿˝±‡∫≈£∫ 412
 https://boss-api-test.myutopa.com/eshop/service/app/user/productOrder/confirmOrder?uid=c302366269bc44f3a6003ae7e2d6c662&deviceId=4eddcac1d2c24430afd4f2ae4245d1b7&source=app&deviceType=iPhone_6&appInfo=UTOPA_60707&ver=1.0&osInfo=iOS_12.3.1&appKey=e42ee29bdbba499aa08930e9bcc2343d&accessToken=YszsRHoeoEMwVItKWpOHraReXokWgaWJKoRcFxitBSygYSQizECaiDebpzLXICjJ&sessionKey=422ea493451a4b95bc87d626e26b9411&timestamp=1634106961&sign=F04D99381FD1F08FBE160DF78E54F0C3
Ω· ¯≈˙¡ø÷¥––:”≈Õ–∞Ó-≤‚ ‘ª∑æ≥ ÷¥––’ﬂ: root
ø™ º≈˙¡ø÷¥––:”≈Õ–∞Ó-≤‚ ‘ª∑æ≥ ÷¥––’ﬂ: root
÷¥––”√¿˝À≥–Ú: [10, 11, 12, 410, 411, 412, 413, 414, 415, 416, 417, 418, 419, 420]
–Ú∫≈£∫ 1 ”√¿˝±‡∫≈£∫ 10
 https://api-test.myutopa.com/app.do?method=account.session.gen
–Ú∫≈£∫ 2 ”√¿˝±‡∫≈£∫ 11
 https://api-test.myutopa.com/app.do?appInfo=UTOPA_60607&markId=4eddcac1d2c24430afd4f2ae4245d1b7&deviceType=iPhone 6&method=account.login.doLogin&osInfo=iOS_12.3.1&params={"accessToken":"","account":"19800000003","clientType":1,"deviceId":"4eddcac1d2c24430afd4f2ae4245d1b7","keepAccess":1,"lat":23.126474,"lng":113.333429,"loginType":"2","password":"123456","sysId":1,"uid":""}&ver=1.0&sessionKey=98d49933a7d84231b1edaf7ebf03cba6&sign=1db6ee08a713320287b6ec50a203327c
–Ú∫≈£∫ 3 ”√¿˝±‡∫≈£∫ 12
 https://boss-api-test.myutopa.com/eshop/core/account/session/genSession?appKey=r53dc6d2b365d41c4jdssf853295da3ff5
–Ú∫≈£∫ 4 ”√¿˝±‡∫≈£∫ 410
 https://boss-api-test.myutopa.com/eshop/service/app/user/product/getProductSkuApp?uid=c302366269bc44f3a6003ae7e2d6c662&deviceId=4eddcac1d2c24430afd4f2ae4245d1b7&source=app&deviceType=iPhone_6&appInfo=UTOPA_60800&ver=1.0&osInfo=iOS_12.3.1&appKey=e42ee29bdbba499aa08930e9bcc2343d&accessToken=DHLmGJQSBwjLzMKHgbPhTjPlUgQkTanBTJVvRrWMKMhObMwoeVPWvZRERcgxURjz&sessionKey=f1fcea99a1b2417b91e9745d9c441840&timestamp=1634115402&sign=24FA1959689F2D7EDFD7DB7DF167681B
–Ú∫≈£∫ 5 ”√¿˝±‡∫≈£∫ 411
 https://boss-api-test.myutopa.com/eshop/service/app/user/product/discountRemainingNum?uid=c302366269bc44f3a6003ae7e2d6c662&deviceId=4eddcac1d2c24430afd4f2ae4245d1b7&source=app&deviceType=iPhone_6&appInfo=UTOPA_60805&ver=1.0&osInfo=iOS_12.3.1&appKey=e42ee29bdbba499aa08930e9bcc2343d&accessToken=DHLmGJQSBwjLzMKHgbPhTjPlUgQkTanBTJVvRrWMKMhObMwoeVPWvZRERcgxURjz&sessionKey=f1fcea99a1b2417b91e9745d9c441840&timestamp=1634115402&sign=CE19AA662B0D95210413787550B10123
–Ú∫≈£∫ 6 ”√¿˝±‡∫≈£∫ 412
 https://boss-api-test.myutopa.com/eshop/service/app/user/productOrder/confirmOrder?uid=c302366269bc44f3a6003ae7e2d6c662&deviceId=4eddcac1d2c24430afd4f2ae4245d1b7&source=app&deviceType=iPhone_6&appInfo=UTOPA_60707&ver=1.0&osInfo=iOS_12.3.1&appKey=e42ee29bdbba499aa08930e9bcc2343d&accessToken=DHLmGJQSBwjLzMKHgbPhTjPlUgQkTanBTJVvRrWMKMhObMwoeVPWvZRERcgxURjz&sessionKey=f1fcea99a1b2417b91e9745d9c441840&timestamp=1634115402&sign=C973AB8F7B6A0FF08B892E01DA12904D
–Ú∫≈£∫ 7 ”√¿˝±‡∫≈£∫ 413
 https://boss-api-test.myutopa.com/eshop/service/app/user/product/getProductSkuApp?uid=c302366269bc44f3a6003ae7e2d6c662&deviceId=4eddcac1d2c24430afd4f2ae4245d1b7&source=app&deviceType=iPhone_6&appInfo=UTOPA_60800&ver=1.0&osInfo=iOS_12.3.1&appKey=e42ee29bdbba499aa08930e9bcc2343d&accessToken=DHLmGJQSBwjLzMKHgbPhTjPlUgQkTanBTJVvRrWMKMhObMwoeVPWvZRERcgxURjz&sessionKey=f1fcea99a1b2417b91e9745d9c441840&timestamp=1634115402&sign=24FA1959689F2D7EDFD7DB7DF167681B
–Ú∫≈£∫ 8 ”√¿˝±‡∫≈£∫ 414
 https://boss-api-test.myutopa.com/eshop/service/app/user/productOrder/confirmOrder?uid=c302366269bc44f3a6003ae7e2d6c662&deviceId=4eddcac1d2c24430afd4f2ae4245d1b7&source=app&deviceType=iPhone_6&appInfo=UTOPA_60707&ver=1.0&osInfo=iOS_12.3.1&appKey=e42ee29bdbba499aa08930e9bcc2343d&accessToken=DHLmGJQSBwjLzMKHgbPhTjPlUgQkTanBTJVvRrWMKMhObMwoeVPWvZRERcgxURjz&sessionKey=f1fcea99a1b2417b91e9745d9c441840&timestamp=1634115402&sign=C973AB8F7B6A0FF08B892E01DA12904D
–Ú∫≈£∫ 9 ”√¿˝±‡∫≈£∫ 415
 https://boss-api-test.myutopa.com/eshop/service/app/user/product/getProductSkuApp?uid=c302366269bc44f3a6003ae7e2d6c662&deviceId=4eddcac1d2c24430afd4f2ae4245d1b7&source=app&deviceType=iPhone_6&appInfo=UTOPA_60800&ver=1.0&osInfo=iOS_12.3.1&appKey=e42ee29bdbba499aa08930e9bcc2343d&accessToken=DHLmGJQSBwjLzMKHgbPhTjPlUgQkTanBTJVvRrWMKMhObMwoeVPWvZRERcgxURjz&sessionKey=f1fcea99a1b2417b91e9745d9c441840&timestamp=1634115402&sign=24FA1959689F2D7EDFD7DB7DF167681B
–Ú∫≈£∫ 10 ”√¿˝±‡∫≈£∫ 416
 https://boss-api-test.myutopa.com/eshop/service/app/user/product/discountRemainingNum?uid=c302366269bc44f3a6003ae7e2d6c662&deviceId=4eddcac1d2c24430afd4f2ae4245d1b7&source=app&deviceType=iPhone_6&appInfo=UTOPA_60805&ver=1.0&osInfo=iOS_12.3.1&appKey=e42ee29bdbba499aa08930e9bcc2343d&accessToken=DHLmGJQSBwjLzMKHgbPhTjPlUgQkTanBTJVvRrWMKMhObMwoeVPWvZRERcgxURjz&sessionKey=f1fcea99a1b2417b91e9745d9c441840&timestamp=1634115402&sign=CE19AA662B0D95210413787550B10123
–Ú∫≈£∫ 11 ”√¿˝±‡∫≈£∫ 417
 https://boss-api-test.myutopa.com/eshop/service/app/user/productOrder/confirmOrder?uid=c302366269bc44f3a6003ae7e2d6c662&deviceId=4eddcac1d2c24430afd4f2ae4245d1b7&source=app&deviceType=iPhone_6&appInfo=UTOPA_60707&ver=1.0&osInfo=iOS_12.3.1&appKey=e42ee29bdbba499aa08930e9bcc2343d&accessToken=DHLmGJQSBwjLzMKHgbPhTjPlUgQkTanBTJVvRrWMKMhObMwoeVPWvZRERcgxURjz&sessionKey=f1fcea99a1b2417b91e9745d9c441840&timestamp=1634115402&sign=C973AB8F7B6A0FF08B892E01DA12904D
–Ú∫≈£∫ 12 ”√¿˝±‡∫≈£∫ 418
 https://boss-api-test.myutopa.com/eshop/service/app/user/product/getProductSkuApp?uid=c302366269bc44f3a6003ae7e2d6c662&deviceId=4eddcac1d2c24430afd4f2ae4245d1b7&source=app&deviceType=iPhone_6&appInfo=UTOPA_60800&ver=1.0&osInfo=iOS_12.3.1&appKey=e42ee29bdbba499aa08930e9bcc2343d&accessToken=DHLmGJQSBwjLzMKHgbPhTjPlUgQkTanBTJVvRrWMKMhObMwoeVPWvZRERcgxURjz&sessionKey=f1fcea99a1b2417b91e9745d9c441840&timestamp=1634115402&sign=24FA1959689F2D7EDFD7DB7DF167681B
–Ú∫≈£∫ 13 ”√¿˝±‡∫≈£∫ 419
 https://boss-api-test.myutopa.com/eshop/service/app/user/product/discountRemainingNum?uid=c302366269bc44f3a6003ae7e2d6c662&deviceId=4eddcac1d2c24430afd4f2ae4245d1b7&source=app&deviceType=iPhone_6&appInfo=UTOPA_60805&ver=1.0&osInfo=iOS_12.3.1&appKey=e42ee29bdbba499aa08930e9bcc2343d&accessToken=DHLmGJQSBwjLzMKHgbPhTjPlUgQkTanBTJVvRrWMKMhObMwoeVPWvZRERcgxURjz&sessionKey=f1fcea99a1b2417b91e9745d9c441840&timestamp=1634115402&sign=CE19AA662B0D95210413787550B10123
–Ú∫≈£∫ 14 ”√¿˝±‡∫≈£∫ 420
 https://boss-api-test.myutopa.com/eshop/service/app/user/productOrder/confirmOrder?uid=c302366269bc44f3a6003ae7e2d6c662&deviceId=4eddcac1d2c24430afd4f2ae4245d1b7&source=app&deviceType=iPhone_6&appInfo=UTOPA_60707&ver=1.0&osInfo=iOS_12.3.1&appKey=e42ee29bdbba499aa08930e9bcc2343d&accessToken=DHLmGJQSBwjLzMKHgbPhTjPlUgQkTanBTJVvRrWMKMhObMwoeVPWvZRERcgxURjz&sessionKey=f1fcea99a1b2417b91e9745d9c441840&timestamp=1634115402&sign=C973AB8F7B6A0FF08B892E01DA12904D
Ω· ¯≈˙¡ø÷¥––:”≈Õ–∞Ó-≤‚ ‘ª∑æ≥ ÷¥––’ﬂ: root
