ø™ º≈˙¡ø÷¥––:”≈Õ–∞Ó-≤‚ ‘ª∑æ≥ ÷¥––’ﬂ: root
÷¥––”√¿˝À≥–Ú: [10, 11, 12, 436, 437, 438, 439, 440, 441, 442, 443, 444, 445, 446, 447, 448, 449, 450, 451, 452, 453, 454, 455, 456, 457, 458, 459, 460, 461, 462, 463, 464, 465, 466, 467, 468, 469, 470, 471, 472, 473, 474, 475, 476, 477, 478, 479, 480, 481, 482, 483, 484, 485, 486, 487, 488, 489, 490, 491, 492, 493, 494, 495, 496, 497, 498, 499, 500, 501, 502, 503, 504, 505, 506, 507, 508, 509, 510, 511, 559, 560, 561, 562, 563, 564, 565, 566, 567, 568, 569, 570]
–Ú∫≈£∫ 1 ”√¿˝±‡∫≈£∫ 10
 https://api-test.myutopa.com/app.do?method=account.session.gen
–Ú∫≈£∫ 2 ”√¿˝±‡∫≈£∫ 11
 https://api-test.myutopa.com/app.do?appInfo=UTOPA_60607&markId=4eddcac1d2c24430afd4f2ae4245d1b7&deviceType=iPhone 6&method=account.login.doLogin&osInfo=iOS_12.3.1&params={"accessToken":"","account":"19800000003","clientType":1,"deviceId":"4eddcac1d2c24430afd4f2ae4245d1b7","keepAccess":1,"lat":23.126474,"lng":113.333429,"loginType":"2","password":"123456","sysId":1,"uid":""}&ver=1.0&sessionKey=14e7adfb45d842bcb91491e4e394a08a&sign=31512d0a527b311a1867217bc37c4b66
–Ú∫≈£∫ 3 ”√¿˝±‡∫≈£∫ 12
 https://boss-api-test.myutopa.com/eshop/core/account/session/genSession?appKey=r53dc6d2b365d41c4jdssf853295da3ff5
–Ú∫≈£∫ 4 ”√¿˝±‡∫≈£∫ 436
 https://boss-api-test.myutopa.com/eshop/service/app/user/productOrder/confirmOrder?uid=c302366269bc44f3a6003ae7e2d6c662&deviceId=4eddcac1d2c24430afd4f2ae4245d1b7&source=app&deviceType=iPhone_6&appInfo=UTOPA_60707&ver=1.0&osInfo=iOS_12.3.1&appKey=e42ee29bdbba499aa08930e9bcc2343d&accessToken=GoLMmTsFUuDfRGzzlrHOHoFDfttWnbLWDAHIcGcuwtJCqMNDBYleIdMSXtxJEUjK&sessionKey=0cef9e58fe814cd5ae3aaf18ce2e3707&timestamp=1635405481&sign=8ED312FAA2AC25057253634012FF32E8
–Ú∫≈£∫ 5 ”√¿˝±‡∫≈£∫ 437
 https://boss-api-test.myutopa.com/eshop/service/app/user/productOrder/confirmOrder?uid=c302366269bc44f3a6003ae7e2d6c662&deviceId=4eddcac1d2c24430afd4f2ae4245d1b7&source=app&deviceType=iPhone_6&appInfo=UTOPA_60707&ver=1.0&osInfo=iOS_12.3.1&appKey=e42ee29bdbba499aa08930e9bcc2343d&accessToken=GoLMmTsFUuDfRGzzlrHOHoFDfttWnbLWDAHIcGcuwtJCqMNDBYleIdMSXtxJEUjK&sessionKey=0cef9e58fe814cd5ae3aaf18ce2e3707&timestamp=1635405481&sign=8ED312FAA2AC25057253634012FF32E8
–Ú∫≈£∫ 6 ”√¿˝±‡∫≈£∫ 438
 https://boss-api-test.myutopa.com/eshop/service/app/user/productOrder/confirmOrder?uid=c302366269bc44f3a6003ae7e2d6c662&deviceId=4eddcac1d2c24430afd4f2ae4245d1b7&source=app&deviceType=iPhone_6&appInfo=UTOPA_60707&ver=1.0&osInfo=iOS_12.3.1&appKey=e42ee29bdbba499aa08930e9bcc2343d&accessToken=GoLMmTsFUuDfRGzzlrHOHoFDfttWnbLWDAHIcGcuwtJCqMNDBYleIdMSXtxJEUjK&sessionKey=0cef9e58fe814cd5ae3aaf18ce2e3707&timestamp=1635405481&sign=8ED312FAA2AC25057253634012FF32E8
–Ú∫≈£∫ 7 ”√¿˝±‡∫≈£∫ 439
 https://boss-api-test.myutopa.com/eshop/service/app/user/productOrder/confirmOrder?uid=c302366269bc44f3a6003ae7e2d6c662&deviceId=4eddcac1d2c24430afd4f2ae4245d1b7&source=app&deviceType=iPhone_6&appInfo=UTOPA_60707&ver=1.0&osInfo=iOS_12.3.1&appKey=e42ee29bdbba499aa08930e9bcc2343d&accessToken=GoLMmTsFUuDfRGzzlrHOHoFDfttWnbLWDAHIcGcuwtJCqMNDBYleIdMSXtxJEUjK&sessionKey=0cef9e58fe814cd5ae3aaf18ce2e3707&timestamp=1635405481&sign=8ED312FAA2AC25057253634012FF32E8
–Ú∫≈£∫ 8 ”√¿˝±‡∫≈£∫ 440
 https://boss-api-test.myutopa.com/eshop/service/app/user/productOrder/confirmOrder?uid=c302366269bc44f3a6003ae7e2d6c662&deviceId=4eddcac1d2c24430afd4f2ae4245d1b7&source=app&deviceType=iPhone_6&appInfo=UTOPA_60707&ver=1.0&osInfo=iOS_12.3.1&appKey=e42ee29bdbba499aa08930e9bcc2343d&accessToken=GoLMmTsFUuDfRGzzlrHOHoFDfttWnbLWDAHIcGcuwtJCqMNDBYleIdMSXtxJEUjK&sessionKey=0cef9e58fe814cd5ae3aaf18ce2e3707&timestamp=1635405481&sign=8ED312FAA2AC25057253634012FF32E8
–Ú∫≈£∫ 9 ”√¿˝±‡∫≈£∫ 441
 https://boss-api-test.myutopa.com/eshop/service/app/user/productOrder/confirmOrder?uid=c302366269bc44f3a6003ae7e2d6c662&deviceId=4eddcac1d2c24430afd4f2ae4245d1b7&source=app&deviceType=iPhone_6&appInfo=UTOPA_60707&ver=1.0&osInfo=iOS_12.3.1&appKey=e42ee29bdbba499aa08930e9bcc2343d&accessToken=GoLMmTsFUuDfRGzzlrHOHoFDfttWnbLWDAHIcGcuwtJCqMNDBYleIdMSXtxJEUjK&sessionKey=0cef9e58fe814cd5ae3aaf18ce2e3707&timestamp=1635405481&sign=8ED312FAA2AC25057253634012FF32E8
–Ú∫≈£∫ 10 ”√¿˝±‡∫≈£∫ 442
 https://boss-api-test.myutopa.com/eshop/service/app/user/productOrder/confirmOrder?uid=c302366269bc44f3a6003ae7e2d6c662&deviceId=4eddcac1d2c24430afd4f2ae4245d1b7&source=app&deviceType=iPhone_6&appInfo=UTOPA_60707&ver=1.0&osInfo=iOS_12.3.1&appKey=e42ee29bdbba499aa08930e9bcc2343d&accessToken=GoLMmTsFUuDfRGzzlrHOHoFDfttWnbLWDAHIcGcuwtJCqMNDBYleIdMSXtxJEUjK&sessionKey=0cef9e58fe814cd5ae3aaf18ce2e3707&timestamp=1635405481&sign=8ED312FAA2AC25057253634012FF32E8
–Ú∫≈£∫ 11 ”√¿˝±‡∫≈£∫ 443
 https://boss-api-test.myutopa.com/eshop/service/app/user/productOrder/confirmOrder?uid=c302366269bc44f3a6003ae7e2d6c662&deviceId=4eddcac1d2c24430afd4f2ae4245d1b7&source=app&deviceType=iPhone_6&appInfo=UTOPA_60707&ver=1.0&osInfo=iOS_12.3.1&appKey=e42ee29bdbba499aa08930e9bcc2343d&accessToken=GoLMmTsFUuDfRGzzlrHOHoFDfttWnbLWDAHIcGcuwtJCqMNDBYleIdMSXtxJEUjK&sessionKey=0cef9e58fe814cd5ae3aaf18ce2e3707&timestamp=1635405481&sign=8ED312FAA2AC25057253634012FF32E8
–Ú∫≈£∫ 12 ”√¿˝±‡∫≈£∫ 444
 https://boss-api-test.myutopa.com/eshop/service/app/user/productOrder/confirmOrder?uid=c302366269bc44f3a6003ae7e2d6c662&deviceId=4eddcac1d2c24430afd4f2ae4245d1b7&source=app&deviceType=iPhone_6&appInfo=UTOPA_60707&ver=1.0&osInfo=iOS_12.3.1&appKey=e42ee29bdbba499aa08930e9bcc2343d&accessToken=GoLMmTsFUuDfRGzzlrHOHoFDfttWnbLWDAHIcGcuwtJCqMNDBYleIdMSXtxJEUjK&sessionKey=0cef9e58fe814cd5ae3aaf18ce2e3707&timestamp=1635405481&sign=8ED312FAA2AC25057253634012FF32E8
–Ú∫≈£∫ 13 ”√¿˝±‡∫≈£∫ 445
 https://boss-api-test.myutopa.com/eshop/service/app/user/productOrder/confirmOrder?uid=c302366269bc44f3a6003ae7e2d6c662&deviceId=4eddcac1d2c24430afd4f2ae4245d1b7&source=app&deviceType=iPhone_6&appInfo=UTOPA_60707&ver=1.0&osInfo=iOS_12.3.1&appKey=e42ee29bdbba499aa08930e9bcc2343d&accessToken=GoLMmTsFUuDfRGzzlrHOHoFDfttWnbLWDAHIcGcuwtJCqMNDBYleIdMSXtxJEUjK&sessionKey=0cef9e58fe814cd5ae3aaf18ce2e3707&timestamp=1635405481&sign=8ED312FAA2AC25057253634012FF32E8
–Ú∫≈£∫ 14 ”√¿˝±‡∫≈£∫ 446
 https://boss-api-test.myutopa.com/eshop/service/app/user/productOrder/confirmOrder?uid=c302366269bc44f3a6003ae7e2d6c662&deviceId=4eddcac1d2c24430afd4f2ae4245d1b7&source=app&deviceType=iPhone_6&appInfo=UTOPA_60707&ver=1.0&osInfo=iOS_12.3.1&appKey=e42ee29bdbba499aa08930e9bcc2343d&accessToken=GoLMmTsFUuDfRGzzlrHOHoFDfttWnbLWDAHIcGcuwtJCqMNDBYleIdMSXtxJEUjK&sessionKey=0cef9e58fe814cd5ae3aaf18ce2e3707&timestamp=1635405481&sign=8ED312FAA2AC25057253634012FF32E8
–Ú∫≈£∫ 15 ”√¿˝±‡∫≈£∫ 447
 https://boss-api-test.myutopa.com/eshop/service/app/user/productOrder/confirmOrder?uid=c302366269bc44f3a6003ae7e2d6c662&deviceId=4eddcac1d2c24430afd4f2ae4245d1b7&source=app&deviceType=iPhone_6&appInfo=UTOPA_60707&ver=1.0&osInfo=iOS_12.3.1&appKey=e42ee29bdbba499aa08930e9bcc2343d&accessToken=GoLMmTsFUuDfRGzzlrHOHoFDfttWnbLWDAHIcGcuwtJCqMNDBYleIdMSXtxJEUjK&sessionKey=0cef9e58fe814cd5ae3aaf18ce2e3707&timestamp=1635405481&sign=8ED312FAA2AC25057253634012FF32E8
–Ú∫≈£∫ 16 ”√¿˝±‡∫≈£∫ 448
 https://boss-api-test.myutopa.com/eshop/service/app/user/productOrder/confirmOrder?uid=c302366269bc44f3a6003ae7e2d6c662&deviceId=4eddcac1d2c24430afd4f2ae4245d1b7&source=app&deviceType=iPhone_6&appInfo=UTOPA_60707&ver=1.0&osInfo=iOS_12.3.1&appKey=e42ee29bdbba499aa08930e9bcc2343d&accessToken=GoLMmTsFUuDfRGzzlrHOHoFDfttWnbLWDAHIcGcuwtJCqMNDBYleIdMSXtxJEUjK&sessionKey=0cef9e58fe814cd5ae3aaf18ce2e3707&timestamp=1635405481&sign=8ED312FAA2AC25057253634012FF32E8
–Ú∫≈£∫ 17 ”√¿˝±‡∫≈£∫ 449
 https://boss-api-test.myutopa.com/eshop/service/app/user/productOrder/confirmOrder?uid=c302366269bc44f3a6003ae7e2d6c662&deviceId=4eddcac1d2c24430afd4f2ae4245d1b7&source=app&deviceType=iPhone_6&appInfo=UTOPA_60707&ver=1.0&osInfo=iOS_12.3.1&appKey=e42ee29bdbba499aa08930e9bcc2343d&accessToken=GoLMmTsFUuDfRGzzlrHOHoFDfttWnbLWDAHIcGcuwtJCqMNDBYleIdMSXtxJEUjK&sessionKey=0cef9e58fe814cd5ae3aaf18ce2e3707&timestamp=1635405481&sign=8ED312FAA2AC25057253634012FF32E8
–Ú∫≈£∫ 18 ”√¿˝±‡∫≈£∫ 450
 https://boss-api-test.myutopa.com/eshop/service/app/user/productOrder/confirmOrder?uid=c302366269bc44f3a6003ae7e2d6c662&deviceId=4eddcac1d2c24430afd4f2ae4245d1b7&source=app&deviceType=iPhone_6&appInfo=UTOPA_60707&ver=1.0&osInfo=iOS_12.3.1&appKey=e42ee29bdbba499aa08930e9bcc2343d&accessToken=GoLMmTsFUuDfRGzzlrHOHoFDfttWnbLWDAHIcGcuwtJCqMNDBYleIdMSXtxJEUjK&sessionKey=0cef9e58fe814cd5ae3aaf18ce2e3707&timestamp=1635405481&sign=8ED312FAA2AC25057253634012FF32E8
–Ú∫≈£∫ 19 ”√¿˝±‡∫≈£∫ 451
 https://boss-api-test.myutopa.com/eshop/service/app/user/productOrder/confirmOrder?uid=c302366269bc44f3a6003ae7e2d6c662&deviceId=4eddcac1d2c24430afd4f2ae4245d1b7&source=app&deviceType=iPhone_6&appInfo=UTOPA_60707&ver=1.0&osInfo=iOS_12.3.1&appKey=e42ee29bdbba499aa08930e9bcc2343d&accessToken=GoLMmTsFUuDfRGzzlrHOHoFDfttWnbLWDAHIcGcuwtJCqMNDBYleIdMSXtxJEUjK&sessionKey=0cef9e58fe814cd5ae3aaf18ce2e3707&timestamp=1635405481&sign=8ED312FAA2AC25057253634012FF32E8
–Ú∫≈£∫ 20 ”√¿˝±‡∫≈£∫ 452
 https://boss-api-test.myutopa.com/eshop/service/app/user/productOrder/confirmOrder?uid=c302366269bc44f3a6003ae7e2d6c662&deviceId=4eddcac1d2c24430afd4f2ae4245d1b7&source=app&deviceType=iPhone_6&appInfo=UTOPA_60707&ver=1.0&osInfo=iOS_12.3.1&appKey=e42ee29bdbba499aa08930e9bcc2343d&accessToken=GoLMmTsFUuDfRGzzlrHOHoFDfttWnbLWDAHIcGcuwtJCqMNDBYleIdMSXtxJEUjK&sessionKey=0cef9e58fe814cd5ae3aaf18ce2e3707&timestamp=1635405481&sign=8ED312FAA2AC25057253634012FF32E8
–Ú∫≈£∫ 21 ”√¿˝±‡∫≈£∫ 453
 https://boss-api-test.myutopa.com/eshop/service/app/user/productOrder/confirmOrder?uid=c302366269bc44f3a6003ae7e2d6c662&deviceId=4eddcac1d2c24430afd4f2ae4245d1b7&source=app&deviceType=iPhone_6&appInfo=UTOPA_60707&ver=1.0&osInfo=iOS_12.3.1&appKey=e42ee29bdbba499aa08930e9bcc2343d&accessToken=GoLMmTsFUuDfRGzzlrHOHoFDfttWnbLWDAHIcGcuwtJCqMNDBYleIdMSXtxJEUjK&sessionKey=0cef9e58fe814cd5ae3aaf18ce2e3707&timestamp=1635405481&sign=8ED312FAA2AC25057253634012FF32E8
–Ú∫≈£∫ 22 ”√¿˝±‡∫≈£∫ 454
 https://boss-api-test.myutopa.com/eshop/service/app/user/productOrder/confirmOrder?uid=c302366269bc44f3a6003ae7e2d6c662&deviceId=4eddcac1d2c24430afd4f2ae4245d1b7&source=app&deviceType=iPhone_6&appInfo=UTOPA_60707&ver=1.0&osInfo=iOS_12.3.1&appKey=e42ee29bdbba499aa08930e9bcc2343d&accessToken=GoLMmTsFUuDfRGzzlrHOHoFDfttWnbLWDAHIcGcuwtJCqMNDBYleIdMSXtxJEUjK&sessionKey=0cef9e58fe814cd5ae3aaf18ce2e3707&timestamp=1635405481&sign=8ED312FAA2AC25057253634012FF32E8
–Ú∫≈£∫ 23 ”√¿˝±‡∫≈£∫ 455
 https://boss-api-test.myutopa.com/eshop/service/app/user/productOrder/confirmOrder?uid=c302366269bc44f3a6003ae7e2d6c662&deviceId=4eddcac1d2c24430afd4f2ae4245d1b7&source=app&deviceType=iPhone_6&appInfo=UTOPA_60707&ver=1.0&osInfo=iOS_12.3.1&appKey=e42ee29bdbba499aa08930e9bcc2343d&accessToken=GoLMmTsFUuDfRGzzlrHOHoFDfttWnbLWDAHIcGcuwtJCqMNDBYleIdMSXtxJEUjK&sessionKey=0cef9e58fe814cd5ae3aaf18ce2e3707&timestamp=1635405481&sign=8ED312FAA2AC25057253634012FF32E8
–Ú∫≈£∫ 24 ”√¿˝±‡∫≈£∫ 456
 https://boss-api-test.myutopa.com/eshop/service/app/user/productOrder/confirmOrder?uid=c302366269bc44f3a6003ae7e2d6c662&deviceId=4eddcac1d2c24430afd4f2ae4245d1b7&source=app&deviceType=iPhone_6&appInfo=UTOPA_60707&ver=1.0&osInfo=iOS_12.3.1&appKey=e42ee29bdbba499aa08930e9bcc2343d&accessToken=GoLMmTsFUuDfRGzzlrHOHoFDfttWnbLWDAHIcGcuwtJCqMNDBYleIdMSXtxJEUjK&sessionKey=0cef9e58fe814cd5ae3aaf18ce2e3707&timestamp=1635405481&sign=8ED312FAA2AC25057253634012FF32E8
–Ú∫≈£∫ 25 ”√¿˝±‡∫≈£∫ 457
 https://boss-api-test.myutopa.com/eshop/service/app/user/productOrder/confirmOrder?uid=c302366269bc44f3a6003ae7e2d6c662&deviceId=4eddcac1d2c24430afd4f2ae4245d1b7&source=app&deviceType=iPhone_6&appInfo=UTOPA_60707&ver=1.0&osInfo=iOS_12.3.1&appKey=e42ee29bdbba499aa08930e9bcc2343d&accessToken=GoLMmTsFUuDfRGzzlrHOHoFDfttWnbLWDAHIcGcuwtJCqMNDBYleIdMSXtxJEUjK&sessionKey=0cef9e58fe814cd5ae3aaf18ce2e3707&timestamp=1635405481&sign=8ED312FAA2AC25057253634012FF32E8
–Ú∫≈£∫ 26 ”√¿˝±‡∫≈£∫ 458
 https://boss-api-test.myutopa.com/eshop/service/app/user/productOrder/confirmOrder?uid=c302366269bc44f3a6003ae7e2d6c662&deviceId=4eddcac1d2c24430afd4f2ae4245d1b7&source=app&deviceType=iPhone_6&appInfo=UTOPA_60707&ver=1.0&osInfo=iOS_12.3.1&appKey=e42ee29bdbba499aa08930e9bcc2343d&accessToken=GoLMmTsFUuDfRGzzlrHOHoFDfttWnbLWDAHIcGcuwtJCqMNDBYleIdMSXtxJEUjK&sessionKey=0cef9e58fe814cd5ae3aaf18ce2e3707&timestamp=1635405481&sign=8ED312FAA2AC25057253634012FF32E8
–Ú∫≈£∫ 27 ”√¿˝±‡∫≈£∫ 459
 https://boss-api-test.myutopa.com/eshop/service/app/user/productOrder/confirmOrder?uid=c302366269bc44f3a6003ae7e2d6c662&deviceId=4eddcac1d2c24430afd4f2ae4245d1b7&source=app&deviceType=iPhone_6&appInfo=UTOPA_60707&ver=1.0&osInfo=iOS_12.3.1&appKey=e42ee29bdbba499aa08930e9bcc2343d&accessToken=GoLMmTsFUuDfRGzzlrHOHoFDfttWnbLWDAHIcGcuwtJCqMNDBYleIdMSXtxJEUjK&sessionKey=0cef9e58fe814cd5ae3aaf18ce2e3707&timestamp=1635405481&sign=8ED312FAA2AC25057253634012FF32E8
–Ú∫≈£∫ 28 ”√¿˝±‡∫≈£∫ 460
 https://boss-api-test.myutopa.com/eshop/service/app/user/productOrder/confirmOrder?uid=c302366269bc44f3a6003ae7e2d6c662&deviceId=4eddcac1d2c24430afd4f2ae4245d1b7&source=app&deviceType=iPhone_6&appInfo=UTOPA_60707&ver=1.0&osInfo=iOS_12.3.1&appKey=e42ee29bdbba499aa08930e9bcc2343d&accessToken=GoLMmTsFUuDfRGzzlrHOHoFDfttWnbLWDAHIcGcuwtJCqMNDBYleIdMSXtxJEUjK&sessionKey=0cef9e58fe814cd5ae3aaf18ce2e3707&timestamp=1635405481&sign=8ED312FAA2AC25057253634012FF32E8
–Ú∫≈£∫ 29 ”√¿˝±‡∫≈£∫ 461
 https://boss-api-test.myutopa.com/eshop/service/app/user/productOrder/confirmOrder?uid=c302366269bc44f3a6003ae7e2d6c662&deviceId=4eddcac1d2c24430afd4f2ae4245d1b7&source=app&deviceType=iPhone_6&appInfo=UTOPA_60707&ver=1.0&osInfo=iOS_12.3.1&appKey=e42ee29bdbba499aa08930e9bcc2343d&accessToken=GoLMmTsFUuDfRGzzlrHOHoFDfttWnbLWDAHIcGcuwtJCqMNDBYleIdMSXtxJEUjK&sessionKey=0cef9e58fe814cd5ae3aaf18ce2e3707&timestamp=1635405481&sign=8ED312FAA2AC25057253634012FF32E8
–Ú∫≈£∫ 30 ”√¿˝±‡∫≈£∫ 462
 https://boss-api-test.myutopa.com/eshop/service/app/user/productOrder/confirmOrder?uid=c302366269bc44f3a6003ae7e2d6c662&deviceId=4eddcac1d2c24430afd4f2ae4245d1b7&source=app&deviceType=iPhone_6&appInfo=UTOPA_60707&ver=1.0&osInfo=iOS_12.3.1&appKey=e42ee29bdbba499aa08930e9bcc2343d&accessToken=GoLMmTsFUuDfRGzzlrHOHoFDfttWnbLWDAHIcGcuwtJCqMNDBYleIdMSXtxJEUjK&sessionKey=0cef9e58fe814cd5ae3aaf18ce2e3707&timestamp=1635405481&sign=8ED312FAA2AC25057253634012FF32E8
–Ú∫≈£∫ 31 ”√¿˝±‡∫≈£∫ 463
 https://boss-api-test.myutopa.com/eshop/service/app/user/productOrder/confirmOrder?uid=c302366269bc44f3a6003ae7e2d6c662&deviceId=4eddcac1d2c24430afd4f2ae4245d1b7&source=app&deviceType=iPhone_6&appInfo=UTOPA_60707&ver=1.0&osInfo=iOS_12.3.1&appKey=e42ee29bdbba499aa08930e9bcc2343d&accessToken=GoLMmTsFUuDfRGzzlrHOHoFDfttWnbLWDAHIcGcuwtJCqMNDBYleIdMSXtxJEUjK&sessionKey=0cef9e58fe814cd5ae3aaf18ce2e3707&timestamp=1635405481&sign=8ED312FAA2AC25057253634012FF32E8
–Ú∫≈£∫ 32 ”√¿˝±‡∫≈£∫ 464
 https://boss-api-test.myutopa.com/eshop/service/app/user/productOrder/confirmOrder?uid=c302366269bc44f3a6003ae7e2d6c662&deviceId=4eddcac1d2c24430afd4f2ae4245d1b7&source=app&deviceType=iPhone_6&appInfo=UTOPA_60707&ver=1.0&osInfo=iOS_12.3.1&appKey=e42ee29bdbba499aa08930e9bcc2343d&accessToken=GoLMmTsFUuDfRGzzlrHOHoFDfttWnbLWDAHIcGcuwtJCqMNDBYleIdMSXtxJEUjK&sessionKey=0cef9e58fe814cd5ae3aaf18ce2e3707&timestamp=1635405481&sign=8ED312FAA2AC25057253634012FF32E8
–Ú∫≈£∫ 33 ”√¿˝±‡∫≈£∫ 465
 https://boss-api-test.myutopa.com/eshop/service/app/user/productOrder/confirmOrder?uid=c302366269bc44f3a6003ae7e2d6c662&deviceId=4eddcac1d2c24430afd4f2ae4245d1b7&source=app&deviceType=iPhone_6&appInfo=UTOPA_60707&ver=1.0&osInfo=iOS_12.3.1&appKey=e42ee29bdbba499aa08930e9bcc2343d&accessToken=GoLMmTsFUuDfRGzzlrHOHoFDfttWnbLWDAHIcGcuwtJCqMNDBYleIdMSXtxJEUjK&sessionKey=0cef9e58fe814cd5ae3aaf18ce2e3707&timestamp=1635405481&sign=8ED312FAA2AC25057253634012FF32E8
–Ú∫≈£∫ 34 ”√¿˝±‡∫≈£∫ 466
 https://boss-api-test.myutopa.com/eshop/service/app/user/productOrder/confirmOrder?uid=c302366269bc44f3a6003ae7e2d6c662&deviceId=4eddcac1d2c24430afd4f2ae4245d1b7&source=app&deviceType=iPhone_6&appInfo=UTOPA_60707&ver=1.0&osInfo=iOS_12.3.1&appKey=e42ee29bdbba499aa08930e9bcc2343d&accessToken=GoLMmTsFUuDfRGzzlrHOHoFDfttWnbLWDAHIcGcuwtJCqMNDBYleIdMSXtxJEUjK&sessionKey=0cef9e58fe814cd5ae3aaf18ce2e3707&timestamp=1635405481&sign=8ED312FAA2AC25057253634012FF32E8
–Ú∫≈£∫ 35 ”√¿˝±‡∫≈£∫ 467
 https://boss-api-test.myutopa.com/eshop/service/app/user/productOrder/confirmOrder?uid=c302366269bc44f3a6003ae7e2d6c662&deviceId=4eddcac1d2c24430afd4f2ae4245d1b7&source=app&deviceType=iPhone_6&appInfo=UTOPA_60707&ver=1.0&osInfo=iOS_12.3.1&appKey=e42ee29bdbba499aa08930e9bcc2343d&accessToken=GoLMmTsFUuDfRGzzlrHOHoFDfttWnbLWDAHIcGcuwtJCqMNDBYleIdMSXtxJEUjK&sessionKey=0cef9e58fe814cd5ae3aaf18ce2e3707&timestamp=1635405481&sign=8ED312FAA2AC25057253634012FF32E8
–Ú∫≈£∫ 36 ”√¿˝±‡∫≈£∫ 468
 https://boss-api-test.myutopa.com/eshop/service/app/user/productOrder/confirmOrder?uid=c302366269bc44f3a6003ae7e2d6c662&deviceId=4eddcac1d2c24430afd4f2ae4245d1b7&source=app&deviceType=iPhone_6&appInfo=UTOPA_60707&ver=1.0&osInfo=iOS_12.3.1&appKey=e42ee29bdbba499aa08930e9bcc2343d&accessToken=GoLMmTsFUuDfRGzzlrHOHoFDfttWnbLWDAHIcGcuwtJCqMNDBYleIdMSXtxJEUjK&sessionKey=0cef9e58fe814cd5ae3aaf18ce2e3707&timestamp=1635405481&sign=8ED312FAA2AC25057253634012FF32E8
–Ú∫≈£∫ 37 ”√¿˝±‡∫≈£∫ 469
 https://boss-api-test.myutopa.com/eshop/service/app/user/productOrder/confirmOrder?uid=c302366269bc44f3a6003ae7e2d6c662&deviceId=4eddcac1d2c24430afd4f2ae4245d1b7&source=app&deviceType=iPhone_6&appInfo=UTOPA_60707&ver=1.0&osInfo=iOS_12.3.1&appKey=e42ee29bdbba499aa08930e9bcc2343d&accessToken=GoLMmTsFUuDfRGzzlrHOHoFDfttWnbLWDAHIcGcuwtJCqMNDBYleIdMSXtxJEUjK&sessionKey=0cef9e58fe814cd5ae3aaf18ce2e3707&timestamp=1635405481&sign=8ED312FAA2AC25057253634012FF32E8
–Ú∫≈£∫ 38 ”√¿˝±‡∫≈£∫ 470
 https://boss-api-test.myutopa.com/eshop/service/app/user/productOrder/confirmOrder?uid=c302366269bc44f3a6003ae7e2d6c662&deviceId=4eddcac1d2c24430afd4f2ae4245d1b7&source=app&deviceType=iPhone_6&appInfo=UTOPA_60707&ver=1.0&osInfo=iOS_12.3.1&appKey=e42ee29bdbba499aa08930e9bcc2343d&accessToken=GoLMmTsFUuDfRGzzlrHOHoFDfttWnbLWDAHIcGcuwtJCqMNDBYleIdMSXtxJEUjK&sessionKey=0cef9e58fe814cd5ae3aaf18ce2e3707&timestamp=1635405481&sign=8ED312FAA2AC25057253634012FF32E8
–Ú∫≈£∫ 39 ”√¿˝±‡∫≈£∫ 471
 https://boss-api-test.myutopa.com/eshop/service/app/user/productOrder/confirmOrder?uid=c302366269bc44f3a6003ae7e2d6c662&deviceId=4eddcac1d2c24430afd4f2ae4245d1b7&source=app&deviceType=iPhone_6&appInfo=UTOPA_60707&ver=1.0&osInfo=iOS_12.3.1&appKey=e42ee29bdbba499aa08930e9bcc2343d&accessToken=GoLMmTsFUuDfRGzzlrHOHoFDfttWnbLWDAHIcGcuwtJCqMNDBYleIdMSXtxJEUjK&sessionKey=0cef9e58fe814cd5ae3aaf18ce2e3707&timestamp=1635405481&sign=8ED312FAA2AC25057253634012FF32E8
–Ú∫≈£∫ 40 ”√¿˝±‡∫≈£∫ 472
 https://boss-api-test.myutopa.com/eshop/service/app/user/productOrder/confirmOrder?uid=c302366269bc44f3a6003ae7e2d6c662&deviceId=4eddcac1d2c24430afd4f2ae4245d1b7&source=app&deviceType=iPhone_6&appInfo=UTOPA_60707&ver=1.0&osInfo=iOS_12.3.1&appKey=e42ee29bdbba499aa08930e9bcc2343d&accessToken=GoLMmTsFUuDfRGzzlrHOHoFDfttWnbLWDAHIcGcuwtJCqMNDBYleIdMSXtxJEUjK&sessionKey=0cef9e58fe814cd5ae3aaf18ce2e3707&timestamp=1635405481&sign=8ED312FAA2AC25057253634012FF32E8
–Ú∫≈£∫ 41 ”√¿˝±‡∫≈£∫ 473
 https://boss-api-test.myutopa.com/eshop/service/app/user/productOrder/confirmOrder?uid=c302366269bc44f3a6003ae7e2d6c662&deviceId=4eddcac1d2c24430afd4f2ae4245d1b7&source=app&deviceType=iPhone_6&appInfo=UTOPA_60707&ver=1.0&osInfo=iOS_12.3.1&appKey=e42ee29bdbba499aa08930e9bcc2343d&accessToken=GoLMmTsFUuDfRGzzlrHOHoFDfttWnbLWDAHIcGcuwtJCqMNDBYleIdMSXtxJEUjK&sessionKey=0cef9e58fe814cd5ae3aaf18ce2e3707&timestamp=1635405481&sign=8ED312FAA2AC25057253634012FF32E8
–Ú∫≈£∫ 42 ”√¿˝±‡∫≈£∫ 474
 https://boss-api-test.myutopa.com/eshop/service/app/user/productOrder/confirmOrder?uid=c302366269bc44f3a6003ae7e2d6c662&deviceId=4eddcac1d2c24430afd4f2ae4245d1b7&source=app&deviceType=iPhone_6&appInfo=UTOPA_60707&ver=1.0&osInfo=iOS_12.3.1&appKey=e42ee29bdbba499aa08930e9bcc2343d&accessToken=GoLMmTsFUuDfRGzzlrHOHoFDfttWnbLWDAHIcGcuwtJCqMNDBYleIdMSXtxJEUjK&sessionKey=0cef9e58fe814cd5ae3aaf18ce2e3707&timestamp=1635405481&sign=8ED312FAA2AC25057253634012FF32E8
–Ú∫≈£∫ 43 ”√¿˝±‡∫≈£∫ 475
 https://boss-api-test.myutopa.com/eshop/service/app/user/productOrder/confirmOrder?uid=c302366269bc44f3a6003ae7e2d6c662&deviceId=4eddcac1d2c24430afd4f2ae4245d1b7&source=app&deviceType=iPhone_6&appInfo=UTOPA_60707&ver=1.0&osInfo=iOS_12.3.1&appKey=e42ee29bdbba499aa08930e9bcc2343d&accessToken=GoLMmTsFUuDfRGzzlrHOHoFDfttWnbLWDAHIcGcuwtJCqMNDBYleIdMSXtxJEUjK&sessionKey=0cef9e58fe814cd5ae3aaf18ce2e3707&timestamp=1635405481&sign=8ED312FAA2AC25057253634012FF32E8
–Ú∫≈£∫ 44 ”√¿˝±‡∫≈£∫ 476
 https://boss-api-test.myutopa.com/eshop/service/app/user/productOrder/confirmOrder?uid=c302366269bc44f3a6003ae7e2d6c662&deviceId=4eddcac1d2c24430afd4f2ae4245d1b7&source=app&deviceType=iPhone_6&appInfo=UTOPA_60707&ver=1.0&osInfo=iOS_12.3.1&appKey=e42ee29bdbba499aa08930e9bcc2343d&accessToken=GoLMmTsFUuDfRGzzlrHOHoFDfttWnbLWDAHIcGcuwtJCqMNDBYleIdMSXtxJEUjK&sessionKey=0cef9e58fe814cd5ae3aaf18ce2e3707&timestamp=1635405481&sign=8ED312FAA2AC25057253634012FF32E8
–Ú∫≈£∫ 45 ”√¿˝±‡∫≈£∫ 477
 https://boss-api-test.myutopa.com/eshop/service/app/user/productOrder/confirmOrder?uid=c302366269bc44f3a6003ae7e2d6c662&deviceId=4eddcac1d2c24430afd4f2ae4245d1b7&source=app&deviceType=iPhone_6&appInfo=UTOPA_60707&ver=1.0&osInfo=iOS_12.3.1&appKey=e42ee29bdbba499aa08930e9bcc2343d&accessToken=GoLMmTsFUuDfRGzzlrHOHoFDfttWnbLWDAHIcGcuwtJCqMNDBYleIdMSXtxJEUjK&sessionKey=0cef9e58fe814cd5ae3aaf18ce2e3707&timestamp=1635405481&sign=8ED312FAA2AC25057253634012FF32E8
–Ú∫≈£∫ 46 ”√¿˝±‡∫≈£∫ 478
 https://boss-api-test.myutopa.com/eshop/service/app/user/productOrder/confirmOrder?uid=c302366269bc44f3a6003ae7e2d6c662&deviceId=4eddcac1d2c24430afd4f2ae4245d1b7&source=app&deviceType=iPhone_6&appInfo=UTOPA_60707&ver=1.0&osInfo=iOS_12.3.1&appKey=e42ee29bdbba499aa08930e9bcc2343d&accessToken=GoLMmTsFUuDfRGzzlrHOHoFDfttWnbLWDAHIcGcuwtJCqMNDBYleIdMSXtxJEUjK&sessionKey=0cef9e58fe814cd5ae3aaf18ce2e3707&timestamp=1635405481&sign=8ED312FAA2AC25057253634012FF32E8
–Ú∫≈£∫ 47 ”√¿˝±‡∫≈£∫ 479
 https://boss-api-test.myutopa.com/eshop/service/app/user/productOrder/confirmOrder?uid=c302366269bc44f3a6003ae7e2d6c662&deviceId=4eddcac1d2c24430afd4f2ae4245d1b7&source=app&deviceType=iPhone_6&appInfo=UTOPA_60707&ver=1.0&osInfo=iOS_12.3.1&appKey=e42ee29bdbba499aa08930e9bcc2343d&accessToken=GoLMmTsFUuDfRGzzlrHOHoFDfttWnbLWDAHIcGcuwtJCqMNDBYleIdMSXtxJEUjK&sessionKey=0cef9e58fe814cd5ae3aaf18ce2e3707&timestamp=1635405481&sign=8ED312FAA2AC25057253634012FF32E8
–Ú∫≈£∫ 48 ”√¿˝±‡∫≈£∫ 480
 https://boss-api-test.myutopa.com/eshop/service/app/user/productOrder/confirmOrder?uid=c302366269bc44f3a6003ae7e2d6c662&deviceId=4eddcac1d2c24430afd4f2ae4245d1b7&source=app&deviceType=iPhone_6&appInfo=UTOPA_60707&ver=1.0&osInfo=iOS_12.3.1&appKey=e42ee29bdbba499aa08930e9bcc2343d&accessToken=GoLMmTsFUuDfRGzzlrHOHoFDfttWnbLWDAHIcGcuwtJCqMNDBYleIdMSXtxJEUjK&sessionKey=0cef9e58fe814cd5ae3aaf18ce2e3707&timestamp=1635405481&sign=8ED312FAA2AC25057253634012FF32E8
–Ú∫≈£∫ 49 ”√¿˝±‡∫≈£∫ 481
 https://boss-api-test.myutopa.com/eshop/service/app/user/productOrder/confirmOrder?uid=c302366269bc44f3a6003ae7e2d6c662&deviceId=4eddcac1d2c24430afd4f2ae4245d1b7&source=app&deviceType=iPhone_6&appInfo=UTOPA_60707&ver=1.0&osInfo=iOS_12.3.1&appKey=e42ee29bdbba499aa08930e9bcc2343d&accessToken=GoLMmTsFUuDfRGzzlrHOHoFDfttWnbLWDAHIcGcuwtJCqMNDBYleIdMSXtxJEUjK&sessionKey=0cef9e58fe814cd5ae3aaf18ce2e3707&timestamp=1635405481&sign=8ED312FAA2AC25057253634012FF32E8
–Ú∫≈£∫ 50 ”√¿˝±‡∫≈£∫ 482
 https://boss-api-test.myutopa.com/eshop/service/app/user/productOrder/confirmOrder?uid=c302366269bc44f3a6003ae7e2d6c662&deviceId=4eddcac1d2c24430afd4f2ae4245d1b7&source=app&deviceType=iPhone_6&appInfo=UTOPA_60707&ver=1.0&osInfo=iOS_12.3.1&appKey=e42ee29bdbba499aa08930e9bcc2343d&accessToken=GoLMmTsFUuDfRGzzlrHOHoFDfttWnbLWDAHIcGcuwtJCqMNDBYleIdMSXtxJEUjK&sessionKey=0cef9e58fe814cd5ae3aaf18ce2e3707&timestamp=1635405481&sign=8ED312FAA2AC25057253634012FF32E8
–Ú∫≈£∫ 51 ”√¿˝±‡∫≈£∫ 483
 https://boss-api-test.myutopa.com/eshop/service/app/user/productOrder/confirmOrder?uid=c302366269bc44f3a6003ae7e2d6c662&deviceId=4eddcac1d2c24430afd4f2ae4245d1b7&source=app&deviceType=iPhone_6&appInfo=UTOPA_60707&ver=1.0&osInfo=iOS_12.3.1&appKey=e42ee29bdbba499aa08930e9bcc2343d&accessToken=GoLMmTsFUuDfRGzzlrHOHoFDfttWnbLWDAHIcGcuwtJCqMNDBYleIdMSXtxJEUjK&sessionKey=0cef9e58fe814cd5ae3aaf18ce2e3707&timestamp=1635405481&sign=8ED312FAA2AC25057253634012FF32E8
–Ú∫≈£∫ 52 ”√¿˝±‡∫≈£∫ 484
 https://boss-api-test.myutopa.com/eshop/service/app/user/productOrder/confirmOrder?uid=c302366269bc44f3a6003ae7e2d6c662&deviceId=4eddcac1d2c24430afd4f2ae4245d1b7&source=app&deviceType=iPhone_6&appInfo=UTOPA_60707&ver=1.0&osInfo=iOS_12.3.1&appKey=e42ee29bdbba499aa08930e9bcc2343d&accessToken=GoLMmTsFUuDfRGzzlrHOHoFDfttWnbLWDAHIcGcuwtJCqMNDBYleIdMSXtxJEUjK&sessionKey=0cef9e58fe814cd5ae3aaf18ce2e3707&timestamp=1635405481&sign=8ED312FAA2AC25057253634012FF32E8
–Ú∫≈£∫ 53 ”√¿˝±‡∫≈£∫ 485
 https://boss-api-test.myutopa.com/eshop/service/app/user/productOrder/confirmOrder?uid=c302366269bc44f3a6003ae7e2d6c662&deviceId=4eddcac1d2c24430afd4f2ae4245d1b7&source=app&deviceType=iPhone_6&appInfo=UTOPA_60707&ver=1.0&osInfo=iOS_12.3.1&appKey=e42ee29bdbba499aa08930e9bcc2343d&accessToken=GoLMmTsFUuDfRGzzlrHOHoFDfttWnbLWDAHIcGcuwtJCqMNDBYleIdMSXtxJEUjK&sessionKey=0cef9e58fe814cd5ae3aaf18ce2e3707&timestamp=1635405481&sign=8ED312FAA2AC25057253634012FF32E8
–Ú∫≈£∫ 54 ”√¿˝±‡∫≈£∫ 486
 https://boss-api-test.myutopa.com/eshop/service/app/user/productOrder/confirmOrder?uid=c302366269bc44f3a6003ae7e2d6c662&deviceId=4eddcac1d2c24430afd4f2ae4245d1b7&source=app&deviceType=iPhone_6&appInfo=UTOPA_60707&ver=1.0&osInfo=iOS_12.3.1&appKey=e42ee29bdbba499aa08930e9bcc2343d&accessToken=GoLMmTsFUuDfRGzzlrHOHoFDfttWnbLWDAHIcGcuwtJCqMNDBYleIdMSXtxJEUjK&sessionKey=0cef9e58fe814cd5ae3aaf18ce2e3707&timestamp=1635405481&sign=8ED312FAA2AC25057253634012FF32E8
–Ú∫≈£∫ 55 ”√¿˝±‡∫≈£∫ 487
 https://boss-api-test.myutopa.com/eshop/service/app/user/productOrder/confirmOrder?uid=c302366269bc44f3a6003ae7e2d6c662&deviceId=4eddcac1d2c24430afd4f2ae4245d1b7&source=app&deviceType=iPhone_6&appInfo=UTOPA_60707&ver=1.0&osInfo=iOS_12.3.1&appKey=e42ee29bdbba499aa08930e9bcc2343d&accessToken=GoLMmTsFUuDfRGzzlrHOHoFDfttWnbLWDAHIcGcuwtJCqMNDBYleIdMSXtxJEUjK&sessionKey=0cef9e58fe814cd5ae3aaf18ce2e3707&timestamp=1635405481&sign=8ED312FAA2AC25057253634012FF32E8
–Ú∫≈£∫ 56 ”√¿˝±‡∫≈£∫ 488
 https://boss-api-test.myutopa.com/eshop/service/app/user/productOrder/confirmOrder?uid=c302366269bc44f3a6003ae7e2d6c662&deviceId=4eddcac1d2c24430afd4f2ae4245d1b7&source=app&deviceType=iPhone_6&appInfo=UTOPA_60707&ver=1.0&osInfo=iOS_12.3.1&appKey=e42ee29bdbba499aa08930e9bcc2343d&accessToken=GoLMmTsFUuDfRGzzlrHOHoFDfttWnbLWDAHIcGcuwtJCqMNDBYleIdMSXtxJEUjK&sessionKey=0cef9e58fe814cd5ae3aaf18ce2e3707&timestamp=1635405481&sign=8ED312FAA2AC25057253634012FF32E8
–Ú∫≈£∫ 57 ”√¿˝±‡∫≈£∫ 489
 https://boss-api-test.myutopa.com/eshop/service/app/user/productOrder/confirmOrder?uid=c302366269bc44f3a6003ae7e2d6c662&deviceId=4eddcac1d2c24430afd4f2ae4245d1b7&source=app&deviceType=iPhone_6&appInfo=UTOPA_60707&ver=1.0&osInfo=iOS_12.3.1&appKey=e42ee29bdbba499aa08930e9bcc2343d&accessToken=GoLMmTsFUuDfRGzzlrHOHoFDfttWnbLWDAHIcGcuwtJCqMNDBYleIdMSXtxJEUjK&sessionKey=0cef9e58fe814cd5ae3aaf18ce2e3707&timestamp=1635405481&sign=8ED312FAA2AC25057253634012FF32E8
–Ú∫≈£∫ 58 ”√¿˝±‡∫≈£∫ 490
 https://boss-api-test.myutopa.com/eshop/service/app/user/productOrder/confirmOrder?uid=c302366269bc44f3a6003ae7e2d6c662&deviceId=4eddcac1d2c24430afd4f2ae4245d1b7&source=app&deviceType=iPhone_6&appInfo=UTOPA_60707&ver=1.0&osInfo=iOS_12.3.1&appKey=e42ee29bdbba499aa08930e9bcc2343d&accessToken=GoLMmTsFUuDfRGzzlrHOHoFDfttWnbLWDAHIcGcuwtJCqMNDBYleIdMSXtxJEUjK&sessionKey=0cef9e58fe814cd5ae3aaf18ce2e3707&timestamp=1635405481&sign=8ED312FAA2AC25057253634012FF32E8
–Ú∫≈£∫ 59 ”√¿˝±‡∫≈£∫ 491
 https://boss-api-test.myutopa.com/eshop/service/app/user/productOrder/confirmOrder?uid=c302366269bc44f3a6003ae7e2d6c662&deviceId=4eddcac1d2c24430afd4f2ae4245d1b7&source=app&deviceType=iPhone_6&appInfo=UTOPA_60707&ver=1.0&osInfo=iOS_12.3.1&appKey=e42ee29bdbba499aa08930e9bcc2343d&accessToken=GoLMmTsFUuDfRGzzlrHOHoFDfttWnbLWDAHIcGcuwtJCqMNDBYleIdMSXtxJEUjK&sessionKey=0cef9e58fe814cd5ae3aaf18ce2e3707&timestamp=1635405481&sign=8ED312FAA2AC25057253634012FF32E8
–Ú∫≈£∫ 60 ”√¿˝±‡∫≈£∫ 492
 https://boss-api-test.myutopa.com/eshop/service/app/user/productOrder/confirmOrder?uid=c302366269bc44f3a6003ae7e2d6c662&deviceId=4eddcac1d2c24430afd4f2ae4245d1b7&source=app&deviceType=iPhone_6&appInfo=UTOPA_60707&ver=1.0&osInfo=iOS_12.3.1&appKey=e42ee29bdbba499aa08930e9bcc2343d&accessToken=GoLMmTsFUuDfRGzzlrHOHoFDfttWnbLWDAHIcGcuwtJCqMNDBYleIdMSXtxJEUjK&sessionKey=0cef9e58fe814cd5ae3aaf18ce2e3707&timestamp=1635405481&sign=8ED312FAA2AC25057253634012FF32E8
–Ú∫≈£∫ 61 ”√¿˝±‡∫≈£∫ 493
 https://boss-api-test.myutopa.com/eshop/service/app/user/productOrder/confirmOrder?uid=c302366269bc44f3a6003ae7e2d6c662&deviceId=4eddcac1d2c24430afd4f2ae4245d1b7&source=app&deviceType=iPhone_6&appInfo=UTOPA_60707&ver=1.0&osInfo=iOS_12.3.1&appKey=e42ee29bdbba499aa08930e9bcc2343d&accessToken=GoLMmTsFUuDfRGzzlrHOHoFDfttWnbLWDAHIcGcuwtJCqMNDBYleIdMSXtxJEUjK&sessionKey=0cef9e58fe814cd5ae3aaf18ce2e3707&timestamp=1635405481&sign=8ED312FAA2AC25057253634012FF32E8
–Ú∫≈£∫ 62 ”√¿˝±‡∫≈£∫ 494
 https://boss-api-test.myutopa.com/eshop/service/app/user/productOrder/confirmOrder?uid=c302366269bc44f3a6003ae7e2d6c662&deviceId=4eddcac1d2c24430afd4f2ae4245d1b7&source=app&deviceType=iPhone_6&appInfo=UTOPA_60707&ver=1.0&osInfo=iOS_12.3.1&appKey=e42ee29bdbba499aa08930e9bcc2343d&accessToken=GoLMmTsFUuDfRGzzlrHOHoFDfttWnbLWDAHIcGcuwtJCqMNDBYleIdMSXtxJEUjK&sessionKey=0cef9e58fe814cd5ae3aaf18ce2e3707&timestamp=1635405481&sign=8ED312FAA2AC25057253634012FF32E8
–Ú∫≈£∫ 63 ”√¿˝±‡∫≈£∫ 495
 https://boss-api-test.myutopa.com/eshop/service/app/user/productOrder/confirmOrder?uid=c302366269bc44f3a6003ae7e2d6c662&deviceId=4eddcac1d2c24430afd4f2ae4245d1b7&source=app&deviceType=iPhone_6&appInfo=UTOPA_60707&ver=1.0&osInfo=iOS_12.3.1&appKey=e42ee29bdbba499aa08930e9bcc2343d&accessToken=GoLMmTsFUuDfRGzzlrHOHoFDfttWnbLWDAHIcGcuwtJCqMNDBYleIdMSXtxJEUjK&sessionKey=0cef9e58fe814cd5ae3aaf18ce2e3707&timestamp=1635405481&sign=8ED312FAA2AC25057253634012FF32E8
–Ú∫≈£∫ 64 ”√¿˝±‡∫≈£∫ 496
 https://boss-api-test.myutopa.com/eshop/service/app/user/productOrder/confirmOrder?uid=c302366269bc44f3a6003ae7e2d6c662&deviceId=4eddcac1d2c24430afd4f2ae4245d1b7&source=app&deviceType=iPhone_6&appInfo=UTOPA_60707&ver=1.0&osInfo=iOS_12.3.1&appKey=e42ee29bdbba499aa08930e9bcc2343d&accessToken=GoLMmTsFUuDfRGzzlrHOHoFDfttWnbLWDAHIcGcuwtJCqMNDBYleIdMSXtxJEUjK&sessionKey=0cef9e58fe814cd5ae3aaf18ce2e3707&timestamp=1635405481&sign=8ED312FAA2AC25057253634012FF32E8
–Ú∫≈£∫ 65 ”√¿˝±‡∫≈£∫ 497
 https://boss-api-test.myutopa.com/eshop/service/app/user/productOrder/confirmOrder?uid=c302366269bc44f3a6003ae7e2d6c662&deviceId=4eddcac1d2c24430afd4f2ae4245d1b7&source=app&deviceType=iPhone_6&appInfo=UTOPA_60707&ver=1.0&osInfo=iOS_12.3.1&appKey=e42ee29bdbba499aa08930e9bcc2343d&accessToken=GoLMmTsFUuDfRGzzlrHOHoFDfttWnbLWDAHIcGcuwtJCqMNDBYleIdMSXtxJEUjK&sessionKey=0cef9e58fe814cd5ae3aaf18ce2e3707&timestamp=1635405481&sign=8ED312FAA2AC25057253634012FF32E8
–Ú∫≈£∫ 66 ”√¿˝±‡∫≈£∫ 498
 https://boss-api-test.myutopa.com/eshop/service/app/user/productOrder/confirmOrder?uid=c302366269bc44f3a6003ae7e2d6c662&deviceId=4eddcac1d2c24430afd4f2ae4245d1b7&source=app&deviceType=iPhone_6&appInfo=UTOPA_60707&ver=1.0&osInfo=iOS_12.3.1&appKey=e42ee29bdbba499aa08930e9bcc2343d&accessToken=GoLMmTsFUuDfRGzzlrHOHoFDfttWnbLWDAHIcGcuwtJCqMNDBYleIdMSXtxJEUjK&sessionKey=0cef9e58fe814cd5ae3aaf18ce2e3707&timestamp=1635405481&sign=8ED312FAA2AC25057253634012FF32E8
–Ú∫≈£∫ 67 ”√¿˝±‡∫≈£∫ 499
 https://boss-api-test.myutopa.com/eshop/service/app/user/productOrder/confirmOrder?uid=c302366269bc44f3a6003ae7e2d6c662&deviceId=4eddcac1d2c24430afd4f2ae4245d1b7&source=app&deviceType=iPhone_6&appInfo=UTOPA_60707&ver=1.0&osInfo=iOS_12.3.1&appKey=e42ee29bdbba499aa08930e9bcc2343d&accessToken=GoLMmTsFUuDfRGzzlrHOHoFDfttWnbLWDAHIcGcuwtJCqMNDBYleIdMSXtxJEUjK&sessionKey=0cef9e58fe814cd5ae3aaf18ce2e3707&timestamp=1635405481&sign=8ED312FAA2AC25057253634012FF32E8
–Ú∫≈£∫ 68 ”√¿˝±‡∫≈£∫ 500
 https://boss-api-test.myutopa.com/eshop/service/app/user/productOrder/confirmOrder?uid=c302366269bc44f3a6003ae7e2d6c662&deviceId=4eddcac1d2c24430afd4f2ae4245d1b7&source=app&deviceType=iPhone_6&appInfo=UTOPA_60707&ver=1.0&osInfo=iOS_12.3.1&appKey=e42ee29bdbba499aa08930e9bcc2343d&accessToken=GoLMmTsFUuDfRGzzlrHOHoFDfttWnbLWDAHIcGcuwtJCqMNDBYleIdMSXtxJEUjK&sessionKey=0cef9e58fe814cd5ae3aaf18ce2e3707&timestamp=1635405481&sign=8ED312FAA2AC25057253634012FF32E8
–Ú∫≈£∫ 69 ”√¿˝±‡∫≈£∫ 501
 https://boss-api-test.myutopa.com/eshop/service/app/user/productOrder/confirmOrder?uid=c302366269bc44f3a6003ae7e2d6c662&deviceId=4eddcac1d2c24430afd4f2ae4245d1b7&source=app&deviceType=iPhone_6&appInfo=UTOPA_60707&ver=1.0&osInfo=iOS_12.3.1&appKey=e42ee29bdbba499aa08930e9bcc2343d&accessToken=GoLMmTsFUuDfRGzzlrHOHoFDfttWnbLWDAHIcGcuwtJCqMNDBYleIdMSXtxJEUjK&sessionKey=0cef9e58fe814cd5ae3aaf18ce2e3707&timestamp=1635405481&sign=8ED312FAA2AC25057253634012FF32E8
–Ú∫≈£∫ 70 ”√¿˝±‡∫≈£∫ 502
 https://boss-api-test.myutopa.com/eshop/service/app/user/productOrder/confirmOrder?uid=c302366269bc44f3a6003ae7e2d6c662&deviceId=4eddcac1d2c24430afd4f2ae4245d1b7&source=app&deviceType=iPhone_6&appInfo=UTOPA_60707&ver=1.0&osInfo=iOS_12.3.1&appKey=e42ee29bdbba499aa08930e9bcc2343d&accessToken=GoLMmTsFUuDfRGzzlrHOHoFDfttWnbLWDAHIcGcuwtJCqMNDBYleIdMSXtxJEUjK&sessionKey=0cef9e58fe814cd5ae3aaf18ce2e3707&timestamp=1635405481&sign=8ED312FAA2AC25057253634012FF32E8
–Ú∫≈£∫ 71 ”√¿˝±‡∫≈£∫ 503
 https://boss-api-test.myutopa.com/eshop/service/app/user/productOrder/confirmOrder?uid=c302366269bc44f3a6003ae7e2d6c662&deviceId=4eddcac1d2c24430afd4f2ae4245d1b7&source=app&deviceType=iPhone_6&appInfo=UTOPA_60707&ver=1.0&osInfo=iOS_12.3.1&appKey=e42ee29bdbba499aa08930e9bcc2343d&accessToken=GoLMmTsFUuDfRGzzlrHOHoFDfttWnbLWDAHIcGcuwtJCqMNDBYleIdMSXtxJEUjK&sessionKey=0cef9e58fe814cd5ae3aaf18ce2e3707&timestamp=1635405481&sign=8ED312FAA2AC25057253634012FF32E8
–Ú∫≈£∫ 72 ”√¿˝±‡∫≈£∫ 504
 https://boss-api-test.myutopa.com/eshop/service/app/user/productOrder/confirmOrder?uid=c302366269bc44f3a6003ae7e2d6c662&deviceId=4eddcac1d2c24430afd4f2ae4245d1b7&source=app&deviceType=iPhone_6&appInfo=UTOPA_60707&ver=1.0&osInfo=iOS_12.3.1&appKey=e42ee29bdbba499aa08930e9bcc2343d&accessToken=GoLMmTsFUuDfRGzzlrHOHoFDfttWnbLWDAHIcGcuwtJCqMNDBYleIdMSXtxJEUjK&sessionKey=0cef9e58fe814cd5ae3aaf18ce2e3707&timestamp=1635405481&sign=8ED312FAA2AC25057253634012FF32E8
–Ú∫≈£∫ 73 ”√¿˝±‡∫≈£∫ 505
 https://boss-api-test.myutopa.com/eshop/service/app/user/productOrder/confirmOrder?uid=c302366269bc44f3a6003ae7e2d6c662&deviceId=4eddcac1d2c24430afd4f2ae4245d1b7&source=app&deviceType=iPhone_6&appInfo=UTOPA_60707&ver=1.0&osInfo=iOS_12.3.1&appKey=e42ee29bdbba499aa08930e9bcc2343d&accessToken=GoLMmTsFUuDfRGzzlrHOHoFDfttWnbLWDAHIcGcuwtJCqMNDBYleIdMSXtxJEUjK&sessionKey=0cef9e58fe814cd5ae3aaf18ce2e3707&timestamp=1635405481&sign=8ED312FAA2AC25057253634012FF32E8
–Ú∫≈£∫ 74 ”√¿˝±‡∫≈£∫ 506
 https://boss-api-test.myutopa.com/eshop/service/app/user/productOrder/confirmOrder?uid=c302366269bc44f3a6003ae7e2d6c662&deviceId=4eddcac1d2c24430afd4f2ae4245d1b7&source=app&deviceType=iPhone_6&appInfo=UTOPA_60707&ver=1.0&osInfo=iOS_12.3.1&appKey=e42ee29bdbba499aa08930e9bcc2343d&accessToken=GoLMmTsFUuDfRGzzlrHOHoFDfttWnbLWDAHIcGcuwtJCqMNDBYleIdMSXtxJEUjK&sessionKey=0cef9e58fe814cd5ae3aaf18ce2e3707&timestamp=1635405481&sign=8ED312FAA2AC25057253634012FF32E8
–Ú∫≈£∫ 75 ”√¿˝±‡∫≈£∫ 507
 https://boss-api-test.myutopa.com/eshop/service/app/user/productOrder/confirmOrder?uid=c302366269bc44f3a6003ae7e2d6c662&deviceId=4eddcac1d2c24430afd4f2ae4245d1b7&source=app&deviceType=iPhone_6&appInfo=UTOPA_60707&ver=1.0&osInfo=iOS_12.3.1&appKey=e42ee29bdbba499aa08930e9bcc2343d&accessToken=GoLMmTsFUuDfRGzzlrHOHoFDfttWnbLWDAHIcGcuwtJCqMNDBYleIdMSXtxJEUjK&sessionKey=0cef9e58fe814cd5ae3aaf18ce2e3707&timestamp=1635405481&sign=8ED312FAA2AC25057253634012FF32E8
–Ú∫≈£∫ 76 ”√¿˝±‡∫≈£∫ 508
 https://boss-api-test.myutopa.com/eshop/service/app/user/productOrder/confirmOrder?uid=c302366269bc44f3a6003ae7e2d6c662&deviceId=4eddcac1d2c24430afd4f2ae4245d1b7&source=app&deviceType=iPhone_6&appInfo=UTOPA_60707&ver=1.0&osInfo=iOS_12.3.1&appKey=e42ee29bdbba499aa08930e9bcc2343d&accessToken=GoLMmTsFUuDfRGzzlrHOHoFDfttWnbLWDAHIcGcuwtJCqMNDBYleIdMSXtxJEUjK&sessionKey=0cef9e58fe814cd5ae3aaf18ce2e3707&timestamp=1635405481&sign=8ED312FAA2AC25057253634012FF32E8
–Ú∫≈£∫ 77 ”√¿˝±‡∫≈£∫ 509
 https://boss-api-test.myutopa.com/eshop/service/app/user/productOrder/confirmOrder?uid=c302366269bc44f3a6003ae7e2d6c662&deviceId=4eddcac1d2c24430afd4f2ae4245d1b7&source=app&deviceType=iPhone_6&appInfo=UTOPA_60707&ver=1.0&osInfo=iOS_12.3.1&appKey=e42ee29bdbba499aa08930e9bcc2343d&accessToken=GoLMmTsFUuDfRGzzlrHOHoFDfttWnbLWDAHIcGcuwtJCqMNDBYleIdMSXtxJEUjK&sessionKey=0cef9e58fe814cd5ae3aaf18ce2e3707&timestamp=1635405481&sign=8ED312FAA2AC25057253634012FF32E8
–Ú∫≈£∫ 78 ”√¿˝±‡∫≈£∫ 510
 https://boss-api-test.myutopa.com/eshop/service/app/user/productOrder/confirmOrder?uid=c302366269bc44f3a6003ae7e2d6c662&deviceId=4eddcac1d2c24430afd4f2ae4245d1b7&source=app&deviceType=iPhone_6&appInfo=UTOPA_60707&ver=1.0&osInfo=iOS_12.3.1&appKey=e42ee29bdbba499aa08930e9bcc2343d&accessToken=GoLMmTsFUuDfRGzzlrHOHoFDfttWnbLWDAHIcGcuwtJCqMNDBYleIdMSXtxJEUjK&sessionKey=0cef9e58fe814cd5ae3aaf18ce2e3707&timestamp=1635405481&sign=8ED312FAA2AC25057253634012FF32E8
–Ú∫≈£∫ 79 ”√¿˝±‡∫≈£∫ 511
 https://boss-api-test.myutopa.com/eshop/service/app/user/productOrder/confirmOrder?uid=c302366269bc44f3a6003ae7e2d6c662&deviceId=4eddcac1d2c24430afd4f2ae4245d1b7&source=app&deviceType=iPhone_6&appInfo=UTOPA_60707&ver=1.0&osInfo=iOS_12.3.1&appKey=e42ee29bdbba499aa08930e9bcc2343d&accessToken=GoLMmTsFUuDfRGzzlrHOHoFDfttWnbLWDAHIcGcuwtJCqMNDBYleIdMSXtxJEUjK&sessionKey=0cef9e58fe814cd5ae3aaf18ce2e3707&timestamp=1635405481&sign=8ED312FAA2AC25057253634012FF32E8
–Ú∫≈£∫ 80 ”√¿˝±‡∫≈£∫ 559
 https://boss-api-test.myutopa.com/eshop/service/app/user/product/getProductSkuApp?uid=c302366269bc44f3a6003ae7e2d6c662&deviceId=4eddcac1d2c24430afd4f2ae4245d1b7&source=app&deviceType=iPhone_6&appInfo=UTOPA_60800&ver=1.0&osInfo=iOS_12.3.1&appKey=e42ee29bdbba499aa08930e9bcc2343d&accessToken=GoLMmTsFUuDfRGzzlrHOHoFDfttWnbLWDAHIcGcuwtJCqMNDBYleIdMSXtxJEUjK&sessionKey=0cef9e58fe814cd5ae3aaf18ce2e3707&timestamp=1635405481&sign=1C9F5C73E89DFAF99BF5DD619478FCDA
–Ú∫≈£∫ 81 ”√¿˝±‡∫≈£∫ 560
 https://boss-api-test.myutopa.com/eshop/service/app/user/productOrder/confirmOrder?uid=c302366269bc44f3a6003ae7e2d6c662&deviceId=4eddcac1d2c24430afd4f2ae4245d1b7&source=app&deviceType=iPhone_6&appInfo=UTOPA_60707&ver=1.0&osInfo=iOS_12.3.1&appKey=e42ee29bdbba499aa08930e9bcc2343d&accessToken=GoLMmTsFUuDfRGzzlrHOHoFDfttWnbLWDAHIcGcuwtJCqMNDBYleIdMSXtxJEUjK&sessionKey=0cef9e58fe814cd5ae3aaf18ce2e3707&timestamp=1635405481&sign=8ED312FAA2AC25057253634012FF32E8
–Ú∫≈£∫ 82 ”√¿˝±‡∫≈£∫ 561
 https://boss-api-test.myutopa.com/eshop/service/app/user/productOrder/confirmOrder?uid=c302366269bc44f3a6003ae7e2d6c662&deviceId=4eddcac1d2c24430afd4f2ae4245d1b7&source=app&deviceType=iPhone_6&appInfo=UTOPA_60707&ver=1.0&osInfo=iOS_12.3.1&appKey=e42ee29bdbba499aa08930e9bcc2343d&accessToken=GoLMmTsFUuDfRGzzlrHOHoFDfttWnbLWDAHIcGcuwtJCqMNDBYleIdMSXtxJEUjK&sessionKey=0cef9e58fe814cd5ae3aaf18ce2e3707&timestamp=1635405481&sign=8ED312FAA2AC25057253634012FF32E8
–Ú∫≈£∫ 83 ”√¿˝±‡∫≈£∫ 562
 https://boss-api-test.myutopa.com/eshop/service/app/user/product/getProductSkuApp?uid=c302366269bc44f3a6003ae7e2d6c662&deviceId=4eddcac1d2c24430afd4f2ae4245d1b7&source=app&deviceType=iPhone_6&appInfo=UTOPA_60800&ver=1.0&osInfo=iOS_12.3.1&appKey=e42ee29bdbba499aa08930e9bcc2343d&accessToken=GoLMmTsFUuDfRGzzlrHOHoFDfttWnbLWDAHIcGcuwtJCqMNDBYleIdMSXtxJEUjK&sessionKey=0cef9e58fe814cd5ae3aaf18ce2e3707&timestamp=1635405481&sign=1C9F5C73E89DFAF99BF5DD619478FCDA
–Ú∫≈£∫ 84 ”√¿˝±‡∫≈£∫ 563
 https://boss-api-test.myutopa.com/eshop/service/app/user/productOrder/confirmOrder?uid=c302366269bc44f3a6003ae7e2d6c662&deviceId=4eddcac1d2c24430afd4f2ae4245d1b7&source=app&deviceType=iPhone_6&appInfo=UTOPA_60707&ver=1.0&osInfo=iOS_12.3.1&appKey=e42ee29bdbba499aa08930e9bcc2343d&accessToken=GoLMmTsFUuDfRGzzlrHOHoFDfttWnbLWDAHIcGcuwtJCqMNDBYleIdMSXtxJEUjK&sessionKey=0cef9e58fe814cd5ae3aaf18ce2e3707&timestamp=1635405481&sign=8ED312FAA2AC25057253634012FF32E8
–Ú∫≈£∫ 85 ”√¿˝±‡∫≈£∫ 564
 https://boss-api-test.myutopa.com/eshop/service/app/user/productOrder/confirmOrder?uid=c302366269bc44f3a6003ae7e2d6c662&deviceId=4eddcac1d2c24430afd4f2ae4245d1b7&source=app&deviceType=iPhone_6&appInfo=UTOPA_60707&ver=1.0&osInfo=iOS_12.3.1&appKey=e42ee29bdbba499aa08930e9bcc2343d&accessToken=GoLMmTsFUuDfRGzzlrHOHoFDfttWnbLWDAHIcGcuwtJCqMNDBYleIdMSXtxJEUjK&sessionKey=0cef9e58fe814cd5ae3aaf18ce2e3707&timestamp=1635405481&sign=8ED312FAA2AC25057253634012FF32E8
–Ú∫≈£∫ 86 ”√¿˝±‡∫≈£∫ 565
 https://boss-api-test.myutopa.com/eshop/service/app/user/productOrder/commitOrder?uid=c302366269bc44f3a6003ae7e2d6c662&deviceId=4eddcac1d2c24430afd4f2ae4245d1b7&source=app&deviceType=iPhone_6&appInfo=UTOPA_60707&ver=1.0&osInfo=iOS_12.3.1&appKey=e42ee29bdbba499aa08930e9bcc2343d&accessToken=GoLMmTsFUuDfRGzzlrHOHoFDfttWnbLWDAHIcGcuwtJCqMNDBYleIdMSXtxJEUjK&sessionKey=0cef9e58fe814cd5ae3aaf18ce2e3707&timestamp=1635405481&sign=8ED312FAA2AC25057253634012FF32E8
”√¿˝±‡∫≈ 565 «ÎºÏ≤ÈURL”Îheaders «∑Ò’˝»∑
–Ú∫≈£∫ 87 ”√¿˝±‡∫≈£∫ 566
 https://boss-api-test.myutopa.com/eshop/service/app/user/productOrder/confirmOrder?uid=c302366269bc44f3a6003ae7e2d6c662&deviceId=4eddcac1d2c24430afd4f2ae4245d1b7&source=app&deviceType=iPhone_6&appInfo=UTOPA_60707&ver=1.0&osInfo=iOS_12.3.1&appKey=e42ee29bdbba499aa08930e9bcc2343d&accessToken=GoLMmTsFUuDfRGzzlrHOHoFDfttWnbLWDAHIcGcuwtJCqMNDBYleIdMSXtxJEUjK&sessionKey=0cef9e58fe814cd5ae3aaf18ce2e3707&timestamp=1635405481&sign=8ED312FAA2AC25057253634012FF32E8
–Ú∫≈£∫ 88 ”√¿˝±‡∫≈£∫ 567
 https://boss-api-test.myutopa.com/eshop/service/app/user/product/getProductSkuApp?uid=c302366269bc44f3a6003ae7e2d6c662&deviceId=4eddcac1d2c24430afd4f2ae4245d1b7&source=app&deviceType=iPhone_6&appInfo=UTOPA_60800&ver=1.0&osInfo=iOS_12.3.1&appKey=e42ee29bdbba499aa08930e9bcc2343d&accessToken=GoLMmTsFUuDfRGzzlrHOHoFDfttWnbLWDAHIcGcuwtJCqMNDBYleIdMSXtxJEUjK&sessionKey=0cef9e58fe814cd5ae3aaf18ce2e3707&timestamp=1635405481&sign=1C9F5C73E89DFAF99BF5DD619478FCDA
–Ú∫≈£∫ 89 ”√¿˝±‡∫≈£∫ 568
 https://boss-api-test.myutopa.com/eshop/service/app/user/productOrder/confirmOrder?uid=c302366269bc44f3a6003ae7e2d6c662&deviceId=4eddcac1d2c24430afd4f2ae4245d1b7&source=app&deviceType=iPhone_6&appInfo=UTOPA_60707&ver=1.0&osInfo=iOS_12.3.1&appKey=e42ee29bdbba499aa08930e9bcc2343d&accessToken=GoLMmTsFUuDfRGzzlrHOHoFDfttWnbLWDAHIcGcuwtJCqMNDBYleIdMSXtxJEUjK&sessionKey=0cef9e58fe814cd5ae3aaf18ce2e3707&timestamp=1635405481&sign=8ED312FAA2AC25057253634012FF32E8
–Ú∫≈£∫ 90 ”√¿˝±‡∫≈£∫ 569
 https://boss-api-test.myutopa.com/eshop/service/app/user/productOrder/confirmOrder?uid=c302366269bc44f3a6003ae7e2d6c662&deviceId=4eddcac1d2c24430afd4f2ae4245d1b7&source=app&deviceType=iPhone_6&appInfo=UTOPA_60707&ver=1.0&osInfo=iOS_12.3.1&appKey=e42ee29bdbba499aa08930e9bcc2343d&accessToken=GoLMmTsFUuDfRGzzlrHOHoFDfttWnbLWDAHIcGcuwtJCqMNDBYleIdMSXtxJEUjK&sessionKey=0cef9e58fe814cd5ae3aaf18ce2e3707&timestamp=1635405481&sign=8ED312FAA2AC25057253634012FF32E8
–Ú∫≈£∫ 91 ”√¿˝±‡∫≈£∫ 570
 https://boss-api-test.myutopa.com/eshop/service/app/user/productOrder/confirmOrder?uid=c302366269bc44f3a6003ae7e2d6c662&deviceId=4eddcac1d2c24430afd4f2ae4245d1b7&source=app&deviceType=iPhone_6&appInfo=UTOPA_60707&ver=1.0&osInfo=iOS_12.3.1&appKey=e42ee29bdbba499aa08930e9bcc2343d&accessToken=GoLMmTsFUuDfRGzzlrHOHoFDfttWnbLWDAHIcGcuwtJCqMNDBYleIdMSXtxJEUjK&sessionKey=0cef9e58fe814cd5ae3aaf18ce2e3707&timestamp=1635405481&sign=8ED312FAA2AC25057253634012FF32E8
Ω· ¯≈˙¡ø÷¥––:”≈Õ–∞Ó-≤‚ ‘ª∑æ≥ ÷¥––’ﬂ: root
µ•∏ˆ”√¿˝÷¥––ø™ º: 10 ÷¥––’ﬂ: root
 https://api-test.myutopa.com/app.do?method=account.session.gen
µ•∏ˆ”√¿˝÷¥––Ω· ¯: 10 ÷¥––’ﬂ: root
µ•∏ˆ”√¿˝÷¥––ø™ º: 11 ÷¥––’ﬂ: root
 https://api-test.myutopa.com/app.do?appInfo=UTOPA_60607&markId=4eddcac1d2c24430afd4f2ae4245d1b7&deviceType=iPhone 6&method=account.login.doLogin&osInfo=iOS_12.3.1&params={"accessToken":"","account":"19800000003","clientType":1,"deviceId":"4eddcac1d2c24430afd4f2ae4245d1b7","keepAccess":1,"lat":23.126474,"lng":113.333429,"loginType":"2","password":"123456","sysId":1,"uid":""}&ver=1.0&sessionKey=30d098807c06450596fc764a6f68b6d9&sign=824c0402dbdd980e004d469d138b21f7
µ•∏ˆ”√¿˝÷¥––Ω· ¯: 11 ÷¥––’ﬂ: root
µ•∏ˆ”√¿˝÷¥––ø™ º: 12 ÷¥––’ﬂ: root
 https://boss-api-test.myutopa.com/eshop/core/account/session/genSession?appKey=r53dc6d2b365d41c4jdssf853295da3ff5
µ•∏ˆ”√¿˝÷¥––Ω· ¯: 12 ÷¥––’ﬂ: root
µ•∏ˆ”√¿˝÷¥––ø™ º: 559 ÷¥––’ﬂ: root
 https://boss-api-test.myutopa.com/eshop/service/app/user/product/getProductSkuApp?uid=c302366269bc44f3a6003ae7e2d6c662&deviceId=4eddcac1d2c24430afd4f2ae4245d1b7&source=app&deviceType=iPhone_6&appInfo=UTOPA_60800&ver=1.0&osInfo=iOS_12.3.1&appKey=e42ee29bdbba499aa08930e9bcc2343d&accessToken=hJIrwwzOpoPepBWMLaZETbIAMBxBDZhVYkCwKPLdIDknHNWkspzHsqmNRsWqqEXn&sessionKey=acc8f85d85c34fd09b86f42a658a2593&timestamp=1635405648&sign=F8A6DF831616921BC33B9CDAF96098BF
µ•∏ˆ”√¿˝÷¥––Ω· ¯: 559 ÷¥––’ﬂ: root
µ•∏ˆ”√¿˝÷¥––ø™ º: 562 ÷¥––’ﬂ: root
 https://boss-api-test.myutopa.com/eshop/service/app/user/product/getProductSkuApp?uid=c302366269bc44f3a6003ae7e2d6c662&deviceId=4eddcac1d2c24430afd4f2ae4245d1b7&source=app&deviceType=iPhone_6&appInfo=UTOPA_60800&ver=1.0&osInfo=iOS_12.3.1&appKey=e42ee29bdbba499aa08930e9bcc2343d&accessToken=hJIrwwzOpoPepBWMLaZETbIAMBxBDZhVYkCwKPLdIDknHNWkspzHsqmNRsWqqEXn&sessionKey=acc8f85d85c34fd09b86f42a658a2593&timestamp=1635405648&sign=F8A6DF831616921BC33B9CDAF96098BF
µ•∏ˆ”√¿˝÷¥––Ω· ¯: 562 ÷¥––’ﬂ: root
µ•∏ˆ”√¿˝÷¥––ø™ º: 565 ÷¥––’ﬂ: root
 https://boss-api-test.myutopa.com/eshop/service/app/user/productOrder/commitOrder?uid=c302366269bc44f3a6003ae7e2d6c662&deviceId=4eddcac1d2c24430afd4f2ae4245d1b7&source=app&deviceType=iPhone_6&appInfo=UTOPA_60707&ver=1.0&osInfo=iOS_12.3.1&appKey=e42ee29bdbba499aa08930e9bcc2343d&accessToken=hJIrwwzOpoPepBWMLaZETbIAMBxBDZhVYkCwKPLdIDknHNWkspzHsqmNRsWqqEXn&sessionKey=acc8f85d85c34fd09b86f42a658a2593&timestamp=1635405648&sign=CAB4BE0574E597CB3244E769D06C54E2
µ•∏ˆ”√¿˝÷¥––Ω· ¯: 565 ÷¥––’ﬂ: root
µ•∏ˆ”√¿˝÷¥––ø™ º: 567 ÷¥––’ﬂ: root
 https://boss-api-test.myutopa.com/eshop/service/app/user/product/getProductSkuApp?uid=c302366269bc44f3a6003ae7e2d6c662&deviceId=4eddcac1d2c24430afd4f2ae4245d1b7&source=app&deviceType=iPhone_6&appInfo=UTOPA_60800&ver=1.0&osInfo=iOS_12.3.1&appKey=e42ee29bdbba499aa08930e9bcc2343d&accessToken=hJIrwwzOpoPepBWMLaZETbIAMBxBDZhVYkCwKPLdIDknHNWkspzHsqmNRsWqqEXn&sessionKey=acc8f85d85c34fd09b86f42a658a2593&timestamp=1635405648&sign=F8A6DF831616921BC33B9CDAF96098BF
µ•∏ˆ”√¿˝÷¥––Ω· ¯: 567 ÷¥––’ﬂ: root
