ø™ º≈˙¡ø÷¥––:”≈Õ–∞Ó-≤‚ ‘ª∑æ≥ ÷¥––’ﬂ: root
÷¥––”√¿˝À≥–Ú: [10, 11, 12, 525, 526, 527, 528, 529, 530, 531, 532, 533, 534, 535, 536, 537, 538, 539, 540, 607, 608, 609, 610, 611, 612, 613, 614, 615, 616, 617, 618, 619, 620, 621, 622]
–Ú∫≈£∫ 1 ”√¿˝±‡∫≈£∫ 10
 https://api-test.myutopa.com/app.do?method=account.session.gen
–Ú∫≈£∫ 2 ”√¿˝±‡∫≈£∫ 11
 https://api-test.myutopa.com/app.do?appInfo=UTOPA_60607&markId=4eddcac1d2c24430afd4f2ae4245d1b7&deviceType=iPhone 6&method=account.login.doLogin&osInfo=iOS_12.3.1&params={"accessToken":"","account":"19800000003","clientType":1,"deviceId":"4eddcac1d2c24430afd4f2ae4245d1b7","keepAccess":1,"lat":23.126474,"lng":113.333429,"loginType":"2","password":"123456","sysId":1,"uid":""}&ver=1.0&sessionKey=6e7de3d98b8443fca25659686e21745f&sign=5d088fd09403d01a0db396e9c6f110af
–Ú∫≈£∫ 3 ”√¿˝±‡∫≈£∫ 12
 https://boss-api-test.myutopa.com/eshop/core/account/session/genSession?appKey=r53dc6d2b365d41c4jdssf853295da3ff5
–Ú∫≈£∫ 4 ”√¿˝±‡∫≈£∫ 525
 https://boss-api-test.myutopa.com/eshop/service/app/user/storeProduct/discountCardDetailPage?uid=c302366269bc44f3a6003ae7e2d6c662&deviceId=4eddcac1d2c24430afd4f2ae4245d1b7&source=app&deviceType=iPhone_6&appInfo=UTOPA_60900&ver=1.0&osInfo=iOS_12.3.1&appKey=e42ee29bdbba499aa08930e9bcc2343d&accessToken=XuWSRcuIuJNEoEXcarvWDPQLKPUjOKovjDmLgGMKhuEMGKWqklqARKteFrwDMapU&sessionKey=20a0455aa1124a159fa2688bb9cfbb76&timestamp=1636094831&sign=8B0905B2B5DF2BA7B3A6726517DCB78C
–Ú∫≈£∫ 5 ”√¿˝±‡∫≈£∫ 526
 https://boss-api-test.myutopa.com/eshop/service/app/user/storeProduct/discountCardDetailPage?uid=c302366269bc44f3a6003ae7e2d6c662&deviceId=4eddcac1d2c24430afd4f2ae4245d1b7&source=app&deviceType=iPhone_6&appInfo=UTOPA_60900&ver=1.0&osInfo=iOS_12.3.1&appKey=e42ee29bdbba499aa08930e9bcc2343d&accessToken=XuWSRcuIuJNEoEXcarvWDPQLKPUjOKovjDmLgGMKhuEMGKWqklqARKteFrwDMapU&sessionKey=20a0455aa1124a159fa2688bb9cfbb76&timestamp=1636094831&sign=8B0905B2B5DF2BA7B3A6726517DCB78C
–Ú∫≈£∫ 6 ”√¿˝±‡∫≈£∫ 527
 https://boss-api-test.myutopa.com/eshop/service/app/user/storeProduct/discountCardDetailPage?uid=c302366269bc44f3a6003ae7e2d6c662&deviceId=4eddcac1d2c24430afd4f2ae4245d1b7&source=app&deviceType=iPhone_6&appInfo=UTOPA_60900&ver=1.0&osInfo=iOS_12.3.1&appKey=e42ee29bdbba499aa08930e9bcc2343d&accessToken=XuWSRcuIuJNEoEXcarvWDPQLKPUjOKovjDmLgGMKhuEMGKWqklqARKteFrwDMapU&sessionKey=20a0455aa1124a159fa2688bb9cfbb76&timestamp=1636094831&sign=8B0905B2B5DF2BA7B3A6726517DCB78C
–Ú∫≈£∫ 7 ”√¿˝±‡∫≈£∫ 528
 https://boss-api-test.myutopa.com/eshop/service/app/user/storeProduct/discountCardDetailPage?uid=c302366269bc44f3a6003ae7e2d6c662&deviceId=4eddcac1d2c24430afd4f2ae4245d1b7&source=app&deviceType=iPhone_6&appInfo=UTOPA_60900&ver=1.0&osInfo=iOS_12.3.1&appKey=e42ee29bdbba499aa08930e9bcc2343d&accessToken=XuWSRcuIuJNEoEXcarvWDPQLKPUjOKovjDmLgGMKhuEMGKWqklqARKteFrwDMapU&sessionKey=20a0455aa1124a159fa2688bb9cfbb76&timestamp=1636094831&sign=8B0905B2B5DF2BA7B3A6726517DCB78C
–Ú∫≈£∫ 8 ”√¿˝±‡∫≈£∫ 529
 https://boss-api-test.myutopa.com/eshop/service/app/user/productOrder/confirmOrder?uid=c302366269bc44f3a6003ae7e2d6c662&deviceId=4eddcac1d2c24430afd4f2ae4245d1b7&source=app&deviceType=iPhone_6&appInfo=UTOPA_60707&ver=1.0&osInfo=iOS_12.3.1&appKey=e42ee29bdbba499aa08930e9bcc2343d&accessToken=XuWSRcuIuJNEoEXcarvWDPQLKPUjOKovjDmLgGMKhuEMGKWqklqARKteFrwDMapU&sessionKey=20a0455aa1124a159fa2688bb9cfbb76&timestamp=1636094831&sign=5A7480BF81E82DFF1AA9786433F33F75
–Ú∫≈£∫ 9 ”√¿˝±‡∫≈£∫ 530
 https://boss-api-test.myutopa.com/eshop/service/app/user/productOrder/commitOrder?uid=c302366269bc44f3a6003ae7e2d6c662&deviceId=4eddcac1d2c24430afd4f2ae4245d1b7&source=app&deviceType=iPhone_6&appInfo=UTOPA_60707&ver=1.0&osInfo=iOS_12.3.1&appKey=e42ee29bdbba499aa08930e9bcc2343d&accessToken=XuWSRcuIuJNEoEXcarvWDPQLKPUjOKovjDmLgGMKhuEMGKWqklqARKteFrwDMapU&sessionKey=20a0455aa1124a159fa2688bb9cfbb76&timestamp=1636094831&sign=5A7480BF81E82DFF1AA9786433F33F75
–Ú∫≈£∫ 10 ”√¿˝±‡∫≈£∫ 531
 https://boss-api-test.myutopa.com/eshop/service/app/user/storeProduct/discountCardDetailPage?uid=c302366269bc44f3a6003ae7e2d6c662&deviceId=4eddcac1d2c24430afd4f2ae4245d1b7&source=app&deviceType=iPhone_6&appInfo=UTOPA_60900&ver=1.0&osInfo=iOS_12.3.1&appKey=e42ee29bdbba499aa08930e9bcc2343d&accessToken=XuWSRcuIuJNEoEXcarvWDPQLKPUjOKovjDmLgGMKhuEMGKWqklqARKteFrwDMapU&sessionKey=20a0455aa1124a159fa2688bb9cfbb76&timestamp=1636094831&sign=8B0905B2B5DF2BA7B3A6726517DCB78C
–Ú∫≈£∫ 11 ”√¿˝±‡∫≈£∫ 532
 https://boss-api-test.myutopa.com/eshop/service/app/user/storeProduct/discountCardDetailPage?uid=c302366269bc44f3a6003ae7e2d6c662&deviceId=4eddcac1d2c24430afd4f2ae4245d1b7&source=app&deviceType=iPhone_6&appInfo=UTOPA_60900&ver=1.0&osInfo=iOS_12.3.1&appKey=e42ee29bdbba499aa08930e9bcc2343d&accessToken=XuWSRcuIuJNEoEXcarvWDPQLKPUjOKovjDmLgGMKhuEMGKWqklqARKteFrwDMapU&sessionKey=20a0455aa1124a159fa2688bb9cfbb76&timestamp=1636094831&sign=8B0905B2B5DF2BA7B3A6726517DCB78C
–Ú∫≈£∫ 12 ”√¿˝±‡∫≈£∫ 533
 https://boss-api-test.myutopa.com/eshop/service/app/user/storeProduct/discountCardDetailPage?uid=c302366269bc44f3a6003ae7e2d6c662&deviceId=4eddcac1d2c24430afd4f2ae4245d1b7&source=app&deviceType=iPhone_6&appInfo=UTOPA_60900&ver=1.0&osInfo=iOS_12.3.1&appKey=e42ee29bdbba499aa08930e9bcc2343d&accessToken=XuWSRcuIuJNEoEXcarvWDPQLKPUjOKovjDmLgGMKhuEMGKWqklqARKteFrwDMapU&sessionKey=20a0455aa1124a159fa2688bb9cfbb76&timestamp=1636094831&sign=8B0905B2B5DF2BA7B3A6726517DCB78C
–Ú∫≈£∫ 13 ”√¿˝±‡∫≈£∫ 534
 https://boss-api-test.myutopa.com/eshop/service/app/user/storeProduct/discountCardDetailPage?uid=c302366269bc44f3a6003ae7e2d6c662&deviceId=4eddcac1d2c24430afd4f2ae4245d1b7&source=app&deviceType=iPhone_6&appInfo=UTOPA_60900&ver=1.0&osInfo=iOS_12.3.1&appKey=e42ee29bdbba499aa08930e9bcc2343d&accessToken=XuWSRcuIuJNEoEXcarvWDPQLKPUjOKovjDmLgGMKhuEMGKWqklqARKteFrwDMapU&sessionKey=20a0455aa1124a159fa2688bb9cfbb76&timestamp=1636094831&sign=8B0905B2B5DF2BA7B3A6726517DCB78C
–Ú∫≈£∫ 14 ”√¿˝±‡∫≈£∫ 535
 https://boss-api-test.myutopa.com/eshop/service/app/user/productOrder/confirmOrder?uid=c302366269bc44f3a6003ae7e2d6c662&deviceId=4eddcac1d2c24430afd4f2ae4245d1b7&source=app&deviceType=iPhone_6&appInfo=UTOPA_60707&ver=1.0&osInfo=iOS_12.3.1&appKey=e42ee29bdbba499aa08930e9bcc2343d&accessToken=XuWSRcuIuJNEoEXcarvWDPQLKPUjOKovjDmLgGMKhuEMGKWqklqARKteFrwDMapU&sessionKey=20a0455aa1124a159fa2688bb9cfbb76&timestamp=1636094831&sign=5A7480BF81E82DFF1AA9786433F33F75
–Ú∫≈£∫ 15 ”√¿˝±‡∫≈£∫ 536
 https://boss-api-test.myutopa.com/eshop/service/app/user/productOrder/commitOrder?uid=c302366269bc44f3a6003ae7e2d6c662&deviceId=4eddcac1d2c24430afd4f2ae4245d1b7&source=app&deviceType=iPhone_6&appInfo=UTOPA_60707&ver=1.0&osInfo=iOS_12.3.1&appKey=e42ee29bdbba499aa08930e9bcc2343d&accessToken=XuWSRcuIuJNEoEXcarvWDPQLKPUjOKovjDmLgGMKhuEMGKWqklqARKteFrwDMapU&sessionKey=20a0455aa1124a159fa2688bb9cfbb76&timestamp=1636094831&sign=5A7480BF81E82DFF1AA9786433F33F75
–Ú∫≈£∫ 16 ”√¿˝±‡∫≈£∫ 537
 https://boss-api-test.myutopa.com/eshop/service/app/user/productOrder/confirmOrder?uid=c302366269bc44f3a6003ae7e2d6c662&deviceId=4eddcac1d2c24430afd4f2ae4245d1b7&source=app&deviceType=iPhone_6&appInfo=UTOPA_60707&ver=1.0&osInfo=iOS_12.3.1&appKey=e42ee29bdbba499aa08930e9bcc2343d&accessToken=XuWSRcuIuJNEoEXcarvWDPQLKPUjOKovjDmLgGMKhuEMGKWqklqARKteFrwDMapU&sessionKey=20a0455aa1124a159fa2688bb9cfbb76&timestamp=1636094831&sign=5A7480BF81E82DFF1AA9786433F33F75
–Ú∫≈£∫ 17 ”√¿˝±‡∫≈£∫ 538
 https://boss-api-test.myutopa.com/eshop/service/app/user/productOrder/commitOrder?uid=c302366269bc44f3a6003ae7e2d6c662&deviceId=4eddcac1d2c24430afd4f2ae4245d1b7&source=app&deviceType=iPhone_6&appInfo=UTOPA_60707&ver=1.0&osInfo=iOS_12.3.1&appKey=e42ee29bdbba499aa08930e9bcc2343d&accessToken=XuWSRcuIuJNEoEXcarvWDPQLKPUjOKovjDmLgGMKhuEMGKWqklqARKteFrwDMapU&sessionKey=20a0455aa1124a159fa2688bb9cfbb76&timestamp=1636094831&sign=5A7480BF81E82DFF1AA9786433F33F75
–Ú∫≈£∫ 18 ”√¿˝±‡∫≈£∫ 539
 https://boss-api-test.myutopa.com/eshop/service/app/user/productOrder/confirmOrder?uid=c302366269bc44f3a6003ae7e2d6c662&deviceId=4eddcac1d2c24430afd4f2ae4245d1b7&source=app&deviceType=iPhone_6&appInfo=UTOPA_60707&ver=1.0&osInfo=iOS_12.3.1&appKey=e42ee29bdbba499aa08930e9bcc2343d&accessToken=XuWSRcuIuJNEoEXcarvWDPQLKPUjOKovjDmLgGMKhuEMGKWqklqARKteFrwDMapU&sessionKey=20a0455aa1124a159fa2688bb9cfbb76&timestamp=1636094831&sign=5A7480BF81E82DFF1AA9786433F33F75
–Ú∫≈£∫ 19 ”√¿˝±‡∫≈£∫ 540
 https://boss-api-test.myutopa.com/eshop/service/app/user/productOrder/commitOrder?uid=c302366269bc44f3a6003ae7e2d6c662&deviceId=4eddcac1d2c24430afd4f2ae4245d1b7&source=app&deviceType=iPhone_6&appInfo=UTOPA_60707&ver=1.0&osInfo=iOS_12.3.1&appKey=e42ee29bdbba499aa08930e9bcc2343d&accessToken=XuWSRcuIuJNEoEXcarvWDPQLKPUjOKovjDmLgGMKhuEMGKWqklqARKteFrwDMapU&sessionKey=20a0455aa1124a159fa2688bb9cfbb76&timestamp=1636094831&sign=5A7480BF81E82DFF1AA9786433F33F75
–Ú∫≈£∫ 20 ”√¿˝±‡∫≈£∫ 607
 https://boss-api-test.myutopa.com/eshop/service/app/user/productOrder/confirmOrder?uid=c302366269bc44f3a6003ae7e2d6c662&deviceId=4eddcac1d2c24430afd4f2ae4245d1b7&source=app&deviceType=iPhone_6&appInfo=UTOPA_60707&ver=1.0&osInfo=iOS_12.3.1&appKey=e42ee29bdbba499aa08930e9bcc2343d&accessToken=XuWSRcuIuJNEoEXcarvWDPQLKPUjOKovjDmLgGMKhuEMGKWqklqARKteFrwDMapU&sessionKey=20a0455aa1124a159fa2688bb9cfbb76&timestamp=1636094831&sign=5A7480BF81E82DFF1AA9786433F33F75
–Ú∫≈£∫ 21 ”√¿˝±‡∫≈£∫ 608
 https://boss-api-test.myutopa.com/eshop/service/app/user/productOrder/commitOrder?uid=c302366269bc44f3a6003ae7e2d6c662&deviceId=4eddcac1d2c24430afd4f2ae4245d1b7&source=app&deviceType=iPhone_6&appInfo=UTOPA_60707&ver=1.0&osInfo=iOS_12.3.1&appKey=e42ee29bdbba499aa08930e9bcc2343d&accessToken=XuWSRcuIuJNEoEXcarvWDPQLKPUjOKovjDmLgGMKhuEMGKWqklqARKteFrwDMapU&sessionKey=20a0455aa1124a159fa2688bb9cfbb76&timestamp=1636094831&sign=5A7480BF81E82DFF1AA9786433F33F75
–Ú∫≈£∫ 22 ”√¿˝±‡∫≈£∫ 609
 https://boss-api-test.myutopa.com/eshop/service/app/user/productOrder/confirmOrder?uid=c302366269bc44f3a6003ae7e2d6c662&deviceId=4eddcac1d2c24430afd4f2ae4245d1b7&source=app&deviceType=iPhone_6&appInfo=UTOPA_60707&ver=1.0&osInfo=iOS_12.3.1&appKey=e42ee29bdbba499aa08930e9bcc2343d&accessToken=XuWSRcuIuJNEoEXcarvWDPQLKPUjOKovjDmLgGMKhuEMGKWqklqARKteFrwDMapU&sessionKey=20a0455aa1124a159fa2688bb9cfbb76&timestamp=1636094831&sign=5A7480BF81E82DFF1AA9786433F33F75
–Ú∫≈£∫ 23 ”√¿˝±‡∫≈£∫ 610
 https://boss-api-test.myutopa.com/eshop/service/app/user/productOrder/commitOrder?uid=c302366269bc44f3a6003ae7e2d6c662&deviceId=4eddcac1d2c24430afd4f2ae4245d1b7&source=app&deviceType=iPhone_6&appInfo=UTOPA_60707&ver=1.0&osInfo=iOS_12.3.1&appKey=e42ee29bdbba499aa08930e9bcc2343d&accessToken=XuWSRcuIuJNEoEXcarvWDPQLKPUjOKovjDmLgGMKhuEMGKWqklqARKteFrwDMapU&sessionKey=20a0455aa1124a159fa2688bb9cfbb76&timestamp=1636094831&sign=5A7480BF81E82DFF1AA9786433F33F75
–Ú∫≈£∫ 24 ”√¿˝±‡∫≈£∫ 611
 https://boss-api-test.myutopa.com/eshop/service/app/user/productOrder/confirmOrder?uid=c302366269bc44f3a6003ae7e2d6c662&deviceId=4eddcac1d2c24430afd4f2ae4245d1b7&source=app&deviceType=iPhone_6&appInfo=UTOPA_60707&ver=1.0&osInfo=iOS_12.3.1&appKey=e42ee29bdbba499aa08930e9bcc2343d&accessToken=XuWSRcuIuJNEoEXcarvWDPQLKPUjOKovjDmLgGMKhuEMGKWqklqARKteFrwDMapU&sessionKey=20a0455aa1124a159fa2688bb9cfbb76&timestamp=1636094831&sign=5A7480BF81E82DFF1AA9786433F33F75
–Ú∫≈£∫ 25 ”√¿˝±‡∫≈£∫ 612
 https://boss-api-test.myutopa.com/eshop/service/app/user/productOrder/confirmOrder?uid=c302366269bc44f3a6003ae7e2d6c662&deviceId=4eddcac1d2c24430afd4f2ae4245d1b7&source=app&deviceType=iPhone_6&appInfo=UTOPA_60707&ver=1.0&osInfo=iOS_12.3.1&appKey=e42ee29bdbba499aa08930e9bcc2343d&accessToken=XuWSRcuIuJNEoEXcarvWDPQLKPUjOKovjDmLgGMKhuEMGKWqklqARKteFrwDMapU&sessionKey=20a0455aa1124a159fa2688bb9cfbb76&timestamp=1636094831&sign=5A7480BF81E82DFF1AA9786433F33F75
–Ú∫≈£∫ 26 ”√¿˝±‡∫≈£∫ 613
 https://boss-api-test.myutopa.com/eshop/service/app/user/productOrder/commitOrder?uid=c302366269bc44f3a6003ae7e2d6c662&deviceId=4eddcac1d2c24430afd4f2ae4245d1b7&source=app&deviceType=iPhone_6&appInfo=UTOPA_60707&ver=1.0&osInfo=iOS_12.3.1&appKey=e42ee29bdbba499aa08930e9bcc2343d&accessToken=XuWSRcuIuJNEoEXcarvWDPQLKPUjOKovjDmLgGMKhuEMGKWqklqARKteFrwDMapU&sessionKey=20a0455aa1124a159fa2688bb9cfbb76&timestamp=1636094831&sign=5A7480BF81E82DFF1AA9786433F33F75
–Ú∫≈£∫ 27 ”√¿˝±‡∫≈£∫ 614
 https://boss-api-test.myutopa.com/eshop/service/app/user/productOrder/confirmOrder?uid=c302366269bc44f3a6003ae7e2d6c662&deviceId=4eddcac1d2c24430afd4f2ae4245d1b7&source=app&deviceType=iPhone_6&appInfo=UTOPA_60707&ver=1.0&osInfo=iOS_12.3.1&appKey=e42ee29bdbba499aa08930e9bcc2343d&accessToken=XuWSRcuIuJNEoEXcarvWDPQLKPUjOKovjDmLgGMKhuEMGKWqklqARKteFrwDMapU&sessionKey=20a0455aa1124a159fa2688bb9cfbb76&timestamp=1636094831&sign=5A7480BF81E82DFF1AA9786433F33F75
–Ú∫≈£∫ 28 ”√¿˝±‡∫≈£∫ 615
 https://boss-api-test.myutopa.com/eshop/service/app/user/productOrder/commitOrder?uid=c302366269bc44f3a6003ae7e2d6c662&deviceId=4eddcac1d2c24430afd4f2ae4245d1b7&source=app&deviceType=iPhone_6&appInfo=UTOPA_60707&ver=1.0&osInfo=iOS_12.3.1&appKey=e42ee29bdbba499aa08930e9bcc2343d&accessToken=XuWSRcuIuJNEoEXcarvWDPQLKPUjOKovjDmLgGMKhuEMGKWqklqARKteFrwDMapU&sessionKey=20a0455aa1124a159fa2688bb9cfbb76&timestamp=1636094831&sign=5A7480BF81E82DFF1AA9786433F33F75
–Ú∫≈£∫ 29 ”√¿˝±‡∫≈£∫ 616
 https://boss-api-test.myutopa.com/eshop/service/app/user/productOrder/confirmOrder?uid=c302366269bc44f3a6003ae7e2d6c662&deviceId=4eddcac1d2c24430afd4f2ae4245d1b7&source=app&deviceType=iPhone_6&appInfo=UTOPA_60707&ver=1.0&osInfo=iOS_12.3.1&appKey=e42ee29bdbba499aa08930e9bcc2343d&accessToken=XuWSRcuIuJNEoEXcarvWDPQLKPUjOKovjDmLgGMKhuEMGKWqklqARKteFrwDMapU&sessionKey=20a0455aa1124a159fa2688bb9cfbb76&timestamp=1636094831&sign=5A7480BF81E82DFF1AA9786433F33F75
–Ú∫≈£∫ 30 ”√¿˝±‡∫≈£∫ 617
 https://boss-api-test.myutopa.com/eshop/service/app/user/productOrder/confirmOrder?uid=c302366269bc44f3a6003ae7e2d6c662&deviceId=4eddcac1d2c24430afd4f2ae4245d1b7&source=app&deviceType=iPhone_6&appInfo=UTOPA_60707&ver=1.0&osInfo=iOS_12.3.1&appKey=e42ee29bdbba499aa08930e9bcc2343d&accessToken=XuWSRcuIuJNEoEXcarvWDPQLKPUjOKovjDmLgGMKhuEMGKWqklqARKteFrwDMapU&sessionKey=20a0455aa1124a159fa2688bb9cfbb76&timestamp=1636094831&sign=5A7480BF81E82DFF1AA9786433F33F75
–Ú∫≈£∫ 31 ”√¿˝±‡∫≈£∫ 618
 https://boss-api-test.myutopa.com/eshop/service/app/user/productOrder/commitOrder?uid=c302366269bc44f3a6003ae7e2d6c662&deviceId=4eddcac1d2c24430afd4f2ae4245d1b7&source=app&deviceType=iPhone_6&appInfo=UTOPA_60707&ver=1.0&osInfo=iOS_12.3.1&appKey=e42ee29bdbba499aa08930e9bcc2343d&accessToken=XuWSRcuIuJNEoEXcarvWDPQLKPUjOKovjDmLgGMKhuEMGKWqklqARKteFrwDMapU&sessionKey=20a0455aa1124a159fa2688bb9cfbb76&timestamp=1636094831&sign=5A7480BF81E82DFF1AA9786433F33F75
–Ú∫≈£∫ 32 ”√¿˝±‡∫≈£∫ 619
 https://boss-api-test.myutopa.com/eshop/service/app/user/productOrder/confirmOrder?uid=c302366269bc44f3a6003ae7e2d6c662&deviceId=4eddcac1d2c24430afd4f2ae4245d1b7&source=app&deviceType=iPhone_6&appInfo=UTOPA_60707&ver=1.0&osInfo=iOS_12.3.1&appKey=e42ee29bdbba499aa08930e9bcc2343d&accessToken=XuWSRcuIuJNEoEXcarvWDPQLKPUjOKovjDmLgGMKhuEMGKWqklqARKteFrwDMapU&sessionKey=20a0455aa1124a159fa2688bb9cfbb76&timestamp=1636094831&sign=5A7480BF81E82DFF1AA9786433F33F75
–Ú∫≈£∫ 33 ”√¿˝±‡∫≈£∫ 620
 https://boss-api-test.myutopa.com/eshop/service/app/user/productOrder/confirmOrder?uid=c302366269bc44f3a6003ae7e2d6c662&deviceId=4eddcac1d2c24430afd4f2ae4245d1b7&source=app&deviceType=iPhone_6&appInfo=UTOPA_60707&ver=1.0&osInfo=iOS_12.3.1&appKey=e42ee29bdbba499aa08930e9bcc2343d&accessToken=XuWSRcuIuJNEoEXcarvWDPQLKPUjOKovjDmLgGMKhuEMGKWqklqARKteFrwDMapU&sessionKey=20a0455aa1124a159fa2688bb9cfbb76&timestamp=1636094831&sign=5A7480BF81E82DFF1AA9786433F33F75
–Ú∫≈£∫ 34 ”√¿˝±‡∫≈£∫ 621
 https://boss-api-test.myutopa.com/eshop/service/app/user/productOrder/confirmOrder?uid=c302366269bc44f3a6003ae7e2d6c662&deviceId=4eddcac1d2c24430afd4f2ae4245d1b7&source=app&deviceType=iPhone_6&appInfo=UTOPA_60707&ver=1.0&osInfo=iOS_12.3.1&appKey=e42ee29bdbba499aa08930e9bcc2343d&accessToken=XuWSRcuIuJNEoEXcarvWDPQLKPUjOKovjDmLgGMKhuEMGKWqklqARKteFrwDMapU&sessionKey=20a0455aa1124a159fa2688bb9cfbb76&timestamp=1636094831&sign=5A7480BF81E82DFF1AA9786433F33F75
–Ú∫≈£∫ 35 ”√¿˝±‡∫≈£∫ 622
 https://boss-api-test.myutopa.com/eshop/service/app/user/productOrder/confirmOrder?uid=c302366269bc44f3a6003ae7e2d6c662&deviceId=4eddcac1d2c24430afd4f2ae4245d1b7&source=app&deviceType=iPhone_6&appInfo=UTOPA_60707&ver=1.0&osInfo=iOS_12.3.1&appKey=e42ee29bdbba499aa08930e9bcc2343d&accessToken=XuWSRcuIuJNEoEXcarvWDPQLKPUjOKovjDmLgGMKhuEMGKWqklqARKteFrwDMapU&sessionKey=20a0455aa1124a159fa2688bb9cfbb76&timestamp=1636094831&sign=5A7480BF81E82DFF1AA9786433F33F75
Ω· ¯≈˙¡ø÷¥––:”≈Õ–∞Ó-≤‚ ‘ª∑æ≥ ÷¥––’ﬂ: root
µ•∏ˆ”√¿˝÷¥––ø™ º: 10 ÷¥––’ﬂ: root
 https://api-test.myutopa.com/app.do?method=account.session.gen
µ•∏ˆ”√¿˝÷¥––Ω· ¯: 10 ÷¥––’ﬂ: root
µ•∏ˆ”√¿˝÷¥––ø™ º: 11 ÷¥––’ﬂ: root
 https://api-test.myutopa.com/app.do?appInfo=UTOPA_60607&markId=4eddcac1d2c24430afd4f2ae4245d1b7&deviceType=iPhone 6&method=account.login.doLogin&osInfo=iOS_12.3.1&params={"accessToken":"","account":"19800000003","clientType":1,"deviceId":"4eddcac1d2c24430afd4f2ae4245d1b7","keepAccess":1,"lat":23.126474,"lng":113.333429,"loginType":"2","password":"123456","sysId":1,"uid":""}&ver=1.0&sessionKey=eab98374b86b4d2386a051efef714926&sign=43b803d6d76d42b0dc37b835717821e0
µ•∏ˆ”√¿˝÷¥––Ω· ¯: 11 ÷¥––’ﬂ: root
µ•∏ˆ”√¿˝÷¥––ø™ º: 12 ÷¥––’ﬂ: root
 https://boss-api-test.myutopa.com/eshop/core/account/session/genSession?appKey=r53dc6d2b365d41c4jdssf853295da3ff5
µ•∏ˆ”√¿˝÷¥––Ω· ¯: 12 ÷¥––’ﬂ: root
µ•∏ˆ”√¿˝÷¥––ø™ º: 618 ÷¥––’ﬂ: root
 https://boss-api-test.myutopa.com/eshop/service/app/user/productOrder/commitOrder?uid=c302366269bc44f3a6003ae7e2d6c662&deviceId=4eddcac1d2c24430afd4f2ae4245d1b7&source=app&deviceType=iPhone_6&appInfo=UTOPA_60707&ver=1.0&osInfo=iOS_12.3.1&appKey=e42ee29bdbba499aa08930e9bcc2343d&accessToken=CABvjbScmyWaLiXVMxQshfIXkRUcSSMkiFGpPvPOmAWRbAunoLMaHMQNmCFcKZMX&sessionKey=d8162c226a644e07988db5d5b3f6d264&timestamp=1636095074&sign=0363B823572EFF849D08C73883C30375
µ•∏ˆ”√¿˝÷¥––Ω· ¯: 618 ÷¥––’ﬂ: root
