ø™ º≈˙¡ø÷¥––:”≈Õ–∞Ó-…˙≤˙ª∑æ≥ ÷¥––’ﬂ: root
÷¥––”√¿˝À≥–Ú: [746, 747, 748, 749, 750, 751, 752, 753, 754, 755, 756, 757, 758, 759, 760, 761, 762, 763, 764, 765, 766, 767, 768, 769, 770, 771, 772, 773, 774, 775, 776, 777, 778, 779, 780, 781, 782, 783, 784, 785, 786, 787, 788, 789, 790, 791, 792, 793, 794, 795, 796, 797, 798, 799, 800, 801, 802, 803, 804, 805, 806, 807, 808, 809, 810, 811, 812, 813, 814, 815, 816, 817, 818, 819, 820, 821, 822, 823, 824, 825, 826, 827, 828, 829, 830, 831, 832, 833, 834, 835, 836, 837, 838, 839, 840, 841, 842, 843, 844, 845, 846, 847, 848, 849, 850, 851, 852, 853, 854, 855, 856, 857, 858, 859, 860, 861, 862, 863, 864, 865, 866, 867, 868, 869, 870, 871, 872, 873, 874, 875, 876, 877, 878, 879, 880, 881, 882, 883, 884, 885, 886]
–Ú∫≈£∫ 1 ”√¿˝±‡∫≈£∫ 746
https://api.myutopa.com/app.do?method=account.session.gen
–Ú∫≈£∫ 2 ”√¿˝±‡∫≈£∫ 747
https://api.myutopa.com/app.do?appInfo=UTOPA_60900&markId=4eddcac1d2c24430afd4f2ae4245d1b7&deviceType=iPhone 6&method=account.login.doLogin&osInfo=iOS_12.3.1&params={"accessToken":"","account":"13537542785","clientType":1,"deviceId":"4eddcac1d2c24430afd4f2ae4245d1b7","keepAccess":1,"lat":23.126087,"lng":113.333565,"loginType":"2","password":"wjq@2021","sysId":1,"uid":""}&ver=1.0&sessionKey=104dfc96b0094bd3bb8346eb3edf0ef4&sign=74a18b4eb02739c889bc157a3184a6b5
–Ú∫≈£∫ 3 ”√¿˝±‡∫≈£∫ 748
https://boss-api.myutopa.com/eshop/core/account/session/genSession?appKey=972ec21453264dd6b0f9ca9c732ab6b0
–Ú∫≈£∫ 4 ”√¿˝±‡∫≈£∫ 749
https://boss-api.myutopa.com/eshop/service/app/user/appPop/queryAppPopPageConfDetail?appKey=972ec21453264dd6b0f9ca9c732ab6b0&source=app&osInfo=iOS_12.3.1&ver=1.0&deviceType=iPhone_6&appInfo=UTOPA_60900&deviceId=4eddcac1d2c24430afd4f2ae4245d1b7&sessionKey=bf9fa2703f9a4f278b2ed1822da83c95&timestamp=1639445705&sign=7AE127C2241E64415C131E825842ECF8
–Ú∫≈£∫ 5 ”√¿˝±‡∫≈£∫ 750
https://boss-api.myutopa.com/eshop/service/app/user/page/config/findByCode?uid=9e45d56c291b48f6ab5d702e7957ecf5&longitude=113.3335169848145&latitude=23.12659969572639&source=app&bdCityCode=257&code=cfd901af-2939-4254-acd5-5dbbafe514ab&appInfo=UTOPA_60900&ver=1.0&deviceType=iPhone_6&deviceId=4eddcac1d2c24430afd4f2ae4245d1b7&osInfo=iOS_12.3.1&appKey=972ec21453264dd6b0f9ca9c732ab6b0&accessToken=NxMGAjKGGvogFqSyDLoCyxsbwOLxwtMKunzQqSzXtczcJFLDhvyggnsBXtGbzMoB&sessionKey=bf9fa2703f9a4f278b2ed1822da83c95&timestamp=1639445705&sign=2AF0C511417F7AF1D680A812E4A0D474
–Ú∫≈£∫ 6 ”√¿˝±‡∫≈£∫ 751
https://boss-api.myutopa.com/eshop/service/app/user/page/config/getPageConfigPic?uid=9e45d56c291b48f6ab5d702e7957ecf5&deviceId=4eddcac1d2c24430afd4f2ae4245d1b7&source=app&deviceType=iPhone_6&appInfo=UTOPA_60900&ver=1.0&osInfo=iOS_12.3.1&appKey=972ec21453264dd6b0f9ca9c732ab6b0&accessToken=NxMGAjKGGvogFqSyDLoCyxsbwOLxwtMKunzQqSzXtczcJFLDhvyggnsBXtGbzMoB&sessionKey=bf9fa2703f9a4f278b2ed1822da83c95&timestamp=1639445705&sign=A6A6683350394DB0909FF5944E4D3AF7
–Ú∫≈£∫ 7 ”√¿˝±‡∫≈£∫ 752
https://boss-api.myutopa.com/eshop/service/app/user/page/config/getPageConfigPic?uid=9e45d56c291b48f6ab5d702e7957ecf5&deviceId=4eddcac1d2c24430afd4f2ae4245d1b7&source=app&deviceType=iPhone_6&appInfo=UTOPA_60900&ver=1.0&osInfo=iOS_12.3.1&appKey=972ec21453264dd6b0f9ca9c732ab6b0&accessToken=NxMGAjKGGvogFqSyDLoCyxsbwOLxwtMKunzQqSzXtczcJFLDhvyggnsBXtGbzMoB&sessionKey=bf9fa2703f9a4f278b2ed1822da83c95&timestamp=1639445705&sign=A6A6683350394DB0909FF5944E4D3AF7
–Ú∫≈£∫ 8 ”√¿˝±‡∫≈£∫ 753
https://boss-api.myutopa.com/eshop/service/app/user/page/config/getPageConfigPic?uid=9e45d56c291b48f6ab5d702e7957ecf5&deviceId=4eddcac1d2c24430afd4f2ae4245d1b7&source=app&deviceType=iPhone_6&appInfo=UTOPA_60900&ver=1.0&osInfo=iOS_12.3.1&appKey=972ec21453264dd6b0f9ca9c732ab6b0&accessToken=NxMGAjKGGvogFqSyDLoCyxsbwOLxwtMKunzQqSzXtczcJFLDhvyggnsBXtGbzMoB&sessionKey=bf9fa2703f9a4f278b2ed1822da83c95&timestamp=1639445705&sign=A6A6683350394DB0909FF5944E4D3AF7
–Ú∫≈£∫ 9 ”√¿˝±‡∫≈£∫ 754
https://boss-api.myutopa.com/eshop/service/app/user/page/config/getPageConfigProduct?appKey=972ec21453264dd6b0f9ca9c732ab6b0&source=app&osInfo=iOS_12.3.1&ver=1.0&deviceType=iPhone_6&appInfo=UTOPA_60900&deviceId=4eddcac1d2c24430afd4f2ae4245d1b7&sessionKey=bf9fa2703f9a4f278b2ed1822da83c95&timestamp=1639445705&sign=7AE127C2241E64415C131E825842ECF8
–Ú∫≈£∫ 10 ”√¿˝±‡∫≈£∫ 755
https://boss-api.myutopa.com/eshop/service/app/user/page/config/getPageConfigPic?uid=9e45d56c291b48f6ab5d702e7957ecf5&deviceId=4eddcac1d2c24430afd4f2ae4245d1b7&source=app&deviceType=iPhone_6&appInfo=UTOPA_60900&ver=1.0&osInfo=iOS_12.3.1&appKey=972ec21453264dd6b0f9ca9c732ab6b0&accessToken=NxMGAjKGGvogFqSyDLoCyxsbwOLxwtMKunzQqSzXtczcJFLDhvyggnsBXtGbzMoB&sessionKey=bf9fa2703f9a4f278b2ed1822da83c95&timestamp=1639445705&sign=A6A6683350394DB0909FF5944E4D3AF7
–Ú∫≈£∫ 11 ”√¿˝±‡∫≈£∫ 756
https://boss-api.myutopa.com/eshop/service/app/user/page/config/getPageConfigPic?uid=9e45d56c291b48f6ab5d702e7957ecf5&deviceId=4eddcac1d2c24430afd4f2ae4245d1b7&source=app&deviceType=iPhone_6&appInfo=UTOPA_60900&ver=1.0&osInfo=iOS_12.3.1&appKey=972ec21453264dd6b0f9ca9c732ab6b0&accessToken=NxMGAjKGGvogFqSyDLoCyxsbwOLxwtMKunzQqSzXtczcJFLDhvyggnsBXtGbzMoB&sessionKey=bf9fa2703f9a4f278b2ed1822da83c95&timestamp=1639445705&sign=A6A6683350394DB0909FF5944E4D3AF7
–Ú∫≈£∫ 12 ”√¿˝±‡∫≈£∫ 757
https://boss-api.myutopa.com/eshop/service/app/user/page/config/getPageConfigPic?uid=9e45d56c291b48f6ab5d702e7957ecf5&deviceId=4eddcac1d2c24430afd4f2ae4245d1b7&source=app&deviceType=iPhone_6&appInfo=UTOPA_60900&ver=1.0&osInfo=iOS_12.3.1&appKey=972ec21453264dd6b0f9ca9c732ab6b0&accessToken=NxMGAjKGGvogFqSyDLoCyxsbwOLxwtMKunzQqSzXtczcJFLDhvyggnsBXtGbzMoB&sessionKey=bf9fa2703f9a4f278b2ed1822da83c95&timestamp=1639445705&sign=A6A6683350394DB0909FF5944E4D3AF7
–Ú∫≈£∫ 13 ”√¿˝±‡∫≈£∫ 758
https://boss-api.myutopa.com/eshop/service/app/user/page/config/getPageConfigPic?uid=9e45d56c291b48f6ab5d702e7957ecf5&deviceId=4eddcac1d2c24430afd4f2ae4245d1b7&source=app&deviceType=iPhone_6&appInfo=UTOPA_60900&ver=1.0&osInfo=iOS_12.3.1&appKey=972ec21453264dd6b0f9ca9c732ab6b0&accessToken=NxMGAjKGGvogFqSyDLoCyxsbwOLxwtMKunzQqSzXtczcJFLDhvyggnsBXtGbzMoB&sessionKey=bf9fa2703f9a4f278b2ed1822da83c95&timestamp=1639445705&sign=A6A6683350394DB0909FF5944E4D3AF7
–Ú∫≈£∫ 14 ”√¿˝±‡∫≈£∫ 759
https://boss-api.myutopa.com/eshop/service/app/user/page/config/getPageConfigPic?uid=9e45d56c291b48f6ab5d702e7957ecf5&deviceId=4eddcac1d2c24430afd4f2ae4245d1b7&source=app&deviceType=iPhone_6&appInfo=UTOPA_60900&ver=1.0&osInfo=iOS_12.3.1&appKey=972ec21453264dd6b0f9ca9c732ab6b0&accessToken=&sessionKey=bf9fa2703f9a4f278b2ed1822da83c95&timestamp=1639445705&sign=74487D6DAF17C3AB131B10834B8C1CDB
–Ú∫≈£∫ 15 ”√¿˝±‡∫≈£∫ 760
https://boss-api.myutopa.com/eshop/service/app/user/page/config/getPageConfigProduct?appKey=972ec21453264dd6b0f9ca9c732ab6b0&source=app&osInfo=iOS_12.3.1&ver=1.0&deviceType=iPhone_6&appInfo=UTOPA_60900&deviceId=4eddcac1d2c24430afd4f2ae4245d1b7&sessionKey=bf9fa2703f9a4f278b2ed1822da83c95&timestamp=1639445705&sign=7AE127C2241E64415C131E825842ECF8
–Ú∫≈£∫ 16 ”√¿˝±‡∫≈£∫ 761
https://boss-api.myutopa.com/eshop/service/app/user/page/config/findByCode?uid=9e45d56c291b48f6ab5d702e7957ecf5&longitude=113.3335414459175&latitude=23.12661813768047&source=app&bdCityCode=257&code=3e3c7620-1c74-482e-81a8-95b6fe4baf5c&appInfo=UTOPA_60900&ver=1.0&deviceType=iPhone_6&deviceId=4eddcac1d2c24430afd4f2ae4245d1b7&osInfo=iOS_12.3.1&appKey=972ec21453264dd6b0f9ca9c732ab6b0&accessToken=NxMGAjKGGvogFqSyDLoCyxsbwOLxwtMKunzQqSzXtczcJFLDhvyggnsBXtGbzMoB&sessionKey=bf9fa2703f9a4f278b2ed1822da83c95&timestamp=1639445705&sign=8EDA0F85BBB07AD0ECB83F7F4DFA6888
–Ú∫≈£∫ 17 ”√¿˝±‡∫≈£∫ 762
https://boss-api.myutopa.com/eshop/service/app/user/page/config/getPageConfigPic?uid=9e45d56c291b48f6ab5d702e7957ecf5&deviceId=4eddcac1d2c24430afd4f2ae4245d1b7&source=app&deviceType=iPhone_6&appInfo=UTOPA_60900&ver=1.0&osInfo=iOS_12.3.1&appKey=972ec21453264dd6b0f9ca9c732ab6b0&accessToken=NxMGAjKGGvogFqSyDLoCyxsbwOLxwtMKunzQqSzXtczcJFLDhvyggnsBXtGbzMoB&sessionKey=bf9fa2703f9a4f278b2ed1822da83c95&timestamp=1639445705&sign=A6A6683350394DB0909FF5944E4D3AF7
–Ú∫≈£∫ 18 ”√¿˝±‡∫≈£∫ 763
https://boss-api.myutopa.com/eshop/service/app/user/page/config/getPageConfigPic?uid=9e45d56c291b48f6ab5d702e7957ecf5&deviceId=4eddcac1d2c24430afd4f2ae4245d1b7&source=app&deviceType=iPhone_6&appInfo=UTOPA_60900&ver=1.0&osInfo=iOS_12.3.1&appKey=972ec21453264dd6b0f9ca9c732ab6b0&accessToken=NxMGAjKGGvogFqSyDLoCyxsbwOLxwtMKunzQqSzXtczcJFLDhvyggnsBXtGbzMoB&sessionKey=bf9fa2703f9a4f278b2ed1822da83c95&timestamp=1639445705&sign=A6A6683350394DB0909FF5944E4D3AF7
–Ú∫≈£∫ 19 ”√¿˝±‡∫≈£∫ 764
https://boss-api.myutopa.com/eshop/service/app/user/page/config/getPageConfigPic?uid=9e45d56c291b48f6ab5d702e7957ecf5&deviceId=4eddcac1d2c24430afd4f2ae4245d1b7&source=app&deviceType=iPhone_6&appInfo=UTOPA_60900&ver=1.0&osInfo=iOS_12.3.1&appKey=972ec21453264dd6b0f9ca9c732ab6b0&accessToken=NxMGAjKGGvogFqSyDLoCyxsbwOLxwtMKunzQqSzXtczcJFLDhvyggnsBXtGbzMoB&sessionKey=bf9fa2703f9a4f278b2ed1822da83c95&timestamp=1639445705&sign=A6A6683350394DB0909FF5944E4D3AF7
–Ú∫≈£∫ 20 ”√¿˝±‡∫≈£∫ 765
https://boss-api.myutopa.com/eshop/service/app/user/page/config/getPageConfigPic?uid=9e45d56c291b48f6ab5d702e7957ecf5&deviceId=4eddcac1d2c24430afd4f2ae4245d1b7&source=app&deviceType=iPhone_6&appInfo=UTOPA_60900&ver=1.0&osInfo=iOS_12.3.1&appKey=972ec21453264dd6b0f9ca9c732ab6b0&accessToken=NxMGAjKGGvogFqSyDLoCyxsbwOLxwtMKunzQqSzXtczcJFLDhvyggnsBXtGbzMoB&sessionKey=bf9fa2703f9a4f278b2ed1822da83c95&timestamp=1639445705&sign=A6A6683350394DB0909FF5944E4D3AF7
–Ú∫≈£∫ 21 ”√¿˝±‡∫≈£∫ 766
https://boss-api.myutopa.com/eshop/service/app/user/page/config/getPageConfigPic?uid=9e45d56c291b48f6ab5d702e7957ecf5&deviceId=4eddcac1d2c24430afd4f2ae4245d1b7&source=app&deviceType=iPhone_6&appInfo=UTOPA_60900&ver=1.0&osInfo=iOS_12.3.1&appKey=972ec21453264dd6b0f9ca9c732ab6b0&accessToken=NxMGAjKGGvogFqSyDLoCyxsbwOLxwtMKunzQqSzXtczcJFLDhvyggnsBXtGbzMoB&sessionKey=bf9fa2703f9a4f278b2ed1822da83c95&timestamp=1639445705&sign=A6A6683350394DB0909FF5944E4D3AF7
–Ú∫≈£∫ 22 ”√¿˝±‡∫≈£∫ 767
https://boss-api.myutopa.com/eshop/service/app/user/page/config/getPageConfigPic?uid=9e45d56c291b48f6ab5d702e7957ecf5&deviceId=4eddcac1d2c24430afd4f2ae4245d1b7&source=app&deviceType=iPhone_6&appInfo=UTOPA_60900&ver=1.0&osInfo=iOS_12.3.1&appKey=972ec21453264dd6b0f9ca9c732ab6b0&accessToken=NxMGAjKGGvogFqSyDLoCyxsbwOLxwtMKunzQqSzXtczcJFLDhvyggnsBXtGbzMoB&sessionKey=bf9fa2703f9a4f278b2ed1822da83c95&timestamp=1639445705&sign=A6A6683350394DB0909FF5944E4D3AF7
–Ú∫≈£∫ 23 ”√¿˝±‡∫≈£∫ 768
https://boss-api.myutopa.com/eshop/service/app/user/page/config/getPageConfigPic?uid=9e45d56c291b48f6ab5d702e7957ecf5&deviceId=4eddcac1d2c24430afd4f2ae4245d1b7&source=app&deviceType=iPhone_6&appInfo=UTOPA_60900&ver=1.0&osInfo=iOS_12.3.1&appKey=972ec21453264dd6b0f9ca9c732ab6b0&accessToken=NxMGAjKGGvogFqSyDLoCyxsbwOLxwtMKunzQqSzXtczcJFLDhvyggnsBXtGbzMoB&sessionKey=bf9fa2703f9a4f278b2ed1822da83c95&timestamp=1639445705&sign=A6A6683350394DB0909FF5944E4D3AF7
–Ú∫≈£∫ 24 ”√¿˝±‡∫≈£∫ 769
https://boss-api.myutopa.com/eshop/service/app/user/page/config/getPageConfigProduct?uid=9e45d56c291b48f6ab5d702e7957ecf5&deviceId=4eddcac1d2c24430afd4f2ae4245d1b7&source=app&deviceType=iPhone_6&appInfo=UTOPA_60900&ver=1.0&osInfo=iOS_12.3.1&appKey=972ec21453264dd6b0f9ca9c732ab6b0&accessToken=NxMGAjKGGvogFqSyDLoCyxsbwOLxwtMKunzQqSzXtczcJFLDhvyggnsBXtGbzMoB&sessionKey=bf9fa2703f9a4f278b2ed1822da83c95&timestamp=1639445705&sign=A6A6683350394DB0909FF5944E4D3AF7
–Ú∫≈£∫ 25 ”√¿˝±‡∫≈£∫ 770
https://boss-api.myutopa.com/eshop/service/app/user/page/config/findByCode?uid=9e45d56c291b48f6ab5d702e7957ecf5&longitude=113.3335183385237&latitude=23.12661188636436&source=app&appInfo=UTOPA_60900&code=f7bb61ad-769f-4a33-b307-2ec3fbaeb924&deviceType=iPhone_6&ver=1.0&deviceId=4eddcac1d2c24430afd4f2ae4245d1b7&osInfo=iOS_12.3.1&appKey=972ec21453264dd6b0f9ca9c732ab6b0&accessToken=NxMGAjKGGvogFqSyDLoCyxsbwOLxwtMKunzQqSzXtczcJFLDhvyggnsBXtGbzMoB&sessionKey=bf9fa2703f9a4f278b2ed1822da83c95&timestamp=1639445705&sign=D679D4091D7697F4C24CBB51997570AA
–Ú∫≈£∫ 26 ”√¿˝±‡∫≈£∫ 771
https://boss-api.myutopa.com/eshop/service/app/user/page/config/getPageConfigPic?uid=9e45d56c291b48f6ab5d702e7957ecf5&deviceId=4eddcac1d2c24430afd4f2ae4245d1b7&source=app&deviceType=iPhone_6&appInfo=UTOPA_60900&ver=1.0&osInfo=iOS_12.3.1&appKey=972ec21453264dd6b0f9ca9c732ab6b0&accessToken=NxMGAjKGGvogFqSyDLoCyxsbwOLxwtMKunzQqSzXtczcJFLDhvyggnsBXtGbzMoB&sessionKey=bf9fa2703f9a4f278b2ed1822da83c95&timestamp=1639445705&sign=A6A6683350394DB0909FF5944E4D3AF7
–Ú∫≈£∫ 27 ”√¿˝±‡∫≈£∫ 772
https://boss-api.myutopa.com/eshop/service/app/user/page/config/getPageConfigPic?uid=9e45d56c291b48f6ab5d702e7957ecf5&deviceId=4eddcac1d2c24430afd4f2ae4245d1b7&source=app&deviceType=iPhone_6&appInfo=UTOPA_60900&ver=1.0&osInfo=iOS_12.3.1&appKey=972ec21453264dd6b0f9ca9c732ab6b0&accessToken=NxMGAjKGGvogFqSyDLoCyxsbwOLxwtMKunzQqSzXtczcJFLDhvyggnsBXtGbzMoB&sessionKey=bf9fa2703f9a4f278b2ed1822da83c95&timestamp=1639445705&sign=A6A6683350394DB0909FF5944E4D3AF7
–Ú∫≈£∫ 28 ”√¿˝±‡∫≈£∫ 773
https://boss-api.myutopa.com/eshop/service/app/user/page/config/getPageConfigPic?uid=9e45d56c291b48f6ab5d702e7957ecf5&deviceId=4eddcac1d2c24430afd4f2ae4245d1b7&source=app&deviceType=iPhone_6&appInfo=UTOPA_60900&ver=1.0&osInfo=iOS_12.3.1&appKey=972ec21453264dd6b0f9ca9c732ab6b0&accessToken=NxMGAjKGGvogFqSyDLoCyxsbwOLxwtMKunzQqSzXtczcJFLDhvyggnsBXtGbzMoB&sessionKey=bf9fa2703f9a4f278b2ed1822da83c95&timestamp=1639445705&sign=A6A6683350394DB0909FF5944E4D3AF7
–Ú∫≈£∫ 29 ”√¿˝±‡∫≈£∫ 774
https://boss-api.myutopa.com/eshop/service/app/user/page/config/getPageConfigPic?uid=9e45d56c291b48f6ab5d702e7957ecf5&deviceId=4eddcac1d2c24430afd4f2ae4245d1b7&source=app&deviceType=iPhone_6&appInfo=UTOPA_60900&ver=1.0&osInfo=iOS_12.3.1&appKey=972ec21453264dd6b0f9ca9c732ab6b0&accessToken=NxMGAjKGGvogFqSyDLoCyxsbwOLxwtMKunzQqSzXtczcJFLDhvyggnsBXtGbzMoB&sessionKey=bf9fa2703f9a4f278b2ed1822da83c95&timestamp=1639445705&sign=A6A6683350394DB0909FF5944E4D3AF7
–Ú∫≈£∫ 30 ”√¿˝±‡∫≈£∫ 775
https://boss-api.myutopa.com/eshop/service/app/user/page/config/findByCode?uid=9e45d56c291b48f6ab5d702e7957ecf5&longitude=113.3335275894632&latitude=23.12659740714503&source=app&bdCityCode=257&code=ef3897d6-0c15-409f-a78e-6b2d6d581533&appInfo=UTOPA_60900&ver=1.0&deviceType=iPhone_6&deviceId=4eddcac1d2c24430afd4f2ae4245d1b7&osInfo=iOS_12.3.1&appKey=972ec21453264dd6b0f9ca9c732ab6b0&accessToken=NxMGAjKGGvogFqSyDLoCyxsbwOLxwtMKunzQqSzXtczcJFLDhvyggnsBXtGbzMoB&sessionKey=bf9fa2703f9a4f278b2ed1822da83c95&timestamp=1639445705&sign=0369A8773BB0ABD210CD3A636DB1291A
–Ú∫≈£∫ 31 ”√¿˝±‡∫≈£∫ 776
https://boss-api.myutopa.com/eshop/service/app/user/page/config/getPageConfigPic?uid=9e45d56c291b48f6ab5d702e7957ecf5&deviceId=4eddcac1d2c24430afd4f2ae4245d1b7&source=app&deviceType=iPhone_6&appInfo=UTOPA_60900&ver=1.0&osInfo=iOS_12.3.1&appKey=972ec21453264dd6b0f9ca9c732ab6b0&accessToken=NxMGAjKGGvogFqSyDLoCyxsbwOLxwtMKunzQqSzXtczcJFLDhvyggnsBXtGbzMoB&sessionKey=bf9fa2703f9a4f278b2ed1822da83c95&timestamp=1639445705&sign=A6A6683350394DB0909FF5944E4D3AF7
–Ú∫≈£∫ 32 ”√¿˝±‡∫≈£∫ 777
https://boss-api.myutopa.com/eshop/service/app/user/page/config/getPageConfigPic?uid=9e45d56c291b48f6ab5d702e7957ecf5&deviceId=4eddcac1d2c24430afd4f2ae4245d1b7&source=app&deviceType=iPhone_6&appInfo=UTOPA_60900&ver=1.0&osInfo=iOS_12.3.1&appKey=972ec21453264dd6b0f9ca9c732ab6b0&accessToken=NxMGAjKGGvogFqSyDLoCyxsbwOLxwtMKunzQqSzXtczcJFLDhvyggnsBXtGbzMoB&sessionKey=bf9fa2703f9a4f278b2ed1822da83c95&timestamp=1639445705&sign=A6A6683350394DB0909FF5944E4D3AF7
–Ú∫≈£∫ 33 ”√¿˝±‡∫≈£∫ 778
https://boss-api.myutopa.com/eshop/service/app/user/page/config/getPageConfigPic?uid=9e45d56c291b48f6ab5d702e7957ecf5&deviceId=4eddcac1d2c24430afd4f2ae4245d1b7&source=app&deviceType=iPhone_6&appInfo=UTOPA_60900&ver=1.0&osInfo=iOS_12.3.1&appKey=972ec21453264dd6b0f9ca9c732ab6b0&accessToken=NxMGAjKGGvogFqSyDLoCyxsbwOLxwtMKunzQqSzXtczcJFLDhvyggnsBXtGbzMoB&sessionKey=bf9fa2703f9a4f278b2ed1822da83c95&timestamp=1639445705&sign=A6A6683350394DB0909FF5944E4D3AF7
–Ú∫≈£∫ 34 ”√¿˝±‡∫≈£∫ 779
https://boss-api.myutopa.com/eshop/service/app/user/page/config/getPageConfigPic?uid=9e45d56c291b48f6ab5d702e7957ecf5&deviceId=4eddcac1d2c24430afd4f2ae4245d1b7&source=app&deviceType=iPhone_6&appInfo=UTOPA_60900&ver=1.0&osInfo=iOS_12.3.1&appKey=972ec21453264dd6b0f9ca9c732ab6b0&accessToken=NxMGAjKGGvogFqSyDLoCyxsbwOLxwtMKunzQqSzXtczcJFLDhvyggnsBXtGbzMoB&sessionKey=bf9fa2703f9a4f278b2ed1822da83c95&timestamp=1639445705&sign=A6A6683350394DB0909FF5944E4D3AF7
–Ú∫≈£∫ 35 ”√¿˝±‡∫≈£∫ 780
https://boss-api.myutopa.com/eshop/service/app/user/page/config/getPageConfigPic?uid=9e45d56c291b48f6ab5d702e7957ecf5&deviceId=4eddcac1d2c24430afd4f2ae4245d1b7&source=app&deviceType=iPhone_6&appInfo=UTOPA_60900&ver=1.0&osInfo=iOS_12.3.1&appKey=972ec21453264dd6b0f9ca9c732ab6b0&accessToken=NxMGAjKGGvogFqSyDLoCyxsbwOLxwtMKunzQqSzXtczcJFLDhvyggnsBXtGbzMoB&sessionKey=bf9fa2703f9a4f278b2ed1822da83c95&timestamp=1639445705&sign=A6A6683350394DB0909FF5944E4D3AF7
–Ú∫≈£∫ 36 ”√¿˝±‡∫≈£∫ 781
https://boss-api.myutopa.com/eshop/service/app/user/page/config/getPageConfigPic?uid=9e45d56c291b48f6ab5d702e7957ecf5&deviceId=4eddcac1d2c24430afd4f2ae4245d1b7&source=app&deviceType=iPhone_6&appInfo=UTOPA_60900&ver=1.0&osInfo=iOS_12.3.1&appKey=972ec21453264dd6b0f9ca9c732ab6b0&accessToken=NxMGAjKGGvogFqSyDLoCyxsbwOLxwtMKunzQqSzXtczcJFLDhvyggnsBXtGbzMoB&sessionKey=bf9fa2703f9a4f278b2ed1822da83c95&timestamp=1639445705&sign=A6A6683350394DB0909FF5944E4D3AF7
–Ú∫≈£∫ 37 ”√¿˝±‡∫≈£∫ 782
https://boss-api.myutopa.com/eshop/service/app/user/page/config/getPageConfigPic?uid=9e45d56c291b48f6ab5d702e7957ecf5&deviceId=4eddcac1d2c24430afd4f2ae4245d1b7&source=app&deviceType=iPhone_6&appInfo=UTOPA_60900&ver=1.0&osInfo=iOS_12.3.1&appKey=972ec21453264dd6b0f9ca9c732ab6b0&accessToken=NxMGAjKGGvogFqSyDLoCyxsbwOLxwtMKunzQqSzXtczcJFLDhvyggnsBXtGbzMoB&sessionKey=bf9fa2703f9a4f278b2ed1822da83c95&timestamp=1639445705&sign=A6A6683350394DB0909FF5944E4D3AF7
–Ú∫≈£∫ 38 ”√¿˝±‡∫≈£∫ 783
https://boss-api.myutopa.com/eshop/service/app/user/page/config/getPageConfigPic?uid=9e45d56c291b48f6ab5d702e7957ecf5&deviceId=4eddcac1d2c24430afd4f2ae4245d1b7&source=app&deviceType=iPhone_6&appInfo=UTOPA_60900&ver=1.0&osInfo=iOS_12.3.1&appKey=972ec21453264dd6b0f9ca9c732ab6b0&accessToken=NxMGAjKGGvogFqSyDLoCyxsbwOLxwtMKunzQqSzXtczcJFLDhvyggnsBXtGbzMoB&sessionKey=bf9fa2703f9a4f278b2ed1822da83c95&timestamp=1639445705&sign=A6A6683350394DB0909FF5944E4D3AF7
–Ú∫≈£∫ 39 ”√¿˝±‡∫≈£∫ 784
https://boss-api.myutopa.com/eshop/service/app/user/page/config/getPageConfigPic?uid=9e45d56c291b48f6ab5d702e7957ecf5&deviceId=4eddcac1d2c24430afd4f2ae4245d1b7&source=app&deviceType=iPhone_6&appInfo=UTOPA_60900&ver=1.0&osInfo=iOS_12.3.1&appKey=972ec21453264dd6b0f9ca9c732ab6b0&accessToken=NxMGAjKGGvogFqSyDLoCyxsbwOLxwtMKunzQqSzXtczcJFLDhvyggnsBXtGbzMoB&sessionKey=bf9fa2703f9a4f278b2ed1822da83c95&timestamp=1639445705&sign=A6A6683350394DB0909FF5944E4D3AF7
–Ú∫≈£∫ 40 ”√¿˝±‡∫≈£∫ 785
https://boss-api.myutopa.com/eshop/service/app/user/page/config/getPageConfigProduct?appKey=972ec21453264dd6b0f9ca9c732ab6b0&source=app&osInfo=iOS_12.3.1&ver=1.0&deviceType=iPhone_6&appInfo=UTOPA_60900&deviceId=4eddcac1d2c24430afd4f2ae4245d1b7&sessionKey=bf9fa2703f9a4f278b2ed1822da83c95&timestamp=1639445705&sign=7AE127C2241E64415C131E825842ECF8
–Ú∫≈£∫ 41 ”√¿˝±‡∫≈£∫ 786
https://boss-api.myutopa.com/eshop/service/app/user/page/config/getPageConfigPic?uid=9e45d56c291b48f6ab5d702e7957ecf5&deviceId=4eddcac1d2c24430afd4f2ae4245d1b7&source=app&deviceType=iPhone_6&appInfo=UTOPA_60900&ver=1.0&osInfo=iOS_12.3.1&appKey=972ec21453264dd6b0f9ca9c732ab6b0&accessToken=NxMGAjKGGvogFqSyDLoCyxsbwOLxwtMKunzQqSzXtczcJFLDhvyggnsBXtGbzMoB&sessionKey=bf9fa2703f9a4f278b2ed1822da83c95&timestamp=1639445705&sign=A6A6683350394DB0909FF5944E4D3AF7
–Ú∫≈£∫ 42 ”√¿˝±‡∫≈£∫ 787
https://boss-api.myutopa.com/eshop/service/app/user/page/config/findByCode?uid=9e45d56c291b48f6ab5d702e7957ecf5&longitude=113.3334993339069&latitude=23.12655351142641&source=app&appInfo=UTOPA_60900&code=eb3df2eb-11ed-4390-8713-ec81e2eaa253&deviceType=iPhone_6&ver=1.0&deviceId=4eddcac1d2c24430afd4f2ae4245d1b7&osInfo=iOS_12.3.1&appKey=972ec21453264dd6b0f9ca9c732ab6b0&accessToken=NxMGAjKGGvogFqSyDLoCyxsbwOLxwtMKunzQqSzXtczcJFLDhvyggnsBXtGbzMoB&sessionKey=bf9fa2703f9a4f278b2ed1822da83c95&timestamp=1639445705&sign=7C9BD52C764AF1CFCFA41D3A5797A608
–Ú∫≈£∫ 43 ”√¿˝±‡∫≈£∫ 788
https://boss-api.myutopa.com/eshop/service/app/user/page/config/getPageConfigPic?uid=9e45d56c291b48f6ab5d702e7957ecf5&deviceId=4eddcac1d2c24430afd4f2ae4245d1b7&source=app&deviceType=iPhone_6&appInfo=UTOPA_60900&ver=1.0&osInfo=iOS_12.3.1&appKey=972ec21453264dd6b0f9ca9c732ab6b0&accessToken=NxMGAjKGGvogFqSyDLoCyxsbwOLxwtMKunzQqSzXtczcJFLDhvyggnsBXtGbzMoB&sessionKey=bf9fa2703f9a4f278b2ed1822da83c95&timestamp=1639445705&sign=A6A6683350394DB0909FF5944E4D3AF7
–Ú∫≈£∫ 44 ”√¿˝±‡∫≈£∫ 789
https://boss-api.myutopa.com/eshop/service/app/user/page/config/getPageConfigPic?uid=9e45d56c291b48f6ab5d702e7957ecf5&deviceId=4eddcac1d2c24430afd4f2ae4245d1b7&source=app&deviceType=iPhone_6&appInfo=UTOPA_60900&ver=1.0&osInfo=iOS_12.3.1&appKey=972ec21453264dd6b0f9ca9c732ab6b0&accessToken=NxMGAjKGGvogFqSyDLoCyxsbwOLxwtMKunzQqSzXtczcJFLDhvyggnsBXtGbzMoB&sessionKey=bf9fa2703f9a4f278b2ed1822da83c95&timestamp=1639445705&sign=A6A6683350394DB0909FF5944E4D3AF7
–Ú∫≈£∫ 45 ”√¿˝±‡∫≈£∫ 790
https://boss-api.myutopa.com/eshop/service/app/user/page/config/getPageConfigPic?uid=9e45d56c291b48f6ab5d702e7957ecf5&deviceId=4eddcac1d2c24430afd4f2ae4245d1b7&source=app&deviceType=iPhone_6&appInfo=UTOPA_60900&ver=1.0&osInfo=iOS_12.3.1&appKey=972ec21453264dd6b0f9ca9c732ab6b0&accessToken=NxMGAjKGGvogFqSyDLoCyxsbwOLxwtMKunzQqSzXtczcJFLDhvyggnsBXtGbzMoB&sessionKey=bf9fa2703f9a4f278b2ed1822da83c95&timestamp=1639445705&sign=A6A6683350394DB0909FF5944E4D3AF7
–Ú∫≈£∫ 46 ”√¿˝±‡∫≈£∫ 791
https://boss-api.myutopa.com/eshop/service/app/user/page/config/getPageConfigPic?uid=9e45d56c291b48f6ab5d702e7957ecf5&deviceId=4eddcac1d2c24430afd4f2ae4245d1b7&source=app&deviceType=iPhone_6&appInfo=UTOPA_60900&ver=1.0&osInfo=iOS_12.3.1&appKey=972ec21453264dd6b0f9ca9c732ab6b0&accessToken=NxMGAjKGGvogFqSyDLoCyxsbwOLxwtMKunzQqSzXtczcJFLDhvyggnsBXtGbzMoB&sessionKey=bf9fa2703f9a4f278b2ed1822da83c95&timestamp=1639445705&sign=A6A6683350394DB0909FF5944E4D3AF7
–Ú∫≈£∫ 47 ”√¿˝±‡∫≈£∫ 792
https://boss-api.myutopa.com/eshop/service/app/user/page/config/getPageConfigPic?uid=9e45d56c291b48f6ab5d702e7957ecf5&deviceId=4eddcac1d2c24430afd4f2ae4245d1b7&source=app&deviceType=iPhone_6&appInfo=UTOPA_60900&ver=1.0&osInfo=iOS_12.3.1&appKey=972ec21453264dd6b0f9ca9c732ab6b0&accessToken=NxMGAjKGGvogFqSyDLoCyxsbwOLxwtMKunzQqSzXtczcJFLDhvyggnsBXtGbzMoB&sessionKey=bf9fa2703f9a4f278b2ed1822da83c95&timestamp=1639445705&sign=A6A6683350394DB0909FF5944E4D3AF7
–Ú∫≈£∫ 48 ”√¿˝±‡∫≈£∫ 793
https://boss-api.myutopa.com/eshop/service/app/user/page/config/getPageConfigPic?uid=9e45d56c291b48f6ab5d702e7957ecf5&deviceId=4eddcac1d2c24430afd4f2ae4245d1b7&source=app&deviceType=iPhone_6&appInfo=UTOPA_60900&ver=1.0&osInfo=iOS_12.3.1&appKey=972ec21453264dd6b0f9ca9c732ab6b0&accessToken=NxMGAjKGGvogFqSyDLoCyxsbwOLxwtMKunzQqSzXtczcJFLDhvyggnsBXtGbzMoB&sessionKey=bf9fa2703f9a4f278b2ed1822da83c95&timestamp=1639445705&sign=A6A6683350394DB0909FF5944E4D3AF7
–Ú∫≈£∫ 49 ”√¿˝±‡∫≈£∫ 794
https://boss-api.myutopa.com/eshop/service/app/user/page/config/getPageConfigPic?uid=9e45d56c291b48f6ab5d702e7957ecf5&deviceId=4eddcac1d2c24430afd4f2ae4245d1b7&source=app&deviceType=iPhone_6&appInfo=UTOPA_60900&ver=1.0&osInfo=iOS_12.3.1&appKey=972ec21453264dd6b0f9ca9c732ab6b0&accessToken=NxMGAjKGGvogFqSyDLoCyxsbwOLxwtMKunzQqSzXtczcJFLDhvyggnsBXtGbzMoB&sessionKey=bf9fa2703f9a4f278b2ed1822da83c95&timestamp=1639445705&sign=A6A6683350394DB0909FF5944E4D3AF7
–Ú∫≈£∫ 50 ”√¿˝±‡∫≈£∫ 795
https://boss-api.myutopa.com/eshop/service/app/user/page/config/getPageConfigPic?uid=9e45d56c291b48f6ab5d702e7957ecf5&deviceId=4eddcac1d2c24430afd4f2ae4245d1b7&source=app&deviceType=iPhone_6&appInfo=UTOPA_60900&ver=1.0&osInfo=iOS_12.3.1&appKey=972ec21453264dd6b0f9ca9c732ab6b0&accessToken=NxMGAjKGGvogFqSyDLoCyxsbwOLxwtMKunzQqSzXtczcJFLDhvyggnsBXtGbzMoB&sessionKey=bf9fa2703f9a4f278b2ed1822da83c95&timestamp=1639445705&sign=A6A6683350394DB0909FF5944E4D3AF7
–Ú∫≈£∫ 51 ”√¿˝±‡∫≈£∫ 796
https://boss-api.myutopa.com/eshop/service/app/user/page/config/getPageConfigPic?uid=9e45d56c291b48f6ab5d702e7957ecf5&deviceId=4eddcac1d2c24430afd4f2ae4245d1b7&source=app&deviceType=iPhone_6&appInfo=UTOPA_60900&ver=1.0&osInfo=iOS_12.3.1&appKey=972ec21453264dd6b0f9ca9c732ab6b0&accessToken=NxMGAjKGGvogFqSyDLoCyxsbwOLxwtMKunzQqSzXtczcJFLDhvyggnsBXtGbzMoB&sessionKey=bf9fa2703f9a4f278b2ed1822da83c95&timestamp=1639445705&sign=A6A6683350394DB0909FF5944E4D3AF7
–Ú∫≈£∫ 52 ”√¿˝±‡∫≈£∫ 797
https://boss-api.myutopa.com/eshop/service/app/user/page/config/getPageConfigProduct?appKey=972ec21453264dd6b0f9ca9c732ab6b0&source=app&osInfo=iOS_12.3.1&ver=1.0&deviceType=iPhone_6&appInfo=UTOPA_60900&deviceId=4eddcac1d2c24430afd4f2ae4245d1b7&sessionKey=bf9fa2703f9a4f278b2ed1822da83c95&timestamp=1639445705&sign=7AE127C2241E64415C131E825842ECF8
–Ú∫≈£∫ 53 ”√¿˝±‡∫≈£∫ 798
https://boss-api.myutopa.com/eshop/service/app/user/page/config/findByCode?longitude=113.3335463646274&latitude=23.12656546220733&source=app&bdCityCode=257&code=b7dc5acf-3232-4975-825c-5a87ecedbc41&appInfo=UTOPA_60900&ver=1.0&deviceType=iPhone_6&deviceId=4eddcac1d2c24430afd4f2ae4245d1b7&osInfo=iOS_12.3.1&appKey=972ec21453264dd6b0f9ca9c732ab6b0&sessionKey=bf9fa2703f9a4f278b2ed1822da83c95&timestamp=1639445705&sign=FE66DEC37190186D49F61C935B45397F
–Ú∫≈£∫ 54 ”√¿˝±‡∫≈£∫ 799
https://boss-api.myutopa.com/eshop/service/app/user/page/config/getPageConfigPic?uid=9e45d56c291b48f6ab5d702e7957ecf5&deviceId=4eddcac1d2c24430afd4f2ae4245d1b7&source=app&deviceType=iPhone_6&appInfo=UTOPA_60900&ver=1.0&osInfo=iOS_12.3.1&appKey=972ec21453264dd6b0f9ca9c732ab6b0&accessToken=NxMGAjKGGvogFqSyDLoCyxsbwOLxwtMKunzQqSzXtczcJFLDhvyggnsBXtGbzMoB&sessionKey=bf9fa2703f9a4f278b2ed1822da83c95&timestamp=1639445705&sign=A6A6683350394DB0909FF5944E4D3AF7
–Ú∫≈£∫ 55 ”√¿˝±‡∫≈£∫ 800
https://boss-api.myutopa.com/eshop/service/app/user/page/config/getPageConfigPic?uid=9e45d56c291b48f6ab5d702e7957ecf5&deviceId=4eddcac1d2c24430afd4f2ae4245d1b7&source=app&deviceType=iPhone_6&appInfo=UTOPA_60900&ver=1.0&osInfo=iOS_12.3.1&appKey=972ec21453264dd6b0f9ca9c732ab6b0&accessToken=NxMGAjKGGvogFqSyDLoCyxsbwOLxwtMKunzQqSzXtczcJFLDhvyggnsBXtGbzMoB&sessionKey=bf9fa2703f9a4f278b2ed1822da83c95&timestamp=1639445705&sign=A6A6683350394DB0909FF5944E4D3AF7
–Ú∫≈£∫ 56 ”√¿˝±‡∫≈£∫ 801
https://boss-api.myutopa.com/eshop/service/app/user/page/config/getPageConfigPic?uid=9e45d56c291b48f6ab5d702e7957ecf5&deviceId=4eddcac1d2c24430afd4f2ae4245d1b7&source=app&deviceType=iPhone_6&appInfo=UTOPA_60900&ver=1.0&osInfo=iOS_12.3.1&appKey=972ec21453264dd6b0f9ca9c732ab6b0&accessToken=NxMGAjKGGvogFqSyDLoCyxsbwOLxwtMKunzQqSzXtczcJFLDhvyggnsBXtGbzMoB&sessionKey=bf9fa2703f9a4f278b2ed1822da83c95&timestamp=1639445705&sign=A6A6683350394DB0909FF5944E4D3AF7
–Ú∫≈£∫ 57 ”√¿˝±‡∫≈£∫ 802
https://boss-api.myutopa.com/eshop/service/app/user/page/config/getPageConfigPic?uid=9e45d56c291b48f6ab5d702e7957ecf5&deviceId=4eddcac1d2c24430afd4f2ae4245d1b7&source=app&deviceType=iPhone_6&appInfo=UTOPA_60900&ver=1.0&osInfo=iOS_12.3.1&appKey=972ec21453264dd6b0f9ca9c732ab6b0&accessToken=NxMGAjKGGvogFqSyDLoCyxsbwOLxwtMKunzQqSzXtczcJFLDhvyggnsBXtGbzMoB&sessionKey=bf9fa2703f9a4f278b2ed1822da83c95&timestamp=1639445705&sign=A6A6683350394DB0909FF5944E4D3AF7
–Ú∫≈£∫ 58 ”√¿˝±‡∫≈£∫ 803
https://boss-api.myutopa.com/eshop/service/app/user/page/config/getPageConfigPic?uid=9e45d56c291b48f6ab5d702e7957ecf5&deviceId=4eddcac1d2c24430afd4f2ae4245d1b7&source=app&deviceType=iPhone_6&appInfo=UTOPA_60900&ver=1.0&osInfo=iOS_12.3.1&appKey=972ec21453264dd6b0f9ca9c732ab6b0&accessToken=NxMGAjKGGvogFqSyDLoCyxsbwOLxwtMKunzQqSzXtczcJFLDhvyggnsBXtGbzMoB&sessionKey=bf9fa2703f9a4f278b2ed1822da83c95&timestamp=1639445705&sign=A6A6683350394DB0909FF5944E4D3AF7
–Ú∫≈£∫ 59 ”√¿˝±‡∫≈£∫ 804
https://boss-api.myutopa.com/eshop/service/app/user/page/config/getPageConfigPic?uid=9e45d56c291b48f6ab5d702e7957ecf5&deviceId=4eddcac1d2c24430afd4f2ae4245d1b7&source=app&deviceType=iPhone_6&appInfo=UTOPA_60900&ver=1.0&osInfo=iOS_12.3.1&appKey=972ec21453264dd6b0f9ca9c732ab6b0&accessToken=NxMGAjKGGvogFqSyDLoCyxsbwOLxwtMKunzQqSzXtczcJFLDhvyggnsBXtGbzMoB&sessionKey=bf9fa2703f9a4f278b2ed1822da83c95&timestamp=1639445705&sign=A6A6683350394DB0909FF5944E4D3AF7
–Ú∫≈£∫ 60 ”√¿˝±‡∫≈£∫ 805
https://boss-api.myutopa.com/eshop/service/app/user/page/config/getPageConfigPic?uid=9e45d56c291b48f6ab5d702e7957ecf5&deviceId=4eddcac1d2c24430afd4f2ae4245d1b7&source=app&deviceType=iPhone_6&appInfo=UTOPA_60900&ver=1.0&osInfo=iOS_12.3.1&appKey=972ec21453264dd6b0f9ca9c732ab6b0&accessToken=NxMGAjKGGvogFqSyDLoCyxsbwOLxwtMKunzQqSzXtczcJFLDhvyggnsBXtGbzMoB&sessionKey=bf9fa2703f9a4f278b2ed1822da83c95&timestamp=1639445705&sign=A6A6683350394DB0909FF5944E4D3AF7
–Ú∫≈£∫ 61 ”√¿˝±‡∫≈£∫ 806
https://boss-api.myutopa.com/eshop/service/app/user/page/config/getPageConfigPic?uid=9e45d56c291b48f6ab5d702e7957ecf5&deviceId=4eddcac1d2c24430afd4f2ae4245d1b7&source=app&deviceType=iPhone_6&appInfo=UTOPA_60900&ver=1.0&osInfo=iOS_12.3.1&appKey=972ec21453264dd6b0f9ca9c732ab6b0&accessToken=NxMGAjKGGvogFqSyDLoCyxsbwOLxwtMKunzQqSzXtczcJFLDhvyggnsBXtGbzMoB&sessionKey=bf9fa2703f9a4f278b2ed1822da83c95&timestamp=1639445705&sign=A6A6683350394DB0909FF5944E4D3AF7
–Ú∫≈£∫ 62 ”√¿˝±‡∫≈£∫ 807
https://boss-api.myutopa.com/eshop/service/app/user/page/config/getPageConfigPic?uid=9e45d56c291b48f6ab5d702e7957ecf5&deviceId=4eddcac1d2c24430afd4f2ae4245d1b7&source=app&deviceType=iPhone_6&appInfo=UTOPA_60900&ver=1.0&osInfo=iOS_12.3.1&appKey=972ec21453264dd6b0f9ca9c732ab6b0&accessToken=NxMGAjKGGvogFqSyDLoCyxsbwOLxwtMKunzQqSzXtczcJFLDhvyggnsBXtGbzMoB&sessionKey=bf9fa2703f9a4f278b2ed1822da83c95&timestamp=1639445705&sign=A6A6683350394DB0909FF5944E4D3AF7
–Ú∫≈£∫ 63 ”√¿˝±‡∫≈£∫ 808
https://boss-api.myutopa.com/eshop/service/app/user/page/config/getPageConfigPic?uid=9e45d56c291b48f6ab5d702e7957ecf5&deviceId=4eddcac1d2c24430afd4f2ae4245d1b7&source=app&deviceType=iPhone_6&appInfo=UTOPA_60900&ver=1.0&osInfo=iOS_12.3.1&appKey=972ec21453264dd6b0f9ca9c732ab6b0&accessToken=NxMGAjKGGvogFqSyDLoCyxsbwOLxwtMKunzQqSzXtczcJFLDhvyggnsBXtGbzMoB&sessionKey=bf9fa2703f9a4f278b2ed1822da83c95&timestamp=1639445705&sign=A6A6683350394DB0909FF5944E4D3AF7
–Ú∫≈£∫ 64 ”√¿˝±‡∫≈£∫ 809
https://boss-api.myutopa.com/eshop/service/app/user/page/config/getPageConfigPic?uid=9e45d56c291b48f6ab5d702e7957ecf5&deviceId=4eddcac1d2c24430afd4f2ae4245d1b7&source=app&deviceType=iPhone_6&appInfo=UTOPA_60900&ver=1.0&osInfo=iOS_12.3.1&appKey=972ec21453264dd6b0f9ca9c732ab6b0&accessToken=NxMGAjKGGvogFqSyDLoCyxsbwOLxwtMKunzQqSzXtczcJFLDhvyggnsBXtGbzMoB&sessionKey=bf9fa2703f9a4f278b2ed1822da83c95&timestamp=1639445705&sign=A6A6683350394DB0909FF5944E4D3AF7
–Ú∫≈£∫ 65 ”√¿˝±‡∫≈£∫ 810
https://boss-api.myutopa.com/eshop/service/app/user/page/config/getPageConfigPic?uid=9e45d56c291b48f6ab5d702e7957ecf5&deviceId=4eddcac1d2c24430afd4f2ae4245d1b7&source=app&deviceType=iPhone_6&appInfo=UTOPA_60900&ver=1.0&osInfo=iOS_12.3.1&appKey=972ec21453264dd6b0f9ca9c732ab6b0&accessToken=NxMGAjKGGvogFqSyDLoCyxsbwOLxwtMKunzQqSzXtczcJFLDhvyggnsBXtGbzMoB&sessionKey=bf9fa2703f9a4f278b2ed1822da83c95&timestamp=1639445705&sign=A6A6683350394DB0909FF5944E4D3AF7
–Ú∫≈£∫ 66 ”√¿˝±‡∫≈£∫ 811
https://boss-api.myutopa.com/eshop/service/app/user/page/config/getPageConfigProduct?appKey=972ec21453264dd6b0f9ca9c732ab6b0&source=app&osInfo=iOS_12.3.1&ver=1.0&deviceType=iPhone_6&appInfo=UTOPA_60900&deviceId=4eddcac1d2c24430afd4f2ae4245d1b7&sessionKey=bf9fa2703f9a4f278b2ed1822da83c95&timestamp=1639445705&sign=7AE127C2241E64415C131E825842ECF8
–Ú∫≈£∫ 67 ”√¿˝±‡∫≈£∫ 812
https://boss-api.myutopa.com/eshop/service/app/user/page/config/findByCode?longitude=113.3335833374463&latitude=23.12657291557379&source=app&bdCityCode=257&code=d2cf7282-37b1-4bba-b166-d67f2f1e0e48&appInfo=UTOPA_60900&ver=1.0&deviceType=iPhone_6&deviceId=4eddcac1d2c24430afd4f2ae4245d1b7&osInfo=iOS_12.3.1&appKey=972ec21453264dd6b0f9ca9c732ab6b0&sessionKey=bf9fa2703f9a4f278b2ed1822da83c95&timestamp=1639445705&sign=C0E979BB1AD5F8F20FA47FC4ACB98193
–Ú∫≈£∫ 68 ”√¿˝±‡∫≈£∫ 813
https://boss-api.myutopa.com/eshop/service/app/user/page/config/getPageConfigPic?uid=9e45d56c291b48f6ab5d702e7957ecf5&deviceId=4eddcac1d2c24430afd4f2ae4245d1b7&source=app&deviceType=iPhone_6&appInfo=UTOPA_60900&ver=1.0&osInfo=iOS_12.3.1&appKey=972ec21453264dd6b0f9ca9c732ab6b0&accessToken=NxMGAjKGGvogFqSyDLoCyxsbwOLxwtMKunzQqSzXtczcJFLDhvyggnsBXtGbzMoB&sessionKey=bf9fa2703f9a4f278b2ed1822da83c95&timestamp=1639445705&sign=A6A6683350394DB0909FF5944E4D3AF7
–Ú∫≈£∫ 69 ”√¿˝±‡∫≈£∫ 814
https://boss-api.myutopa.com/eshop/service/app/user/page/config/getPageConfigPic?uid=9e45d56c291b48f6ab5d702e7957ecf5&deviceId=4eddcac1d2c24430afd4f2ae4245d1b7&source=app&deviceType=iPhone_6&appInfo=UTOPA_60900&ver=1.0&osInfo=iOS_12.3.1&appKey=972ec21453264dd6b0f9ca9c732ab6b0&accessToken=NxMGAjKGGvogFqSyDLoCyxsbwOLxwtMKunzQqSzXtczcJFLDhvyggnsBXtGbzMoB&sessionKey=bf9fa2703f9a4f278b2ed1822da83c95&timestamp=1639445705&sign=A6A6683350394DB0909FF5944E4D3AF7
–Ú∫≈£∫ 70 ”√¿˝±‡∫≈£∫ 815
https://boss-api.myutopa.com/eshop/service/app/user/page/config/getPageConfigPic?uid=9e45d56c291b48f6ab5d702e7957ecf5&deviceId=4eddcac1d2c24430afd4f2ae4245d1b7&source=app&deviceType=iPhone_6&appInfo=UTOPA_60900&ver=1.0&osInfo=iOS_12.3.1&appKey=972ec21453264dd6b0f9ca9c732ab6b0&accessToken=NxMGAjKGGvogFqSyDLoCyxsbwOLxwtMKunzQqSzXtczcJFLDhvyggnsBXtGbzMoB&sessionKey=bf9fa2703f9a4f278b2ed1822da83c95&timestamp=1639445705&sign=A6A6683350394DB0909FF5944E4D3AF7
–Ú∫≈£∫ 71 ”√¿˝±‡∫≈£∫ 816
https://boss-api.myutopa.com/eshop/service/app/user/page/config/getPageConfigPic?uid=9e45d56c291b48f6ab5d702e7957ecf5&deviceId=4eddcac1d2c24430afd4f2ae4245d1b7&source=app&deviceType=iPhone_6&appInfo=UTOPA_60900&ver=1.0&osInfo=iOS_12.3.1&appKey=972ec21453264dd6b0f9ca9c732ab6b0&accessToken=NxMGAjKGGvogFqSyDLoCyxsbwOLxwtMKunzQqSzXtczcJFLDhvyggnsBXtGbzMoB&sessionKey=bf9fa2703f9a4f278b2ed1822da83c95&timestamp=1639445705&sign=A6A6683350394DB0909FF5944E4D3AF7
–Ú∫≈£∫ 72 ”√¿˝±‡∫≈£∫ 817
https://boss-api.myutopa.com/eshop/service/app/user/page/config/getPageConfigPic?uid=9e45d56c291b48f6ab5d702e7957ecf5&deviceId=4eddcac1d2c24430afd4f2ae4245d1b7&source=app&deviceType=iPhone_6&appInfo=UTOPA_60900&ver=1.0&osInfo=iOS_12.3.1&appKey=972ec21453264dd6b0f9ca9c732ab6b0&accessToken=NxMGAjKGGvogFqSyDLoCyxsbwOLxwtMKunzQqSzXtczcJFLDhvyggnsBXtGbzMoB&sessionKey=bf9fa2703f9a4f278b2ed1822da83c95&timestamp=1639445705&sign=A6A6683350394DB0909FF5944E4D3AF7
–Ú∫≈£∫ 73 ”√¿˝±‡∫≈£∫ 818
https://boss-api.myutopa.com/eshop/service/app/user/page/config/getPageConfigPic?uid=9e45d56c291b48f6ab5d702e7957ecf5&deviceId=4eddcac1d2c24430afd4f2ae4245d1b7&source=app&deviceType=iPhone_6&appInfo=UTOPA_60900&ver=1.0&osInfo=iOS_12.3.1&appKey=972ec21453264dd6b0f9ca9c732ab6b0&accessToken=NxMGAjKGGvogFqSyDLoCyxsbwOLxwtMKunzQqSzXtczcJFLDhvyggnsBXtGbzMoB&sessionKey=bf9fa2703f9a4f278b2ed1822da83c95&timestamp=1639445705&sign=A6A6683350394DB0909FF5944E4D3AF7
–Ú∫≈£∫ 74 ”√¿˝±‡∫≈£∫ 819
https://boss-api.myutopa.com/eshop/service/app/user/page/config/getPageConfigPic?uid=9e45d56c291b48f6ab5d702e7957ecf5&deviceId=4eddcac1d2c24430afd4f2ae4245d1b7&source=app&deviceType=iPhone_6&appInfo=UTOPA_60900&ver=1.0&osInfo=iOS_12.3.1&appKey=972ec21453264dd6b0f9ca9c732ab6b0&accessToken=NxMGAjKGGvogFqSyDLoCyxsbwOLxwtMKunzQqSzXtczcJFLDhvyggnsBXtGbzMoB&sessionKey=bf9fa2703f9a4f278b2ed1822da83c95&timestamp=1639445705&sign=A6A6683350394DB0909FF5944E4D3AF7
–Ú∫≈£∫ 75 ”√¿˝±‡∫≈£∫ 820
https://boss-api.myutopa.com/eshop/service/app/user/page/config/getPageConfigPic?uid=9e45d56c291b48f6ab5d702e7957ecf5&deviceId=4eddcac1d2c24430afd4f2ae4245d1b7&source=app&deviceType=iPhone_6&appInfo=UTOPA_60900&ver=1.0&osInfo=iOS_12.3.1&appKey=972ec21453264dd6b0f9ca9c732ab6b0&accessToken=NxMGAjKGGvogFqSyDLoCyxsbwOLxwtMKunzQqSzXtczcJFLDhvyggnsBXtGbzMoB&sessionKey=bf9fa2703f9a4f278b2ed1822da83c95&timestamp=1639445705&sign=A6A6683350394DB0909FF5944E4D3AF7
–Ú∫≈£∫ 76 ”√¿˝±‡∫≈£∫ 821
https://boss-api.myutopa.com/eshop/service/app/user/page/config/getPageConfigProduct?appKey=972ec21453264dd6b0f9ca9c732ab6b0&source=app&osInfo=iOS_12.3.1&ver=1.0&deviceType=iPhone_6&appInfo=UTOPA_60900&deviceId=4eddcac1d2c24430afd4f2ae4245d1b7&sessionKey=bf9fa2703f9a4f278b2ed1822da83c95&timestamp=1639445705&sign=7AE127C2241E64415C131E825842ECF8
–Ú∫≈£∫ 77 ”√¿˝±‡∫≈£∫ 822
https://boss-api.myutopa.com/eshop/service/app/user/page/config/getPageConfigProduct?appKey=972ec21453264dd6b0f9ca9c732ab6b0&source=app&osInfo=iOS_12.3.1&ver=1.0&deviceType=iPhone_6&appInfo=UTOPA_60900&deviceId=4eddcac1d2c24430afd4f2ae4245d1b7&sessionKey=bf9fa2703f9a4f278b2ed1822da83c95&timestamp=1639445705&sign=7AE127C2241E64415C131E825842ECF8
–Ú∫≈£∫ 78 ”√¿˝±‡∫≈£∫ 823
https://boss-api.myutopa.com/eshop/service/app/user/page/config/findByCode?uid=9e45d56c291b48f6ab5d702e7957ecf5&longitude=113.3334590614482&latitude=23.1266236719211&source=app&bdCityCode=257&code=991562b4-7272-4705-abba-de26001f8f15&appInfo=UTOPA_60900&ver=1.0&deviceType=iPhone_6&deviceId=4eddcac1d2c24430afd4f2ae4245d1b7&osInfo=iOS_12.3.1&appKey=972ec21453264dd6b0f9ca9c732ab6b0&accessToken=NxMGAjKGGvogFqSyDLoCyxsbwOLxwtMKunzQqSzXtczcJFLDhvyggnsBXtGbzMoB&sessionKey=bf9fa2703f9a4f278b2ed1822da83c95&timestamp=1639445705&sign=99728E86EC3013755E89DEA891AB9480
–Ú∫≈£∫ 79 ”√¿˝±‡∫≈£∫ 824
https://boss-api.myutopa.com/eshop/service/app/user/page/config/getPageConfigPic?uid=9e45d56c291b48f6ab5d702e7957ecf5&deviceId=4eddcac1d2c24430afd4f2ae4245d1b7&source=app&deviceType=iPhone_6&appInfo=UTOPA_60900&ver=1.0&osInfo=iOS_12.3.1&appKey=972ec21453264dd6b0f9ca9c732ab6b0&accessToken=NxMGAjKGGvogFqSyDLoCyxsbwOLxwtMKunzQqSzXtczcJFLDhvyggnsBXtGbzMoB&sessionKey=bf9fa2703f9a4f278b2ed1822da83c95&timestamp=1639445705&sign=A6A6683350394DB0909FF5944E4D3AF7
–Ú∫≈£∫ 80 ”√¿˝±‡∫≈£∫ 825
https://boss-api.myutopa.com/eshop/service/app/user/page/config/getPageConfigPic?uid=9e45d56c291b48f6ab5d702e7957ecf5&deviceId=4eddcac1d2c24430afd4f2ae4245d1b7&source=app&deviceType=iPhone_6&appInfo=UTOPA_60900&ver=1.0&osInfo=iOS_12.3.1&appKey=972ec21453264dd6b0f9ca9c732ab6b0&accessToken=NxMGAjKGGvogFqSyDLoCyxsbwOLxwtMKunzQqSzXtczcJFLDhvyggnsBXtGbzMoB&sessionKey=bf9fa2703f9a4f278b2ed1822da83c95&timestamp=1639445705&sign=A6A6683350394DB0909FF5944E4D3AF7
–Ú∫≈£∫ 81 ”√¿˝±‡∫≈£∫ 826
https://boss-api.myutopa.com/eshop/service/app/user/page/config/getPageConfigProduct?appKey=972ec21453264dd6b0f9ca9c732ab6b0&source=app&osInfo=iOS_12.3.1&ver=1.0&deviceType=iPhone_6&appInfo=UTOPA_60900&deviceId=4eddcac1d2c24430afd4f2ae4245d1b7&sessionKey=bf9fa2703f9a4f278b2ed1822da83c95&timestamp=1639445705&sign=7AE127C2241E64415C131E825842ECF8
–Ú∫≈£∫ 82 ”√¿˝±‡∫≈£∫ 827
https://boss-api.myutopa.com/eshop/service/app/user/page/config/getPageConfigPic?uid=9e45d56c291b48f6ab5d702e7957ecf5&deviceId=4eddcac1d2c24430afd4f2ae4245d1b7&source=app&deviceType=iPhone_6&appInfo=UTOPA_60900&ver=1.0&osInfo=iOS_12.3.1&appKey=972ec21453264dd6b0f9ca9c732ab6b0&accessToken=NxMGAjKGGvogFqSyDLoCyxsbwOLxwtMKunzQqSzXtczcJFLDhvyggnsBXtGbzMoB&sessionKey=bf9fa2703f9a4f278b2ed1822da83c95&timestamp=1639445705&sign=A6A6683350394DB0909FF5944E4D3AF7
–Ú∫≈£∫ 83 ”√¿˝±‡∫≈£∫ 828
https://boss-api.myutopa.com/eshop/service/app/user/page/config/getPageConfigProduct?appKey=972ec21453264dd6b0f9ca9c732ab6b0&source=app&osInfo=iOS_12.3.1&ver=1.0&deviceType=iPhone_6&appInfo=UTOPA_60900&deviceId=4eddcac1d2c24430afd4f2ae4245d1b7&sessionKey=bf9fa2703f9a4f278b2ed1822da83c95&timestamp=1639445705&sign=7AE127C2241E64415C131E825842ECF8
–Ú∫≈£∫ 84 ”√¿˝±‡∫≈£∫ 829
https://boss-api.myutopa.com/eshop/service/app/user/page/config/findByCode?longitude=113.3335137304474&latitude=23.12658210157511&source=app&appInfo=UTOPA_60900&code=d8c10170-797e-4bdf-ac83-f6f0a43c9d0c&deviceType=iPhone_6&ver=1.0&deviceId=4eddcac1d2c24430afd4f2ae4245d1b7&osInfo=iOS_12.3.1&appKey=972ec21453264dd6b0f9ca9c732ab6b0&accessToken=NxMGAjKGGvogFqSyDLoCyxsbwOLxwtMKunzQqSzXtczcJFLDhvyggnsBXtGbzMoB&sessionKey=bf9fa2703f9a4f278b2ed1822da83c95&timestamp=1639445705&sign=C61A6F6B671B6E009C4A81A28DF0C606
–Ú∫≈£∫ 85 ”√¿˝±‡∫≈£∫ 830
https://boss-api.myutopa.com/eshop/service/app/user/page/config/getPageConfigPic?uid=9e45d56c291b48f6ab5d702e7957ecf5&deviceId=4eddcac1d2c24430afd4f2ae4245d1b7&source=app&deviceType=iPhone_6&appInfo=UTOPA_60900&ver=1.0&osInfo=iOS_12.3.1&appKey=972ec21453264dd6b0f9ca9c732ab6b0&accessToken=NxMGAjKGGvogFqSyDLoCyxsbwOLxwtMKunzQqSzXtczcJFLDhvyggnsBXtGbzMoB&sessionKey=bf9fa2703f9a4f278b2ed1822da83c95&timestamp=1639445705&sign=A6A6683350394DB0909FF5944E4D3AF7
–Ú∫≈£∫ 86 ”√¿˝±‡∫≈£∫ 831
https://boss-api.myutopa.com/eshop/service/app/user/page/config/getPageConfigPic?uid=9e45d56c291b48f6ab5d702e7957ecf5&deviceId=4eddcac1d2c24430afd4f2ae4245d1b7&source=app&deviceType=iPhone_6&appInfo=UTOPA_60900&ver=1.0&osInfo=iOS_12.3.1&appKey=972ec21453264dd6b0f9ca9c732ab6b0&accessToken=NxMGAjKGGvogFqSyDLoCyxsbwOLxwtMKunzQqSzXtczcJFLDhvyggnsBXtGbzMoB&sessionKey=bf9fa2703f9a4f278b2ed1822da83c95&timestamp=1639445705&sign=A6A6683350394DB0909FF5944E4D3AF7
–Ú∫≈£∫ 87 ”√¿˝±‡∫≈£∫ 832
https://boss-api.myutopa.com/eshop/service/app/user/page/config/getPageConfigPic?uid=9e45d56c291b48f6ab5d702e7957ecf5&deviceId=4eddcac1d2c24430afd4f2ae4245d1b7&source=app&deviceType=iPhone_6&appInfo=UTOPA_60900&ver=1.0&osInfo=iOS_12.3.1&appKey=972ec21453264dd6b0f9ca9c732ab6b0&accessToken=NxMGAjKGGvogFqSyDLoCyxsbwOLxwtMKunzQqSzXtczcJFLDhvyggnsBXtGbzMoB&sessionKey=bf9fa2703f9a4f278b2ed1822da83c95&timestamp=1639445705&sign=A6A6683350394DB0909FF5944E4D3AF7
–Ú∫≈£∫ 88 ”√¿˝±‡∫≈£∫ 833
https://boss-api.myutopa.com/eshop/service/app/user/page/config/getPageConfigPic?uid=9e45d56c291b48f6ab5d702e7957ecf5&deviceId=4eddcac1d2c24430afd4f2ae4245d1b7&source=app&deviceType=iPhone_6&appInfo=UTOPA_60900&ver=1.0&osInfo=iOS_12.3.1&appKey=972ec21453264dd6b0f9ca9c732ab6b0&accessToken=NxMGAjKGGvogFqSyDLoCyxsbwOLxwtMKunzQqSzXtczcJFLDhvyggnsBXtGbzMoB&sessionKey=bf9fa2703f9a4f278b2ed1822da83c95&timestamp=1639445705&sign=A6A6683350394DB0909FF5944E4D3AF7
–Ú∫≈£∫ 89 ”√¿˝±‡∫≈£∫ 834
https://boss-api.myutopa.com/eshop/service/app/user/page/config/getPageConfigPic?uid=9e45d56c291b48f6ab5d702e7957ecf5&deviceId=4eddcac1d2c24430afd4f2ae4245d1b7&source=app&deviceType=iPhone_6&appInfo=UTOPA_60900&ver=1.0&osInfo=iOS_12.3.1&appKey=972ec21453264dd6b0f9ca9c732ab6b0&accessToken=NxMGAjKGGvogFqSyDLoCyxsbwOLxwtMKunzQqSzXtczcJFLDhvyggnsBXtGbzMoB&sessionKey=bf9fa2703f9a4f278b2ed1822da83c95&timestamp=1639445705&sign=A6A6683350394DB0909FF5944E4D3AF7
–Ú∫≈£∫ 90 ”√¿˝±‡∫≈£∫ 835
https://boss-api.myutopa.com/eshop/service/app/user/page/config/getPageConfigProduct?appKey=972ec21453264dd6b0f9ca9c732ab6b0&source=app&osInfo=iOS_12.3.1&ver=1.0&deviceType=iPhone_6&appInfo=UTOPA_60900&deviceId=4eddcac1d2c24430afd4f2ae4245d1b7&sessionKey=bf9fa2703f9a4f278b2ed1822da83c95&timestamp=1639445705&sign=7AE127C2241E64415C131E825842ECF8
–Ú∫≈£∫ 91 ”√¿˝±‡∫≈£∫ 836
https://boss-api.myutopa.com/eshop/service/app/user/page/config/getPageConfigPic?uid=9e45d56c291b48f6ab5d702e7957ecf5&deviceId=4eddcac1d2c24430afd4f2ae4245d1b7&source=app&deviceType=iPhone_6&appInfo=UTOPA_60900&ver=1.0&osInfo=iOS_12.3.1&appKey=972ec21453264dd6b0f9ca9c732ab6b0&accessToken=NxMGAjKGGvogFqSyDLoCyxsbwOLxwtMKunzQqSzXtczcJFLDhvyggnsBXtGbzMoB&sessionKey=bf9fa2703f9a4f278b2ed1822da83c95&timestamp=1639445705&sign=A6A6683350394DB0909FF5944E4D3AF7
–Ú∫≈£∫ 92 ”√¿˝±‡∫≈£∫ 837
https://boss-api.myutopa.com/eshop/service/app/user/page/config/getPageConfigPic?uid=9e45d56c291b48f6ab5d702e7957ecf5&deviceId=4eddcac1d2c24430afd4f2ae4245d1b7&source=app&deviceType=iPhone_6&appInfo=UTOPA_60900&ver=1.0&osInfo=iOS_12.3.1&appKey=972ec21453264dd6b0f9ca9c732ab6b0&accessToken=NxMGAjKGGvogFqSyDLoCyxsbwOLxwtMKunzQqSzXtczcJFLDhvyggnsBXtGbzMoB&sessionKey=bf9fa2703f9a4f278b2ed1822da83c95&timestamp=1639445705&sign=A6A6683350394DB0909FF5944E4D3AF7
–Ú∫≈£∫ 93 ”√¿˝±‡∫≈£∫ 838
https://boss-api.myutopa.com/eshop/service/app/user/page/config/getPageConfigProduct?appKey=972ec21453264dd6b0f9ca9c732ab6b0&source=app&osInfo=iOS_12.3.1&ver=1.0&deviceType=iPhone_6&appInfo=UTOPA_60900&deviceId=4eddcac1d2c24430afd4f2ae4245d1b7&sessionKey=bf9fa2703f9a4f278b2ed1822da83c95&timestamp=1639445705&sign=7AE127C2241E64415C131E825842ECF8
–Ú∫≈£∫ 94 ”√¿˝±‡∫≈£∫ 839
https://boss-api.myutopa.com/eshop/service/app/user/page/config/getPageConfigPic?uid=9e45d56c291b48f6ab5d702e7957ecf5&deviceId=4eddcac1d2c24430afd4f2ae4245d1b7&source=app&deviceType=iPhone_6&appInfo=UTOPA_60900&ver=1.0&osInfo=iOS_12.3.1&appKey=972ec21453264dd6b0f9ca9c732ab6b0&accessToken=NxMGAjKGGvogFqSyDLoCyxsbwOLxwtMKunzQqSzXtczcJFLDhvyggnsBXtGbzMoB&sessionKey=bf9fa2703f9a4f278b2ed1822da83c95&timestamp=1639445705&sign=A6A6683350394DB0909FF5944E4D3AF7
–Ú∫≈£∫ 95 ”√¿˝±‡∫≈£∫ 840
https://boss-api.myutopa.com/eshop/service/app/user/page/config/getPageConfigProduct?appKey=972ec21453264dd6b0f9ca9c732ab6b0&source=app&osInfo=iOS_12.3.1&ver=1.0&deviceType=iPhone_6&appInfo=UTOPA_60900&deviceId=4eddcac1d2c24430afd4f2ae4245d1b7&sessionKey=bf9fa2703f9a4f278b2ed1822da83c95&timestamp=1639445705&sign=7AE127C2241E64415C131E825842ECF8
–Ú∫≈£∫ 96 ”√¿˝±‡∫≈£∫ 841
https://boss-api.myutopa.com/eshop/service/app/user/page/config/getPageConfigPic?uid=9e45d56c291b48f6ab5d702e7957ecf5&deviceId=4eddcac1d2c24430afd4f2ae4245d1b7&source=app&deviceType=iPhone_6&appInfo=UTOPA_60900&ver=1.0&osInfo=iOS_12.3.1&appKey=972ec21453264dd6b0f9ca9c732ab6b0&accessToken=NxMGAjKGGvogFqSyDLoCyxsbwOLxwtMKunzQqSzXtczcJFLDhvyggnsBXtGbzMoB&sessionKey=bf9fa2703f9a4f278b2ed1822da83c95&timestamp=1639445705&sign=A6A6683350394DB0909FF5944E4D3AF7
–Ú∫≈£∫ 97 ”√¿˝±‡∫≈£∫ 842
https://boss-api.myutopa.com/eshop/service/app/user/page/config/getPageConfigProduct?appKey=972ec21453264dd6b0f9ca9c732ab6b0&source=app&osInfo=iOS_12.3.1&ver=1.0&deviceType=iPhone_6&appInfo=UTOPA_60900&deviceId=4eddcac1d2c24430afd4f2ae4245d1b7&sessionKey=bf9fa2703f9a4f278b2ed1822da83c95&timestamp=1639445705&sign=7AE127C2241E64415C131E825842ECF8
–Ú∫≈£∫ 98 ”√¿˝±‡∫≈£∫ 843
https://boss-api.myutopa.com/eshop/service/app/user/page/config/getPageConfigPic?uid=9e45d56c291b48f6ab5d702e7957ecf5&deviceId=4eddcac1d2c24430afd4f2ae4245d1b7&source=app&deviceType=iPhone_6&appInfo=UTOPA_60900&ver=1.0&osInfo=iOS_12.3.1&appKey=972ec21453264dd6b0f9ca9c732ab6b0&accessToken=NxMGAjKGGvogFqSyDLoCyxsbwOLxwtMKunzQqSzXtczcJFLDhvyggnsBXtGbzMoB&sessionKey=bf9fa2703f9a4f278b2ed1822da83c95&timestamp=1639445705&sign=A6A6683350394DB0909FF5944E4D3AF7
–Ú∫≈£∫ 99 ”√¿˝±‡∫≈£∫ 844
https://boss-api.myutopa.com/eshop/service/app/user/page/config/getPageConfigProduct?appKey=972ec21453264dd6b0f9ca9c732ab6b0&source=app&osInfo=iOS_12.3.1&ver=1.0&deviceType=iPhone_6&appInfo=UTOPA_60900&deviceId=4eddcac1d2c24430afd4f2ae4245d1b7&sessionKey=bf9fa2703f9a4f278b2ed1822da83c95&timestamp=1639445705&sign=7AE127C2241E64415C131E825842ECF8
–Ú∫≈£∫ 100 ”√¿˝±‡∫≈£∫ 845
https://boss-api.myutopa.com/eshop/service/app/user/page/config/getPageConfigPic?uid=9e45d56c291b48f6ab5d702e7957ecf5&deviceId=4eddcac1d2c24430afd4f2ae4245d1b7&source=app&deviceType=iPhone_6&appInfo=UTOPA_60900&ver=1.0&osInfo=iOS_12.3.1&appKey=972ec21453264dd6b0f9ca9c732ab6b0&accessToken=NxMGAjKGGvogFqSyDLoCyxsbwOLxwtMKunzQqSzXtczcJFLDhvyggnsBXtGbzMoB&sessionKey=bf9fa2703f9a4f278b2ed1822da83c95&timestamp=1639445705&sign=A6A6683350394DB0909FF5944E4D3AF7
–Ú∫≈£∫ 101 ”√¿˝±‡∫≈£∫ 846
https://boss-api.myutopa.com/eshop/service/app/user/page/config/getPageConfigProduct?appKey=972ec21453264dd6b0f9ca9c732ab6b0&source=app&osInfo=iOS_12.3.1&ver=1.0&deviceType=iPhone_6&appInfo=UTOPA_60900&deviceId=4eddcac1d2c24430afd4f2ae4245d1b7&sessionKey=bf9fa2703f9a4f278b2ed1822da83c95&timestamp=1639445705&sign=7AE127C2241E64415C131E825842ECF8
–Ú∫≈£∫ 102 ”√¿˝±‡∫≈£∫ 847
https://boss-api.myutopa.com/eshop/service/app/user/page/config/getPageConfigProduct?appKey=972ec21453264dd6b0f9ca9c732ab6b0&source=app&osInfo=iOS_12.3.1&ver=1.0&deviceType=iPhone_6&appInfo=UTOPA_60900&deviceId=4eddcac1d2c24430afd4f2ae4245d1b7&sessionKey=bf9fa2703f9a4f278b2ed1822da83c95&timestamp=1639445705&sign=7AE127C2241E64415C131E825842ECF8
–Ú∫≈£∫ 103 ”√¿˝±‡∫≈£∫ 848
https://boss-api.myutopa.com/eshop/service/app/user/page/config/findByCode?longitude=113.3335044742544&latitude=23.12660770177364&source=app&bdCityCode=257&code=aa27a06e-d9a7-4b64-be80-5673ca6a3359&appInfo=UTOPA_60900&ver=1.0&deviceType=iPhone_6&deviceId=4eddcac1d2c24430afd4f2ae4245d1b7&osInfo=iOS_12.3.1&appKey=972ec21453264dd6b0f9ca9c732ab6b0&accessToken=NxMGAjKGGvogFqSyDLoCyxsbwOLxwtMKunzQqSzXtczcJFLDhvyggnsBXtGbzMoB&sessionKey=bf9fa2703f9a4f278b2ed1822da83c95&timestamp=1639445705&sign=3F7F8A190FB44E0C7CD7081CB6162F05
–Ú∫≈£∫ 104 ”√¿˝±‡∫≈£∫ 849
https://boss-api.myutopa.com/eshop/service/app/user/page/config/getPageConfigPic?uid=9e45d56c291b48f6ab5d702e7957ecf5&deviceId=4eddcac1d2c24430afd4f2ae4245d1b7&source=app&deviceType=iPhone_6&appInfo=UTOPA_60900&ver=1.0&osInfo=iOS_12.3.1&appKey=972ec21453264dd6b0f9ca9c732ab6b0&accessToken=NxMGAjKGGvogFqSyDLoCyxsbwOLxwtMKunzQqSzXtczcJFLDhvyggnsBXtGbzMoB&sessionKey=bf9fa2703f9a4f278b2ed1822da83c95&timestamp=1639445705&sign=A6A6683350394DB0909FF5944E4D3AF7
–Ú∫≈£∫ 105 ”√¿˝±‡∫≈£∫ 850
https://boss-api.myutopa.com/eshop/service/app/user/page/config/getPageConfigPic?uid=9e45d56c291b48f6ab5d702e7957ecf5&deviceId=4eddcac1d2c24430afd4f2ae4245d1b7&source=app&deviceType=iPhone_6&appInfo=UTOPA_60900&ver=1.0&osInfo=iOS_12.3.1&appKey=972ec21453264dd6b0f9ca9c732ab6b0&accessToken=NxMGAjKGGvogFqSyDLoCyxsbwOLxwtMKunzQqSzXtczcJFLDhvyggnsBXtGbzMoB&sessionKey=bf9fa2703f9a4f278b2ed1822da83c95&timestamp=1639445705&sign=A6A6683350394DB0909FF5944E4D3AF7
–Ú∫≈£∫ 106 ”√¿˝±‡∫≈£∫ 851
https://boss-api.myutopa.com/eshop/service/app/user/page/config/getPageConfigPic?uid=9e45d56c291b48f6ab5d702e7957ecf5&deviceId=4eddcac1d2c24430afd4f2ae4245d1b7&source=app&deviceType=iPhone_6&appInfo=UTOPA_60900&ver=1.0&osInfo=iOS_12.3.1&appKey=972ec21453264dd6b0f9ca9c732ab6b0&accessToken=NxMGAjKGGvogFqSyDLoCyxsbwOLxwtMKunzQqSzXtczcJFLDhvyggnsBXtGbzMoB&sessionKey=bf9fa2703f9a4f278b2ed1822da83c95&timestamp=1639445705&sign=A6A6683350394DB0909FF5944E4D3AF7
–Ú∫≈£∫ 107 ”√¿˝±‡∫≈£∫ 852
https://boss-api.myutopa.com/eshop/service/app/user/page/config/getPageConfigPic?uid=9e45d56c291b48f6ab5d702e7957ecf5&deviceId=4eddcac1d2c24430afd4f2ae4245d1b7&source=app&deviceType=iPhone_6&appInfo=UTOPA_60900&ver=1.0&osInfo=iOS_12.3.1&appKey=972ec21453264dd6b0f9ca9c732ab6b0&accessToken=NxMGAjKGGvogFqSyDLoCyxsbwOLxwtMKunzQqSzXtczcJFLDhvyggnsBXtGbzMoB&sessionKey=bf9fa2703f9a4f278b2ed1822da83c95&timestamp=1639445705&sign=A6A6683350394DB0909FF5944E4D3AF7
–Ú∫≈£∫ 108 ”√¿˝±‡∫≈£∫ 853
https://boss-api.myutopa.com/eshop/service/app/user/page/config/getPageConfigPic?uid=9e45d56c291b48f6ab5d702e7957ecf5&deviceId=4eddcac1d2c24430afd4f2ae4245d1b7&source=app&deviceType=iPhone_6&appInfo=UTOPA_60900&ver=1.0&osInfo=iOS_12.3.1&appKey=972ec21453264dd6b0f9ca9c732ab6b0&accessToken=NxMGAjKGGvogFqSyDLoCyxsbwOLxwtMKunzQqSzXtczcJFLDhvyggnsBXtGbzMoB&sessionKey=bf9fa2703f9a4f278b2ed1822da83c95&timestamp=1639445705&sign=A6A6683350394DB0909FF5944E4D3AF7
–Ú∫≈£∫ 109 ”√¿˝±‡∫≈£∫ 854
https://boss-api.myutopa.com/eshop/service/app/user/page/config/getPageConfigPic?uid=9e45d56c291b48f6ab5d702e7957ecf5&deviceId=4eddcac1d2c24430afd4f2ae4245d1b7&source=app&deviceType=iPhone_6&appInfo=UTOPA_60900&ver=1.0&osInfo=iOS_12.3.1&appKey=972ec21453264dd6b0f9ca9c732ab6b0&accessToken=NxMGAjKGGvogFqSyDLoCyxsbwOLxwtMKunzQqSzXtczcJFLDhvyggnsBXtGbzMoB&sessionKey=bf9fa2703f9a4f278b2ed1822da83c95&timestamp=1639445705&sign=A6A6683350394DB0909FF5944E4D3AF7
–Ú∫≈£∫ 110 ”√¿˝±‡∫≈£∫ 855
https://boss-api.myutopa.com/eshop/service/app/user/page/config/getPageConfigPic?uid=9e45d56c291b48f6ab5d702e7957ecf5&deviceId=4eddcac1d2c24430afd4f2ae4245d1b7&source=app&deviceType=iPhone_6&appInfo=UTOPA_60900&ver=1.0&osInfo=iOS_12.3.1&appKey=972ec21453264dd6b0f9ca9c732ab6b0&accessToken=NxMGAjKGGvogFqSyDLoCyxsbwOLxwtMKunzQqSzXtczcJFLDhvyggnsBXtGbzMoB&sessionKey=bf9fa2703f9a4f278b2ed1822da83c95&timestamp=1639445705&sign=A6A6683350394DB0909FF5944E4D3AF7
–Ú∫≈£∫ 111 ”√¿˝±‡∫≈£∫ 856
https://boss-api.myutopa.com/eshop/service/app/user/page/config/getPageConfigPic?uid=9e45d56c291b48f6ab5d702e7957ecf5&deviceId=4eddcac1d2c24430afd4f2ae4245d1b7&source=app&deviceType=iPhone_6&appInfo=UTOPA_60900&ver=1.0&osInfo=iOS_12.3.1&appKey=972ec21453264dd6b0f9ca9c732ab6b0&accessToken=NxMGAjKGGvogFqSyDLoCyxsbwOLxwtMKunzQqSzXtczcJFLDhvyggnsBXtGbzMoB&sessionKey=bf9fa2703f9a4f278b2ed1822da83c95&timestamp=1639445705&sign=A6A6683350394DB0909FF5944E4D3AF7
–Ú∫≈£∫ 112 ”√¿˝±‡∫≈£∫ 857
https://boss-api.myutopa.com/eshop/service/app/user/page/config/getPageConfigPic?uid=9e45d56c291b48f6ab5d702e7957ecf5&deviceId=4eddcac1d2c24430afd4f2ae4245d1b7&source=app&deviceType=iPhone_6&appInfo=UTOPA_60900&ver=1.0&osInfo=iOS_12.3.1&appKey=972ec21453264dd6b0f9ca9c732ab6b0&accessToken=NxMGAjKGGvogFqSyDLoCyxsbwOLxwtMKunzQqSzXtczcJFLDhvyggnsBXtGbzMoB&sessionKey=bf9fa2703f9a4f278b2ed1822da83c95&timestamp=1639445705&sign=A6A6683350394DB0909FF5944E4D3AF7
–Ú∫≈£∫ 113 ”√¿˝±‡∫≈£∫ 858
https://boss-api.myutopa.com/eshop/service/app/user/page/config/getPageConfigPic?uid=9e45d56c291b48f6ab5d702e7957ecf5&deviceId=4eddcac1d2c24430afd4f2ae4245d1b7&source=app&deviceType=iPhone_6&appInfo=UTOPA_60900&ver=1.0&osInfo=iOS_12.3.1&appKey=972ec21453264dd6b0f9ca9c732ab6b0&accessToken=NxMGAjKGGvogFqSyDLoCyxsbwOLxwtMKunzQqSzXtczcJFLDhvyggnsBXtGbzMoB&sessionKey=bf9fa2703f9a4f278b2ed1822da83c95&timestamp=1639445705&sign=A6A6683350394DB0909FF5944E4D3AF7
–Ú∫≈£∫ 114 ”√¿˝±‡∫≈£∫ 859
https://boss-api.myutopa.com/eshop/service/app/user/page/config/getPageConfigPic?uid=9e45d56c291b48f6ab5d702e7957ecf5&deviceId=4eddcac1d2c24430afd4f2ae4245d1b7&source=app&deviceType=iPhone_6&appInfo=UTOPA_60900&ver=1.0&osInfo=iOS_12.3.1&appKey=972ec21453264dd6b0f9ca9c732ab6b0&accessToken=NxMGAjKGGvogFqSyDLoCyxsbwOLxwtMKunzQqSzXtczcJFLDhvyggnsBXtGbzMoB&sessionKey=bf9fa2703f9a4f278b2ed1822da83c95&timestamp=1639445705&sign=A6A6683350394DB0909FF5944E4D3AF7
–Ú∫≈£∫ 115 ”√¿˝±‡∫≈£∫ 860
https://boss-api.myutopa.com/eshop/service/app/user/page/config/getPageConfigPic?uid=9e45d56c291b48f6ab5d702e7957ecf5&deviceId=4eddcac1d2c24430afd4f2ae4245d1b7&source=app&deviceType=iPhone_6&appInfo=UTOPA_60900&ver=1.0&osInfo=iOS_12.3.1&appKey=972ec21453264dd6b0f9ca9c732ab6b0&accessToken=NxMGAjKGGvogFqSyDLoCyxsbwOLxwtMKunzQqSzXtczcJFLDhvyggnsBXtGbzMoB&sessionKey=bf9fa2703f9a4f278b2ed1822da83c95&timestamp=1639445705&sign=A6A6683350394DB0909FF5944E4D3AF7
–Ú∫≈£∫ 116 ”√¿˝±‡∫≈£∫ 861
https://boss-api.myutopa.com/eshop/service/app/user/page/config/getPageConfigPic?uid=9e45d56c291b48f6ab5d702e7957ecf5&deviceId=4eddcac1d2c24430afd4f2ae4245d1b7&source=app&deviceType=iPhone_6&appInfo=UTOPA_60900&ver=1.0&osInfo=iOS_12.3.1&appKey=972ec21453264dd6b0f9ca9c732ab6b0&accessToken=NxMGAjKGGvogFqSyDLoCyxsbwOLxwtMKunzQqSzXtczcJFLDhvyggnsBXtGbzMoB&sessionKey=bf9fa2703f9a4f278b2ed1822da83c95&timestamp=1639445705&sign=A6A6683350394DB0909FF5944E4D3AF7
–Ú∫≈£∫ 117 ”√¿˝±‡∫≈£∫ 862
https://boss-api.myutopa.com/eshop/service/app/user/page/config/getPageConfigPic?uid=9e45d56c291b48f6ab5d702e7957ecf5&deviceId=4eddcac1d2c24430afd4f2ae4245d1b7&source=app&deviceType=iPhone_6&appInfo=UTOPA_60900&ver=1.0&osInfo=iOS_12.3.1&appKey=972ec21453264dd6b0f9ca9c732ab6b0&accessToken=NxMGAjKGGvogFqSyDLoCyxsbwOLxwtMKunzQqSzXtczcJFLDhvyggnsBXtGbzMoB&sessionKey=bf9fa2703f9a4f278b2ed1822da83c95&timestamp=1639445705&sign=A6A6683350394DB0909FF5944E4D3AF7
–Ú∫≈£∫ 118 ”√¿˝±‡∫≈£∫ 863
https://boss-api.myutopa.com/eshop/service/app/user/page/config/getPageConfigPic?uid=9e45d56c291b48f6ab5d702e7957ecf5&deviceId=4eddcac1d2c24430afd4f2ae4245d1b7&source=app&deviceType=iPhone_6&appInfo=UTOPA_60900&ver=1.0&osInfo=iOS_12.3.1&appKey=972ec21453264dd6b0f9ca9c732ab6b0&accessToken=NxMGAjKGGvogFqSyDLoCyxsbwOLxwtMKunzQqSzXtczcJFLDhvyggnsBXtGbzMoB&sessionKey=bf9fa2703f9a4f278b2ed1822da83c95&timestamp=1639445705&sign=A6A6683350394DB0909FF5944E4D3AF7
–Ú∫≈£∫ 119 ”√¿˝±‡∫≈£∫ 864
https://boss-api.myutopa.com/eshop/service/app/user/page/config/getPageConfigPic?uid=9e45d56c291b48f6ab5d702e7957ecf5&deviceId=4eddcac1d2c24430afd4f2ae4245d1b7&source=app&deviceType=iPhone_6&appInfo=UTOPA_60900&ver=1.0&osInfo=iOS_12.3.1&appKey=972ec21453264dd6b0f9ca9c732ab6b0&accessToken=NxMGAjKGGvogFqSyDLoCyxsbwOLxwtMKunzQqSzXtczcJFLDhvyggnsBXtGbzMoB&sessionKey=bf9fa2703f9a4f278b2ed1822da83c95&timestamp=1639445705&sign=A6A6683350394DB0909FF5944E4D3AF7
–Ú∫≈£∫ 120 ”√¿˝±‡∫≈£∫ 865
https://boss-api.myutopa.com/eshop/service/app/user/page/config/getPageConfigPic?uid=9e45d56c291b48f6ab5d702e7957ecf5&deviceId=4eddcac1d2c24430afd4f2ae4245d1b7&source=app&deviceType=iPhone_6&appInfo=UTOPA_60900&ver=1.0&osInfo=iOS_12.3.1&appKey=972ec21453264dd6b0f9ca9c732ab6b0&accessToken=NxMGAjKGGvogFqSyDLoCyxsbwOLxwtMKunzQqSzXtczcJFLDhvyggnsBXtGbzMoB&sessionKey=bf9fa2703f9a4f278b2ed1822da83c95&timestamp=1639445705&sign=A6A6683350394DB0909FF5944E4D3AF7
–Ú∫≈£∫ 121 ”√¿˝±‡∫≈£∫ 866
https://boss-api.myutopa.com/eshop/service/app/user/page/config/getPageConfigPic?uid=9e45d56c291b48f6ab5d702e7957ecf5&deviceId=4eddcac1d2c24430afd4f2ae4245d1b7&source=app&deviceType=iPhone_6&appInfo=UTOPA_60900&ver=1.0&osInfo=iOS_12.3.1&appKey=972ec21453264dd6b0f9ca9c732ab6b0&accessToken=NxMGAjKGGvogFqSyDLoCyxsbwOLxwtMKunzQqSzXtczcJFLDhvyggnsBXtGbzMoB&sessionKey=bf9fa2703f9a4f278b2ed1822da83c95&timestamp=1639445705&sign=A6A6683350394DB0909FF5944E4D3AF7
–Ú∫≈£∫ 122 ”√¿˝±‡∫≈£∫ 867
https://boss-api.myutopa.com/eshop/service/app/user/page/config/getPageConfigPic?uid=9e45d56c291b48f6ab5d702e7957ecf5&deviceId=4eddcac1d2c24430afd4f2ae4245d1b7&source=app&deviceType=iPhone_6&appInfo=UTOPA_60900&ver=1.0&osInfo=iOS_12.3.1&appKey=972ec21453264dd6b0f9ca9c732ab6b0&accessToken=NxMGAjKGGvogFqSyDLoCyxsbwOLxwtMKunzQqSzXtczcJFLDhvyggnsBXtGbzMoB&sessionKey=bf9fa2703f9a4f278b2ed1822da83c95&timestamp=1639445705&sign=A6A6683350394DB0909FF5944E4D3AF7
–Ú∫≈£∫ 123 ”√¿˝±‡∫≈£∫ 868
https://boss-api.myutopa.com/eshop/service/app/user/page/config/getPageConfigPic?uid=9e45d56c291b48f6ab5d702e7957ecf5&deviceId=4eddcac1d2c24430afd4f2ae4245d1b7&source=app&deviceType=iPhone_6&appInfo=UTOPA_60900&ver=1.0&osInfo=iOS_12.3.1&appKey=972ec21453264dd6b0f9ca9c732ab6b0&accessToken=NxMGAjKGGvogFqSyDLoCyxsbwOLxwtMKunzQqSzXtczcJFLDhvyggnsBXtGbzMoB&sessionKey=bf9fa2703f9a4f278b2ed1822da83c95&timestamp=1639445705&sign=A6A6683350394DB0909FF5944E4D3AF7
–Ú∫≈£∫ 124 ”√¿˝±‡∫≈£∫ 869
https://boss-api.myutopa.com/eshop/service/app/user/page/config/getPageConfigPic?uid=9e45d56c291b48f6ab5d702e7957ecf5&deviceId=4eddcac1d2c24430afd4f2ae4245d1b7&source=app&deviceType=iPhone_6&appInfo=UTOPA_60900&ver=1.0&osInfo=iOS_12.3.1&appKey=972ec21453264dd6b0f9ca9c732ab6b0&accessToken=NxMGAjKGGvogFqSyDLoCyxsbwOLxwtMKunzQqSzXtczcJFLDhvyggnsBXtGbzMoB&sessionKey=bf9fa2703f9a4f278b2ed1822da83c95&timestamp=1639445705&sign=A6A6683350394DB0909FF5944E4D3AF7
–Ú∫≈£∫ 125 ”√¿˝±‡∫≈£∫ 870
https://boss-api.myutopa.com/eshop/service/app/user/page/config/getPageConfigProduct?appKey=972ec21453264dd6b0f9ca9c732ab6b0&source=app&osInfo=iOS_12.3.1&ver=1.0&deviceType=iPhone_6&appInfo=UTOPA_60900&deviceId=4eddcac1d2c24430afd4f2ae4245d1b7&sessionKey=bf9fa2703f9a4f278b2ed1822da83c95&timestamp=1639445705&sign=7AE127C2241E64415C131E825842ECF8
–Ú∫≈£∫ 126 ”√¿˝±‡∫≈£∫ 871
https://boss-api.myutopa.com/eshop/service/app/user/storeProduct/globalProductSearch?uid=9e45d56c291b48f6ab5d702e7957ecf5&deviceId=4eddcac1d2c24430afd4f2ae4245d1b7&source=app&deviceType=iPhone_6&appInfo=UTOPA_60900&ver=1.0&osInfo=iOS_12.3.1&appKey=972ec21453264dd6b0f9ca9c732ab6b0&accessToken=NxMGAjKGGvogFqSyDLoCyxsbwOLxwtMKunzQqSzXtczcJFLDhvyggnsBXtGbzMoB&sessionKey=bf9fa2703f9a4f278b2ed1822da83c95&timestamp=1639445705&sign=A6A6683350394DB0909FF5944E4D3AF7
–Ú∫≈£∫ 127 ”√¿˝±‡∫≈£∫ 872
https://boss-api.myutopa.com/eshop/service/app/user/storeProduct/globalProductSearch?uid=9e45d56c291b48f6ab5d702e7957ecf5&deviceId=4eddcac1d2c24430afd4f2ae4245d1b7&source=app&deviceType=iPhone_6&appInfo=UTOPA_60900&ver=1.0&osInfo=iOS_12.3.1&appKey=972ec21453264dd6b0f9ca9c732ab6b0&accessToken=NxMGAjKGGvogFqSyDLoCyxsbwOLxwtMKunzQqSzXtczcJFLDhvyggnsBXtGbzMoB&sessionKey=bf9fa2703f9a4f278b2ed1822da83c95&timestamp=1639445705&sign=A6A6683350394DB0909FF5944E4D3AF7
–Ú∫≈£∫ 128 ”√¿˝±‡∫≈£∫ 873
https://boss-api.myutopa.com/eshop/service/app/user/storeProduct/globalProductSearch?uid=9e45d56c291b48f6ab5d702e7957ecf5&deviceId=4eddcac1d2c24430afd4f2ae4245d1b7&source=app&deviceType=iPhone_6&appInfo=UTOPA_60900&ver=1.0&osInfo=iOS_12.3.1&appKey=972ec21453264dd6b0f9ca9c732ab6b0&accessToken=NxMGAjKGGvogFqSyDLoCyxsbwOLxwtMKunzQqSzXtczcJFLDhvyggnsBXtGbzMoB&sessionKey=bf9fa2703f9a4f278b2ed1822da83c95&timestamp=1639445705&sign=A6A6683350394DB0909FF5944E4D3AF7
–Ú∫≈£∫ 129 ”√¿˝±‡∫≈£∫ 874
https://boss-api.myutopa.com/eshop/service/app/user/storeProduct/globalProductSearch?uid=9e45d56c291b48f6ab5d702e7957ecf5&deviceId=4eddcac1d2c24430afd4f2ae4245d1b7&source=app&deviceType=iPhone_6&appInfo=UTOPA_60900&ver=1.0&osInfo=iOS_12.3.1&appKey=972ec21453264dd6b0f9ca9c732ab6b0&accessToken=NxMGAjKGGvogFqSyDLoCyxsbwOLxwtMKunzQqSzXtczcJFLDhvyggnsBXtGbzMoB&sessionKey=bf9fa2703f9a4f278b2ed1822da83c95&timestamp=1639445705&sign=A6A6683350394DB0909FF5944E4D3AF7
–Ú∫≈£∫ 130 ”√¿˝±‡∫≈£∫ 875
https://boss-api.myutopa.com/eshop/service/app/user/storeProduct/globalProductSearch?uid=9e45d56c291b48f6ab5d702e7957ecf5&deviceId=4eddcac1d2c24430afd4f2ae4245d1b7&source=app&deviceType=iPhone_6&appInfo=UTOPA_60900&ver=1.0&osInfo=iOS_12.3.1&appKey=972ec21453264dd6b0f9ca9c732ab6b0&accessToken=NxMGAjKGGvogFqSyDLoCyxsbwOLxwtMKunzQqSzXtczcJFLDhvyggnsBXtGbzMoB&sessionKey=bf9fa2703f9a4f278b2ed1822da83c95&timestamp=1639445705&sign=A6A6683350394DB0909FF5944E4D3AF7
–Ú∫≈£∫ 131 ”√¿˝±‡∫≈£∫ 876
https://boss-api.myutopa.com/eshop/service/app/user/storeProduct/globalProductSearch?uid=9e45d56c291b48f6ab5d702e7957ecf5&deviceId=4eddcac1d2c24430afd4f2ae4245d1b7&source=app&deviceType=iPhone_6&appInfo=UTOPA_60900&ver=1.0&osInfo=iOS_12.3.1&appKey=972ec21453264dd6b0f9ca9c732ab6b0&accessToken=NxMGAjKGGvogFqSyDLoCyxsbwOLxwtMKunzQqSzXtczcJFLDhvyggnsBXtGbzMoB&sessionKey=bf9fa2703f9a4f278b2ed1822da83c95&timestamp=1639445705&sign=A6A6683350394DB0909FF5944E4D3AF7
–Ú∫≈£∫ 132 ”√¿˝±‡∫≈£∫ 877
https://boss-api.myutopa.com/eshop/service/app/user/storeProduct/globalProductSearch?uid=9e45d56c291b48f6ab5d702e7957ecf5&deviceId=4eddcac1d2c24430afd4f2ae4245d1b7&source=app&deviceType=iPhone_6&appInfo=UTOPA_60900&ver=1.0&osInfo=iOS_12.3.1&appKey=972ec21453264dd6b0f9ca9c732ab6b0&accessToken=NxMGAjKGGvogFqSyDLoCyxsbwOLxwtMKunzQqSzXtczcJFLDhvyggnsBXtGbzMoB&sessionKey=bf9fa2703f9a4f278b2ed1822da83c95&timestamp=1639445705&sign=A6A6683350394DB0909FF5944E4D3AF7
–Ú∫≈£∫ 133 ”√¿˝±‡∫≈£∫ 878
https://boss-api.myutopa.com/eshop/service/app/user/storeProduct/globalSearchStore?uid=9e45d56c291b48f6ab5d702e7957ecf5&deviceId=4eddcac1d2c24430afd4f2ae4245d1b7&source=app&deviceType=iPhone_6&appInfo=UTOPA_60900&ver=1.0&osInfo=iOS_12.3.1&appKey=972ec21453264dd6b0f9ca9c732ab6b0&accessToken=NxMGAjKGGvogFqSyDLoCyxsbwOLxwtMKunzQqSzXtczcJFLDhvyggnsBXtGbzMoB&sessionKey=bf9fa2703f9a4f278b2ed1822da83c95&timestamp=1639445705&sign=A6A6683350394DB0909FF5944E4D3AF7
–Ú∫≈£∫ 134 ”√¿˝±‡∫≈£∫ 879
https://boss-api.myutopa.com/eshop/service/app/user/category/getForeCategoryTree?uid=9e45d56c291b48f6ab5d702e7957ecf5&deviceId=4eddcac1d2c24430afd4f2ae4245d1b7&source=app&deviceType=iPhone_6&appInfo=UTOPA_60900&ver=1.0&osInfo=iOS_12.3.1&appKey=972ec21453264dd6b0f9ca9c732ab6b0&accessToken=NxMGAjKGGvogFqSyDLoCyxsbwOLxwtMKunzQqSzXtczcJFLDhvyggnsBXtGbzMoB&sessionKey=bf9fa2703f9a4f278b2ed1822da83c95&timestamp=1639445705&sign=A6A6683350394DB0909FF5944E4D3AF7
–Ú∫≈£∫ 135 ”√¿˝±‡∫≈£∫ 880
https://boss-api.myutopa.com/eshop/service/app/user/storeProduct/listProductByForeCategoryId?uid=9e45d56c291b48f6ab5d702e7957ecf5&deviceId=4eddcac1d2c24430afd4f2ae4245d1b7&source=app&deviceType=iPhone_6&appInfo=UTOPA_60900&ver=1.0&osInfo=iOS_12.3.1&appKey=972ec21453264dd6b0f9ca9c732ab6b0&accessToken=NxMGAjKGGvogFqSyDLoCyxsbwOLxwtMKunzQqSzXtczcJFLDhvyggnsBXtGbzMoB&sessionKey=bf9fa2703f9a4f278b2ed1822da83c95&timestamp=1639445705&sign=A6A6683350394DB0909FF5944E4D3AF7
–Ú∫≈£∫ 136 ”√¿˝±‡∫≈£∫ 881
https://boss-api.myutopa.com/eshop/service/app/user/storeProduct/globalProductSearch?uid=9e45d56c291b48f6ab5d702e7957ecf5&deviceId=4eddcac1d2c24430afd4f2ae4245d1b7&source=app&deviceType=iPhone_6&appInfo=UTOPA_60900&ver=1.0&osInfo=iOS_12.3.1&appKey=972ec21453264dd6b0f9ca9c732ab6b0&accessToken=NxMGAjKGGvogFqSyDLoCyxsbwOLxwtMKunzQqSzXtczcJFLDhvyggnsBXtGbzMoB&sessionKey=bf9fa2703f9a4f278b2ed1822da83c95&timestamp=1639445705&sign=A6A6683350394DB0909FF5944E4D3AF7
–Ú∫≈£∫ 137 ”√¿˝±‡∫≈£∫ 882
https://boss-api.myutopa.com/eshop/service/app/user/storeProduct/globalProductSearch?uid=9e45d56c291b48f6ab5d702e7957ecf5&deviceId=4eddcac1d2c24430afd4f2ae4245d1b7&source=app&deviceType=iPhone_6&appInfo=UTOPA_60900&ver=1.0&osInfo=iOS_12.3.1&appKey=972ec21453264dd6b0f9ca9c732ab6b0&accessToken=NxMGAjKGGvogFqSyDLoCyxsbwOLxwtMKunzQqSzXtczcJFLDhvyggnsBXtGbzMoB&sessionKey=bf9fa2703f9a4f278b2ed1822da83c95&timestamp=1639445705&sign=A6A6683350394DB0909FF5944E4D3AF7
–Ú∫≈£∫ 138 ”√¿˝±‡∫≈£∫ 883
https://boss-api.myutopa.com/eshop/service/app/user/storeProduct/globalProductSearch?uid=9e45d56c291b48f6ab5d702e7957ecf5&deviceId=4eddcac1d2c24430afd4f2ae4245d1b7&source=app&deviceType=iPhone_6&appInfo=UTOPA_60900&ver=1.0&osInfo=iOS_12.3.1&appKey=972ec21453264dd6b0f9ca9c732ab6b0&accessToken=NxMGAjKGGvogFqSyDLoCyxsbwOLxwtMKunzQqSzXtczcJFLDhvyggnsBXtGbzMoB&sessionKey=bf9fa2703f9a4f278b2ed1822da83c95&timestamp=1639445705&sign=A6A6683350394DB0909FF5944E4D3AF7
–Ú∫≈£∫ 139 ”√¿˝±‡∫≈£∫ 884
https://boss-api.myutopa.com/eshop/service/app/user/shopCart/myShopCartDetail?uid=9e45d56c291b48f6ab5d702e7957ecf5&deviceId=4eddcac1d2c24430afd4f2ae4245d1b7&source=app&deviceType=iPhone_6&appInfo=UTOPA_60900&ver=1.0&osInfo=iOS_12.3.1&appKey=972ec21453264dd6b0f9ca9c732ab6b0&accessToken=NxMGAjKGGvogFqSyDLoCyxsbwOLxwtMKunzQqSzXtczcJFLDhvyggnsBXtGbzMoB&sessionKey=bf9fa2703f9a4f278b2ed1822da83c95&timestamp=1639445705&sign=A6A6683350394DB0909FF5944E4D3AF7
–Ú∫≈£∫ 140 ”√¿˝±‡∫≈£∫ 885
https://boss-api.myutopa.com/eshop/service/app/user/store/getNearStores?uid=9e45d56c291b48f6ab5d702e7957ecf5&deviceId=4eddcac1d2c24430afd4f2ae4245d1b7&source=app&deviceType=iPhone_6&appInfo=UTOPA_60900&ver=1.0&osInfo=iOS_12.3.1&appKey=972ec21453264dd6b0f9ca9c732ab6b0&accessToken=NxMGAjKGGvogFqSyDLoCyxsbwOLxwtMKunzQqSzXtczcJFLDhvyggnsBXtGbzMoB&sessionKey=bf9fa2703f9a4f278b2ed1822da83c95&timestamp=1639445705&sign=A6A6683350394DB0909FF5944E4D3AF7
–Ú∫≈£∫ 141 ”√¿˝±‡∫≈£∫ 886
https://boss-api.myutopa.com/eshop/service/app/user/store/getNearStores?uid=9e45d56c291b48f6ab5d702e7957ecf5&deviceId=4eddcac1d2c24430afd4f2ae4245d1b7&source=app&deviceType=iPhone_6&appInfo=UTOPA_60900&ver=1.0&osInfo=iOS_12.3.1&appKey=972ec21453264dd6b0f9ca9c732ab6b0&accessToken=NxMGAjKGGvogFqSyDLoCyxsbwOLxwtMKunzQqSzXtczcJFLDhvyggnsBXtGbzMoB&sessionKey=bf9fa2703f9a4f278b2ed1822da83c95&timestamp=1639445705&sign=A6A6683350394DB0909FF5944E4D3AF7
Ω· ¯≈˙¡ø÷¥––:”≈Õ–∞Ó-…˙≤˙ª∑æ≥ ÷¥––’ﬂ: root
ø™ º≈˙¡ø÷¥––:”≈Õ–∞Óµ˜ ‘ ÷¥––’ﬂ: root
÷¥––”√¿˝À≥–Ú: [918, 919]
–Ú∫≈£∫ 1 ”√¿˝±‡∫≈£∫ 918
ø™ º≈˙¡ø÷¥––:”≈Õ–∞Óµ˜ ‘ ÷¥––’ﬂ: root
÷¥––”√¿˝À≥–Ú: [4, 5]
–Ú∫≈£∫ 1 ”√¿˝±‡∫≈£∫ 4
https://api-test.myutopa.com/app.do?method=account.session.gen
ø™ º≈˙¡ø÷¥––:”≈Õ–∞Óµ˜ ‘ ÷¥––’ﬂ: root
÷¥––”√¿˝À≥–Ú: [4, 5]
–Ú∫≈£∫ 1 ”√¿˝±‡∫≈£∫ 4
https://api-test.myutopa.com/app.do?method=account.session.gen
ø™ º≈˙¡ø÷¥––:”≈Õ–∞Óµ˜ ‘ ÷¥––’ﬂ: root
÷¥––”√¿˝À≥–Ú: [4, 5]
–Ú∫≈£∫ 1 ”√¿˝±‡∫≈£∫ 4
https://api-test.myutopa.com/app.do?method=account.session.gen
ø™ º≈˙¡ø÷¥––:”≈Õ–∞Óµ˜ ‘ ÷¥––’ﬂ: root
÷¥––”√¿˝À≥–Ú: [4, 5]
–Ú∫≈£∫ 1 ”√¿˝±‡∫≈£∫ 4
https://api-test.myutopa.com/app.do?method=account.session.gen
ø™ º≈˙¡ø÷¥––:”≈Õ–∞Óµ˜ ‘ ÷¥––’ﬂ: root
÷¥––”√¿˝À≥–Ú: [4, 5]
–Ú∫≈£∫ 1 ”√¿˝±‡∫≈£∫ 4
https://api-test.myutopa.com/app.do?method=account.session.gen
ø™ º≈˙¡ø÷¥––:”≈Õ–∞Óµ˜ ‘ ÷¥––’ﬂ: root
÷¥––”√¿˝À≥–Ú: [4, 5]
–Ú∫≈£∫ 1 ”√¿˝±‡∫≈£∫ 4
https://api-test.myutopa.com/app.do?method=account.session.gen
µ•∏ˆ”√¿˝÷¥––ø™ º: 4 ÷¥––’ﬂ: root
https://api-test.myutopa.com/app.do?method=account.session.gen
µ•∏ˆ”√¿˝÷¥––ø™ º: 10 ÷¥––’ﬂ: root
 https://api-test.myutopa.com/app.do?method=account.session.gen
ø™ º≈˙¡ø÷¥––:”≈Õ–∞Ó-≤‚ ‘ª∑æ≥ ÷¥––’ﬂ: root
÷¥––”√¿˝À≥–Ú: [10, 11, 12]
–Ú∫≈£∫ 1 ”√¿˝±‡∫≈£∫ 10
 https://api-test.myutopa.com/app.do?method=account.session.gen
µ•∏ˆ”√¿˝÷¥––ø™ º: 10 ÷¥––’ﬂ: root
 https://api-test.myutopa.com/app.do?method=account.session.gen
µ•∏ˆ”√¿˝÷¥––ø™ º: 4 ÷¥––’ﬂ: root
https://api-test.myutopa.com/app.do?method=account.session.gen
µ•∏ˆ”√¿˝÷¥––Ω· ¯: 4 ÷¥––’ﬂ: root
ø™ º≈˙¡ø÷¥––:”≈Õ–∞Óµ˜ ‘ ÷¥––’ﬂ: root
÷¥––”√¿˝À≥–Ú: [4, 5]
–Ú∫≈£∫ 1 ”√¿˝±‡∫≈£∫ 4
https://api-test.myutopa.com/app.do?method=account.session.gen
–Ú∫≈£∫ 2 ”√¿˝±‡∫≈£∫ 5
https://api-test.myutopa.com/app.do?appInfo=UTOPA_60607&markId=4eddcac1d2c24430afd4f2ae4245d1b7&deviceType=iPhone 6&method=account.login.doLogin&osInfo=iOS_12.3.1&params={"accessToken":"","account":"13537542785","clientType":1,"deviceId":"4eddcac1d2c24430afd4f2ae4245d1b7","keepAccess":1,"lat":23.126474,"lng":113.333429,"loginType":"2","password":"123456","sysId":1,"uid":""}&ver=1.0&sessionKey=69ad470d6c704c4bae457281791726f6&sign=92b6fd5b82e260545c698edce8eecb12
Ω· ¯≈˙¡ø÷¥––:”≈Õ–∞Óµ˜ ‘ ÷¥––’ﬂ: root
ø™ º≈˙¡ø÷¥––:”≈Õ–∞Óµ˜ ‘ ÷¥––’ﬂ: root
÷¥––”√¿˝À≥–Ú: [4, 5]
–Ú∫≈£∫ 1 ”√¿˝±‡∫≈£∫ 4
https://api-test.myutopa.com/app.do?method=account.session.gen
–Ú∫≈£∫ 2 ”√¿˝±‡∫≈£∫ 5
https://api-test.myutopa.com/app.do?appInfo=UTOPA_60607&markId=4eddcac1d2c24430afd4f2ae4245d1b7&deviceType=iPhone 6&method=account.login.doLogin&osInfo=iOS_12.3.1&params={"accessToken":"","account":"13537542785","clientType":1,"deviceId":"4eddcac1d2c24430afd4f2ae4245d1b7","keepAccess":1,"lat":23.126474,"lng":113.333429,"loginType":"2","password":"123456","sysId":1,"uid":""}&ver=1.0&sessionKey=07afa5a1e9274168bcb2ddb14e045984&sign=b1064e768c87ac2af513d09ede9eb57a
Ω· ¯≈˙¡ø÷¥––:”≈Õ–∞Óµ˜ ‘ ÷¥––’ﬂ: root
ø™ º≈˙¡ø÷¥––:”≈Õ–∞Óµ˜ ‘ ÷¥––’ﬂ: root
÷¥––”√¿˝À≥–Ú: [4, 5]
–Ú∫≈£∫ 1 ”√¿˝±‡∫≈£∫ 4
https://api-test.myutopa.com/app.do?method=account.session.gen
–Ú∫≈£∫ 2 ”√¿˝±‡∫≈£∫ 5
https://api-test.myutopa.com/app.do?appInfo=UTOPA_60607&markId=4eddcac1d2c24430afd4f2ae4245d1b7&deviceType=iPhone 6&method=account.login.doLogin&osInfo=iOS_12.3.1&params={"accessToken":"","account":"13537542785","clientType":1,"deviceId":"4eddcac1d2c24430afd4f2ae4245d1b7","keepAccess":1,"lat":23.126474,"lng":113.333429,"loginType":"2","password":"123456","sysId":1,"uid":""}&ver=1.0&sessionKey=c9c1fc6919a14918949372012930dbb8&sign=b26c69852f2eb0178b4d3e2fe52f0211
”√¿˝±‡∫≈ 5 «ÎºÏ≤ÈURL”Îheaders «∑Ò’˝»∑
Ω· ¯≈˙¡ø÷¥––:”≈Õ–∞Óµ˜ ‘ ÷¥––’ﬂ: root
ø™ º≈˙¡ø÷¥––:”≈Õ–∞Óµ˜ ‘ ÷¥––’ﬂ: root
÷¥––”√¿˝À≥–Ú: [4, 5]
–Ú∫≈£∫ 1 ”√¿˝±‡∫≈£∫ 4
https://api-test.myutopa.com/app.do?method=account.session.gen
–Ú∫≈£∫ 2 ”√¿˝±‡∫≈£∫ 5
https://api-test.myutopa.com/app.do?appInfo=UTOPA_60607&markId=4eddcac1d2c24430afd4f2ae4245d1b7&deviceType=iPhone 6&method=account.login.doLogin&osInfo=iOS_12.3.1&params={"accessToken":"","account":"13537542785","clientType":1,"deviceId":"4eddcac1d2c24430afd4f2ae4245d1b7","keepAccess":1,"lat":23.126474,"lng":113.333429,"loginType":"2","password":"123456","sysId":1,"uid":""}&ver=1.0&sessionKey=d75e341f25f44d808d930b640fcc0b16&sign=0a92c0d6acae23fb65f5e99b3eecbdd5
Ω· ¯≈˙¡ø÷¥––:”≈Õ–∞Óµ˜ ‘ ÷¥––’ﬂ: root
ø™ º≈˙¡ø÷¥––:”≈Õ–∞Óµ˜ ‘ ÷¥––’ﬂ: root
÷¥––”√¿˝À≥–Ú: [4, 5]
–Ú∫≈£∫ 1 ”√¿˝±‡∫≈£∫ 4
https://api-test.myutopa.com/app.do?method=account.session.gen
–Ú∫≈£∫ 2 ”√¿˝±‡∫≈£∫ 5
https://api-test.myutopa.com/app.do?appInfo=UTOPA_60607&markId=4eddcac1d2c24430afd4f2ae4245d1b7&deviceType=iPhone 6&method=account.login.doLogin&osInfo=iOS_12.3.1&params={"accessToken":"","account":"13537542785","clientType":1,"deviceId":"4eddcac1d2c24430afd4f2ae4245d1b7","keepAccess":1,"lat":23.126474,"lng":113.333429,"loginType":"2","password":"123456","sysId":1,"uid":""}&ver=1.0&sessionKey=ccb62835247e414f9a5c565b609dd873&sign=c1f866d5d1c765431dc2e337b4937596
Ω· ¯≈˙¡ø÷¥––:”≈Õ–∞Óµ˜ ‘ ÷¥––’ﬂ: root
ø™ º≈˙¡ø÷¥––:”≈Õ–∞Óµ˜ ‘ ÷¥––’ﬂ: root
÷¥––”√¿˝À≥–Ú: [4, 5]
–Ú∫≈£∫ 1 ”√¿˝±‡∫≈£∫ 4
https://api-test.myutopa.com/app.do?method=account.session.gen
–Ú∫≈£∫ 2 ”√¿˝±‡∫≈£∫ 5
https://api-test.myutopa.com/app.do?appInfo=UTOPA_60607&markId=4eddcac1d2c24430afd4f2ae4245d1b7&deviceType=iPhone 6&method=account.login.doLogin&osInfo=iOS_12.3.1&params={"accessToken":"","account":"13537542785","clientType":1,"deviceId":"4eddcac1d2c24430afd4f2ae4245d1b7","keepAccess":1,"lat":23.126474,"lng":113.333429,"loginType":"2","password":"123456","sysId":1,"uid":""}&ver=1.0&sessionKey=df9a7231f2e342bbbe5990bd61fa2561&sign=676743ccd4d0997b53f68fedbf81c7ca
Ω· ¯≈˙¡ø÷¥––:”≈Õ–∞Óµ˜ ‘ ÷¥––’ﬂ: root
ø™ º≈˙¡ø÷¥––:”≈Õ–∞Óµ˜ ‘ ÷¥––’ﬂ: root
÷¥––”√¿˝À≥–Ú: [4, 5]
–Ú∫≈£∫ 1 ”√¿˝±‡∫≈£∫ 4
https://api-test.myutopa.com/app.do?method=account.session.gen
–Ú∫≈£∫ 2 ”√¿˝±‡∫≈£∫ 5
https://api-test.myutopa.com/app.do?appInfo=UTOPA_60607&markId=4eddcac1d2c24430afd4f2ae4245d1b7&deviceType=iPhone 6&method=account.login.doLogin&osInfo=iOS_12.3.1&params={"accessToken":"","account":"13537542785","clientType":1,"deviceId":"4eddcac1d2c24430afd4f2ae4245d1b7","keepAccess":1,"lat":23.126474,"lng":113.333429,"loginType":"2","password":"123456","sysId":1,"uid":""}&ver=1.0&sessionKey=0707f581f6764f69a83a10d207fa1361&sign=e117f910f784230c26f8b8a2e8d34f4e
Ω· ¯≈˙¡ø÷¥––:”≈Õ–∞Óµ˜ ‘ ÷¥––’ﬂ: root
ø™ º≈˙¡ø÷¥––:”≈Õ–∞Óµ˜ ‘ ÷¥––’ﬂ: root
÷¥––”√¿˝À≥–Ú: [4, 5]
–Ú∫≈£∫ 1 ”√¿˝±‡∫≈£∫ 4
https://api-test.myutopa.com/app.do?method=account.session.gen
–Ú∫≈£∫ 2 ”√¿˝±‡∫≈£∫ 5
https://api-test.myutopa.com/app.do?appInfo=UTOPA_60607&markId=4eddcac1d2c24430afd4f2ae4245d1b7&deviceType=iPhone 6&method=account.login.doLogin&osInfo=iOS_12.3.1&params={"accessToken":"","account":"13537542785","clientType":1,"deviceId":"4eddcac1d2c24430afd4f2ae4245d1b7","keepAccess":1,"lat":23.126474,"lng":113.333429,"loginType":"2","password":"123456","sysId":1,"uid":""}&ver=1.0&sessionKey=14ba4c81da17428d905abe2f6bbb0694&sign=0c734f03bf2f775ae15aca1f1b038c18
Ω· ¯≈˙¡ø÷¥––:”≈Õ–∞Óµ˜ ‘ ÷¥––’ﬂ: root
ø™ º≈˙¡ø÷¥––:”≈Õ–∞Óµ˜ ‘ ÷¥––’ﬂ: root
÷¥––”√¿˝À≥–Ú: [4, 5, 7]
–Ú∫≈£∫ 1 ”√¿˝±‡∫≈£∫ 4
https://api-test.myutopa.com/app.do?method=account.session.gen
–Ú∫≈£∫ 2 ”√¿˝±‡∫≈£∫ 5
https://api-test.myutopa.com/app.do?appInfo=UTOPA_60607&markId=4eddcac1d2c24430afd4f2ae4245d1b7&deviceType=iPhone 6&method=account.login.doLogin&osInfo=iOS_12.3.1&params={"accessToken":"","account":"13537542785","clientType":1,"deviceId":"4eddcac1d2c24430afd4f2ae4245d1b7","keepAccess":1,"lat":23.126474,"lng":113.333429,"loginType":"2","password":"123456","sysId":1,"uid":""}&ver=1.0&sessionKey=51ad90eaab574b138d63f13c6e8231a7&sign=11233a1b8445812a1a309c02e94b8971
–Ú∫≈£∫ 3 ”√¿˝±‡∫≈£∫ 7
https://boss-api-test.myutopa.com/eshop/core/account/session/genSession?appKey=r53dc6d2b365d41c4jdssf853295da3ff5
Ω· ¯≈˙¡ø÷¥––:”≈Õ–∞Óµ˜ ‘ ÷¥––’ﬂ: root
ø™ º≈˙¡ø÷¥––:”≈Õ–∞Óµ˜ ‘ ÷¥––’ﬂ: root
÷¥––”√¿˝À≥–Ú: [4, 5, 7]
–Ú∫≈£∫ 1 ”√¿˝±‡∫≈£∫ 4
https://api-test.myutopa.com/app.do?method=account.session.gen
–Ú∫≈£∫ 2 ”√¿˝±‡∫≈£∫ 5
https://api-test.myutopa.com/app.do?appInfo=UTOPA_60607&markId=4eddcac1d2c24430afd4f2ae4245d1b7&deviceType=iPhone 6&method=account.login.doLogin&osInfo=iOS_12.3.1&params={"accessToken":"","account":"13537542785","clientType":1,"deviceId":"4eddcac1d2c24430afd4f2ae4245d1b7","keepAccess":1,"lat":23.126474,"lng":113.333429,"loginType":"2","password":"123456","sysId":1,"uid":""}&ver=1.0&sessionKey=42dcdd764e3f45b0bf4b5bf6490a74d2&sign=6abfe0ef3fe476de9d882033768f8b58
–Ú∫≈£∫ 3 ”√¿˝±‡∫≈£∫ 7
https://boss-api-test.myutopa.com/eshop/core/account/session/genSession?appKey=r53dc6d2b365d41c4jdssf853295da3ff5
Ω· ¯≈˙¡ø÷¥––:”≈Õ–∞Óµ˜ ‘ ÷¥––’ﬂ: root
ø™ º≈˙¡ø÷¥––:”≈Õ–∞Óµ˜ ‘ ÷¥––’ﬂ: root
÷¥––”√¿˝À≥–Ú: [4, 5, 7, 8, 9, 157, 887, 903, 902, 918, 919]
–Ú∫≈£∫ 1 ”√¿˝±‡∫≈£∫ 4
https://api-test.myutopa.com/app.do?method=account.session.gen
–Ú∫≈£∫ 2 ”√¿˝±‡∫≈£∫ 5
https://api-test.myutopa.com/app.do?appInfo=UTOPA_60607&markId=4eddcac1d2c24430afd4f2ae4245d1b7&deviceType=iPhone 6&method=account.login.doLogin&osInfo=iOS_12.3.1&params={"accessToken":"","account":"13537542785","clientType":1,"deviceId":"4eddcac1d2c24430afd4f2ae4245d1b7","keepAccess":1,"lat":23.126474,"lng":113.333429,"loginType":"2","password":"123456","sysId":1,"uid":""}&ver=1.0&sessionKey=fce8587ae08b46edac8a3013d52cccfb&sign=0b96a30300957b4526e887ff8a26fb14
–Ú∫≈£∫ 3 ”√¿˝±‡∫≈£∫ 7
https://boss-api-test.myutopa.com/eshop/core/account/session/genSession?appKey=r53dc6d2b365d41c4jdssf853295da3ff5
–Ú∫≈£∫ 4 ”√¿˝±‡∫≈£∫ 8
https://boss-api-test.myutopa.com/eshop/service/app/user/product/getProductSkuApp?uid=1315adb1008f4cff91fedb85421517a7&source=app&deviceType=iPhone_6&appInfo=UTOPA_60707&ver=1.0&osInfo=iOS_12.3.1&appKey=e42ee29bdbba499aa08930e9bcc2343d&accessToken=wDYPYPQgNownKWZsBUBogscUpFhjCHCvwTkARENmJlnnYGhzuKXsyIXIbOFKLFPX&sessionKey=9d8aa2bf7f624010afd5db18c36c601b&timestamp=1639465159&sign=6DAFA5703B44A162C2930426ECAD4C8A
–Ú∫≈£∫ 5 ”√¿˝±‡∫≈£∫ 9
https://boss-api-test.myutopa.com/eshop/service/app/user/productOrder/confirmOrder?uid=1315adb1008f4cff91fedb85421517a7&deviceId=4eddcac1d2c24430afd4f2ae4245d1b7&source=app&deviceType=iPhone_6&appInfo=UTOPA_60707&ver=1.0&osInfo=iOS_12.3.1&appKey=e42ee29bdbba499aa08930e9bcc2343d&accessToken=wDYPYPQgNownKWZsBUBogscUpFhjCHCvwTkARENmJlnnYGhzuKXsyIXIbOFKLFPX&sessionKey=9d8aa2bf7f624010afd5db18c36c601b&timestamp=1639465159&sign=019F6DAA07D218C1F5C277AA2C9929DE
–Ú∫≈£∫ 6 ”√¿˝±‡∫≈£∫ 157
https://api-test.myutopa.com/app.do?appInfo=UTOPA_60707&deviceType=iPhone 6&markId=4eddcac1d2c24430afd4f2ae4245d1b7&method=eshop.useraction.getIndexUserDate&osInfo=iOS_12.3.1&params={"accessToken":"wDYPYPQgNownKWZsBUBogscUpFhjCHCvwTkARENmJlnnYGhzuKXsyIXIbOFKLFPX","clientType":1,"sysId":1,"uid":"c302366269bc44f3a6003ae7e2d6c662"}&ver=1.0&sessionKey=fce8587ae08b46edac8a3013d52cccfb&sign=b347e7463be86e319b9a038a9e636eed
–Ú∫≈£∫ 7 ”√¿˝±‡∫≈£∫ 887
https://boss-api-test.myutopa.com/eshop/service/app/user/product/getProductSkuApp?uid=8036e0cf69e24dd18b2812630a85e9dd&deviceId=c03fd82ed4cd4fed8ae7a78e02528052&source=app&deviceType=iPhone_XS_Max&appInfo=UTOPA_60908&ver=1.0&osInfo=iOS_15.0&appKey=e42ee29bdbba499aa08930e9bcc2343d&accessToken=wDYPYPQgNownKWZsBUBogscUpFhjCHCvwTkARENmJlnnYGhzuKXsyIXIbOFKLFPX&sessionKey=9d8aa2bf7f624010afd5db18c36c601b&timestamp=1639465159&sign=F147F6339AE90E26CF7FD6D843803D3E
–Ú∫≈£∫ 8 ”√¿˝±‡∫≈£∫ 903
https://boss-api-test.myutopa.com/eshop/service/app/user/productOrder/commitOrder?uid=c302366269bc44f3a6003ae7e2d6c662&deviceId=4eddcac1d2c24430afd4f2ae4245d1b7&source=app&deviceType=iPhone_6&appInfo=UTOPA_60707&ver=1.0&osInfo=iOS_12.3.1&appKey=e42ee29bdbba499aa08930e9bcc2343d&accessToken=wDYPYPQgNownKWZsBUBogscUpFhjCHCvwTkARENmJlnnYGhzuKXsyIXIbOFKLFPX&sessionKey=9d8aa2bf7f624010afd5db18c36c601b&timestamp=1639465159&sign=E7F81C41F530269081A5EF7B1555EE55
–Ú∫≈£∫ 9 ”√¿˝±‡∫≈£∫ 902
https://boss-api-test.myutopa.com/eshop/service/app/user/productOrderDetail/cancelOrderDetail?uid=c302366269bc44f3a6003ae7e2d6c662&deviceId=4eddcac1d2c24430afd4f2ae4245d1b7&source=app&deviceType=iPhone_6&appInfo=UTOPA_60707&ver=1.0&osInfo=iOS_12.3.1&appKey=e42ee29bdbba499aa08930e9bcc2343d&accessToken=wDYPYPQgNownKWZsBUBogscUpFhjCHCvwTkARENmJlnnYGhzuKXsyIXIbOFKLFPX&sessionKey=9d8aa2bf7f624010afd5db18c36c601b&timestamp=1639465159&sign=E7F81C41F530269081A5EF7B1555EE55
–Ú∫≈£∫ 10 ”√¿˝±‡∫≈£∫ 918
ªÒ»°sessionSecret ß∞‹
https://boss-api-test.myutopa.comŒ¬»»&sessionKey=9d8aa2bf7f624010afd5db18c36c601b&timestamp=1639465159
”√¿˝±‡∫≈ 918 «ÎºÏ≤ÈURL”Îheaders «∑Ò’˝»∑
–Ú∫≈£∫ 11 ”√¿˝±‡∫≈£∫ 919
“¿¿µµƒ”√¿˝≤ª¥Ê‘⁄
ªÒ»°sessionSecret ß∞‹
https://boss-api-test.myutopa.com354&sessionKey=9d8aa2bf7f624010afd5db18c36c601b&timestamp=1639465159
”√¿˝±‡∫≈ 919 «ÎºÏ≤ÈURL”Îheaders «∑Ò’˝»∑
Ω· ¯≈˙¡ø÷¥––:”≈Õ–∞Óµ˜ ‘ ÷¥––’ﬂ: root
ø™ º≈˙¡ø÷¥––:”≈Õ–∞Óµ˜ ‘ ÷¥––’ﬂ: root
÷¥––”√¿˝À≥–Ú: [4, 5, 7, 8, 9, 157, 887, 903, 902, 918, 919]
–Ú∫≈£∫ 1 ”√¿˝±‡∫≈£∫ 4
https://api-test.myutopa.com/app.do?method=account.session.gen
–Ú∫≈£∫ 2 ”√¿˝±‡∫≈£∫ 5
https://api-test.myutopa.com/app.do?appInfo=UTOPA_60607&markId=4eddcac1d2c24430afd4f2ae4245d1b7&deviceType=iPhone 6&method=account.login.doLogin&osInfo=iOS_12.3.1&params={"accessToken":"","account":"13537542785","clientType":1,"deviceId":"4eddcac1d2c24430afd4f2ae4245d1b7","keepAccess":1,"lat":23.126474,"lng":113.333429,"loginType":"2","password":"123456","sysId":1,"uid":""}&ver=1.0&sessionKey=7b8bd9200a814fa79b1e439c910fc166&sign=b997068706040c1dc296e027b2961f01
–Ú∫≈£∫ 3 ”√¿˝±‡∫≈£∫ 7
https://boss-api-test.myutopa.com/eshop/core/account/session/genSession?appKey=r53dc6d2b365d41c4jdssf853295da3ff5
–Ú∫≈£∫ 4 ”√¿˝±‡∫≈£∫ 8
https://boss-api-test.myutopa.com/eshop/service/app/user/product/getProductSkuApp?uid=1315adb1008f4cff91fedb85421517a7&source=app&deviceType=iPhone_6&appInfo=UTOPA_60707&ver=1.0&osInfo=iOS_12.3.1&appKey=e42ee29bdbba499aa08930e9bcc2343d&accessToken=wsHzIYqtiIUCWfXBdtYbvAyQReMVKKjEaIhxHYFvUacIaKLOlBHpiUGZXbYYTlQQ&sessionKey=28699870045544f192b98e0fc3cd0f9b&timestamp=1639465185&sign=FF36CCE91466E8C242ED7BA14B71AC31
–Ú∫≈£∫ 5 ”√¿˝±‡∫≈£∫ 9
https://boss-api-test.myutopa.com/eshop/service/app/user/productOrder/confirmOrder?uid=1315adb1008f4cff91fedb85421517a7&deviceId=4eddcac1d2c24430afd4f2ae4245d1b7&source=app&deviceType=iPhone_6&appInfo=UTOPA_60707&ver=1.0&osInfo=iOS_12.3.1&appKey=e42ee29bdbba499aa08930e9bcc2343d&accessToken=wsHzIYqtiIUCWfXBdtYbvAyQReMVKKjEaIhxHYFvUacIaKLOlBHpiUGZXbYYTlQQ&sessionKey=28699870045544f192b98e0fc3cd0f9b&timestamp=1639465185&sign=4C5BBB2843B35A42526796576A3C7661
–Ú∫≈£∫ 6 ”√¿˝±‡∫≈£∫ 157
https://api-test.myutopa.com/app.do?appInfo=UTOPA_60707&deviceType=iPhone 6&markId=4eddcac1d2c24430afd4f2ae4245d1b7&method=eshop.useraction.getIndexUserDate&osInfo=iOS_12.3.1&params={"accessToken":"wsHzIYqtiIUCWfXBdtYbvAyQReMVKKjEaIhxHYFvUacIaKLOlBHpiUGZXbYYTlQQ","clientType":1,"sysId":1,"uid":"c302366269bc44f3a6003ae7e2d6c662"}&ver=1.0&sessionKey=7b8bd9200a814fa79b1e439c910fc166&sign=0793c58080e3572e5b4e021e661f294c
–Ú∫≈£∫ 7 ”√¿˝±‡∫≈£∫ 887
https://boss-api-test.myutopa.com/eshop/service/app/user/product/getProductSkuApp?uid=8036e0cf69e24dd18b2812630a85e9dd&deviceId=c03fd82ed4cd4fed8ae7a78e02528052&source=app&deviceType=iPhone_XS_Max&appInfo=UTOPA_60908&ver=1.0&osInfo=iOS_15.0&appKey=e42ee29bdbba499aa08930e9bcc2343d&accessToken=wsHzIYqtiIUCWfXBdtYbvAyQReMVKKjEaIhxHYFvUacIaKLOlBHpiUGZXbYYTlQQ&sessionKey=28699870045544f192b98e0fc3cd0f9b&timestamp=1639465185&sign=479E20CFC32DB9AFB867F922E4551251
–Ú∫≈£∫ 8 ”√¿˝±‡∫≈£∫ 903
https://boss-api-test.myutopa.com/eshop/service/app/user/productOrder/commitOrder?uid=c302366269bc44f3a6003ae7e2d6c662&deviceId=4eddcac1d2c24430afd4f2ae4245d1b7&source=app&deviceType=iPhone_6&appInfo=UTOPA_60707&ver=1.0&osInfo=iOS_12.3.1&appKey=e42ee29bdbba499aa08930e9bcc2343d&accessToken=wsHzIYqtiIUCWfXBdtYbvAyQReMVKKjEaIhxHYFvUacIaKLOlBHpiUGZXbYYTlQQ&sessionKey=28699870045544f192b98e0fc3cd0f9b&timestamp=1639465185&sign=E5AB4748084EE14F22665A77EDA8D307
–Ú∫≈£∫ 9 ”√¿˝±‡∫≈£∫ 902
https://boss-api-test.myutopa.com/eshop/service/app/user/productOrderDetail/cancelOrderDetail?uid=c302366269bc44f3a6003ae7e2d6c662&deviceId=4eddcac1d2c24430afd4f2ae4245d1b7&source=app&deviceType=iPhone_6&appInfo=UTOPA_60707&ver=1.0&osInfo=iOS_12.3.1&appKey=e42ee29bdbba499aa08930e9bcc2343d&accessToken=wsHzIYqtiIUCWfXBdtYbvAyQReMVKKjEaIhxHYFvUacIaKLOlBHpiUGZXbYYTlQQ&sessionKey=28699870045544f192b98e0fc3cd0f9b&timestamp=1639465185&sign=E5AB4748084EE14F22665A77EDA8D307
–Ú∫≈£∫ 10 ”√¿˝±‡∫≈£∫ 918
ªÒ»°sessionSecret ß∞‹
https://boss-api-test.myutopa.comŒ¬»»&sessionKey=28699870045544f192b98e0fc3cd0f9b&timestamp=1639465185
”√¿˝±‡∫≈ 918 «ÎºÏ≤ÈURL”Îheaders «∑Ò’˝»∑
–Ú∫≈£∫ 11 ”√¿˝±‡∫≈£∫ 919
“¿¿µµƒ”√¿˝≤ª¥Ê‘⁄
ªÒ»°sessionSecret ß∞‹
https://boss-api-test.myutopa.com354&sessionKey=28699870045544f192b98e0fc3cd0f9b&timestamp=1639465185
”√¿˝±‡∫≈ 919 «ÎºÏ≤ÈURL”Îheaders «∑Ò’˝»∑
Ω· ¯≈˙¡ø÷¥––:”≈Õ–∞Óµ˜ ‘ ÷¥––’ﬂ: root
