ø™ º≈˙¡ø÷¥––:”≈Õ–∞Ó-≤‚ ‘ª∑æ≥ ÷¥––’ﬂ: root
÷¥––”√¿˝À≥–Ú: [10, 11, 12, 436, 437, 438, 439, 440, 441, 442, 443, 444, 445, 446, 447, 448, 449, 450, 451, 452, 453, 454, 455, 456, 457, 458, 459, 460, 461, 462, 463, 464, 465, 466, 467, 468, 469, 470, 471, 472, 473, 474, 475, 476, 477, 478, 479, 480, 481, 482, 483, 484, 485, 486, 487, 488, 489, 490, 491, 492, 493, 494, 495, 496, 497, 498, 499, 500, 501, 502, 503, 504, 505, 506]
–Ú∫≈£∫ 1 ”√¿˝±‡∫≈£∫ 10
 https://api-test.myutopa.com/app.do?method=account.session.gen
–Ú∫≈£∫ 2 ”√¿˝±‡∫≈£∫ 11
 https://api-test.myutopa.com/app.do?appInfo=UTOPA_60607&markId=4eddcac1d2c24430afd4f2ae4245d1b7&deviceType=iPhone 6&method=account.login.doLogin&osInfo=iOS_12.3.1&params={"accessToken":"","account":"19800000003","clientType":1,"deviceId":"4eddcac1d2c24430afd4f2ae4245d1b7","keepAccess":1,"lat":23.126474,"lng":113.333429,"loginType":"2","password":"123456","sysId":1,"uid":""}&ver=1.0&sessionKey=28beb32d6d4d4060bdcd3553945910dd&sign=ba8afccefba6092e43b98056e5b543c7
–Ú∫≈£∫ 3 ”√¿˝±‡∫≈£∫ 12
 https://boss-api-test.myutopa.com/eshop/core/account/session/genSession?appKey=r53dc6d2b365d41c4jdssf853295da3ff5
–Ú∫≈£∫ 4 ”√¿˝±‡∫≈£∫ 436
 https://boss-api-test.myutopa.com/eshop/service/app/user/productOrder/confirmOrder?uid=c302366269bc44f3a6003ae7e2d6c662&deviceId=4eddcac1d2c24430afd4f2ae4245d1b7&source=app&deviceType=iPhone_6&appInfo=UTOPA_60707&ver=1.0&osInfo=iOS_12.3.1&appKey=e42ee29bdbba499aa08930e9bcc2343d&accessToken=qumHBqmSMubzVToSlVAVHzpqMVRjIOaQLBPtceXhYMyNjSlznREbSRFcatrLkNew&sessionKey=25c35febbd474093a2032a53bd095536&timestamp=1634549196&sign=CE6A4B5754A4ADF4B48554D258ABC1F6
–Ú∫≈£∫ 5 ”√¿˝±‡∫≈£∫ 437
 https://boss-api-test.myutopa.com/eshop/service/app/user/productOrder/confirmOrder?uid=c302366269bc44f3a6003ae7e2d6c662&deviceId=4eddcac1d2c24430afd4f2ae4245d1b7&source=app&deviceType=iPhone_6&appInfo=UTOPA_60707&ver=1.0&osInfo=iOS_12.3.1&appKey=e42ee29bdbba499aa08930e9bcc2343d&accessToken=qumHBqmSMubzVToSlVAVHzpqMVRjIOaQLBPtceXhYMyNjSlznREbSRFcatrLkNew&sessionKey=25c35febbd474093a2032a53bd095536&timestamp=1634549196&sign=CE6A4B5754A4ADF4B48554D258ABC1F6
–Ú∫≈£∫ 6 ”√¿˝±‡∫≈£∫ 438
 https://boss-api-test.myutopa.com/eshop/service/app/user/productOrder/confirmOrder?uid=c302366269bc44f3a6003ae7e2d6c662&deviceId=4eddcac1d2c24430afd4f2ae4245d1b7&source=app&deviceType=iPhone_6&appInfo=UTOPA_60707&ver=1.0&osInfo=iOS_12.3.1&appKey=e42ee29bdbba499aa08930e9bcc2343d&accessToken=qumHBqmSMubzVToSlVAVHzpqMVRjIOaQLBPtceXhYMyNjSlznREbSRFcatrLkNew&sessionKey=25c35febbd474093a2032a53bd095536&timestamp=1634549196&sign=CE6A4B5754A4ADF4B48554D258ABC1F6
–Ú∫≈£∫ 7 ”√¿˝±‡∫≈£∫ 439
 https://boss-api-test.myutopa.com/eshop/service/app/user/productOrder/confirmOrder?uid=c302366269bc44f3a6003ae7e2d6c662&deviceId=4eddcac1d2c24430afd4f2ae4245d1b7&source=app&deviceType=iPhone_6&appInfo=UTOPA_60707&ver=1.0&osInfo=iOS_12.3.1&appKey=e42ee29bdbba499aa08930e9bcc2343d&accessToken=qumHBqmSMubzVToSlVAVHzpqMVRjIOaQLBPtceXhYMyNjSlznREbSRFcatrLkNew&sessionKey=25c35febbd474093a2032a53bd095536&timestamp=1634549196&sign=CE6A4B5754A4ADF4B48554D258ABC1F6
–Ú∫≈£∫ 8 ”√¿˝±‡∫≈£∫ 440
 https://boss-api-test.myutopa.com/eshop/service/app/user/productOrder/confirmOrder?uid=c302366269bc44f3a6003ae7e2d6c662&deviceId=4eddcac1d2c24430afd4f2ae4245d1b7&source=app&deviceType=iPhone_6&appInfo=UTOPA_60707&ver=1.0&osInfo=iOS_12.3.1&appKey=e42ee29bdbba499aa08930e9bcc2343d&accessToken=qumHBqmSMubzVToSlVAVHzpqMVRjIOaQLBPtceXhYMyNjSlznREbSRFcatrLkNew&sessionKey=25c35febbd474093a2032a53bd095536&timestamp=1634549196&sign=CE6A4B5754A4ADF4B48554D258ABC1F6
–Ú∫≈£∫ 9 ”√¿˝±‡∫≈£∫ 441
 https://boss-api-test.myutopa.com/eshop/service/app/user/productOrder/confirmOrder?uid=c302366269bc44f3a6003ae7e2d6c662&deviceId=4eddcac1d2c24430afd4f2ae4245d1b7&source=app&deviceType=iPhone_6&appInfo=UTOPA_60707&ver=1.0&osInfo=iOS_12.3.1&appKey=e42ee29bdbba499aa08930e9bcc2343d&accessToken=qumHBqmSMubzVToSlVAVHzpqMVRjIOaQLBPtceXhYMyNjSlznREbSRFcatrLkNew&sessionKey=25c35febbd474093a2032a53bd095536&timestamp=1634549196&sign=CE6A4B5754A4ADF4B48554D258ABC1F6
–Ú∫≈£∫ 10 ”√¿˝±‡∫≈£∫ 442
 https://boss-api-test.myutopa.com/eshop/service/app/user/productOrder/confirmOrder?uid=c302366269bc44f3a6003ae7e2d6c662&deviceId=4eddcac1d2c24430afd4f2ae4245d1b7&source=app&deviceType=iPhone_6&appInfo=UTOPA_60707&ver=1.0&osInfo=iOS_12.3.1&appKey=e42ee29bdbba499aa08930e9bcc2343d&accessToken=qumHBqmSMubzVToSlVAVHzpqMVRjIOaQLBPtceXhYMyNjSlznREbSRFcatrLkNew&sessionKey=25c35febbd474093a2032a53bd095536&timestamp=1634549196&sign=CE6A4B5754A4ADF4B48554D258ABC1F6
–Ú∫≈£∫ 11 ”√¿˝±‡∫≈£∫ 443
 https://boss-api-test.myutopa.com/eshop/service/app/user/productOrder/confirmOrder?uid=c302366269bc44f3a6003ae7e2d6c662&deviceId=4eddcac1d2c24430afd4f2ae4245d1b7&source=app&deviceType=iPhone_6&appInfo=UTOPA_60707&ver=1.0&osInfo=iOS_12.3.1&appKey=e42ee29bdbba499aa08930e9bcc2343d&accessToken=qumHBqmSMubzVToSlVAVHzpqMVRjIOaQLBPtceXhYMyNjSlznREbSRFcatrLkNew&sessionKey=25c35febbd474093a2032a53bd095536&timestamp=1634549196&sign=CE6A4B5754A4ADF4B48554D258ABC1F6
–Ú∫≈£∫ 12 ”√¿˝±‡∫≈£∫ 444
 https://boss-api-test.myutopa.com/eshop/service/app/user/productOrder/confirmOrder?uid=c302366269bc44f3a6003ae7e2d6c662&deviceId=4eddcac1d2c24430afd4f2ae4245d1b7&source=app&deviceType=iPhone_6&appInfo=UTOPA_60707&ver=1.0&osInfo=iOS_12.3.1&appKey=e42ee29bdbba499aa08930e9bcc2343d&accessToken=qumHBqmSMubzVToSlVAVHzpqMVRjIOaQLBPtceXhYMyNjSlznREbSRFcatrLkNew&sessionKey=25c35febbd474093a2032a53bd095536&timestamp=1634549196&sign=CE6A4B5754A4ADF4B48554D258ABC1F6
–Ú∫≈£∫ 13 ”√¿˝±‡∫≈£∫ 445
 https://boss-api-test.myutopa.com/eshop/service/app/user/productOrder/confirmOrder?uid=c302366269bc44f3a6003ae7e2d6c662&deviceId=4eddcac1d2c24430afd4f2ae4245d1b7&source=app&deviceType=iPhone_6&appInfo=UTOPA_60707&ver=1.0&osInfo=iOS_12.3.1&appKey=e42ee29bdbba499aa08930e9bcc2343d&accessToken=qumHBqmSMubzVToSlVAVHzpqMVRjIOaQLBPtceXhYMyNjSlznREbSRFcatrLkNew&sessionKey=25c35febbd474093a2032a53bd095536&timestamp=1634549196&sign=CE6A4B5754A4ADF4B48554D258ABC1F6
–Ú∫≈£∫ 14 ”√¿˝±‡∫≈£∫ 446
 https://boss-api-test.myutopa.com/eshop/service/app/user/productOrder/confirmOrder?uid=c302366269bc44f3a6003ae7e2d6c662&deviceId=4eddcac1d2c24430afd4f2ae4245d1b7&source=app&deviceType=iPhone_6&appInfo=UTOPA_60707&ver=1.0&osInfo=iOS_12.3.1&appKey=e42ee29bdbba499aa08930e9bcc2343d&accessToken=qumHBqmSMubzVToSlVAVHzpqMVRjIOaQLBPtceXhYMyNjSlznREbSRFcatrLkNew&sessionKey=25c35febbd474093a2032a53bd095536&timestamp=1634549196&sign=CE6A4B5754A4ADF4B48554D258ABC1F6
–Ú∫≈£∫ 15 ”√¿˝±‡∫≈£∫ 447
 https://boss-api-test.myutopa.com/eshop/service/app/user/productOrder/confirmOrder?uid=c302366269bc44f3a6003ae7e2d6c662&deviceId=4eddcac1d2c24430afd4f2ae4245d1b7&source=app&deviceType=iPhone_6&appInfo=UTOPA_60707&ver=1.0&osInfo=iOS_12.3.1&appKey=e42ee29bdbba499aa08930e9bcc2343d&accessToken=qumHBqmSMubzVToSlVAVHzpqMVRjIOaQLBPtceXhYMyNjSlznREbSRFcatrLkNew&sessionKey=25c35febbd474093a2032a53bd095536&timestamp=1634549196&sign=CE6A4B5754A4ADF4B48554D258ABC1F6
–Ú∫≈£∫ 16 ”√¿˝±‡∫≈£∫ 448
 https://boss-api-test.myutopa.com/eshop/service/app/user/productOrder/confirmOrder?uid=c302366269bc44f3a6003ae7e2d6c662&deviceId=4eddcac1d2c24430afd4f2ae4245d1b7&source=app&deviceType=iPhone_6&appInfo=UTOPA_60707&ver=1.0&osInfo=iOS_12.3.1&appKey=e42ee29bdbba499aa08930e9bcc2343d&accessToken=qumHBqmSMubzVToSlVAVHzpqMVRjIOaQLBPtceXhYMyNjSlznREbSRFcatrLkNew&sessionKey=25c35febbd474093a2032a53bd095536&timestamp=1634549196&sign=CE6A4B5754A4ADF4B48554D258ABC1F6
–Ú∫≈£∫ 17 ”√¿˝±‡∫≈£∫ 449
 https://boss-api-test.myutopa.com/eshop/service/app/user/productOrder/confirmOrder?uid=c302366269bc44f3a6003ae7e2d6c662&deviceId=4eddcac1d2c24430afd4f2ae4245d1b7&source=app&deviceType=iPhone_6&appInfo=UTOPA_60707&ver=1.0&osInfo=iOS_12.3.1&appKey=e42ee29bdbba499aa08930e9bcc2343d&accessToken=qumHBqmSMubzVToSlVAVHzpqMVRjIOaQLBPtceXhYMyNjSlznREbSRFcatrLkNew&sessionKey=25c35febbd474093a2032a53bd095536&timestamp=1634549196&sign=CE6A4B5754A4ADF4B48554D258ABC1F6
–Ú∫≈£∫ 18 ”√¿˝±‡∫≈£∫ 450
 https://boss-api-test.myutopa.com/eshop/service/app/user/productOrder/confirmOrder?uid=c302366269bc44f3a6003ae7e2d6c662&deviceId=4eddcac1d2c24430afd4f2ae4245d1b7&source=app&deviceType=iPhone_6&appInfo=UTOPA_60707&ver=1.0&osInfo=iOS_12.3.1&appKey=e42ee29bdbba499aa08930e9bcc2343d&accessToken=qumHBqmSMubzVToSlVAVHzpqMVRjIOaQLBPtceXhYMyNjSlznREbSRFcatrLkNew&sessionKey=25c35febbd474093a2032a53bd095536&timestamp=1634549196&sign=CE6A4B5754A4ADF4B48554D258ABC1F6
–Ú∫≈£∫ 19 ”√¿˝±‡∫≈£∫ 451
 https://boss-api-test.myutopa.com/eshop/service/app/user/productOrder/confirmOrder?uid=c302366269bc44f3a6003ae7e2d6c662&deviceId=4eddcac1d2c24430afd4f2ae4245d1b7&source=app&deviceType=iPhone_6&appInfo=UTOPA_60707&ver=1.0&osInfo=iOS_12.3.1&appKey=e42ee29bdbba499aa08930e9bcc2343d&accessToken=qumHBqmSMubzVToSlVAVHzpqMVRjIOaQLBPtceXhYMyNjSlznREbSRFcatrLkNew&sessionKey=25c35febbd474093a2032a53bd095536&timestamp=1634549196&sign=CE6A4B5754A4ADF4B48554D258ABC1F6
–Ú∫≈£∫ 20 ”√¿˝±‡∫≈£∫ 452
 https://boss-api-test.myutopa.com/eshop/service/app/user/productOrder/confirmOrder?uid=c302366269bc44f3a6003ae7e2d6c662&deviceId=4eddcac1d2c24430afd4f2ae4245d1b7&source=app&deviceType=iPhone_6&appInfo=UTOPA_60707&ver=1.0&osInfo=iOS_12.3.1&appKey=e42ee29bdbba499aa08930e9bcc2343d&accessToken=qumHBqmSMubzVToSlVAVHzpqMVRjIOaQLBPtceXhYMyNjSlznREbSRFcatrLkNew&sessionKey=25c35febbd474093a2032a53bd095536&timestamp=1634549196&sign=CE6A4B5754A4ADF4B48554D258ABC1F6
–Ú∫≈£∫ 21 ”√¿˝±‡∫≈£∫ 453
 https://boss-api-test.myutopa.com/eshop/service/app/user/productOrder/confirmOrder?uid=c302366269bc44f3a6003ae7e2d6c662&deviceId=4eddcac1d2c24430afd4f2ae4245d1b7&source=app&deviceType=iPhone_6&appInfo=UTOPA_60707&ver=1.0&osInfo=iOS_12.3.1&appKey=e42ee29bdbba499aa08930e9bcc2343d&accessToken=qumHBqmSMubzVToSlVAVHzpqMVRjIOaQLBPtceXhYMyNjSlznREbSRFcatrLkNew&sessionKey=25c35febbd474093a2032a53bd095536&timestamp=1634549196&sign=CE6A4B5754A4ADF4B48554D258ABC1F6
–Ú∫≈£∫ 22 ”√¿˝±‡∫≈£∫ 454
 https://boss-api-test.myutopa.com/eshop/service/app/user/productOrder/confirmOrder?uid=c302366269bc44f3a6003ae7e2d6c662&deviceId=4eddcac1d2c24430afd4f2ae4245d1b7&source=app&deviceType=iPhone_6&appInfo=UTOPA_60707&ver=1.0&osInfo=iOS_12.3.1&appKey=e42ee29bdbba499aa08930e9bcc2343d&accessToken=qumHBqmSMubzVToSlVAVHzpqMVRjIOaQLBPtceXhYMyNjSlznREbSRFcatrLkNew&sessionKey=25c35febbd474093a2032a53bd095536&timestamp=1634549196&sign=CE6A4B5754A4ADF4B48554D258ABC1F6
–Ú∫≈£∫ 23 ”√¿˝±‡∫≈£∫ 455
 https://boss-api-test.myutopa.com/eshop/service/app/user/productOrder/confirmOrder?uid=c302366269bc44f3a6003ae7e2d6c662&deviceId=4eddcac1d2c24430afd4f2ae4245d1b7&source=app&deviceType=iPhone_6&appInfo=UTOPA_60707&ver=1.0&osInfo=iOS_12.3.1&appKey=e42ee29bdbba499aa08930e9bcc2343d&accessToken=qumHBqmSMubzVToSlVAVHzpqMVRjIOaQLBPtceXhYMyNjSlznREbSRFcatrLkNew&sessionKey=25c35febbd474093a2032a53bd095536&timestamp=1634549196&sign=CE6A4B5754A4ADF4B48554D258ABC1F6
–Ú∫≈£∫ 24 ”√¿˝±‡∫≈£∫ 456
 https://boss-api-test.myutopa.com/eshop/service/app/user/productOrder/confirmOrder?uid=c302366269bc44f3a6003ae7e2d6c662&deviceId=4eddcac1d2c24430afd4f2ae4245d1b7&source=app&deviceType=iPhone_6&appInfo=UTOPA_60707&ver=1.0&osInfo=iOS_12.3.1&appKey=e42ee29bdbba499aa08930e9bcc2343d&accessToken=qumHBqmSMubzVToSlVAVHzpqMVRjIOaQLBPtceXhYMyNjSlznREbSRFcatrLkNew&sessionKey=25c35febbd474093a2032a53bd095536&timestamp=1634549196&sign=CE6A4B5754A4ADF4B48554D258ABC1F6
–Ú∫≈£∫ 25 ”√¿˝±‡∫≈£∫ 457
 https://boss-api-test.myutopa.com/eshop/service/app/user/productOrder/confirmOrder?uid=c302366269bc44f3a6003ae7e2d6c662&deviceId=4eddcac1d2c24430afd4f2ae4245d1b7&source=app&deviceType=iPhone_6&appInfo=UTOPA_60707&ver=1.0&osInfo=iOS_12.3.1&appKey=e42ee29bdbba499aa08930e9bcc2343d&accessToken=qumHBqmSMubzVToSlVAVHzpqMVRjIOaQLBPtceXhYMyNjSlznREbSRFcatrLkNew&sessionKey=25c35febbd474093a2032a53bd095536&timestamp=1634549196&sign=CE6A4B5754A4ADF4B48554D258ABC1F6
–Ú∫≈£∫ 26 ”√¿˝±‡∫≈£∫ 458
 https://boss-api-test.myutopa.com/eshop/service/app/user/productOrder/confirmOrder?uid=c302366269bc44f3a6003ae7e2d6c662&deviceId=4eddcac1d2c24430afd4f2ae4245d1b7&source=app&deviceType=iPhone_6&appInfo=UTOPA_60707&ver=1.0&osInfo=iOS_12.3.1&appKey=e42ee29bdbba499aa08930e9bcc2343d&accessToken=qumHBqmSMubzVToSlVAVHzpqMVRjIOaQLBPtceXhYMyNjSlznREbSRFcatrLkNew&sessionKey=25c35febbd474093a2032a53bd095536&timestamp=1634549196&sign=CE6A4B5754A4ADF4B48554D258ABC1F6
–Ú∫≈£∫ 27 ”√¿˝±‡∫≈£∫ 459
 https://boss-api-test.myutopa.com/eshop/service/app/user/productOrder/confirmOrder?uid=c302366269bc44f3a6003ae7e2d6c662&deviceId=4eddcac1d2c24430afd4f2ae4245d1b7&source=app&deviceType=iPhone_6&appInfo=UTOPA_60707&ver=1.0&osInfo=iOS_12.3.1&appKey=e42ee29bdbba499aa08930e9bcc2343d&accessToken=qumHBqmSMubzVToSlVAVHzpqMVRjIOaQLBPtceXhYMyNjSlznREbSRFcatrLkNew&sessionKey=25c35febbd474093a2032a53bd095536&timestamp=1634549196&sign=CE6A4B5754A4ADF4B48554D258ABC1F6
–Ú∫≈£∫ 28 ”√¿˝±‡∫≈£∫ 460
 https://boss-api-test.myutopa.com/eshop/service/app/user/productOrder/confirmOrder?uid=c302366269bc44f3a6003ae7e2d6c662&deviceId=4eddcac1d2c24430afd4f2ae4245d1b7&source=app&deviceType=iPhone_6&appInfo=UTOPA_60707&ver=1.0&osInfo=iOS_12.3.1&appKey=e42ee29bdbba499aa08930e9bcc2343d&accessToken=qumHBqmSMubzVToSlVAVHzpqMVRjIOaQLBPtceXhYMyNjSlznREbSRFcatrLkNew&sessionKey=25c35febbd474093a2032a53bd095536&timestamp=1634549196&sign=CE6A4B5754A4ADF4B48554D258ABC1F6
–Ú∫≈£∫ 29 ”√¿˝±‡∫≈£∫ 461
 https://boss-api-test.myutopa.com/eshop/service/app/user/productOrder/confirmOrder?uid=c302366269bc44f3a6003ae7e2d6c662&deviceId=4eddcac1d2c24430afd4f2ae4245d1b7&source=app&deviceType=iPhone_6&appInfo=UTOPA_60707&ver=1.0&osInfo=iOS_12.3.1&appKey=e42ee29bdbba499aa08930e9bcc2343d&accessToken=qumHBqmSMubzVToSlVAVHzpqMVRjIOaQLBPtceXhYMyNjSlznREbSRFcatrLkNew&sessionKey=25c35febbd474093a2032a53bd095536&timestamp=1634549196&sign=CE6A4B5754A4ADF4B48554D258ABC1F6
–Ú∫≈£∫ 30 ”√¿˝±‡∫≈£∫ 462
 https://boss-api-test.myutopa.com/eshop/service/app/user/productOrder/confirmOrder?uid=c302366269bc44f3a6003ae7e2d6c662&deviceId=4eddcac1d2c24430afd4f2ae4245d1b7&source=app&deviceType=iPhone_6&appInfo=UTOPA_60707&ver=1.0&osInfo=iOS_12.3.1&appKey=e42ee29bdbba499aa08930e9bcc2343d&accessToken=qumHBqmSMubzVToSlVAVHzpqMVRjIOaQLBPtceXhYMyNjSlznREbSRFcatrLkNew&sessionKey=25c35febbd474093a2032a53bd095536&timestamp=1634549196&sign=CE6A4B5754A4ADF4B48554D258ABC1F6
–Ú∫≈£∫ 31 ”√¿˝±‡∫≈£∫ 463
 https://boss-api-test.myutopa.com/eshop/service/app/user/productOrder/confirmOrder?uid=c302366269bc44f3a6003ae7e2d6c662&deviceId=4eddcac1d2c24430afd4f2ae4245d1b7&source=app&deviceType=iPhone_6&appInfo=UTOPA_60707&ver=1.0&osInfo=iOS_12.3.1&appKey=e42ee29bdbba499aa08930e9bcc2343d&accessToken=qumHBqmSMubzVToSlVAVHzpqMVRjIOaQLBPtceXhYMyNjSlznREbSRFcatrLkNew&sessionKey=25c35febbd474093a2032a53bd095536&timestamp=1634549196&sign=CE6A4B5754A4ADF4B48554D258ABC1F6
–Ú∫≈£∫ 32 ”√¿˝±‡∫≈£∫ 464
 https://boss-api-test.myutopa.com/eshop/service/app/user/productOrder/confirmOrder?uid=c302366269bc44f3a6003ae7e2d6c662&deviceId=4eddcac1d2c24430afd4f2ae4245d1b7&source=app&deviceType=iPhone_6&appInfo=UTOPA_60707&ver=1.0&osInfo=iOS_12.3.1&appKey=e42ee29bdbba499aa08930e9bcc2343d&accessToken=qumHBqmSMubzVToSlVAVHzpqMVRjIOaQLBPtceXhYMyNjSlznREbSRFcatrLkNew&sessionKey=25c35febbd474093a2032a53bd095536&timestamp=1634549196&sign=CE6A4B5754A4ADF4B48554D258ABC1F6
–Ú∫≈£∫ 33 ”√¿˝±‡∫≈£∫ 465
 https://boss-api-test.myutopa.com/eshop/service/app/user/productOrder/confirmOrder?uid=c302366269bc44f3a6003ae7e2d6c662&deviceId=4eddcac1d2c24430afd4f2ae4245d1b7&source=app&deviceType=iPhone_6&appInfo=UTOPA_60707&ver=1.0&osInfo=iOS_12.3.1&appKey=e42ee29bdbba499aa08930e9bcc2343d&accessToken=qumHBqmSMubzVToSlVAVHzpqMVRjIOaQLBPtceXhYMyNjSlznREbSRFcatrLkNew&sessionKey=25c35febbd474093a2032a53bd095536&timestamp=1634549196&sign=CE6A4B5754A4ADF4B48554D258ABC1F6
–Ú∫≈£∫ 34 ”√¿˝±‡∫≈£∫ 466
 https://boss-api-test.myutopa.com/eshop/service/app/user/productOrder/confirmOrder?uid=c302366269bc44f3a6003ae7e2d6c662&deviceId=4eddcac1d2c24430afd4f2ae4245d1b7&source=app&deviceType=iPhone_6&appInfo=UTOPA_60707&ver=1.0&osInfo=iOS_12.3.1&appKey=e42ee29bdbba499aa08930e9bcc2343d&accessToken=qumHBqmSMubzVToSlVAVHzpqMVRjIOaQLBPtceXhYMyNjSlznREbSRFcatrLkNew&sessionKey=25c35febbd474093a2032a53bd095536&timestamp=1634549196&sign=CE6A4B5754A4ADF4B48554D258ABC1F6
–Ú∫≈£∫ 35 ”√¿˝±‡∫≈£∫ 467
 https://boss-api-test.myutopa.com/eshop/service/app/user/productOrder/confirmOrder?uid=c302366269bc44f3a6003ae7e2d6c662&deviceId=4eddcac1d2c24430afd4f2ae4245d1b7&source=app&deviceType=iPhone_6&appInfo=UTOPA_60707&ver=1.0&osInfo=iOS_12.3.1&appKey=e42ee29bdbba499aa08930e9bcc2343d&accessToken=qumHBqmSMubzVToSlVAVHzpqMVRjIOaQLBPtceXhYMyNjSlznREbSRFcatrLkNew&sessionKey=25c35febbd474093a2032a53bd095536&timestamp=1634549196&sign=CE6A4B5754A4ADF4B48554D258ABC1F6
–Ú∫≈£∫ 36 ”√¿˝±‡∫≈£∫ 468
 https://boss-api-test.myutopa.com/eshop/service/app/user/productOrder/confirmOrder?uid=c302366269bc44f3a6003ae7e2d6c662&deviceId=4eddcac1d2c24430afd4f2ae4245d1b7&source=app&deviceType=iPhone_6&appInfo=UTOPA_60707&ver=1.0&osInfo=iOS_12.3.1&appKey=e42ee29bdbba499aa08930e9bcc2343d&accessToken=qumHBqmSMubzVToSlVAVHzpqMVRjIOaQLBPtceXhYMyNjSlznREbSRFcatrLkNew&sessionKey=25c35febbd474093a2032a53bd095536&timestamp=1634549196&sign=CE6A4B5754A4ADF4B48554D258ABC1F6
–Ú∫≈£∫ 37 ”√¿˝±‡∫≈£∫ 469
 https://boss-api-test.myutopa.com/eshop/service/app/user/productOrder/confirmOrder?uid=c302366269bc44f3a6003ae7e2d6c662&deviceId=4eddcac1d2c24430afd4f2ae4245d1b7&source=app&deviceType=iPhone_6&appInfo=UTOPA_60707&ver=1.0&osInfo=iOS_12.3.1&appKey=e42ee29bdbba499aa08930e9bcc2343d&accessToken=qumHBqmSMubzVToSlVAVHzpqMVRjIOaQLBPtceXhYMyNjSlznREbSRFcatrLkNew&sessionKey=25c35febbd474093a2032a53bd095536&timestamp=1634549196&sign=CE6A4B5754A4ADF4B48554D258ABC1F6
–Ú∫≈£∫ 38 ”√¿˝±‡∫≈£∫ 470
 https://boss-api-test.myutopa.com/eshop/service/app/user/productOrder/confirmOrder?uid=c302366269bc44f3a6003ae7e2d6c662&deviceId=4eddcac1d2c24430afd4f2ae4245d1b7&source=app&deviceType=iPhone_6&appInfo=UTOPA_60707&ver=1.0&osInfo=iOS_12.3.1&appKey=e42ee29bdbba499aa08930e9bcc2343d&accessToken=qumHBqmSMubzVToSlVAVHzpqMVRjIOaQLBPtceXhYMyNjSlznREbSRFcatrLkNew&sessionKey=25c35febbd474093a2032a53bd095536&timestamp=1634549196&sign=CE6A4B5754A4ADF4B48554D258ABC1F6
–Ú∫≈£∫ 39 ”√¿˝±‡∫≈£∫ 471
 https://boss-api-test.myutopa.com/eshop/service/app/user/productOrder/confirmOrder?uid=c302366269bc44f3a6003ae7e2d6c662&deviceId=4eddcac1d2c24430afd4f2ae4245d1b7&source=app&deviceType=iPhone_6&appInfo=UTOPA_60707&ver=1.0&osInfo=iOS_12.3.1&appKey=e42ee29bdbba499aa08930e9bcc2343d&accessToken=qumHBqmSMubzVToSlVAVHzpqMVRjIOaQLBPtceXhYMyNjSlznREbSRFcatrLkNew&sessionKey=25c35febbd474093a2032a53bd095536&timestamp=1634549196&sign=CE6A4B5754A4ADF4B48554D258ABC1F6
–Ú∫≈£∫ 40 ”√¿˝±‡∫≈£∫ 472
 https://boss-api-test.myutopa.com/eshop/service/app/user/productOrder/confirmOrder?uid=c302366269bc44f3a6003ae7e2d6c662&deviceId=4eddcac1d2c24430afd4f2ae4245d1b7&source=app&deviceType=iPhone_6&appInfo=UTOPA_60707&ver=1.0&osInfo=iOS_12.3.1&appKey=e42ee29bdbba499aa08930e9bcc2343d&accessToken=qumHBqmSMubzVToSlVAVHzpqMVRjIOaQLBPtceXhYMyNjSlznREbSRFcatrLkNew&sessionKey=25c35febbd474093a2032a53bd095536&timestamp=1634549196&sign=CE6A4B5754A4ADF4B48554D258ABC1F6
–Ú∫≈£∫ 41 ”√¿˝±‡∫≈£∫ 473
 https://boss-api-test.myutopa.com/eshop/service/app/user/productOrder/confirmOrder?uid=c302366269bc44f3a6003ae7e2d6c662&deviceId=4eddcac1d2c24430afd4f2ae4245d1b7&source=app&deviceType=iPhone_6&appInfo=UTOPA_60707&ver=1.0&osInfo=iOS_12.3.1&appKey=e42ee29bdbba499aa08930e9bcc2343d&accessToken=qumHBqmSMubzVToSlVAVHzpqMVRjIOaQLBPtceXhYMyNjSlznREbSRFcatrLkNew&sessionKey=25c35febbd474093a2032a53bd095536&timestamp=1634549196&sign=CE6A4B5754A4ADF4B48554D258ABC1F6
–Ú∫≈£∫ 42 ”√¿˝±‡∫≈£∫ 474
 https://boss-api-test.myutopa.com/eshop/service/app/user/productOrder/confirmOrder?uid=c302366269bc44f3a6003ae7e2d6c662&deviceId=4eddcac1d2c24430afd4f2ae4245d1b7&source=app&deviceType=iPhone_6&appInfo=UTOPA_60707&ver=1.0&osInfo=iOS_12.3.1&appKey=e42ee29bdbba499aa08930e9bcc2343d&accessToken=qumHBqmSMubzVToSlVAVHzpqMVRjIOaQLBPtceXhYMyNjSlznREbSRFcatrLkNew&sessionKey=25c35febbd474093a2032a53bd095536&timestamp=1634549196&sign=CE6A4B5754A4ADF4B48554D258ABC1F6
–Ú∫≈£∫ 43 ”√¿˝±‡∫≈£∫ 475
 https://boss-api-test.myutopa.com/eshop/service/app/user/productOrder/confirmOrder?uid=c302366269bc44f3a6003ae7e2d6c662&deviceId=4eddcac1d2c24430afd4f2ae4245d1b7&source=app&deviceType=iPhone_6&appInfo=UTOPA_60707&ver=1.0&osInfo=iOS_12.3.1&appKey=e42ee29bdbba499aa08930e9bcc2343d&accessToken=qumHBqmSMubzVToSlVAVHzpqMVRjIOaQLBPtceXhYMyNjSlznREbSRFcatrLkNew&sessionKey=25c35febbd474093a2032a53bd095536&timestamp=1634549196&sign=CE6A4B5754A4ADF4B48554D258ABC1F6
–Ú∫≈£∫ 44 ”√¿˝±‡∫≈£∫ 476
 https://boss-api-test.myutopa.com/eshop/service/app/user/productOrder/confirmOrder?uid=c302366269bc44f3a6003ae7e2d6c662&deviceId=4eddcac1d2c24430afd4f2ae4245d1b7&source=app&deviceType=iPhone_6&appInfo=UTOPA_60707&ver=1.0&osInfo=iOS_12.3.1&appKey=e42ee29bdbba499aa08930e9bcc2343d&accessToken=qumHBqmSMubzVToSlVAVHzpqMVRjIOaQLBPtceXhYMyNjSlznREbSRFcatrLkNew&sessionKey=25c35febbd474093a2032a53bd095536&timestamp=1634549196&sign=CE6A4B5754A4ADF4B48554D258ABC1F6
–Ú∫≈£∫ 45 ”√¿˝±‡∫≈£∫ 477
 https://boss-api-test.myutopa.com/eshop/service/app/user/productOrder/confirmOrder?uid=c302366269bc44f3a6003ae7e2d6c662&deviceId=4eddcac1d2c24430afd4f2ae4245d1b7&source=app&deviceType=iPhone_6&appInfo=UTOPA_60707&ver=1.0&osInfo=iOS_12.3.1&appKey=e42ee29bdbba499aa08930e9bcc2343d&accessToken=qumHBqmSMubzVToSlVAVHzpqMVRjIOaQLBPtceXhYMyNjSlznREbSRFcatrLkNew&sessionKey=25c35febbd474093a2032a53bd095536&timestamp=1634549196&sign=CE6A4B5754A4ADF4B48554D258ABC1F6
–Ú∫≈£∫ 46 ”√¿˝±‡∫≈£∫ 478
 https://boss-api-test.myutopa.com/eshop/service/app/user/productOrder/confirmOrder?uid=c302366269bc44f3a6003ae7e2d6c662&deviceId=4eddcac1d2c24430afd4f2ae4245d1b7&source=app&deviceType=iPhone_6&appInfo=UTOPA_60707&ver=1.0&osInfo=iOS_12.3.1&appKey=e42ee29bdbba499aa08930e9bcc2343d&accessToken=qumHBqmSMubzVToSlVAVHzpqMVRjIOaQLBPtceXhYMyNjSlznREbSRFcatrLkNew&sessionKey=25c35febbd474093a2032a53bd095536&timestamp=1634549196&sign=CE6A4B5754A4ADF4B48554D258ABC1F6
–Ú∫≈£∫ 47 ”√¿˝±‡∫≈£∫ 479
 https://boss-api-test.myutopa.com/eshop/service/app/user/productOrder/confirmOrder?uid=c302366269bc44f3a6003ae7e2d6c662&deviceId=4eddcac1d2c24430afd4f2ae4245d1b7&source=app&deviceType=iPhone_6&appInfo=UTOPA_60707&ver=1.0&osInfo=iOS_12.3.1&appKey=e42ee29bdbba499aa08930e9bcc2343d&accessToken=qumHBqmSMubzVToSlVAVHzpqMVRjIOaQLBPtceXhYMyNjSlznREbSRFcatrLkNew&sessionKey=25c35febbd474093a2032a53bd095536&timestamp=1634549196&sign=CE6A4B5754A4ADF4B48554D258ABC1F6
–Ú∫≈£∫ 48 ”√¿˝±‡∫≈£∫ 480
 https://boss-api-test.myutopa.com/eshop/service/app/user/productOrder/confirmOrder?uid=c302366269bc44f3a6003ae7e2d6c662&deviceId=4eddcac1d2c24430afd4f2ae4245d1b7&source=app&deviceType=iPhone_6&appInfo=UTOPA_60707&ver=1.0&osInfo=iOS_12.3.1&appKey=e42ee29bdbba499aa08930e9bcc2343d&accessToken=qumHBqmSMubzVToSlVAVHzpqMVRjIOaQLBPtceXhYMyNjSlznREbSRFcatrLkNew&sessionKey=25c35febbd474093a2032a53bd095536&timestamp=1634549196&sign=CE6A4B5754A4ADF4B48554D258ABC1F6
–Ú∫≈£∫ 49 ”√¿˝±‡∫≈£∫ 481
 https://boss-api-test.myutopa.com/eshop/service/app/user/productOrder/confirmOrder?uid=c302366269bc44f3a6003ae7e2d6c662&deviceId=4eddcac1d2c24430afd4f2ae4245d1b7&source=app&deviceType=iPhone_6&appInfo=UTOPA_60707&ver=1.0&osInfo=iOS_12.3.1&appKey=e42ee29bdbba499aa08930e9bcc2343d&accessToken=qumHBqmSMubzVToSlVAVHzpqMVRjIOaQLBPtceXhYMyNjSlznREbSRFcatrLkNew&sessionKey=25c35febbd474093a2032a53bd095536&timestamp=1634549196&sign=CE6A4B5754A4ADF4B48554D258ABC1F6
–Ú∫≈£∫ 50 ”√¿˝±‡∫≈£∫ 482
 https://boss-api-test.myutopa.com/eshop/service/app/user/productOrder/confirmOrder?uid=c302366269bc44f3a6003ae7e2d6c662&deviceId=4eddcac1d2c24430afd4f2ae4245d1b7&source=app&deviceType=iPhone_6&appInfo=UTOPA_60707&ver=1.0&osInfo=iOS_12.3.1&appKey=e42ee29bdbba499aa08930e9bcc2343d&accessToken=qumHBqmSMubzVToSlVAVHzpqMVRjIOaQLBPtceXhYMyNjSlznREbSRFcatrLkNew&sessionKey=25c35febbd474093a2032a53bd095536&timestamp=1634549196&sign=CE6A4B5754A4ADF4B48554D258ABC1F6
–Ú∫≈£∫ 51 ”√¿˝±‡∫≈£∫ 483
 https://boss-api-test.myutopa.com/eshop/service/app/user/productOrder/confirmOrder?uid=c302366269bc44f3a6003ae7e2d6c662&deviceId=4eddcac1d2c24430afd4f2ae4245d1b7&source=app&deviceType=iPhone_6&appInfo=UTOPA_60707&ver=1.0&osInfo=iOS_12.3.1&appKey=e42ee29bdbba499aa08930e9bcc2343d&accessToken=qumHBqmSMubzVToSlVAVHzpqMVRjIOaQLBPtceXhYMyNjSlznREbSRFcatrLkNew&sessionKey=25c35febbd474093a2032a53bd095536&timestamp=1634549196&sign=CE6A4B5754A4ADF4B48554D258ABC1F6
–Ú∫≈£∫ 52 ”√¿˝±‡∫≈£∫ 484
 https://boss-api-test.myutopa.com/eshop/service/app/user/productOrder/confirmOrder?uid=c302366269bc44f3a6003ae7e2d6c662&deviceId=4eddcac1d2c24430afd4f2ae4245d1b7&source=app&deviceType=iPhone_6&appInfo=UTOPA_60707&ver=1.0&osInfo=iOS_12.3.1&appKey=e42ee29bdbba499aa08930e9bcc2343d&accessToken=qumHBqmSMubzVToSlVAVHzpqMVRjIOaQLBPtceXhYMyNjSlznREbSRFcatrLkNew&sessionKey=25c35febbd474093a2032a53bd095536&timestamp=1634549196&sign=CE6A4B5754A4ADF4B48554D258ABC1F6
–Ú∫≈£∫ 53 ”√¿˝±‡∫≈£∫ 485
 https://boss-api-test.myutopa.com/eshop/service/app/user/productOrder/confirmOrder?uid=c302366269bc44f3a6003ae7e2d6c662&deviceId=4eddcac1d2c24430afd4f2ae4245d1b7&source=app&deviceType=iPhone_6&appInfo=UTOPA_60707&ver=1.0&osInfo=iOS_12.3.1&appKey=e42ee29bdbba499aa08930e9bcc2343d&accessToken=qumHBqmSMubzVToSlVAVHzpqMVRjIOaQLBPtceXhYMyNjSlznREbSRFcatrLkNew&sessionKey=25c35febbd474093a2032a53bd095536&timestamp=1634549196&sign=CE6A4B5754A4ADF4B48554D258ABC1F6
–Ú∫≈£∫ 54 ”√¿˝±‡∫≈£∫ 486
 https://boss-api-test.myutopa.com/eshop/service/app/user/productOrder/confirmOrder?uid=c302366269bc44f3a6003ae7e2d6c662&deviceId=4eddcac1d2c24430afd4f2ae4245d1b7&source=app&deviceType=iPhone_6&appInfo=UTOPA_60707&ver=1.0&osInfo=iOS_12.3.1&appKey=e42ee29bdbba499aa08930e9bcc2343d&accessToken=qumHBqmSMubzVToSlVAVHzpqMVRjIOaQLBPtceXhYMyNjSlznREbSRFcatrLkNew&sessionKey=25c35febbd474093a2032a53bd095536&timestamp=1634549196&sign=CE6A4B5754A4ADF4B48554D258ABC1F6
–Ú∫≈£∫ 55 ”√¿˝±‡∫≈£∫ 487
 https://boss-api-test.myutopa.com/eshop/service/app/user/productOrder/confirmOrder?uid=c302366269bc44f3a6003ae7e2d6c662&deviceId=4eddcac1d2c24430afd4f2ae4245d1b7&source=app&deviceType=iPhone_6&appInfo=UTOPA_60707&ver=1.0&osInfo=iOS_12.3.1&appKey=e42ee29bdbba499aa08930e9bcc2343d&accessToken=qumHBqmSMubzVToSlVAVHzpqMVRjIOaQLBPtceXhYMyNjSlznREbSRFcatrLkNew&sessionKey=25c35febbd474093a2032a53bd095536&timestamp=1634549196&sign=CE6A4B5754A4ADF4B48554D258ABC1F6
–Ú∫≈£∫ 56 ”√¿˝±‡∫≈£∫ 488
 https://boss-api-test.myutopa.com/eshop/service/app/user/productOrder/confirmOrder?uid=c302366269bc44f3a6003ae7e2d6c662&deviceId=4eddcac1d2c24430afd4f2ae4245d1b7&source=app&deviceType=iPhone_6&appInfo=UTOPA_60707&ver=1.0&osInfo=iOS_12.3.1&appKey=e42ee29bdbba499aa08930e9bcc2343d&accessToken=qumHBqmSMubzVToSlVAVHzpqMVRjIOaQLBPtceXhYMyNjSlznREbSRFcatrLkNew&sessionKey=25c35febbd474093a2032a53bd095536&timestamp=1634549196&sign=CE6A4B5754A4ADF4B48554D258ABC1F6
–Ú∫≈£∫ 57 ”√¿˝±‡∫≈£∫ 489
 https://boss-api-test.myutopa.com/eshop/service/app/user/productOrder/confirmOrder?uid=c302366269bc44f3a6003ae7e2d6c662&deviceId=4eddcac1d2c24430afd4f2ae4245d1b7&source=app&deviceType=iPhone_6&appInfo=UTOPA_60707&ver=1.0&osInfo=iOS_12.3.1&appKey=e42ee29bdbba499aa08930e9bcc2343d&accessToken=qumHBqmSMubzVToSlVAVHzpqMVRjIOaQLBPtceXhYMyNjSlznREbSRFcatrLkNew&sessionKey=25c35febbd474093a2032a53bd095536&timestamp=1634549196&sign=CE6A4B5754A4ADF4B48554D258ABC1F6
–Ú∫≈£∫ 58 ”√¿˝±‡∫≈£∫ 490
 https://boss-api-test.myutopa.com/eshop/service/app/user/productOrder/confirmOrder?uid=c302366269bc44f3a6003ae7e2d6c662&deviceId=4eddcac1d2c24430afd4f2ae4245d1b7&source=app&deviceType=iPhone_6&appInfo=UTOPA_60707&ver=1.0&osInfo=iOS_12.3.1&appKey=e42ee29bdbba499aa08930e9bcc2343d&accessToken=qumHBqmSMubzVToSlVAVHzpqMVRjIOaQLBPtceXhYMyNjSlznREbSRFcatrLkNew&sessionKey=25c35febbd474093a2032a53bd095536&timestamp=1634549196&sign=CE6A4B5754A4ADF4B48554D258ABC1F6
–Ú∫≈£∫ 59 ”√¿˝±‡∫≈£∫ 491
 https://boss-api-test.myutopa.com/eshop/service/app/user/productOrder/confirmOrder?uid=c302366269bc44f3a6003ae7e2d6c662&deviceId=4eddcac1d2c24430afd4f2ae4245d1b7&source=app&deviceType=iPhone_6&appInfo=UTOPA_60707&ver=1.0&osInfo=iOS_12.3.1&appKey=e42ee29bdbba499aa08930e9bcc2343d&accessToken=qumHBqmSMubzVToSlVAVHzpqMVRjIOaQLBPtceXhYMyNjSlznREbSRFcatrLkNew&sessionKey=25c35febbd474093a2032a53bd095536&timestamp=1634549196&sign=CE6A4B5754A4ADF4B48554D258ABC1F6
–Ú∫≈£∫ 60 ”√¿˝±‡∫≈£∫ 492
 https://boss-api-test.myutopa.com/eshop/service/app/user/productOrder/confirmOrder?uid=c302366269bc44f3a6003ae7e2d6c662&deviceId=4eddcac1d2c24430afd4f2ae4245d1b7&source=app&deviceType=iPhone_6&appInfo=UTOPA_60707&ver=1.0&osInfo=iOS_12.3.1&appKey=e42ee29bdbba499aa08930e9bcc2343d&accessToken=qumHBqmSMubzVToSlVAVHzpqMVRjIOaQLBPtceXhYMyNjSlznREbSRFcatrLkNew&sessionKey=25c35febbd474093a2032a53bd095536&timestamp=1634549196&sign=CE6A4B5754A4ADF4B48554D258ABC1F6
–Ú∫≈£∫ 61 ”√¿˝±‡∫≈£∫ 493
 https://boss-api-test.myutopa.com/eshop/service/app/user/productOrder/confirmOrder?uid=c302366269bc44f3a6003ae7e2d6c662&deviceId=4eddcac1d2c24430afd4f2ae4245d1b7&source=app&deviceType=iPhone_6&appInfo=UTOPA_60707&ver=1.0&osInfo=iOS_12.3.1&appKey=e42ee29bdbba499aa08930e9bcc2343d&accessToken=qumHBqmSMubzVToSlVAVHzpqMVRjIOaQLBPtceXhYMyNjSlznREbSRFcatrLkNew&sessionKey=25c35febbd474093a2032a53bd095536&timestamp=1634549196&sign=CE6A4B5754A4ADF4B48554D258ABC1F6
–Ú∫≈£∫ 62 ”√¿˝±‡∫≈£∫ 494
 https://boss-api-test.myutopa.com/eshop/service/app/user/productOrder/confirmOrder?uid=c302366269bc44f3a6003ae7e2d6c662&deviceId=4eddcac1d2c24430afd4f2ae4245d1b7&source=app&deviceType=iPhone_6&appInfo=UTOPA_60707&ver=1.0&osInfo=iOS_12.3.1&appKey=e42ee29bdbba499aa08930e9bcc2343d&accessToken=qumHBqmSMubzVToSlVAVHzpqMVRjIOaQLBPtceXhYMyNjSlznREbSRFcatrLkNew&sessionKey=25c35febbd474093a2032a53bd095536&timestamp=1634549196&sign=CE6A4B5754A4ADF4B48554D258ABC1F6
–Ú∫≈£∫ 63 ”√¿˝±‡∫≈£∫ 495
 https://boss-api-test.myutopa.com/eshop/service/app/user/productOrder/confirmOrder?uid=c302366269bc44f3a6003ae7e2d6c662&deviceId=4eddcac1d2c24430afd4f2ae4245d1b7&source=app&deviceType=iPhone_6&appInfo=UTOPA_60707&ver=1.0&osInfo=iOS_12.3.1&appKey=e42ee29bdbba499aa08930e9bcc2343d&accessToken=qumHBqmSMubzVToSlVAVHzpqMVRjIOaQLBPtceXhYMyNjSlznREbSRFcatrLkNew&sessionKey=25c35febbd474093a2032a53bd095536&timestamp=1634549196&sign=CE6A4B5754A4ADF4B48554D258ABC1F6
–Ú∫≈£∫ 64 ”√¿˝±‡∫≈£∫ 496
 https://boss-api-test.myutopa.com/eshop/service/app/user/productOrder/confirmOrder?uid=c302366269bc44f3a6003ae7e2d6c662&deviceId=4eddcac1d2c24430afd4f2ae4245d1b7&source=app&deviceType=iPhone_6&appInfo=UTOPA_60707&ver=1.0&osInfo=iOS_12.3.1&appKey=e42ee29bdbba499aa08930e9bcc2343d&accessToken=qumHBqmSMubzVToSlVAVHzpqMVRjIOaQLBPtceXhYMyNjSlznREbSRFcatrLkNew&sessionKey=25c35febbd474093a2032a53bd095536&timestamp=1634549196&sign=CE6A4B5754A4ADF4B48554D258ABC1F6
–Ú∫≈£∫ 65 ”√¿˝±‡∫≈£∫ 497
 https://boss-api-test.myutopa.com/eshop/service/app/user/productOrder/confirmOrder?uid=c302366269bc44f3a6003ae7e2d6c662&deviceId=4eddcac1d2c24430afd4f2ae4245d1b7&source=app&deviceType=iPhone_6&appInfo=UTOPA_60707&ver=1.0&osInfo=iOS_12.3.1&appKey=e42ee29bdbba499aa08930e9bcc2343d&accessToken=qumHBqmSMubzVToSlVAVHzpqMVRjIOaQLBPtceXhYMyNjSlznREbSRFcatrLkNew&sessionKey=25c35febbd474093a2032a53bd095536&timestamp=1634549196&sign=CE6A4B5754A4ADF4B48554D258ABC1F6
–Ú∫≈£∫ 66 ”√¿˝±‡∫≈£∫ 498
 https://boss-api-test.myutopa.com/eshop/service/app/user/productOrder/confirmOrder?uid=c302366269bc44f3a6003ae7e2d6c662&deviceId=4eddcac1d2c24430afd4f2ae4245d1b7&source=app&deviceType=iPhone_6&appInfo=UTOPA_60707&ver=1.0&osInfo=iOS_12.3.1&appKey=e42ee29bdbba499aa08930e9bcc2343d&accessToken=qumHBqmSMubzVToSlVAVHzpqMVRjIOaQLBPtceXhYMyNjSlznREbSRFcatrLkNew&sessionKey=25c35febbd474093a2032a53bd095536&timestamp=1634549196&sign=CE6A4B5754A4ADF4B48554D258ABC1F6
–Ú∫≈£∫ 67 ”√¿˝±‡∫≈£∫ 499
 https://boss-api-test.myutopa.com/eshop/service/app/user/productOrder/confirmOrder?uid=c302366269bc44f3a6003ae7e2d6c662&deviceId=4eddcac1d2c24430afd4f2ae4245d1b7&source=app&deviceType=iPhone_6&appInfo=UTOPA_60707&ver=1.0&osInfo=iOS_12.3.1&appKey=e42ee29bdbba499aa08930e9bcc2343d&accessToken=qumHBqmSMubzVToSlVAVHzpqMVRjIOaQLBPtceXhYMyNjSlznREbSRFcatrLkNew&sessionKey=25c35febbd474093a2032a53bd095536&timestamp=1634549196&sign=CE6A4B5754A4ADF4B48554D258ABC1F6
–Ú∫≈£∫ 68 ”√¿˝±‡∫≈£∫ 500
 https://boss-api-test.myutopa.com/eshop/service/app/user/productOrder/confirmOrder?uid=c302366269bc44f3a6003ae7e2d6c662&deviceId=4eddcac1d2c24430afd4f2ae4245d1b7&source=app&deviceType=iPhone_6&appInfo=UTOPA_60707&ver=1.0&osInfo=iOS_12.3.1&appKey=e42ee29bdbba499aa08930e9bcc2343d&accessToken=qumHBqmSMubzVToSlVAVHzpqMVRjIOaQLBPtceXhYMyNjSlznREbSRFcatrLkNew&sessionKey=25c35febbd474093a2032a53bd095536&timestamp=1634549196&sign=CE6A4B5754A4ADF4B48554D258ABC1F6
–Ú∫≈£∫ 69 ”√¿˝±‡∫≈£∫ 501
 https://boss-api-test.myutopa.com/eshop/service/app/user/productOrder/confirmOrder?uid=c302366269bc44f3a6003ae7e2d6c662&deviceId=4eddcac1d2c24430afd4f2ae4245d1b7&source=app&deviceType=iPhone_6&appInfo=UTOPA_60707&ver=1.0&osInfo=iOS_12.3.1&appKey=e42ee29bdbba499aa08930e9bcc2343d&accessToken=qumHBqmSMubzVToSlVAVHzpqMVRjIOaQLBPtceXhYMyNjSlznREbSRFcatrLkNew&sessionKey=25c35febbd474093a2032a53bd095536&timestamp=1634549196&sign=CE6A4B5754A4ADF4B48554D258ABC1F6
–Ú∫≈£∫ 70 ”√¿˝±‡∫≈£∫ 502
 https://boss-api-test.myutopa.com/eshop/service/app/user/productOrder/confirmOrder?uid=c302366269bc44f3a6003ae7e2d6c662&deviceId=4eddcac1d2c24430afd4f2ae4245d1b7&source=app&deviceType=iPhone_6&appInfo=UTOPA_60707&ver=1.0&osInfo=iOS_12.3.1&appKey=e42ee29bdbba499aa08930e9bcc2343d&accessToken=qumHBqmSMubzVToSlVAVHzpqMVRjIOaQLBPtceXhYMyNjSlznREbSRFcatrLkNew&sessionKey=25c35febbd474093a2032a53bd095536&timestamp=1634549196&sign=CE6A4B5754A4ADF4B48554D258ABC1F6
–Ú∫≈£∫ 71 ”√¿˝±‡∫≈£∫ 503
 https://boss-api-test.myutopa.com/eshop/service/app/user/productOrder/confirmOrder?uid=c302366269bc44f3a6003ae7e2d6c662&deviceId=4eddcac1d2c24430afd4f2ae4245d1b7&source=app&deviceType=iPhone_6&appInfo=UTOPA_60707&ver=1.0&osInfo=iOS_12.3.1&appKey=e42ee29bdbba499aa08930e9bcc2343d&accessToken=qumHBqmSMubzVToSlVAVHzpqMVRjIOaQLBPtceXhYMyNjSlznREbSRFcatrLkNew&sessionKey=25c35febbd474093a2032a53bd095536&timestamp=1634549196&sign=CE6A4B5754A4ADF4B48554D258ABC1F6
–Ú∫≈£∫ 72 ”√¿˝±‡∫≈£∫ 504
 https://boss-api-test.myutopa.com/eshop/service/app/user/productOrder/confirmOrder?uid=c302366269bc44f3a6003ae7e2d6c662&deviceId=4eddcac1d2c24430afd4f2ae4245d1b7&source=app&deviceType=iPhone_6&appInfo=UTOPA_60707&ver=1.0&osInfo=iOS_12.3.1&appKey=e42ee29bdbba499aa08930e9bcc2343d&accessToken=qumHBqmSMubzVToSlVAVHzpqMVRjIOaQLBPtceXhYMyNjSlznREbSRFcatrLkNew&sessionKey=25c35febbd474093a2032a53bd095536&timestamp=1634549196&sign=CE6A4B5754A4ADF4B48554D258ABC1F6
–Ú∫≈£∫ 73 ”√¿˝±‡∫≈£∫ 505
 https://boss-api-test.myutopa.com/eshop/service/app/user/productOrder/confirmOrder?uid=c302366269bc44f3a6003ae7e2d6c662&deviceId=4eddcac1d2c24430afd4f2ae4245d1b7&source=app&deviceType=iPhone_6&appInfo=UTOPA_60707&ver=1.0&osInfo=iOS_12.3.1&appKey=e42ee29bdbba499aa08930e9bcc2343d&accessToken=qumHBqmSMubzVToSlVAVHzpqMVRjIOaQLBPtceXhYMyNjSlznREbSRFcatrLkNew&sessionKey=25c35febbd474093a2032a53bd095536&timestamp=1634549196&sign=CE6A4B5754A4ADF4B48554D258ABC1F6
–Ú∫≈£∫ 74 ”√¿˝±‡∫≈£∫ 506
 https://boss-api-test.myutopa.com/eshop/service/app/user/productOrder/confirmOrder?uid=c302366269bc44f3a6003ae7e2d6c662&deviceId=4eddcac1d2c24430afd4f2ae4245d1b7&source=app&deviceType=iPhone_6&appInfo=UTOPA_60707&ver=1.0&osInfo=iOS_12.3.1&appKey=e42ee29bdbba499aa08930e9bcc2343d&accessToken=qumHBqmSMubzVToSlVAVHzpqMVRjIOaQLBPtceXhYMyNjSlznREbSRFcatrLkNew&sessionKey=25c35febbd474093a2032a53bd095536&timestamp=1634549196&sign=CE6A4B5754A4ADF4B48554D258ABC1F6
Ω· ¯≈˙¡ø÷¥––:”≈Õ–∞Ó-≤‚ ‘ª∑æ≥ ÷¥––’ﬂ: root
