开始批量执行:小程序 执行者: test1
执行用例顺序: [946, 947]
序号： 1 用例编号： 946
https://boss-api.myutopa.com/eshop/core/account/session/genSession?appKey=972ec21453264dd6b0f9ca9c732ab6b0
用例编号 946 请检查URL与headers是否正确
设置sessionSecret失败
序号： 2 用例编号： 947
获取sessionSecret失败
https://api.myutopa.com/app.do?method=account.login.loginByThirdAuth&ver=1.0&params={"accessToken":"","city":"","clientType":1,"code":"083PsXFa1CKPjC0pm4Ia18ZQA91PsXF0","country":"","crm_channel_id":null,"encryptedWxUserInfo":"XprhPBtkvmJH663B9THjeOSfVvUqZRGOuBYUffCjVuwykaWvaXFDGE+Kmf3C/X9kfx8mt/aXyIy4t1Vjj3VN4LM0VRt6jDZcAZv4aDZbV1FP6tcmhBwT45eR2ViAqc9GGhfQDtr3rwc6jIm3W33b7eKnUIdT0SEGjb+iu0moh+6tNR5MmFe2vs+YsuHdd0WjjzGPzSCFz/Z2t1Dr6CGmPbD4i68xhEdre+XDDFnUjKaYRVj/Yq/Dr8O1cotSw7hzCzDzNDp7z8esCMCVL+L+zqqzt8d8RCATU4SytBV5bcHURxErjf/91X9Ytqq6S2UOV4gLTkoar5LDZglAb/HP7Yz+nk04euUHZhrxg4b7axEs3bAZGBMinHZorZhL8gZIdTjInsZWQiElC4/SPGciv8903CwgVmpMCkPTt9AusPjs2OTWrkvFkbDR4yTh7KjOW1ncGjLaP1xWDtcjKdfwSoDlNBBNVr5PT+MsDHzB0vYE7dyTYgoZrIuu4cC3khmGWuA9l0wPO8uuRIe3ypZyTQ==","encryptedWxUserInfoVi":"64N4iFqWV8+qDbNcItUq7Q==","keepAccess":2,"lat":23.12089572482639,"latitude":23.12089572482639,"lng":113.32699490017362,"longitude":113.32699490017362,"province":"","thirdType":5,"uid":""}&deviceId=117bcbc2-c50f-4dc9-8165-37034d8b38de&appInfo=MINIPROGRAM_60950&osInfo=iOS14.2&uaInfo=weixinmini weixin/8.0.16_SDKVersion/2.21.2&sessionKey=
用例编号 947 请检查URL与headers是否正确
结束批量执行:小程序 执行者: test1
开始批量执行:小程序 执行者: test1
执行用例顺序: [946, 947]
序号： 1 用例编号： 946
https://boss-api.myutopa.com/eshop/core/account/session/genSession?appKey=972ec21453264dd6b0f9ca9c732ab6b0
用例编号 946 请检查URL与headers是否正确
设置sessionSecret失败
序号： 2 用例编号： 947
获取sessionSecret失败
https://api.myutopa.com/app.do?method=account.login.loginByThirdAuth&ver=1.0&params={"accessToken":"","city":"","clientType":1,"code":"083PsXFa1CKPjC0pm4Ia18ZQA91PsXF0","country":"","crm_channel_id":null,"encryptedWxUserInfo":"XprhPBtkvmJH663B9THjeOSfVvUqZRGOuBYUffCjVuwykaWvaXFDGE+Kmf3C/X9kfx8mt/aXyIy4t1Vjj3VN4LM0VRt6jDZcAZv4aDZbV1FP6tcmhBwT45eR2ViAqc9GGhfQDtr3rwc6jIm3W33b7eKnUIdT0SEGjb+iu0moh+6tNR5MmFe2vs+YsuHdd0WjjzGPzSCFz/Z2t1Dr6CGmPbD4i68xhEdre+XDDFnUjKaYRVj/Yq/Dr8O1cotSw7hzCzDzNDp7z8esCMCVL+L+zqqzt8d8RCATU4SytBV5bcHURxErjf/91X9Ytqq6S2UOV4gLTkoar5LDZglAb/HP7Yz+nk04euUHZhrxg4b7axEs3bAZGBMinHZorZhL8gZIdTjInsZWQiElC4/SPGciv8903CwgVmpMCkPTt9AusPjs2OTWrkvFkbDR4yTh7KjOW1ncGjLaP1xWDtcjKdfwSoDlNBBNVr5PT+MsDHzB0vYE7dyTYgoZrIuu4cC3khmGWuA9l0wPO8uuRIe3ypZyTQ==","encryptedWxUserInfoVi":"64N4iFqWV8+qDbNcItUq7Q==","keepAccess":2,"lat":23.12089572482639,"latitude":23.12089572482639,"lng":113.32699490017362,"longitude":113.32699490017362,"province":"","thirdType":5,"uid":""}&deviceId=117bcbc2-c50f-4dc9-8165-37034d8b38de&appInfo=MINIPROGRAM_60950&osInfo=iOS14.2&uaInfo=weixinmini weixin/8.0.16_SDKVersion/2.21.2&sessionKey=
用例编号 947 请检查URL与headers是否正确
结束批量执行:小程序 执行者: test1
开始批量执行:优托邦调试 执行者: test1
执行用例顺序: [4, 7, 5, 988, 8, 9, 157, 989, 997, 998]
序号： 1 用例编号： 4
https://api-test.myutopa.com/app.do?method=account.session.gen
用例编号 4 请检查URL与headers是否正确
获取sessionSecret失败
序号： 2 用例编号： 7
https://boss-api-test.myutopa.com/eshop/core/account/session/genSession?appKey=r53dc6d2b365d41c4jdssf853295da3ff5
用例编号 7 请检查URL与headers是否正确
设置sessionSecret失败
序号： 3 用例编号： 5
获取sessionSecret失败
https://api-test.myutopa.com/app.do?appInfo=UTOPA_60607&markId=4eddcac1d2c24430afd4f2ae4245d1b7&deviceType=iPhone 6&method=account.login.doLogin&osInfo=iOS_12.3.1&params={"accessToken":"","account":"13537542785","clientType":1,"deviceId":"4eddcac1d2c24430afd4f2ae4245d1b7","keepAccess":1,"lat":23.126474,"lng":113.333429,"loginType":"2","password":"123456","sysId":1,"uid":""}&ver=1.0&sessionKey=
用例编号 5 请检查URL与headers是否正确
序号： 4 用例编号： 988
获取sessionSecret失败
https://boss-api-test.myutopa.com/eshop/service/app/user/storeProduct/analysisScanCodeShopping?uid=c302366269bc44f3a6003ae7e2d6c662&deviceId=4eddcac1d2c24430afd4f2ae4245d1b7&source=app&deviceType=iPhone_6&appInfo=UTOPA_60707&ver=1.0&osInfo=iOS_12.3.1&appKey=e42ee29bdbba499aa08930e9bcc2343d&accessToken=
用例编号 988 请检查URL与headers是否正确
序号： 5 用例编号： 8
获取sessionSecret失败
https://boss-api-test.myutopa.com/eshop/service/app/user/shopCart/offlineAdd?uid=c302366269bc44f3a6003ae7e2d6c662&deviceId=4eddcac1d2c24430afd4f2ae4245d1b7&source=app&deviceType=iPhone_6&appInfo=UTOPA_60707&ver=1.0&osInfo=iOS_12.3.1&appKey=e42ee29bdbba499aa08930e9bcc2343d&accessToken=
用例编号 8 请检查URL与headers是否正确
序号： 6 用例编号： 9
获取sessionSecret失败
https://boss-api-test.myutopa.com/eshop/service/app/user/productOrder/confirmOrder?uid=1315adb1008f4cff91fedb85421517a7&deviceId=4eddcac1d2c24430afd4f2ae4245d1b7&source=app&deviceType=iPhone_6&appInfo=UTOPA_60707&ver=1.0&osInfo=iOS_12.3.1&appKey=e42ee29bdbba499aa08930e9bcc2343d&accessToken=
用例编号 9 请检查URL与headers是否正确
序号： 7 用例编号： 157
获取sessionSecret失败
https://api-test.myutopa.com/app.do?appInfo=UTOPA_60707&deviceType=iPhone 6&markId=4eddcac1d2c24430afd4f2ae4245d1b7&method=eshop.useraction.getIndexUserDate&osInfo=iOS_12.3.1&params={"accessToken":"","clientType":1,"sysId":1,"uid":"c302366269bc44f3a6003ae7e2d6c662"}&ver=1.0&sessionKey=
用例编号 157 请检查URL与headers是否正确
序号： 8 用例编号： 989
获取sessionSecret失败
https://boss-api-test.myutopa.com/eshop/service/app/user/shopCart/offlineAdd?uid=c302366269bc44f3a6003ae7e2d6c662&deviceId=4eddcac1d2c24430afd4f2ae4245d1b7&source=app&deviceType=iPhone_6&appInfo=UTOPA_60707&ver=1.0&osInfo=iOS_12.3.1&appKey=e42ee29bdbba499aa08930e9bcc2343d&accessToken=
用例编号 989 请检查URL与headers是否正确
序号： 9 用例编号： 997
获取sessionSecret失败
https://boss-api-test.myutopa.com/eshop/service/app/user/shopCart/offlineAdd?uid=c302366269bc44f3a6003ae7e2d6c662&deviceId=4eddcac1d2c24430afd4f2ae4245d1b7&source=app&deviceType=iPhone_6&appInfo=UTOPA_60707&ver=1.0&osInfo=iOS_12.3.1&appKey=e42ee29bdbba499aa08930e9bcc2343d&accessToken=
用例编号 997 请检查URL与headers是否正确
序号： 10 用例编号： 998
依赖的用例不存在
获取sessionSecret失败
https://boss-api-test.myutopa.com/eshop/service/boss/excelTask/addExportTask?appKey=14dc6d2b365d41c4bba340f853295da3&ver=1.0
用例编号 998 请检查URL与headers是否正确
结束批量执行:优托邦调试 执行者: test1
开始批量执行:优托邦调试 执行者: root
执行用例顺序: [4, 7, 5, 988, 8, 9, 157, 989, 997, 998]
序号： 1 用例编号： 4
https://api-test.myutopa.com/app.do?method=account.session.gen
序号： 2 用例编号： 7
https://boss-api-test.myutopa.com/eshop/core/account/session/genSession?appKey=r53dc6d2b365d41c4jdssf853295da3ff5
序号： 3 用例编号： 5
https://api-test.myutopa.com/app.do?appInfo=UTOPA_60607&markId=4eddcac1d2c24430afd4f2ae4245d1b7&deviceType=iPhone 6&method=account.login.doLogin&osInfo=iOS_12.3.1&params={"accessToken":"","account":"13537542785","clientType":1,"deviceId":"4eddcac1d2c24430afd4f2ae4245d1b7","keepAccess":1,"lat":23.126474,"lng":113.333429,"loginType":"2","password":"123456","sysId":1,"uid":""}&ver=1.0&sessionKey=4ea9f25695264e42b9008abb9d60a40c&sign=02e21d91b9b678cfbeb8cdbc73c478fd
序号： 4 用例编号： 988
https://boss-api-test.myutopa.com/eshop/service/app/user/storeProduct/analysisScanCodeShopping?uid=c302366269bc44f3a6003ae7e2d6c662&deviceId=4eddcac1d2c24430afd4f2ae4245d1b7&source=app&deviceType=iPhone_6&appInfo=UTOPA_60707&ver=1.0&osInfo=iOS_12.3.1&appKey=e42ee29bdbba499aa08930e9bcc2343d&accessToken=qHIYkDSRXHpffwjhxXRBNCplhQQkvbRjHimUVDpsYsMhPwEnbREPmqzXjVyLvbEJ&sessionKey=df5f9f53faa34b88a72e8f8befe2e0aa&timestamp=1641456880&sign=43AE876F105385B5A6CAA9E9FC672148
序号： 5 用例编号： 8
https://boss-api-test.myutopa.com/eshop/service/app/user/shopCart/offlineAdd?uid=c302366269bc44f3a6003ae7e2d6c662&deviceId=4eddcac1d2c24430afd4f2ae4245d1b7&source=app&deviceType=iPhone_6&appInfo=UTOPA_60707&ver=1.0&osInfo=iOS_12.3.1&appKey=e42ee29bdbba499aa08930e9bcc2343d&accessToken=qHIYkDSRXHpffwjhxXRBNCplhQQkvbRjHimUVDpsYsMhPwEnbREPmqzXjVyLvbEJ&sessionKey=df5f9f53faa34b88a72e8f8befe2e0aa&timestamp=1641456880&sign=43AE876F105385B5A6CAA9E9FC672148
序号： 6 用例编号： 9
https://boss-api-test.myutopa.com/eshop/service/app/user/productOrder/confirmOrder?uid=1315adb1008f4cff91fedb85421517a7&deviceId=4eddcac1d2c24430afd4f2ae4245d1b7&source=app&deviceType=iPhone_6&appInfo=UTOPA_60707&ver=1.0&osInfo=iOS_12.3.1&appKey=e42ee29bdbba499aa08930e9bcc2343d&accessToken=qHIYkDSRXHpffwjhxXRBNCplhQQkvbRjHimUVDpsYsMhPwEnbREPmqzXjVyLvbEJ&sessionKey=df5f9f53faa34b88a72e8f8befe2e0aa&timestamp=1641456880&sign=B70928539F4C92C7DAAFA70C0E8BD9D7
序号： 7 用例编号： 157
https://api-test.myutopa.com/app.do?appInfo=UTOPA_60707&deviceType=iPhone 6&markId=4eddcac1d2c24430afd4f2ae4245d1b7&method=eshop.useraction.getIndexUserDate&osInfo=iOS_12.3.1&params={"accessToken":"qHIYkDSRXHpffwjhxXRBNCplhQQkvbRjHimUVDpsYsMhPwEnbREPmqzXjVyLvbEJ","clientType":1,"sysId":1,"uid":"c302366269bc44f3a6003ae7e2d6c662"}&ver=1.0&sessionKey=4ea9f25695264e42b9008abb9d60a40c&sign=8114e6b109ccc6471bff7de91953faf4
序号： 8 用例编号： 989
https://boss-api-test.myutopa.com/eshop/service/app/user/shopCart/offlineAdd?uid=c302366269bc44f3a6003ae7e2d6c662&deviceId=4eddcac1d2c24430afd4f2ae4245d1b7&source=app&deviceType=iPhone_6&appInfo=UTOPA_60707&ver=1.0&osInfo=iOS_12.3.1&appKey=e42ee29bdbba499aa08930e9bcc2343d&accessToken=qHIYkDSRXHpffwjhxXRBNCplhQQkvbRjHimUVDpsYsMhPwEnbREPmqzXjVyLvbEJ&sessionKey=df5f9f53faa34b88a72e8f8befe2e0aa&timestamp=1641456880&sign=43AE876F105385B5A6CAA9E9FC672148
序号： 9 用例编号： 997
https://boss-api-test.myutopa.com/eshop/service/app/user/shopCart/offlineAdd?uid=c302366269bc44f3a6003ae7e2d6c662&deviceId=4eddcac1d2c24430afd4f2ae4245d1b7&source=app&deviceType=iPhone_6&appInfo=UTOPA_60707&ver=1.0&osInfo=iOS_12.3.1&appKey=e42ee29bdbba499aa08930e9bcc2343d&accessToken=qHIYkDSRXHpffwjhxXRBNCplhQQkvbRjHimUVDpsYsMhPwEnbREPmqzXjVyLvbEJ&sessionKey=df5f9f53faa34b88a72e8f8befe2e0aa&timestamp=1641456880&sign=43AE876F105385B5A6CAA9E9FC672148
序号： 10 用例编号： 998
https://boss-api-test.myutopa.com/eshop/service/boss/excelTask/addExportTask?appKey=14dc6d2b365d41c4bba340f853295da3&ver=1.0&accessToken=pVhjjQpyTXohZUKqhEAyJcpQfMrBKaJtphOTiKDidyfXgYAIocqjScQPfdHnFPCt&sessionKey=df5f9f53faa34b88a72e8f8befe2e0aa&timestamp=1641456880&sign=D63F3618DE314203E61917C53B618E01
结束批量执行:优托邦调试 执行者: root
